

================================================================
== Vitis HLS Report for 'conv1_pool1_Pipeline_LOAD'
================================================================
* Date:           Thu Feb 26 11:15:08 2026

* Version:        2024.2 (Build 5238294 on Nov  8 2024)
* Project:        hls_prj
* Solution:       solution1 (Vitis Kernel Flow Target)
* Product family: zynq
* Target device:  xc7z020-clg400-1


================================================================
== Performance Estimates
================================================================
+ Timing: 
    * Summary: 
    +--------+----------+----------+------------+
    |  Clock |  Target  | Estimated| Uncertainty|
    +--------+----------+----------+------------+
    |ap_clk  |  10.00 ns|  7.300 ns|     2.70 ns|
    +--------+----------+----------+------------+

+ Latency: 
    * Summary: 
    +---------+---------+-----------+-----------+------+------+------------------------------------------------+
    |  Latency (cycles) |   Latency (absolute)  |   Interval  |                    Pipeline                    |
    |   min   |   max   |    min    |    max    |  min |  max |                      Type                      |
    +---------+---------+-----------+-----------+------+------+------------------------------------------------+
    |     2315|     2315|  23.150 us|  23.150 us|  2305|  2305|  loop auto-rewind stp (delay=0 clock cycles(s))|
    +---------+---------+-----------+-----------+------+------+------------------------------------------------+

    + Detail: 
        * Instance: 
        N/A

        * Loop: 
        +----------+---------+---------+----------+-----------+-----------+------+----------+
        |          |  Latency (cycles) | Iteration|  Initiation Interval  | Trip |          |
        | Loop Name|   min   |   max   |  Latency |  achieved |   target  | Count| Pipelined|
        +----------+---------+---------+----------+-----------+-----------+------+----------+
        |- LOAD    |     2313|     2313|        11|          1|          1|  2304|       yes|
        +----------+---------+---------+----------+-----------+-----------+------+----------+



================================================================
== Utilization Estimates
================================================================
* Summary: 
+-----------------+---------+-----+--------+-------+-----+
|       Name      | BRAM_18K| DSP |   FF   |  LUT  | URAM|
+-----------------+---------+-----+--------+-------+-----+
|DSP              |        -|    -|       -|      -|    -|
|Expression       |        -|    -|       0|    158|    -|
|FIFO             |        -|    -|       -|      -|    -|
|Instance         |        -|    -|     130|     79|    -|
|Memory           |        -|    -|       -|      -|    -|
|Multiplexer      |        -|    -|       0|     95|    -|
|Register         |        -|    -|    1286|     96|    -|
+-----------------+---------+-----+--------+-------+-----+
|Total            |        0|    0|    1416|    428|    0|
+-----------------+---------+-----+--------+-------+-----+
|Available        |      280|  220|  106400|  53200|    0|
+-----------------+---------+-----+--------+-------+-----+
|Utilization (%)  |        0|    0|       1|     ~0|    0|
+-----------------+---------+-----+--------+-------+-----+

+ Detail: 
    * Instance: 
    +------------------------+---------------------+---------+----+-----+----+-----+
    |        Instance        |        Module       | BRAM_18K| DSP|  FF | LUT| URAM|
    +------------------------+---------------------+---------+----+-----+----+-----+
    |urem_6ns_3ns_2_10_1_U1  |urem_6ns_3ns_2_10_1  |        0|   0|  130|  79|    0|
    +------------------------+---------------------+---------+----+-----+----+-----+
    |Total                   |                     |        0|   0|  130|  79|    0|
    +------------------------+---------------------+---------+----+-----+----+-----+

    * DSP: 
    N/A

    * Memory: 
    N/A

    * FIFO: 
    N/A

    * Expression: 
    +-----------------------------------------+----------+----+---+----+------------+------------+
    |              Variable Name              | Operation| DSP| FF| LUT| Bitwidth P0| Bitwidth P1|
    +-----------------------------------------+----------+----+---+----+------------+------------+
    |add_ln67_1_fu_764_p2                     |         +|   0|  0|  12|          12|           1|
    |add_ln67_fu_550_p2                       |         +|   0|  0|  12|          12|           1|
    |add_ln69_1_fu_573_p2                     |         +|   0|  0|  31|          24|          13|
    |add_ln69_2_fu_671_p2                     |         +|   0|  0|  32|          25|          13|
    |add_ln69_fu_727_p2                       |         +|   0|  0|   7|           7|           7|
    |sub_ln69_fu_707_p2                       |         -|   0|  0|   7|           7|           7|
    |ap_block_pp0_stage0_11001                |       and|   0|  0|   2|           1|           1|
    |ap_block_state11_pp0_stage0_iter10_grp1  |       and|   0|  0|   2|           1|           1|
    |ap_predicate_op60_read_state11           |       and|   0|  0|   2|           1|           1|
    |icmp_ln67_1_fu_770_p2                    |      icmp|   0|  0|  12|          12|           6|
    |icmp_ln67_fu_544_p2                      |      icmp|   0|  0|  12|          12|          12|
    |icmp_ln69_fu_560_p2                      |      icmp|   0|  0|  13|           4|           1|
    |select_ln67_fu_776_p3                    |    select|   0|  0|  12|           1|           1|
    |ap_enable_pp0                            |       xor|   0|  0|   2|           1|           2|
    +-----------------------------------------+----------+----+---+----+------------+------------+
    |Total                                    |          |   0|  0| 158|         120|          67|
    +-----------------------------------------+----------+----+---+----+------------+------------+

    * Multiplexer: 
    +--------------------------------+----+-----------+-----+-----------+
    |              Name              | LUT| Input Size| Bits| Total Bits|
    +--------------------------------+----+-----------+-----+-----------+
    |AXI_IN_blk_n_R                  |   9|          2|    1|          2|
    |ap_done_int                     |   9|          2|    1|          2|
    |ap_enable_reg_pp0_iter1         |   9|          2|    1|          2|
    |ap_enable_reg_pp0_iter2         |   9|          2|    1|          2|
    |ap_phi_mux_empty_phi_fu_506_p4  |  14|          3|  512|       1536|
    |i_fu_176                        |   9|          2|   12|         24|
    |phi_mul49_fu_164                |   9|          2|   25|         50|
    |phi_mul_fu_168                  |   9|          2|   24|         48|
    |phi_urem_fu_160                 |   9|          2|   12|         24|
    |shiftreg_fu_172                 |   9|          2|  480|        960|
    +--------------------------------+----+-----------+-----+-----------+
    |Total                           |  95|         21| 1069|       2650|
    +--------------------------------+----+-----------+-----+-----------+

    * Register: 
    +-----------------------------------+-----+----+-----+-----------+
    |                Name               |  FF | LUT| Bits| Const Bits|
    +-----------------------------------+-----+----+-----+-----------+
    |AXI_IN_addr_read_reg_857           |  512|   0|  512|          0|
    |ap_CS_fsm                          |    1|   0|    1|          0|
    |ap_done_reg                        |    1|   0|    1|          0|
    |ap_enable_reg_pp0_iter1            |    1|   0|    1|          0|
    |ap_enable_reg_pp0_iter10           |    1|   0|    1|          0|
    |ap_enable_reg_pp0_iter11           |    1|   0|    1|          0|
    |ap_enable_reg_pp0_iter2            |    1|   0|    1|          0|
    |ap_enable_reg_pp0_iter3            |    1|   0|    1|          0|
    |ap_enable_reg_pp0_iter4            |    1|   0|    1|          0|
    |ap_enable_reg_pp0_iter5            |    1|   0|    1|          0|
    |ap_enable_reg_pp0_iter6            |    1|   0|    1|          0|
    |ap_enable_reg_pp0_iter7            |    1|   0|    1|          0|
    |ap_enable_reg_pp0_iter8            |    1|   0|    1|          0|
    |ap_enable_reg_pp0_iter9            |    1|   0|    1|          0|
    |ap_loop_exit_ready_pp0_iter10_reg  |    1|   0|    1|          0|
    |ap_loop_exit_ready_pp0_iter2_reg   |    1|   0|    1|          0|
    |ap_loop_exit_ready_pp0_iter3_reg   |    1|   0|    1|          0|
    |ap_loop_exit_ready_pp0_iter4_reg   |    1|   0|    1|          0|
    |ap_loop_exit_ready_pp0_iter5_reg   |    1|   0|    1|          0|
    |ap_loop_exit_ready_pp0_iter6_reg   |    1|   0|    1|          0|
    |ap_loop_exit_ready_pp0_iter7_reg   |    1|   0|    1|          0|
    |ap_loop_exit_ready_pp0_iter8_reg   |    1|   0|    1|          0|
    |ap_loop_exit_ready_pp0_iter9_reg   |    1|   0|    1|          0|
    |i_fu_176                           |   12|   0|   12|          0|
    |icmp_ln67_reg_840                  |    1|   0|    1|          0|
    |icmp_ln69_reg_844                  |    1|   0|    1|          0|
    |phi_mul49_fu_164                   |   25|   0|   25|          0|
    |phi_mul_fu_168                     |   24|   0|   24|          0|
    |phi_urem_fu_160                    |   12|   0|   12|          0|
    |shiftreg_fu_172                    |  480|   0|  480|          0|
    |trunc_ln69_2_reg_848               |    3|   0|    3|          0|
    |trunc_ln69_4_reg_862               |    2|   0|    2|          0|
    |icmp_ln67_reg_840                  |   64|  32|    1|          0|
    |icmp_ln69_reg_844                  |   64|  32|    1|          0|
    |trunc_ln69_2_reg_848               |   64|  32|    3|          0|
    +-----------------------------------+-----+----+-----+-----------+
    |Total                              | 1286|  96| 1099|          0|
    +-----------------------------------+-----+----+-----+-----------+



================================================================
== Interface
================================================================
* Summary: 
+-------------------------+-----+-----+------------+---------------------------+--------------+
|        RTL Ports        | Dir | Bits|  Protocol  |       Source Object       |    C Type    |
+-------------------------+-----+-----+------------+---------------------------+--------------+
|ap_clk                   |   in|    1|  ap_ctrl_hs|  conv1_pool1_Pipeline_LOAD|  return value|
|ap_rst                   |   in|    1|  ap_ctrl_hs|  conv1_pool1_Pipeline_LOAD|  return value|
|ap_start                 |   in|    1|  ap_ctrl_hs|  conv1_pool1_Pipeline_LOAD|  return value|
|ap_done                  |  out|    1|  ap_ctrl_hs|  conv1_pool1_Pipeline_LOAD|  return value|
|ap_idle                  |  out|    1|  ap_ctrl_hs|  conv1_pool1_Pipeline_LOAD|  return value|
|ap_ready                 |  out|    1|  ap_ctrl_hs|  conv1_pool1_Pipeline_LOAD|  return value|
|m_axi_AXI_IN_0_AWVALID   |  out|    1|       m_axi|                     AXI_IN|       pointer|
|m_axi_AXI_IN_0_AWREADY   |   in|    1|       m_axi|                     AXI_IN|       pointer|
|m_axi_AXI_IN_0_AWADDR    |  out|   64|       m_axi|                     AXI_IN|       pointer|
|m_axi_AXI_IN_0_AWID      |  out|    1|       m_axi|                     AXI_IN|       pointer|
|m_axi_AXI_IN_0_AWLEN     |  out|   32|       m_axi|                     AXI_IN|       pointer|
|m_axi_AXI_IN_0_AWSIZE    |  out|    3|       m_axi|                     AXI_IN|       pointer|
|m_axi_AXI_IN_0_AWBURST   |  out|    2|       m_axi|                     AXI_IN|       pointer|
|m_axi_AXI_IN_0_AWLOCK    |  out|    2|       m_axi|                     AXI_IN|       pointer|
|m_axi_AXI_IN_0_AWCACHE   |  out|    4|       m_axi|                     AXI_IN|       pointer|
|m_axi_AXI_IN_0_AWPROT    |  out|    3|       m_axi|                     AXI_IN|       pointer|
|m_axi_AXI_IN_0_AWQOS     |  out|    4|       m_axi|                     AXI_IN|       pointer|
|m_axi_AXI_IN_0_AWREGION  |  out|    4|       m_axi|                     AXI_IN|       pointer|
|m_axi_AXI_IN_0_AWUSER    |  out|    1|       m_axi|                     AXI_IN|       pointer|
|m_axi_AXI_IN_0_WVALID    |  out|    1|       m_axi|                     AXI_IN|       pointer|
|m_axi_AXI_IN_0_WREADY    |   in|    1|       m_axi|                     AXI_IN|       pointer|
|m_axi_AXI_IN_0_WDATA     |  out|  512|       m_axi|                     AXI_IN|       pointer|
|m_axi_AXI_IN_0_WSTRB     |  out|   64|       m_axi|                     AXI_IN|       pointer|
|m_axi_AXI_IN_0_WLAST     |  out|    1|       m_axi|                     AXI_IN|       pointer|
|m_axi_AXI_IN_0_WID       |  out|    1|       m_axi|                     AXI_IN|       pointer|
|m_axi_AXI_IN_0_WUSER     |  out|    1|       m_axi|                     AXI_IN|       pointer|
|m_axi_AXI_IN_0_ARVALID   |  out|    1|       m_axi|                     AXI_IN|       pointer|
|m_axi_AXI_IN_0_ARREADY   |   in|    1|       m_axi|                     AXI_IN|       pointer|
|m_axi_AXI_IN_0_ARADDR    |  out|   64|       m_axi|                     AXI_IN|       pointer|
|m_axi_AXI_IN_0_ARID      |  out|    1|       m_axi|                     AXI_IN|       pointer|
|m_axi_AXI_IN_0_ARLEN     |  out|   32|       m_axi|                     AXI_IN|       pointer|
|m_axi_AXI_IN_0_ARSIZE    |  out|    3|       m_axi|                     AXI_IN|       pointer|
|m_axi_AXI_IN_0_ARBURST   |  out|    2|       m_axi|                     AXI_IN|       pointer|
|m_axi_AXI_IN_0_ARLOCK    |  out|    2|       m_axi|                     AXI_IN|       pointer|
|m_axi_AXI_IN_0_ARCACHE   |  out|    4|       m_axi|                     AXI_IN|       pointer|
|m_axi_AXI_IN_0_ARPROT    |  out|    3|       m_axi|                     AXI_IN|       pointer|
|m_axi_AXI_IN_0_ARQOS     |  out|    4|       m_axi|                     AXI_IN|       pointer|
|m_axi_AXI_IN_0_ARREGION  |  out|    4|       m_axi|                     AXI_IN|       pointer|
|m_axi_AXI_IN_0_ARUSER    |  out|    1|       m_axi|                     AXI_IN|       pointer|
|m_axi_AXI_IN_0_RVALID    |   in|    1|       m_axi|                     AXI_IN|       pointer|
|m_axi_AXI_IN_0_RREADY    |  out|    1|       m_axi|                     AXI_IN|       pointer|
|m_axi_AXI_IN_0_RDATA     |   in|  512|       m_axi|                     AXI_IN|       pointer|
|m_axi_AXI_IN_0_RLAST     |   in|    1|       m_axi|                     AXI_IN|       pointer|
|m_axi_AXI_IN_0_RID       |   in|    1|       m_axi|                     AXI_IN|       pointer|
|m_axi_AXI_IN_0_RFIFONUM  |   in|    9|       m_axi|                     AXI_IN|       pointer|
|m_axi_AXI_IN_0_RUSER     |   in|    1|       m_axi|                     AXI_IN|       pointer|
|m_axi_AXI_IN_0_RRESP     |   in|    2|       m_axi|                     AXI_IN|       pointer|
|m_axi_AXI_IN_0_BVALID    |   in|    1|       m_axi|                     AXI_IN|       pointer|
|m_axi_AXI_IN_0_BREADY    |  out|    1|       m_axi|                     AXI_IN|       pointer|
|m_axi_AXI_IN_0_BRESP     |   in|    2|       m_axi|                     AXI_IN|       pointer|
|m_axi_AXI_IN_0_BID       |   in|    1|       m_axi|                     AXI_IN|       pointer|
|m_axi_AXI_IN_0_BUSER     |   in|    1|       m_axi|                     AXI_IN|       pointer|
|in_buf_address0          |  out|    7|   ap_memory|                     in_buf|         array|
|in_buf_ce0               |  out|    1|   ap_memory|                     in_buf|         array|
|in_buf_we0               |  out|    1|   ap_memory|                     in_buf|         array|
|in_buf_d0                |  out|   32|   ap_memory|                     in_buf|         array|
|in_buf_1_address0        |  out|    7|   ap_memory|                   in_buf_1|         array|
|in_buf_1_ce0             |  out|    1|   ap_memory|                   in_buf_1|         array|
|in_buf_1_we0             |  out|    1|   ap_memory|                   in_buf_1|         array|
|in_buf_1_d0              |  out|   32|   ap_memory|                   in_buf_1|         array|
|in_buf_2_address0        |  out|    7|   ap_memory|                   in_buf_2|         array|
|in_buf_2_ce0             |  out|    1|   ap_memory|                   in_buf_2|         array|
|in_buf_2_we0             |  out|    1|   ap_memory|                   in_buf_2|         array|
|in_buf_2_d0              |  out|   32|   ap_memory|                   in_buf_2|         array|
|in_buf_3_address0        |  out|    7|   ap_memory|                   in_buf_3|         array|
|in_buf_3_ce0             |  out|    1|   ap_memory|                   in_buf_3|         array|
|in_buf_3_we0             |  out|    1|   ap_memory|                   in_buf_3|         array|
|in_buf_3_d0              |  out|   32|   ap_memory|                   in_buf_3|         array|
|in_buf_4_address0        |  out|    7|   ap_memory|                   in_buf_4|         array|
|in_buf_4_ce0             |  out|    1|   ap_memory|                   in_buf_4|         array|
|in_buf_4_we0             |  out|    1|   ap_memory|                   in_buf_4|         array|
|in_buf_4_d0              |  out|   32|   ap_memory|                   in_buf_4|         array|
|in_buf_5_address0        |  out|    7|   ap_memory|                   in_buf_5|         array|
|in_buf_5_ce0             |  out|    1|   ap_memory|                   in_buf_5|         array|
|in_buf_5_we0             |  out|    1|   ap_memory|                   in_buf_5|         array|
|in_buf_5_d0              |  out|   32|   ap_memory|                   in_buf_5|         array|
|in_buf_6_address0        |  out|    7|   ap_memory|                   in_buf_6|         array|
|in_buf_6_ce0             |  out|    1|   ap_memory|                   in_buf_6|         array|
|in_buf_6_we0             |  out|    1|   ap_memory|                   in_buf_6|         array|
|in_buf_6_d0              |  out|   32|   ap_memory|                   in_buf_6|         array|
|in_buf_7_address0        |  out|    7|   ap_memory|                   in_buf_7|         array|
|in_buf_7_ce0             |  out|    1|   ap_memory|                   in_buf_7|         array|
|in_buf_7_we0             |  out|    1|   ap_memory|                   in_buf_7|         array|
|in_buf_7_d0              |  out|   32|   ap_memory|                   in_buf_7|         array|
|in_buf_8_address0        |  out|    7|   ap_memory|                   in_buf_8|         array|
|in_buf_8_ce0             |  out|    1|   ap_memory|                   in_buf_8|         array|
|in_buf_8_we0             |  out|    1|   ap_memory|                   in_buf_8|         array|
|in_buf_8_d0              |  out|   32|   ap_memory|                   in_buf_8|         array|
|in_buf_9_address0        |  out|    7|   ap_memory|                   in_buf_9|         array|
|in_buf_9_ce0             |  out|    1|   ap_memory|                   in_buf_9|         array|
|in_buf_9_we0             |  out|    1|   ap_memory|                   in_buf_9|         array|
|in_buf_9_d0              |  out|   32|   ap_memory|                   in_buf_9|         array|
|in_buf_10_address0       |  out|    7|   ap_memory|                  in_buf_10|         array|
|in_buf_10_ce0            |  out|    1|   ap_memory|                  in_buf_10|         array|
|in_buf_10_we0            |  out|    1|   ap_memory|                  in_buf_10|         array|
|in_buf_10_d0             |  out|   32|   ap_memory|                  in_buf_10|         array|
|in_buf_11_address0       |  out|    7|   ap_memory|                  in_buf_11|         array|
|in_buf_11_ce0            |  out|    1|   ap_memory|                  in_buf_11|         array|
|in_buf_11_we0            |  out|    1|   ap_memory|                  in_buf_11|         array|
|in_buf_11_d0             |  out|   32|   ap_memory|                  in_buf_11|         array|
|in_buf_12_address0       |  out|    7|   ap_memory|                  in_buf_12|         array|
|in_buf_12_ce0            |  out|    1|   ap_memory|                  in_buf_12|         array|
|in_buf_12_we0            |  out|    1|   ap_memory|                  in_buf_12|         array|
|in_buf_12_d0             |  out|   32|   ap_memory|                  in_buf_12|         array|
|in_buf_13_address0       |  out|    7|   ap_memory|                  in_buf_13|         array|
|in_buf_13_ce0            |  out|    1|   ap_memory|                  in_buf_13|         array|
|in_buf_13_we0            |  out|    1|   ap_memory|                  in_buf_13|         array|
|in_buf_13_d0             |  out|   32|   ap_memory|                  in_buf_13|         array|
|in_buf_14_address0       |  out|    7|   ap_memory|                  in_buf_14|         array|
|in_buf_14_ce0            |  out|    1|   ap_memory|                  in_buf_14|         array|
|in_buf_14_we0            |  out|    1|   ap_memory|                  in_buf_14|         array|
|in_buf_14_d0             |  out|   32|   ap_memory|                  in_buf_14|         array|
|in_buf_15_address0       |  out|    7|   ap_memory|                  in_buf_15|         array|
|in_buf_15_ce0            |  out|    1|   ap_memory|                  in_buf_15|         array|
|in_buf_15_we0            |  out|    1|   ap_memory|                  in_buf_15|         array|
|in_buf_15_d0             |  out|   32|   ap_memory|                  in_buf_15|         array|
|in_buf_16_address0       |  out|    7|   ap_memory|                  in_buf_16|         array|
|in_buf_16_ce0            |  out|    1|   ap_memory|                  in_buf_16|         array|
|in_buf_16_we0            |  out|    1|   ap_memory|                  in_buf_16|         array|
|in_buf_16_d0             |  out|   32|   ap_memory|                  in_buf_16|         array|
|in_buf_17_address0       |  out|    7|   ap_memory|                  in_buf_17|         array|
|in_buf_17_ce0            |  out|    1|   ap_memory|                  in_buf_17|         array|
|in_buf_17_we0            |  out|    1|   ap_memory|                  in_buf_17|         array|
|in_buf_17_d0             |  out|   32|   ap_memory|                  in_buf_17|         array|
|in_buf_18_address0       |  out|    7|   ap_memory|                  in_buf_18|         array|
|in_buf_18_ce0            |  out|    1|   ap_memory|                  in_buf_18|         array|
|in_buf_18_we0            |  out|    1|   ap_memory|                  in_buf_18|         array|
|in_buf_18_d0             |  out|   32|   ap_memory|                  in_buf_18|         array|
|in_buf_19_address0       |  out|    7|   ap_memory|                  in_buf_19|         array|
|in_buf_19_ce0            |  out|    1|   ap_memory|                  in_buf_19|         array|
|in_buf_19_we0            |  out|    1|   ap_memory|                  in_buf_19|         array|
|in_buf_19_d0             |  out|   32|   ap_memory|                  in_buf_19|         array|
|in_buf_20_address0       |  out|    7|   ap_memory|                  in_buf_20|         array|
|in_buf_20_ce0            |  out|    1|   ap_memory|                  in_buf_20|         array|
|in_buf_20_we0            |  out|    1|   ap_memory|                  in_buf_20|         array|
|in_buf_20_d0             |  out|   32|   ap_memory|                  in_buf_20|         array|
|in_buf_21_address0       |  out|    7|   ap_memory|                  in_buf_21|         array|
|in_buf_21_ce0            |  out|    1|   ap_memory|                  in_buf_21|         array|
|in_buf_21_we0            |  out|    1|   ap_memory|                  in_buf_21|         array|
|in_buf_21_d0             |  out|   32|   ap_memory|                  in_buf_21|         array|
|in_buf_22_address0       |  out|    7|   ap_memory|                  in_buf_22|         array|
|in_buf_22_ce0            |  out|    1|   ap_memory|                  in_buf_22|         array|
|in_buf_22_we0            |  out|    1|   ap_memory|                  in_buf_22|         array|
|in_buf_22_d0             |  out|   32|   ap_memory|                  in_buf_22|         array|
|in_buf_23_address0       |  out|    7|   ap_memory|                  in_buf_23|         array|
|in_buf_23_ce0            |  out|    1|   ap_memory|                  in_buf_23|         array|
|in_buf_23_we0            |  out|    1|   ap_memory|                  in_buf_23|         array|
|in_buf_23_d0             |  out|   32|   ap_memory|                  in_buf_23|         array|
|sext_ln67                |   in|   58|     ap_none|                  sext_ln67|        scalar|
+-------------------------+-----+-----+------------+---------------------------+--------------+

