

================================================================
== Vitis HLS Report for 'conv1_pool1'
================================================================
* Date:           Thu Feb 26 11:15:09 2026

* Version:        2024.2 (Build 5238294 on Nov  8 2024)
* Project:        hls_prj
* Solution:       solution1 (Vitis Kernel Flow Target)
* Product family: zynq
* Target device:  xc7z020-clg400-1


================================================================
== Performance Estimates
================================================================
+ Timing: 
    * Summary: 
    +--------+----------+----------+------------+
    |  Clock |  Target  | Estimated| Uncertainty|
    +--------+----------+----------+------------+
    |ap_clk  |  10.00 ns|  7.404 ns|     2.70 ns|
    +--------+----------+----------+------------+

+ Latency: 
    * Summary: 
    +---------+---------+----------+----------+-------+-------+---------+
    |  Latency (cycles) |  Latency (absolute) |    Interval   | Pipeline|
    |   min   |   max   |    min   |    max   |  min  |  max  |   Type  |
    +---------+---------+----------+----------+-------+-------+---------+
    |    44859|    44859|  0.449 ms|  0.449 ms|  44860|  44860|       no|
    +---------+---------+----------+----------+-------+-------+---------+

    + Detail: 
        * Instance: 
        +---------------------------------------------------------+----------------------------------------------+---------+---------+-----------+-----------+-------+-------+------------------------------------------------+
        |                                                         |                                              |  Latency (cycles) |   Latency (absolute)  |    Interval   |                    Pipeline                    |
        |                         Instance                        |                    Module                    |   min   |   max   |    min    |    max    |  min  |  max  |                      Type                      |
        +---------------------------------------------------------+----------------------------------------------+---------+---------+-----------+-----------+-------+-------+------------------------------------------------+
        |grp_conv1_pool1_Pipeline_LOAD_fu_353                     |conv1_pool1_Pipeline_LOAD                     |     2315|     2315|  23.150 us|  23.150 us|   2305|   2305|  loop auto-rewind stp (delay=0 clock cycles(s))|
        |grp_conv1_pool1_Pipeline_CONV_OC_CONV_OY_CONV_OX_fu_384  |conv1_pool1_Pipeline_CONV_OC_CONV_OY_CONV_OX  |    33922|    33922|   0.339 ms|   0.339 ms|  33857|  33857|  loop auto-rewind stp (delay=0 clock cycles(s))|
        |grp_conv1_pool1_Pipeline_POOL_OC_POOL_PY_POOL_PX_fu_464  |conv1_pool1_Pipeline_POOL_OC_POOL_PY_POOL_PX  |     8477|     8477|  84.770 us|  84.770 us|   8465|   8465|  loop auto-rewind stp (delay=0 clock cycles(s))|
        +---------------------------------------------------------+----------------------------------------------+---------+---------+-----------+-----------+-------+-------+------------------------------------------------+

        * Loop: 
        N/A



================================================================
== Utilization Estimates
================================================================
* Summary: 
+-----------------+---------+-----+--------+-------+-----+
|       Name      | BRAM_18K| DSP |   FF   |  LUT  | URAM|
+-----------------+---------+-----+--------+-------+-----+
|DSP              |        -|    -|       -|      -|    -|
|Expression       |        -|    -|       0|      2|    -|
|FIFO             |        -|    -|       -|      -|    -|
|Instance         |       31|   48|   10812|  13773|    -|
|Memory           |      152|    -|       0|      0|    0|
|Multiplexer      |        -|    -|       0|   3353|    -|
|Register         |        -|    -|     273|      -|    -|
+-----------------+---------+-----+--------+-------+-----+
|Total            |      183|   48|   11085|  17128|    0|
+-----------------+---------+-----+--------+-------+-----+
|Available        |      280|  220|  106400|  53200|    0|
+-----------------+---------+-----+--------+-------+-----+
|Utilization (%)  |       65|   21|      10|     32|    0|
+-----------------+---------+-----+--------+-------+-----+

+ Detail: 
    * Instance: 
    +---------------------------------------------------------+----------------------------------------------+---------+----+------+------+-----+
    |                         Instance                        |                    Module                    | BRAM_18K| DSP|  FF  |  LUT | URAM|
    +---------------------------------------------------------+----------------------------------------------+---------+----+------+------+-----+
    |AXI_IN_m_axi_U                                           |AXI_IN_m_axi                                  |       29|   0|  1574|  1662|    0|
    |AXI_OUT_m_axi_U                                          |AXI_OUT_m_axi                                 |        2|   0|   665|   646|    0|
    |control_s_axi_U                                          |control_s_axi                                 |        0|   0|   176|   296|    0|
    |grp_conv1_pool1_Pipeline_CONV_OC_CONV_OY_CONV_OX_fu_384  |conv1_pool1_Pipeline_CONV_OC_CONV_OY_CONV_OX  |        0|  46|  6314|  9785|    0|
    |grp_conv1_pool1_Pipeline_LOAD_fu_353                     |conv1_pool1_Pipeline_LOAD                     |        0|   0|  1416|   428|    0|
    |grp_conv1_pool1_Pipeline_POOL_OC_POOL_PY_POOL_PX_fu_464  |conv1_pool1_Pipeline_POOL_OC_POOL_PY_POOL_PX  |        0|   2|   667|   956|    0|
    |fcmp_32ns_32ns_1_2_no_dsp_1_U206                         |fcmp_32ns_32ns_1_2_no_dsp_1                   |        0|   0|     0|     0|    0|
    +---------------------------------------------------------+----------------------------------------------+---------+----+------+------+-----+
    |Total                                                    |                                              |       31|  48| 10812| 13773|    0|
    +---------------------------------------------------------+----------------------------------------------+---------+----+------+------+-----+

    * DSP: 
    N/A

    * Memory: 
    +---------------+------------------------+---------+---+----+-----+------+-----+------+-------------+
    |     Memory    |         Module         | BRAM_18K| FF| LUT| URAM| Words| Bits| Banks| W*Bits*Banks|
    +---------------+------------------------+---------+---+----+-----+------+-----+------+-------------+
    |conv_buf_U     |conv_buf_RAM_AUTO_1R1W  |        4|  0|   0|    0|  1058|   32|     1|        33856|
    |conv_buf_1_U   |conv_buf_RAM_AUTO_1R1W  |        4|  0|   0|    0|  1058|   32|     1|        33856|
    |conv_buf_2_U   |conv_buf_RAM_AUTO_1R1W  |        4|  0|   0|    0|  1058|   32|     1|        33856|
    |conv_buf_3_U   |conv_buf_RAM_AUTO_1R1W  |        4|  0|   0|    0|  1058|   32|     1|        33856|
    |conv_buf_4_U   |conv_buf_RAM_AUTO_1R1W  |        4|  0|   0|    0|  1058|   32|     1|        33856|
    |conv_buf_5_U   |conv_buf_RAM_AUTO_1R1W  |        4|  0|   0|    0|  1058|   32|     1|        33856|
    |conv_buf_6_U   |conv_buf_RAM_AUTO_1R1W  |        4|  0|   0|    0|  1058|   32|     1|        33856|
    |conv_buf_7_U   |conv_buf_RAM_AUTO_1R1W  |        4|  0|   0|    0|  1058|   32|     1|        33856|
    |conv_buf_8_U   |conv_buf_RAM_AUTO_1R1W  |        4|  0|   0|    0|  1058|   32|     1|        33856|
    |conv_buf_9_U   |conv_buf_RAM_AUTO_1R1W  |        4|  0|   0|    0|  1058|   32|     1|        33856|
    |conv_buf_10_U  |conv_buf_RAM_AUTO_1R1W  |        4|  0|   0|    0|  1058|   32|     1|        33856|
    |conv_buf_11_U  |conv_buf_RAM_AUTO_1R1W  |        4|  0|   0|    0|  1058|   32|     1|        33856|
    |conv_buf_12_U  |conv_buf_RAM_AUTO_1R1W  |        4|  0|   0|    0|  1058|   32|     1|        33856|
    |conv_buf_13_U  |conv_buf_RAM_AUTO_1R1W  |        4|  0|   0|    0|  1058|   32|     1|        33856|
    |conv_buf_14_U  |conv_buf_RAM_AUTO_1R1W  |        4|  0|   0|    0|  1058|   32|     1|        33856|
    |conv_buf_15_U  |conv_buf_RAM_AUTO_1R1W  |        4|  0|   0|    0|  1058|   32|     1|        33856|
    |conv_buf_16_U  |conv_buf_RAM_AUTO_1R1W  |        4|  0|   0|    0|  1058|   32|     1|        33856|
    |conv_buf_17_U  |conv_buf_RAM_AUTO_1R1W  |        4|  0|   0|    0|  1058|   32|     1|        33856|
    |conv_buf_18_U  |conv_buf_RAM_AUTO_1R1W  |        4|  0|   0|    0|  1058|   32|     1|        33856|
    |conv_buf_19_U  |conv_buf_RAM_AUTO_1R1W  |        4|  0|   0|    0|  1058|   32|     1|        33856|
    |conv_buf_20_U  |conv_buf_RAM_AUTO_1R1W  |        4|  0|   0|    0|  1058|   32|     1|        33856|
    |conv_buf_21_U  |conv_buf_RAM_AUTO_1R1W  |        4|  0|   0|    0|  1058|   32|     1|        33856|
    |conv_buf_22_U  |conv_buf_RAM_AUTO_1R1W  |        4|  0|   0|    0|  1058|   32|     1|        33856|
    |conv_buf_23_U  |conv_buf_RAM_AUTO_1R1W  |        4|  0|   0|    0|  1058|   32|     1|        33856|
    |conv_buf_24_U  |conv_buf_RAM_AUTO_1R1W  |        4|  0|   0|    0|  1058|   32|     1|        33856|
    |conv_buf_25_U  |conv_buf_RAM_AUTO_1R1W  |        4|  0|   0|    0|  1058|   32|     1|        33856|
    |conv_buf_26_U  |conv_buf_RAM_AUTO_1R1W  |        4|  0|   0|    0|  1058|   32|     1|        33856|
    |conv_buf_27_U  |conv_buf_RAM_AUTO_1R1W  |        4|  0|   0|    0|  1058|   32|     1|        33856|
    |conv_buf_28_U  |conv_buf_RAM_AUTO_1R1W  |        4|  0|   0|    0|  1058|   32|     1|        33856|
    |conv_buf_29_U  |conv_buf_RAM_AUTO_1R1W  |        4|  0|   0|    0|  1058|   32|     1|        33856|
    |conv_buf_30_U  |conv_buf_RAM_AUTO_1R1W  |        4|  0|   0|    0|  1058|   32|     1|        33856|
    |conv_buf_31_U  |conv_buf_RAM_AUTO_1R1W  |        4|  0|   0|    0|  1058|   32|     1|        33856|
    |in_buf_U       |in_buf_RAM_AUTO_1R1W    |        1|  0|   0|    0|    96|   32|     1|         3072|
    |in_buf_1_U     |in_buf_RAM_AUTO_1R1W    |        1|  0|   0|    0|    96|   32|     1|         3072|
    |in_buf_2_U     |in_buf_RAM_AUTO_1R1W    |        1|  0|   0|    0|    96|   32|     1|         3072|
    |in_buf_3_U     |in_buf_RAM_AUTO_1R1W    |        1|  0|   0|    0|    96|   32|     1|         3072|
    |in_buf_4_U     |in_buf_RAM_AUTO_1R1W    |        1|  0|   0|    0|    96|   32|     1|         3072|
    |in_buf_5_U     |in_buf_RAM_AUTO_1R1W    |        1|  0|   0|    0|    96|   32|     1|         3072|
    |in_buf_6_U     |in_buf_RAM_AUTO_1R1W    |        1|  0|   0|    0|    96|   32|     1|         3072|
    |in_buf_7_U     |in_buf_RAM_AUTO_1R1W    |        1|  0|   0|    0|    96|   32|     1|         3072|
    |in_buf_8_U     |in_buf_RAM_AUTO_1R1W    |        1|  0|   0|    0|    96|   32|     1|         3072|
    |in_buf_9_U     |in_buf_RAM_AUTO_1R1W    |        1|  0|   0|    0|    96|   32|     1|         3072|
    |in_buf_10_U    |in_buf_RAM_AUTO_1R1W    |        1|  0|   0|    0|    96|   32|     1|         3072|
    |in_buf_11_U    |in_buf_RAM_AUTO_1R1W    |        1|  0|   0|    0|    96|   32|     1|         3072|
    |in_buf_12_U    |in_buf_RAM_AUTO_1R1W    |        1|  0|   0|    0|    96|   32|     1|         3072|
    |in_buf_13_U    |in_buf_RAM_AUTO_1R1W    |        1|  0|   0|    0|    96|   32|     1|         3072|
    |in_buf_14_U    |in_buf_RAM_AUTO_1R1W    |        1|  0|   0|    0|    96|   32|     1|         3072|
    |in_buf_15_U    |in_buf_RAM_AUTO_1R1W    |        1|  0|   0|    0|    96|   32|     1|         3072|
    |in_buf_16_U    |in_buf_RAM_AUTO_1R1W    |        1|  0|   0|    0|    96|   32|     1|         3072|
    |in_buf_17_U    |in_buf_RAM_AUTO_1R1W    |        1|  0|   0|    0|    96|   32|     1|         3072|
    |in_buf_18_U    |in_buf_RAM_AUTO_1R1W    |        1|  0|   0|    0|    96|   32|     1|         3072|
    |in_buf_19_U    |in_buf_RAM_AUTO_1R1W    |        1|  0|   0|    0|    96|   32|     1|         3072|
    |in_buf_20_U    |in_buf_RAM_AUTO_1R1W    |        1|  0|   0|    0|    96|   32|     1|         3072|
    |in_buf_21_U    |in_buf_RAM_AUTO_1R1W    |        1|  0|   0|    0|    96|   32|     1|         3072|
    |in_buf_22_U    |in_buf_RAM_AUTO_1R1W    |        1|  0|   0|    0|    96|   32|     1|         3072|
    |in_buf_23_U    |in_buf_RAM_AUTO_1R1W    |        1|  0|   0|    0|    96|   32|     1|         3072|
    +---------------+------------------------+---------+---+----+-----+------+-----+------+-------------+
    |Total          |                        |      152|  0|   0|    0| 36160| 1792|    56|      1157120|
    +---------------+------------------------+---------+---+----+-----+------+-----+------+-------------+

    * FIFO: 
    N/A

    * Expression: 
    +-----------------+----------+----+---+----+------------+------------+
    |  Variable Name  | Operation| DSP| FF| LUT| Bitwidth P0| Bitwidth P1|
    +-----------------+----------+----+---+----+------------+------------+
    |ap_block_state1  |        or|   0|  0|   2|           1|           1|
    +-----------------+----------+----+---+----+------------+------------+
    |Total            |          |   0|  0|   2|           1|           1|
    +-----------------+----------+----+---+----+------------+------------+

    * Multiplexer: 
    +----------------------+-----+-----------+-----+-----------+
    |         Name         | LUT | Input Size| Bits| Total Bits|
    +----------------------+-----+-----------+-----+-----------+
    |AXI_IN_0_ARADDR       |   14|          3|   64|        192|
    |AXI_IN_0_ARLEN        |   14|          3|   32|         96|
    |AXI_IN_0_ARVALID      |   14|          3|    1|          3|
    |AXI_IN_0_RREADY       |    9|          2|    1|          2|
    |AXI_IN_blk_n_AR       |    9|          2|    1|          2|
    |AXI_OUT_0_AWADDR      |   14|          3|   64|        192|
    |AXI_OUT_0_AWLEN       |   14|          3|   32|         96|
    |AXI_OUT_0_AWVALID     |   14|          3|    1|          3|
    |AXI_OUT_0_BREADY      |   14|          3|    1|          3|
    |AXI_OUT_0_WVALID      |    9|          2|    1|          2|
    |AXI_OUT_blk_n_AW      |    9|          2|    1|          2|
    |AXI_OUT_blk_n_B       |    9|          2|    1|          2|
    |ap_NS_fsm             |  785|        147|    1|        147|
    |ap_done               |    9|          2|    1|          2|
    |conv_buf_10_address0  |   14|          3|   11|         33|
    |conv_buf_10_ce0       |   14|          3|    1|          3|
    |conv_buf_10_ce1       |    9|          2|    1|          2|
    |conv_buf_10_we0       |    9|          2|    1|          2|
    |conv_buf_11_address0  |   14|          3|   11|         33|
    |conv_buf_11_ce0       |   14|          3|    1|          3|
    |conv_buf_11_ce1       |    9|          2|    1|          2|
    |conv_buf_11_we0       |    9|          2|    1|          2|
    |conv_buf_12_address0  |   14|          3|   11|         33|
    |conv_buf_12_ce0       |   14|          3|    1|          3|
    |conv_buf_12_ce1       |    9|          2|    1|          2|
    |conv_buf_12_we0       |    9|          2|    1|          2|
    |conv_buf_13_address0  |   14|          3|   11|         33|
    |conv_buf_13_ce0       |   14|          3|    1|          3|
    |conv_buf_13_ce1       |    9|          2|    1|          2|
    |conv_buf_13_we0       |    9|          2|    1|          2|
    |conv_buf_14_address0  |   14|          3|   11|         33|
    |conv_buf_14_ce0       |   14|          3|    1|          3|
    |conv_buf_14_ce1       |    9|          2|    1|          2|
    |conv_buf_14_we0       |    9|          2|    1|          2|
    |conv_buf_15_address0  |   14|          3|   11|         33|
    |conv_buf_15_ce0       |   14|          3|    1|          3|
    |conv_buf_15_ce1       |    9|          2|    1|          2|
    |conv_buf_15_we0       |    9|          2|    1|          2|
    |conv_buf_16_address0  |   14|          3|   11|         33|
    |conv_buf_16_ce0       |   14|          3|    1|          3|
    |conv_buf_16_ce1       |    9|          2|    1|          2|
    |conv_buf_16_we0       |    9|          2|    1|          2|
    |conv_buf_17_address0  |   14|          3|   11|         33|
    |conv_buf_17_ce0       |   14|          3|    1|          3|
    |conv_buf_17_ce1       |    9|          2|    1|          2|
    |conv_buf_17_we0       |    9|          2|    1|          2|
    |conv_buf_18_address0  |   14|          3|   11|         33|
    |conv_buf_18_ce0       |   14|          3|    1|          3|
    |conv_buf_18_ce1       |    9|          2|    1|          2|
    |conv_buf_18_we0       |    9|          2|    1|          2|
    |conv_buf_19_address0  |   14|          3|   11|         33|
    |conv_buf_19_ce0       |   14|          3|    1|          3|
    |conv_buf_19_ce1       |    9|          2|    1|          2|
    |conv_buf_19_we0       |    9|          2|    1|          2|
    |conv_buf_1_address0   |   14|          3|   11|         33|
    |conv_buf_1_ce0        |   14|          3|    1|          3|
    |conv_buf_1_ce1        |    9|          2|    1|          2|
    |conv_buf_1_we0        |    9|          2|    1|          2|
    |conv_buf_20_address0  |   14|          3|   11|         33|
    |conv_buf_20_ce0       |   14|          3|    1|          3|
    |conv_buf_20_ce1       |    9|          2|    1|          2|
    |conv_buf_20_we0       |    9|          2|    1|          2|
    |conv_buf_21_address0  |   14|          3|   11|         33|
    |conv_buf_21_ce0       |   14|          3|    1|          3|
    |conv_buf_21_ce1       |    9|          2|    1|          2|
    |conv_buf_21_we0       |    9|          2|    1|          2|
    |conv_buf_22_address0  |   14|          3|   11|         33|
    |conv_buf_22_ce0       |   14|          3|    1|          3|
    |conv_buf_22_ce1       |    9|          2|    1|          2|
    |conv_buf_22_we0       |    9|          2|    1|          2|
    |conv_buf_23_address0  |   14|          3|   11|         33|
    |conv_buf_23_ce0       |   14|          3|    1|          3|
    |conv_buf_23_ce1       |    9|          2|    1|          2|
    |conv_buf_23_we0       |    9|          2|    1|          2|
    |conv_buf_24_address0  |   14|          3|   11|         33|
    |conv_buf_24_ce0       |   14|          3|    1|          3|
    |conv_buf_24_ce1       |    9|          2|    1|          2|
    |conv_buf_24_we0       |    9|          2|    1|          2|
    |conv_buf_25_address0  |   14|          3|   11|         33|
    |conv_buf_25_ce0       |   14|          3|    1|          3|
    |conv_buf_25_ce1       |    9|          2|    1|          2|
    |conv_buf_25_we0       |    9|          2|    1|          2|
    |conv_buf_26_address0  |   14|          3|   11|         33|
    |conv_buf_26_ce0       |   14|          3|    1|          3|
    |conv_buf_26_ce1       |    9|          2|    1|          2|
    |conv_buf_26_we0       |    9|          2|    1|          2|
    |conv_buf_27_address0  |   14|          3|   11|         33|
    |conv_buf_27_ce0       |   14|          3|    1|          3|
    |conv_buf_27_ce1       |    9|          2|    1|          2|
    |conv_buf_27_we0       |    9|          2|    1|          2|
    |conv_buf_28_address0  |   14|          3|   11|         33|
    |conv_buf_28_ce0       |   14|          3|    1|          3|
    |conv_buf_28_ce1       |    9|          2|    1|          2|
    |conv_buf_28_we0       |    9|          2|    1|          2|
    |conv_buf_29_address0  |   14|          3|   11|         33|
    |conv_buf_29_ce0       |   14|          3|    1|          3|
    |conv_buf_29_ce1       |    9|          2|    1|          2|
    |conv_buf_29_we0       |    9|          2|    1|          2|
    |conv_buf_2_address0   |   14|          3|   11|         33|
    |conv_buf_2_ce0        |   14|          3|    1|          3|
    |conv_buf_2_ce1        |    9|          2|    1|          2|
    |conv_buf_2_we0        |    9|          2|    1|          2|
    |conv_buf_30_address0  |   14|          3|   11|         33|
    |conv_buf_30_ce0       |   14|          3|    1|          3|
    |conv_buf_30_ce1       |    9|          2|    1|          2|
    |conv_buf_30_we0       |    9|          2|    1|          2|
    |conv_buf_31_address0  |   14|          3|   11|         33|
    |conv_buf_31_ce0       |   14|          3|    1|          3|
    |conv_buf_31_ce1       |    9|          2|    1|          2|
    |conv_buf_31_we0       |    9|          2|    1|          2|
    |conv_buf_3_address0   |   14|          3|   11|         33|
    |conv_buf_3_ce0        |   14|          3|    1|          3|
    |conv_buf_3_ce1        |    9|          2|    1|          2|
    |conv_buf_3_we0        |    9|          2|    1|          2|
    |conv_buf_4_address0   |   14|          3|   11|         33|
    |conv_buf_4_ce0        |   14|          3|    1|          3|
    |conv_buf_4_ce1        |    9|          2|    1|          2|
    |conv_buf_4_we0        |    9|          2|    1|          2|
    |conv_buf_5_address0   |   14|          3|   11|         33|
    |conv_buf_5_ce0        |   14|          3|    1|          3|
    |conv_buf_5_ce1        |    9|          2|    1|          2|
    |conv_buf_5_we0        |    9|          2|    1|          2|
    |conv_buf_6_address0   |   14|          3|   11|         33|
    |conv_buf_6_ce0        |   14|          3|    1|          3|
    |conv_buf_6_ce1        |    9|          2|    1|          2|
    |conv_buf_6_we0        |    9|          2|    1|          2|
    |conv_buf_7_address0   |   14|          3|   11|         33|
    |conv_buf_7_ce0        |   14|          3|    1|          3|
    |conv_buf_7_ce1        |    9|          2|    1|          2|
    |conv_buf_7_we0        |    9|          2|    1|          2|
    |conv_buf_8_address0   |   14|          3|   11|         33|
    |conv_buf_8_ce0        |   14|          3|    1|          3|
    |conv_buf_8_ce1        |    9|          2|    1|          2|
    |conv_buf_8_we0        |    9|          2|    1|          2|
    |conv_buf_9_address0   |   14|          3|   11|         33|
    |conv_buf_9_ce0        |   14|          3|    1|          3|
    |conv_buf_9_ce1        |    9|          2|    1|          2|
    |conv_buf_9_we0        |    9|          2|    1|          2|
    |conv_buf_address0     |   14|          3|   11|         33|
    |conv_buf_ce0          |   14|          3|    1|          3|
    |conv_buf_ce1          |    9|          2|    1|          2|
    |conv_buf_we0          |    9|          2|    1|          2|
    |grp_fu_565_ce         |   14|          3|    1|          3|
    |grp_fu_565_opcode     |   14|          3|    5|         15|
    |grp_fu_565_p0         |   14|          3|   32|         96|
    |grp_fu_565_p1         |   14|          3|   32|         96|
    |in_buf_10_address0    |   14|          3|    7|         21|
    |in_buf_10_ce0         |   14|          3|    1|          3|
    |in_buf_10_we0         |    9|          2|    1|          2|
    |in_buf_11_address0    |   14|          3|    7|         21|
    |in_buf_11_ce0         |   14|          3|    1|          3|
    |in_buf_11_we0         |    9|          2|    1|          2|
    |in_buf_12_address0    |   14|          3|    7|         21|
    |in_buf_12_ce0         |   14|          3|    1|          3|
    |in_buf_12_we0         |    9|          2|    1|          2|
    |in_buf_13_address0    |   14|          3|    7|         21|
    |in_buf_13_ce0         |   14|          3|    1|          3|
    |in_buf_13_we0         |    9|          2|    1|          2|
    |in_buf_14_address0    |   14|          3|    7|         21|
    |in_buf_14_ce0         |   14|          3|    1|          3|
    |in_buf_14_we0         |    9|          2|    1|          2|
    |in_buf_15_address0    |   14|          3|    7|         21|
    |in_buf_15_ce0         |   14|          3|    1|          3|
    |in_buf_15_we0         |    9|          2|    1|          2|
    |in_buf_16_address0    |   14|          3|    7|         21|
    |in_buf_16_ce0         |   14|          3|    1|          3|
    |in_buf_16_we0         |    9|          2|    1|          2|
    |in_buf_17_address0    |   14|          3|    7|         21|
    |in_buf_17_ce0         |   14|          3|    1|          3|
    |in_buf_17_we0         |    9|          2|    1|          2|
    |in_buf_18_address0    |   14|          3|    7|         21|
    |in_buf_18_ce0         |   14|          3|    1|          3|
    |in_buf_18_we0         |    9|          2|    1|          2|
    |in_buf_19_address0    |   14|          3|    7|         21|
    |in_buf_19_ce0         |   14|          3|    1|          3|
    |in_buf_19_we0         |    9|          2|    1|          2|
    |in_buf_1_address0     |   14|          3|    7|         21|
    |in_buf_1_ce0          |   14|          3|    1|          3|
    |in_buf_1_we0          |    9|          2|    1|          2|
    |in_buf_20_address0    |   14|          3|    7|         21|
    |in_buf_20_ce0         |   14|          3|    1|          3|
    |in_buf_20_we0         |    9|          2|    1|          2|
    |in_buf_21_address0    |   14|          3|    7|         21|
    |in_buf_21_ce0         |   14|          3|    1|          3|
    |in_buf_21_we0         |    9|          2|    1|          2|
    |in_buf_22_address0    |   14|          3|    7|         21|
    |in_buf_22_ce0         |   14|          3|    1|          3|
    |in_buf_22_we0         |    9|          2|    1|          2|
    |in_buf_23_address0    |   14|          3|    7|         21|
    |in_buf_23_ce0         |   14|          3|    1|          3|
    |in_buf_23_we0         |    9|          2|    1|          2|
    |in_buf_2_address0     |   14|          3|    7|         21|
    |in_buf_2_ce0          |   14|          3|    1|          3|
    |in_buf_2_we0          |    9|          2|    1|          2|
    |in_buf_3_address0     |   14|          3|    7|         21|
    |in_buf_3_ce0          |   14|          3|    1|          3|
    |in_buf_3_we0          |    9|          2|    1|          2|
    |in_buf_4_address0     |   14|          3|    7|         21|
    |in_buf_4_ce0          |   14|          3|    1|          3|
    |in_buf_4_we0          |    9|          2|    1|          2|
    |in_buf_5_address0     |   14|          3|    7|         21|
    |in_buf_5_ce0          |   14|          3|    1|          3|
    |in_buf_5_we0          |    9|          2|    1|          2|
    |in_buf_6_address0     |   14|          3|    7|         21|
    |in_buf_6_ce0          |   14|          3|    1|          3|
    |in_buf_6_we0          |    9|          2|    1|          2|
    |in_buf_7_address0     |   14|          3|    7|         21|
    |in_buf_7_ce0          |   14|          3|    1|          3|
    |in_buf_7_we0          |    9|          2|    1|          2|
    |in_buf_8_address0     |   14|          3|    7|         21|
    |in_buf_8_ce0          |   14|          3|    1|          3|
    |in_buf_8_we0          |    9|          2|    1|          2|
    |in_buf_9_address0     |   14|          3|    7|         21|
    |in_buf_9_ce0          |   14|          3|    1|          3|
    |in_buf_9_we0          |    9|          2|    1|          2|
    |in_buf_address0       |   14|          3|    7|         21|
    |in_buf_ce0            |   14|          3|    1|          3|
    |in_buf_we0            |    9|          2|    1|          2|
    +----------------------+-----+-----------+-----+-----------+
    |Total                 | 3353|        704|  936|       2858|
    +----------------------+-----+-----------+-----+-----------+

    * Register: 
    +----------------------------------------------------------------------+-----+----+-----+-----------+
    |                                 Name                                 |  FF | LUT| Bits| Const Bits|
    +----------------------------------------------------------------------+-----+----+-----+-----------+
    |ap_CS_fsm                                                             |  146|   0|  146|          0|
    |ap_done_reg                                                           |    1|   0|    1|          0|
    |ap_rst_n_inv                                                          |    1|   0|    1|          0|
    |ap_rst_reg_1                                                          |    1|   0|    1|          0|
    |ap_rst_reg_2                                                          |    1|   0|    1|          0|
    |grp_conv1_pool1_Pipeline_CONV_OC_CONV_OY_CONV_OX_fu_384_ap_start_reg  |    1|   0|    1|          0|
    |grp_conv1_pool1_Pipeline_LOAD_fu_353_ap_start_reg                     |    1|   0|    1|          0|
    |grp_conv1_pool1_Pipeline_POOL_OC_POOL_PY_POOL_PX_fu_464_ap_start_reg  |    1|   0|    1|          0|
    |trunc_ln2_reg_549                                                     |   62|   0|   62|          0|
    |trunc_ln_reg_543                                                      |   58|   0|   58|          0|
    +----------------------------------------------------------------------+-----+----+-----+-----------+
    |Total                                                                 |  273|   0|  273|          0|
    +----------------------------------------------------------------------+-----+----+-----+-----------+



================================================================
== Interface
================================================================
* Summary: 
+------------------------+-----+-----+---------------+--------------+--------------+
|        RTL Ports       | Dir | Bits|    Protocol   | Source Object|    C Type    |
+------------------------+-----+-----+---------------+--------------+--------------+
|s_axi_control_AWVALID   |   in|    1|          s_axi|       control|        scalar|
|s_axi_control_AWREADY   |  out|    1|          s_axi|       control|        scalar|
|s_axi_control_AWADDR    |   in|    6|          s_axi|       control|        scalar|
|s_axi_control_WVALID    |   in|    1|          s_axi|       control|        scalar|
|s_axi_control_WREADY    |  out|    1|          s_axi|       control|        scalar|
|s_axi_control_WDATA     |   in|   32|          s_axi|       control|        scalar|
|s_axi_control_WSTRB     |   in|    4|          s_axi|       control|        scalar|
|s_axi_control_ARVALID   |   in|    1|          s_axi|       control|        scalar|
|s_axi_control_ARREADY   |  out|    1|          s_axi|       control|        scalar|
|s_axi_control_ARADDR    |   in|    6|          s_axi|       control|        scalar|
|s_axi_control_RVALID    |  out|    1|          s_axi|       control|        scalar|
|s_axi_control_RREADY    |   in|    1|          s_axi|       control|        scalar|
|s_axi_control_RDATA     |  out|   32|          s_axi|       control|        scalar|
|s_axi_control_RRESP     |  out|    2|          s_axi|       control|        scalar|
|s_axi_control_BVALID    |  out|    1|          s_axi|       control|        scalar|
|s_axi_control_BREADY    |   in|    1|          s_axi|       control|        scalar|
|s_axi_control_BRESP     |  out|    2|          s_axi|       control|        scalar|
|ap_clk                  |   in|    1|  ap_ctrl_chain|   conv1_pool1|  return value|
|ap_rst_n                |   in|    1|  ap_ctrl_chain|   conv1_pool1|  return value|
|interrupt               |  out|    1|  ap_ctrl_chain|   conv1_pool1|  return value|
|m_axi_AXI_IN_AWVALID    |  out|    1|          m_axi|        AXI_IN|       pointer|
|m_axi_AXI_IN_AWREADY    |   in|    1|          m_axi|        AXI_IN|       pointer|
|m_axi_AXI_IN_AWADDR     |  out|   64|          m_axi|        AXI_IN|       pointer|
|m_axi_AXI_IN_AWID       |  out|    1|          m_axi|        AXI_IN|       pointer|
|m_axi_AXI_IN_AWLEN      |  out|    8|          m_axi|        AXI_IN|       pointer|
|m_axi_AXI_IN_AWSIZE     |  out|    3|          m_axi|        AXI_IN|       pointer|
|m_axi_AXI_IN_AWBURST    |  out|    2|          m_axi|        AXI_IN|       pointer|
|m_axi_AXI_IN_AWLOCK     |  out|    2|          m_axi|        AXI_IN|       pointer|
|m_axi_AXI_IN_AWCACHE    |  out|    4|          m_axi|        AXI_IN|       pointer|
|m_axi_AXI_IN_AWPROT     |  out|    3|          m_axi|        AXI_IN|       pointer|
|m_axi_AXI_IN_AWQOS      |  out|    4|          m_axi|        AXI_IN|       pointer|
|m_axi_AXI_IN_AWREGION   |  out|    4|          m_axi|        AXI_IN|       pointer|
|m_axi_AXI_IN_AWUSER     |  out|    1|          m_axi|        AXI_IN|       pointer|
|m_axi_AXI_IN_WVALID     |  out|    1|          m_axi|        AXI_IN|       pointer|
|m_axi_AXI_IN_WREADY     |   in|    1|          m_axi|        AXI_IN|       pointer|
|m_axi_AXI_IN_WDATA      |  out|  512|          m_axi|        AXI_IN|       pointer|
|m_axi_AXI_IN_WSTRB      |  out|   64|          m_axi|        AXI_IN|       pointer|
|m_axi_AXI_IN_WLAST      |  out|    1|          m_axi|        AXI_IN|       pointer|
|m_axi_AXI_IN_WID        |  out|    1|          m_axi|        AXI_IN|       pointer|
|m_axi_AXI_IN_WUSER      |  out|    1|          m_axi|        AXI_IN|       pointer|
|m_axi_AXI_IN_ARVALID    |  out|    1|          m_axi|        AXI_IN|       pointer|
|m_axi_AXI_IN_ARREADY    |   in|    1|          m_axi|        AXI_IN|       pointer|
|m_axi_AXI_IN_ARADDR     |  out|   64|          m_axi|        AXI_IN|       pointer|
|m_axi_AXI_IN_ARID       |  out|    1|          m_axi|        AXI_IN|       pointer|
|m_axi_AXI_IN_ARLEN      |  out|    8|          m_axi|        AXI_IN|       pointer|
|m_axi_AXI_IN_ARSIZE     |  out|    3|          m_axi|        AXI_IN|       pointer|
|m_axi_AXI_IN_ARBURST    |  out|    2|          m_axi|        AXI_IN|       pointer|
|m_axi_AXI_IN_ARLOCK     |  out|    2|          m_axi|        AXI_IN|       pointer|
|m_axi_AXI_IN_ARCACHE    |  out|    4|          m_axi|        AXI_IN|       pointer|
|m_axi_AXI_IN_ARPROT     |  out|    3|          m_axi|        AXI_IN|       pointer|
|m_axi_AXI_IN_ARQOS      |  out|    4|          m_axi|        AXI_IN|       pointer|
|m_axi_AXI_IN_ARREGION   |  out|    4|          m_axi|        AXI_IN|       pointer|
|m_axi_AXI_IN_ARUSER     |  out|    1|          m_axi|        AXI_IN|       pointer|
|m_axi_AXI_IN_RVALID     |   in|    1|          m_axi|        AXI_IN|       pointer|
|m_axi_AXI_IN_RREADY     |  out|    1|          m_axi|        AXI_IN|       pointer|
|m_axi_AXI_IN_RDATA      |   in|  512|          m_axi|        AXI_IN|       pointer|
|m_axi_AXI_IN_RLAST      |   in|    1|          m_axi|        AXI_IN|       pointer|
|m_axi_AXI_IN_RID        |   in|    1|          m_axi|        AXI_IN|       pointer|
|m_axi_AXI_IN_RUSER      |   in|    1|          m_axi|        AXI_IN|       pointer|
|m_axi_AXI_IN_RRESP      |   in|    2|          m_axi|        AXI_IN|       pointer|
|m_axi_AXI_IN_BVALID     |   in|    1|          m_axi|        AXI_IN|       pointer|
|m_axi_AXI_IN_BREADY     |  out|    1|          m_axi|        AXI_IN|       pointer|
|m_axi_AXI_IN_BRESP      |   in|    2|          m_axi|        AXI_IN|       pointer|
|m_axi_AXI_IN_BID        |   in|    1|          m_axi|        AXI_IN|       pointer|
|m_axi_AXI_IN_BUSER      |   in|    1|          m_axi|        AXI_IN|       pointer|
|m_axi_AXI_OUT_AWVALID   |  out|    1|          m_axi|       AXI_OUT|       pointer|
|m_axi_AXI_OUT_AWREADY   |   in|    1|          m_axi|       AXI_OUT|       pointer|
|m_axi_AXI_OUT_AWADDR    |  out|   64|          m_axi|       AXI_OUT|       pointer|
|m_axi_AXI_OUT_AWID      |  out|    1|          m_axi|       AXI_OUT|       pointer|
|m_axi_AXI_OUT_AWLEN     |  out|    8|          m_axi|       AXI_OUT|       pointer|
|m_axi_AXI_OUT_AWSIZE    |  out|    3|          m_axi|       AXI_OUT|       pointer|
|m_axi_AXI_OUT_AWBURST   |  out|    2|          m_axi|       AXI_OUT|       pointer|
|m_axi_AXI_OUT_AWLOCK    |  out|    2|          m_axi|       AXI_OUT|       pointer|
|m_axi_AXI_OUT_AWCACHE   |  out|    4|          m_axi|       AXI_OUT|       pointer|
|m_axi_AXI_OUT_AWPROT    |  out|    3|          m_axi|       AXI_OUT|       pointer|
|m_axi_AXI_OUT_AWQOS     |  out|    4|          m_axi|       AXI_OUT|       pointer|
|m_axi_AXI_OUT_AWREGION  |  out|    4|          m_axi|       AXI_OUT|       pointer|
|m_axi_AXI_OUT_AWUSER    |  out|    1|          m_axi|       AXI_OUT|       pointer|
|m_axi_AXI_OUT_WVALID    |  out|    1|          m_axi|       AXI_OUT|       pointer|
|m_axi_AXI_OUT_WREADY    |   in|    1|          m_axi|       AXI_OUT|       pointer|
|m_axi_AXI_OUT_WDATA     |  out|   32|          m_axi|       AXI_OUT|       pointer|
|m_axi_AXI_OUT_WSTRB     |  out|    4|          m_axi|       AXI_OUT|       pointer|
|m_axi_AXI_OUT_WLAST     |  out|    1|          m_axi|       AXI_OUT|       pointer|
|m_axi_AXI_OUT_WID       |  out|    1|          m_axi|       AXI_OUT|       pointer|
|m_axi_AXI_OUT_WUSER     |  out|    1|          m_axi|       AXI_OUT|       pointer|
|m_axi_AXI_OUT_ARVALID   |  out|    1|          m_axi|       AXI_OUT|       pointer|
|m_axi_AXI_OUT_ARREADY   |   in|    1|          m_axi|       AXI_OUT|       pointer|
|m_axi_AXI_OUT_ARADDR    |  out|   64|          m_axi|       AXI_OUT|       pointer|
|m_axi_AXI_OUT_ARID      |  out|    1|          m_axi|       AXI_OUT|       pointer|
|m_axi_AXI_OUT_ARLEN     |  out|    8|          m_axi|       AXI_OUT|       pointer|
|m_axi_AXI_OUT_ARSIZE    |  out|    3|          m_axi|       AXI_OUT|       pointer|
|m_axi_AXI_OUT_ARBURST   |  out|    2|          m_axi|       AXI_OUT|       pointer|
|m_axi_AXI_OUT_ARLOCK    |  out|    2|          m_axi|       AXI_OUT|       pointer|
|m_axi_AXI_OUT_ARCACHE   |  out|    4|          m_axi|       AXI_OUT|       pointer|
|m_axi_AXI_OUT_ARPROT    |  out|    3|          m_axi|       AXI_OUT|       pointer|
|m_axi_AXI_OUT_ARQOS     |  out|    4|          m_axi|       AXI_OUT|       pointer|
|m_axi_AXI_OUT_ARREGION  |  out|    4|          m_axi|       AXI_OUT|       pointer|
|m_axi_AXI_OUT_ARUSER    |  out|    1|          m_axi|       AXI_OUT|       pointer|
|m_axi_AXI_OUT_RVALID    |   in|    1|          m_axi|       AXI_OUT|       pointer|
|m_axi_AXI_OUT_RREADY    |  out|    1|          m_axi|       AXI_OUT|       pointer|
|m_axi_AXI_OUT_RDATA     |   in|   32|          m_axi|       AXI_OUT|       pointer|
|m_axi_AXI_OUT_RLAST     |   in|    1|          m_axi|       AXI_OUT|       pointer|
|m_axi_AXI_OUT_RID       |   in|    1|          m_axi|       AXI_OUT|       pointer|
|m_axi_AXI_OUT_RUSER     |   in|    1|          m_axi|       AXI_OUT|       pointer|
|m_axi_AXI_OUT_RRESP     |   in|    2|          m_axi|       AXI_OUT|       pointer|
|m_axi_AXI_OUT_BVALID    |   in|    1|          m_axi|       AXI_OUT|       pointer|
|m_axi_AXI_OUT_BREADY    |  out|    1|          m_axi|       AXI_OUT|       pointer|
|m_axi_AXI_OUT_BRESP     |   in|    2|          m_axi|       AXI_OUT|       pointer|
|m_axi_AXI_OUT_BID       |   in|    1|          m_axi|       AXI_OUT|       pointer|
|m_axi_AXI_OUT_BUSER     |   in|    1|          m_axi|       AXI_OUT|       pointer|
+------------------------+-----+-----+---------------+--------------+--------------+

