

================================================================
== Vitis HLS Report for 'conv1_pool1_Pipeline_LOAD'
================================================================
* Date:           Thu Feb 26 11:15:07 2026

* Version:        2024.2 (Build 5238294 on Nov  8 2024)
* Project:        hls_prj
* Solution:       solution1 (Vitis Kernel Flow Target)
* Product family: zynq
* Target device:  xc7z020-clg400-1


================================================================
== Performance Estimates
================================================================
+ Timing: 
    * Summary: 
    +--------+----------+----------+------------+
    |  Clock |  Target  | Estimated| Uncertainty|
    +--------+----------+----------+------------+
    |ap_clk  |  10.00 ns|  7.300 ns|     2.70 ns|
    +--------+----------+----------+------------+

+ Latency: 
    * Summary: 
    +---------+---------+-----------+-----------+------+------+------------------------------------------------+
    |  Latency (cycles) |   Latency (absolute)  |   Interval  |                    Pipeline                    |
    |   min   |   max   |    min    |    max    |  min |  max |                      Type                      |
    +---------+---------+-----------+-----------+------+------+------------------------------------------------+
    |     2315|     2315|  23.150 us|  23.150 us|  2305|  2305|  loop auto-rewind stp (delay=0 clock cycles(s))|
    +---------+---------+-----------+-----------+------+------+------------------------------------------------+

    + Detail: 
        * Instance: 
        N/A

        * Loop: 
        +----------+---------+---------+----------+-----------+-----------+------+----------+
        |          |  Latency (cycles) | Iteration|  Initiation Interval  | Trip |          |
        | Loop Name|   min   |   max   |  Latency |  achieved |   target  | Count| Pipelined|
        +----------+---------+---------+----------+-----------+-----------+------+----------+
        |- LOAD    |     2313|     2313|        11|          1|          1|  2304|       yes|
        +----------+---------+---------+----------+-----------+-----------+------+----------+

============================================================
+ Verbose Summary: Synthesis Manager
============================================================
InlineROM: 1
ExposeGlobal: 0
============================================================
+ Verbose Summary: CDFG Model
============================================================
IsTopModel: 0
ResetActiveHigh: 1
IsCombinational: 0
IsDatapathOnly: 0
HasWiredReturn: 1
HasMFsm: 2
HasVarLatency: 1
IsPipeline: 0
IsRtlPipelined: 0
IsInstanceOverlapped: 0
IsDontTouch: 0
HasImplIP: 0
IsGatedGlobalClock: 0

+ Individual pipeline summary: 
  * Pipeline-0: initiation interval (II) = 1, depth = 12


============================================================
+ Verbose Summary: Schedule
============================================================
* Number of FSM states : 12
* Pipeline : 1
  Pipeline-0 : II = 1, D = 12, States = { 1 2 3 4 5 6 7 8 9 10 11 12 }
* Dataflow Pipeline: 0

* FSM state transitions: 
1 --> 2 
2 --> 3 
3 --> 4 
4 --> 5 
5 --> 6 
6 --> 7 
7 --> 8 
8 --> 9 
9 --> 10 
10 --> 11 
11 --> 12 
12 --> 

* FSM state operations: 

State 1 <SV = 0> <Delay = 1.58>
ST_1 : Operation 14 [1/1] (0.00ns)   --->   "%phi_urem = alloca i32 1"   --->   Operation 14 'alloca' 'phi_urem' <Predicate = true> <Delay = 0.00>
ST_1 : Operation 15 [1/1] (0.00ns)   --->   "%phi_mul49 = alloca i32 1"   --->   Operation 15 'alloca' 'phi_mul49' <Predicate = true> <Delay = 0.00>
ST_1 : Operation 16 [1/1] (0.00ns)   --->   "%phi_mul = alloca i32 1"   --->   Operation 16 'alloca' 'phi_mul' <Predicate = true> <Delay = 0.00>
ST_1 : Operation 17 [1/1] (0.00ns)   --->   "%shiftreg = alloca i32 1"   --->   Operation 17 'alloca' 'shiftreg' <Predicate = true> <Delay = 0.00>
ST_1 : Operation 18 [1/1] (0.00ns)   --->   "%i = alloca i32 1" [src/conv1_pool1.cpp:67]   --->   Operation 18 'alloca' 'i' <Predicate = true> <Delay = 0.00>
ST_1 : Operation 19 [1/1] (0.00ns)   --->   "%sext_ln67_read = read i58 @_ssdm_op_Read.ap_auto.i58, i58 %sext_ln67"   --->   Operation 19 'read' 'sext_ln67_read' <Predicate = true> <Delay = 0.00>
ST_1 : Operation 20 [1/1] (0.00ns)   --->   "%sext_ln67_cast = sext i58 %sext_ln67_read"   --->   Operation 20 'sext' 'sext_ln67_cast' <Predicate = true> <Delay = 0.00>
ST_1 : Operation 21 [1/1] (0.00ns)   --->   "%specinterface_ln0 = specinterface void @_ssdm_op_SpecInterface, i512 %AXI_IN, void @empty_2, i32 0, i32 0, void @empty_3, i32 64, i32 144, void @empty_4, void @empty_5, void @empty_3, i32 16, i32 16, i32 16, i32 16, void @empty_3, void @empty_3, i32 4294967295, i32 0, i32 0"   --->   Operation 21 'specinterface' 'specinterface_ln0' <Predicate = true> <Delay = 0.00>
ST_1 : Operation 22 [1/1] (1.58ns)   --->   "%store_ln67 = store i12 0, i12 %i" [src/conv1_pool1.cpp:67]   --->   Operation 22 'store' 'store_ln67' <Predicate = true> <Delay = 1.58>
ST_1 : Operation 23 [1/1] (1.58ns)   --->   "%store_ln0 = store i480 0, i480 %shiftreg"   --->   Operation 23 'store' 'store_ln0' <Predicate = true> <Delay = 1.58>
ST_1 : Operation 24 [1/1] (1.58ns)   --->   "%store_ln0 = store i24 0, i24 %phi_mul"   --->   Operation 24 'store' 'store_ln0' <Predicate = true> <Delay = 1.58>
ST_1 : Operation 25 [1/1] (1.58ns)   --->   "%store_ln0 = store i25 0, i25 %phi_mul49"   --->   Operation 25 'store' 'store_ln0' <Predicate = true> <Delay = 1.58>
ST_1 : Operation 26 [1/1] (1.58ns)   --->   "%store_ln0 = store i12 0, i12 %phi_urem"   --->   Operation 26 'store' 'store_ln0' <Predicate = true> <Delay = 1.58>
ST_1 : Operation 27 [1/1] (0.00ns)   --->   "%br_ln0 = br void %for.inc"   --->   Operation 27 'br' 'br_ln0' <Predicate = true> <Delay = 0.00>

State 2 <SV = 1> <Delay = 4.04>
ST_2 : Operation 28 [1/1] (0.00ns)   --->   "%i_1 = load i12 %i" [src/conv1_pool1.cpp:67]   --->   Operation 28 'load' 'i_1' <Predicate = true> <Delay = 0.00>
ST_2 : Operation 29 [1/1] (0.00ns)   --->   "%specbitsmap_ln0 = specbitsmap void @_ssdm_op_SpecBitsMap, i512 %AXI_IN"   --->   Operation 29 'specbitsmap' 'specbitsmap_ln0' <Predicate = true> <Delay = 0.00>
ST_2 : Operation 30 [1/1] (1.54ns)   --->   "%icmp_ln67 = icmp_eq  i12 %i_1, i12 2304" [src/conv1_pool1.cpp:67]   --->   Operation 30 'icmp' 'icmp_ln67' <Predicate = true> <Delay = 1.54> <CoreInst = "Cmp">   --->   Core 9 'Cmp' <Latency = 0> <II = 1> <Delay = 1.54> <FuncUnit> <Opcode : 'seteq' 'setne' 'setle' 'setge' 'setlt' 'setgt'> <InPorts = 2> <OutPorts = 1>
ST_2 : Operation 31 [1/1] (1.54ns)   --->   "%add_ln67 = add i12 %i_1, i12 1" [src/conv1_pool1.cpp:67]   --->   Operation 31 'add' 'add_ln67' <Predicate = true> <Delay = 1.54> <CoreInst = "Adder">   --->   Core 1 'Adder' <Latency = 0> <II = 1> <Delay = 1.54> <FuncUnit> <Opcode : 'add' 'sub'> <InPorts = 2> <OutPorts = 1>
ST_2 : Operation 32 [1/1] (0.00ns)   --->   "%br_ln67 = br i1 %icmp_ln67, void %for.inc.split, void %CONV_KY.preheader.exitStub" [src/conv1_pool1.cpp:67]   --->   Operation 32 'br' 'br_ln67' <Predicate = true> <Delay = 0.00>
ST_2 : Operation 33 [1/1] (0.00ns)   --->   "%trunc_ln67 = trunc i12 %i_1" [src/conv1_pool1.cpp:67]   --->   Operation 33 'trunc' 'trunc_ln67' <Predicate = (!icmp_ln67)> <Delay = 0.00>
ST_2 : Operation 34 [1/1] (1.73ns)   --->   "%icmp_ln69 = icmp_eq  i4 %trunc_ln67, i4 0" [src/conv1_pool1.cpp:69]   --->   Operation 34 'icmp' 'icmp_ln69' <Predicate = (!icmp_ln67)> <Delay = 1.73> <CoreInst = "Cmp">   --->   Core 9 'Cmp' <Latency = 0> <II = 1> <Delay = 1.73> <FuncUnit> <Opcode : 'seteq' 'setne' 'setle' 'setge' 'setlt' 'setgt'> <InPorts = 2> <OutPorts = 1>
ST_2 : Operation 35 [1/1] (0.00ns)   --->   "%phi_mul_load = load i24 %phi_mul" [src/conv1_pool1.cpp:69]   --->   Operation 35 'load' 'phi_mul_load' <Predicate = (!icmp_ln67)> <Delay = 0.00>
ST_2 : Operation 36 [1/1] (0.00ns)   --->   "%trunc_ln69_2 = trunc i12 %i_1" [src/conv1_pool1.cpp:69]   --->   Operation 36 'trunc' 'trunc_ln69_2' <Predicate = (!icmp_ln67)> <Delay = 0.00>
ST_2 : Operation 37 [1/1] (2.31ns)   --->   "%add_ln69_1 = add i24 %phi_mul_load, i24 5462" [src/conv1_pool1.cpp:69]   --->   Operation 37 'add' 'add_ln69_1' <Predicate = (!icmp_ln67)> <Delay = 2.31> <CoreInst = "Adder">   --->   Core 1 'Adder' <Latency = 0> <II = 1> <Delay = 2.31> <FuncUnit> <Opcode : 'add' 'sub'> <InPorts = 2> <OutPorts = 1>
ST_2 : Operation 38 [1/1] (0.00ns)   --->   "%trunc_ln69_3 = partselect i6 @_ssdm_op_PartSelect.i6.i24.i32.i32, i24 %phi_mul_load, i32 18, i32 23" [src/conv1_pool1.cpp:69]   --->   Operation 38 'partselect' 'trunc_ln69_3' <Predicate = (!icmp_ln67)> <Delay = 0.00>
ST_2 : Operation 39 [10/10] (4.04ns)   --->   "%urem_ln69 = urem i6 %trunc_ln69_3, i6 3" [src/conv1_pool1.cpp:69]   --->   Operation 39 'urem' 'urem_ln69' <Predicate = (!icmp_ln67)> <Delay = 4.04> <CoreInst = "Divider">   --->   Core 6 'Divider' <Latency = 9> <II = 1> <Delay = 4.04> <FuncUnit> <Opcode : 'udiv' 'sdiv' 'urem' 'srem'> <InPorts = 2> <OutPorts = 1>
ST_2 : Operation 40 [1/1] (1.65ns)   --->   "%switch_ln69 = switch i3 %trunc_ln69_2, void %arrayidx415.case.7, i3 0, void %arrayidx415.case.0, i3 1, void %arrayidx415.case.1, i3 2, void %arrayidx415.case.2, i3 3, void %arrayidx415.case.3, i3 4, void %arrayidx415.case.4, i3 5, void %arrayidx415.case.5, i3 6, void %arrayidx415.case.6" [src/conv1_pool1.cpp:69]   --->   Operation 40 'switch' 'switch_ln69' <Predicate = (!icmp_ln67)> <Delay = 1.65>
ST_2 : Operation 41 [1/1] (0.00ns)   --->   "%br_ln69 = br void %arrayidx415.exit" [src/conv1_pool1.cpp:69]   --->   Operation 41 'br' 'br_ln69' <Predicate = (!icmp_ln67 & trunc_ln69_2 == 6)> <Delay = 0.00>
ST_2 : Operation 42 [1/1] (0.00ns)   --->   "%br_ln69 = br void %arrayidx415.exit" [src/conv1_pool1.cpp:69]   --->   Operation 42 'br' 'br_ln69' <Predicate = (!icmp_ln67 & trunc_ln69_2 == 5)> <Delay = 0.00>
ST_2 : Operation 43 [1/1] (0.00ns)   --->   "%br_ln69 = br void %arrayidx415.exit" [src/conv1_pool1.cpp:69]   --->   Operation 43 'br' 'br_ln69' <Predicate = (!icmp_ln67 & trunc_ln69_2 == 4)> <Delay = 0.00>
ST_2 : Operation 44 [1/1] (0.00ns)   --->   "%br_ln69 = br void %arrayidx415.exit" [src/conv1_pool1.cpp:69]   --->   Operation 44 'br' 'br_ln69' <Predicate = (!icmp_ln67 & trunc_ln69_2 == 3)> <Delay = 0.00>
ST_2 : Operation 45 [1/1] (0.00ns)   --->   "%br_ln69 = br void %arrayidx415.exit" [src/conv1_pool1.cpp:69]   --->   Operation 45 'br' 'br_ln69' <Predicate = (!icmp_ln67 & trunc_ln69_2 == 2)> <Delay = 0.00>
ST_2 : Operation 46 [1/1] (0.00ns)   --->   "%br_ln69 = br void %arrayidx415.exit" [src/conv1_pool1.cpp:69]   --->   Operation 46 'br' 'br_ln69' <Predicate = (!icmp_ln67 & trunc_ln69_2 == 1)> <Delay = 0.00>
ST_2 : Operation 47 [1/1] (0.00ns)   --->   "%br_ln69 = br void %arrayidx415.exit" [src/conv1_pool1.cpp:69]   --->   Operation 47 'br' 'br_ln69' <Predicate = (!icmp_ln67 & trunc_ln69_2 == 0)> <Delay = 0.00>
ST_2 : Operation 48 [1/1] (0.00ns)   --->   "%br_ln69 = br void %arrayidx415.exit" [src/conv1_pool1.cpp:69]   --->   Operation 48 'br' 'br_ln69' <Predicate = (!icmp_ln67 & trunc_ln69_2 == 7)> <Delay = 0.00>
ST_2 : Operation 49 [1/1] (1.58ns)   --->   "%store_ln67 = store i12 %add_ln67, i12 %i" [src/conv1_pool1.cpp:67]   --->   Operation 49 'store' 'store_ln67' <Predicate = (!icmp_ln67)> <Delay = 1.58>
ST_2 : Operation 50 [1/1] (1.58ns)   --->   "%store_ln69 = store i24 %add_ln69_1, i24 %phi_mul" [src/conv1_pool1.cpp:69]   --->   Operation 50 'store' 'store_ln69' <Predicate = (!icmp_ln67)> <Delay = 1.58>

State 3 <SV = 2> <Delay = 4.04>
ST_3 : Operation 51 [9/10] (4.04ns)   --->   "%urem_ln69 = urem i6 %trunc_ln69_3, i6 3" [src/conv1_pool1.cpp:69]   --->   Operation 51 'urem' 'urem_ln69' <Predicate = true> <Delay = 4.04> <CoreInst = "Divider">   --->   Core 6 'Divider' <Latency = 9> <II = 1> <Delay = 4.04> <FuncUnit> <Opcode : 'udiv' 'sdiv' 'urem' 'srem'> <InPorts = 2> <OutPorts = 1>

State 4 <SV = 3> <Delay = 4.04>
ST_4 : Operation 52 [8/10] (4.04ns)   --->   "%urem_ln69 = urem i6 %trunc_ln69_3, i6 3" [src/conv1_pool1.cpp:69]   --->   Operation 52 'urem' 'urem_ln69' <Predicate = true> <Delay = 4.04> <CoreInst = "Divider">   --->   Core 6 'Divider' <Latency = 9> <II = 1> <Delay = 4.04> <FuncUnit> <Opcode : 'udiv' 'sdiv' 'urem' 'srem'> <InPorts = 2> <OutPorts = 1>

State 5 <SV = 4> <Delay = 4.04>
ST_5 : Operation 53 [7/10] (4.04ns)   --->   "%urem_ln69 = urem i6 %trunc_ln69_3, i6 3" [src/conv1_pool1.cpp:69]   --->   Operation 53 'urem' 'urem_ln69' <Predicate = true> <Delay = 4.04> <CoreInst = "Divider">   --->   Core 6 'Divider' <Latency = 9> <II = 1> <Delay = 4.04> <FuncUnit> <Opcode : 'udiv' 'sdiv' 'urem' 'srem'> <InPorts = 2> <OutPorts = 1>

State 6 <SV = 5> <Delay = 4.04>
ST_6 : Operation 54 [6/10] (4.04ns)   --->   "%urem_ln69 = urem i6 %trunc_ln69_3, i6 3" [src/conv1_pool1.cpp:69]   --->   Operation 54 'urem' 'urem_ln69' <Predicate = true> <Delay = 4.04> <CoreInst = "Divider">   --->   Core 6 'Divider' <Latency = 9> <II = 1> <Delay = 4.04> <FuncUnit> <Opcode : 'udiv' 'sdiv' 'urem' 'srem'> <InPorts = 2> <OutPorts = 1>

State 7 <SV = 6> <Delay = 4.04>
ST_7 : Operation 55 [5/10] (4.04ns)   --->   "%urem_ln69 = urem i6 %trunc_ln69_3, i6 3" [src/conv1_pool1.cpp:69]   --->   Operation 55 'urem' 'urem_ln69' <Predicate = true> <Delay = 4.04> <CoreInst = "Divider">   --->   Core 6 'Divider' <Latency = 9> <II = 1> <Delay = 4.04> <FuncUnit> <Opcode : 'udiv' 'sdiv' 'urem' 'srem'> <InPorts = 2> <OutPorts = 1>

State 8 <SV = 7> <Delay = 4.04>
ST_8 : Operation 56 [4/10] (4.04ns)   --->   "%urem_ln69 = urem i6 %trunc_ln69_3, i6 3" [src/conv1_pool1.cpp:69]   --->   Operation 56 'urem' 'urem_ln69' <Predicate = true> <Delay = 4.04> <CoreInst = "Divider">   --->   Core 6 'Divider' <Latency = 9> <II = 1> <Delay = 4.04> <FuncUnit> <Opcode : 'udiv' 'sdiv' 'urem' 'srem'> <InPorts = 2> <OutPorts = 1>

State 9 <SV = 8> <Delay = 4.04>
ST_9 : Operation 57 [3/10] (4.04ns)   --->   "%urem_ln69 = urem i6 %trunc_ln69_3, i6 3" [src/conv1_pool1.cpp:69]   --->   Operation 57 'urem' 'urem_ln69' <Predicate = true> <Delay = 4.04> <CoreInst = "Divider">   --->   Core 6 'Divider' <Latency = 9> <II = 1> <Delay = 4.04> <FuncUnit> <Opcode : 'udiv' 'sdiv' 'urem' 'srem'> <InPorts = 2> <OutPorts = 1>

State 10 <SV = 9> <Delay = 4.04>
ST_10 : Operation 58 [2/10] (4.04ns)   --->   "%urem_ln69 = urem i6 %trunc_ln69_3, i6 3" [src/conv1_pool1.cpp:69]   --->   Operation 58 'urem' 'urem_ln69' <Predicate = true> <Delay = 4.04> <CoreInst = "Divider">   --->   Core 6 'Divider' <Latency = 9> <II = 1> <Delay = 4.04> <FuncUnit> <Opcode : 'udiv' 'sdiv' 'urem' 'srem'> <InPorts = 2> <OutPorts = 1>

State 11 <SV = 10> <Delay = 7.30>
ST_11 : Operation 59 [1/1] (0.00ns)   --->   "%AXI_IN_addr = getelementptr i512 %AXI_IN, i64 %sext_ln67_cast" [src/conv1_pool1.cpp:67]   --->   Operation 59 'getelementptr' 'AXI_IN_addr' <Predicate = (!icmp_ln67)> <Delay = 0.00>
ST_11 : Operation 60 [1/1] (7.30ns)   --->   "%AXI_IN_addr_read = read i512 @_ssdm_op_Read.m_axi.p1i512, i512 %AXI_IN_addr" [src/conv1_pool1.cpp:69]   --->   Operation 60 'read' 'AXI_IN_addr_read' <Predicate = (!icmp_ln67 & icmp_ln69)> <Delay = 7.30> <CoreInst = "m_axi">   --->   Core 111 'm_axi' <Latency = 3> <II = 1> <Delay = 1.00> <Adapter> <Opcode : 'read' 'write' 'readreq' 'writereq' 'writeresp'>
ST_11 : Operation 61 [1/10] (4.04ns)   --->   "%urem_ln69 = urem i6 %trunc_ln69_3, i6 3" [src/conv1_pool1.cpp:69]   --->   Operation 61 'urem' 'urem_ln69' <Predicate = true> <Delay = 4.04> <CoreInst = "Divider">   --->   Core 6 'Divider' <Latency = 9> <II = 1> <Delay = 4.04> <FuncUnit> <Opcode : 'udiv' 'sdiv' 'urem' 'srem'> <InPorts = 2> <OutPorts = 1>
ST_11 : Operation 62 [1/1] (0.00ns)   --->   "%trunc_ln69_4 = trunc i2 %urem_ln69" [src/conv1_pool1.cpp:69]   --->   Operation 62 'trunc' 'trunc_ln69_4' <Predicate = true> <Delay = 0.00>
ST_11 : Operation 63 [1/1] (1.56ns)   --->   "%switch_ln69 = switch i2 %trunc_ln69_4, void %arrayidx415_6.case.2, i2 0, void %arrayidx415_6.case.0, i2 1, void %arrayidx415_6.case.1" [src/conv1_pool1.cpp:69]   --->   Operation 63 'switch' 'switch_ln69' <Predicate = (trunc_ln69_2 == 6)> <Delay = 1.56>
ST_11 : Operation 64 [1/1] (1.56ns)   --->   "%switch_ln69 = switch i2 %trunc_ln69_4, void %arrayidx415_5.case.2, i2 0, void %arrayidx415_5.case.0, i2 1, void %arrayidx415_5.case.1" [src/conv1_pool1.cpp:69]   --->   Operation 64 'switch' 'switch_ln69' <Predicate = (trunc_ln69_2 == 5)> <Delay = 1.56>
ST_11 : Operation 65 [1/1] (1.56ns)   --->   "%switch_ln69 = switch i2 %trunc_ln69_4, void %arrayidx415_4.case.2, i2 0, void %arrayidx415_4.case.0, i2 1, void %arrayidx415_4.case.1" [src/conv1_pool1.cpp:69]   --->   Operation 65 'switch' 'switch_ln69' <Predicate = (trunc_ln69_2 == 4)> <Delay = 1.56>
ST_11 : Operation 66 [1/1] (1.56ns)   --->   "%switch_ln69 = switch i2 %trunc_ln69_4, void %arrayidx415_3.case.2, i2 0, void %arrayidx415_3.case.0, i2 1, void %arrayidx415_3.case.1" [src/conv1_pool1.cpp:69]   --->   Operation 66 'switch' 'switch_ln69' <Predicate = (trunc_ln69_2 == 3)> <Delay = 1.56>
ST_11 : Operation 67 [1/1] (1.56ns)   --->   "%switch_ln69 = switch i2 %trunc_ln69_4, void %arrayidx415_2.case.2, i2 0, void %arrayidx415_2.case.0, i2 1, void %arrayidx415_2.case.1" [src/conv1_pool1.cpp:69]   --->   Operation 67 'switch' 'switch_ln69' <Predicate = (trunc_ln69_2 == 2)> <Delay = 1.56>
ST_11 : Operation 68 [1/1] (1.56ns)   --->   "%switch_ln69 = switch i2 %trunc_ln69_4, void %arrayidx415_1.case.2, i2 0, void %arrayidx415_1.case.0, i2 1, void %arrayidx415_1.case.1" [src/conv1_pool1.cpp:69]   --->   Operation 68 'switch' 'switch_ln69' <Predicate = (trunc_ln69_2 == 1)> <Delay = 1.56>
ST_11 : Operation 69 [1/1] (1.56ns)   --->   "%switch_ln69 = switch i2 %trunc_ln69_4, void %arrayidx415_0.case.2, i2 0, void %arrayidx415_0.case.0, i2 1, void %arrayidx415_0.case.1" [src/conv1_pool1.cpp:69]   --->   Operation 69 'switch' 'switch_ln69' <Predicate = (trunc_ln69_2 == 0)> <Delay = 1.56>
ST_11 : Operation 70 [1/1] (1.56ns)   --->   "%switch_ln69 = switch i2 %trunc_ln69_4, void %arrayidx415_7.case.2, i2 0, void %arrayidx415_7.case.0, i2 1, void %arrayidx415_7.case.1" [src/conv1_pool1.cpp:69]   --->   Operation 70 'switch' 'switch_ln69' <Predicate = (trunc_ln69_2 == 7)> <Delay = 1.56>
ST_11 : Operation 174 [1/1] (1.58ns)   --->   "%ret_ln0 = ret"   --->   Operation 174 'ret' 'ret_ln0' <Predicate = (icmp_ln67)> <Delay = 1.58>

State 12 <SV = 11> <Delay = 6.83>
ST_12 : Operation 71 [1/1] (0.00ns)   --->   "%shiftreg_load = load i480 %shiftreg" [src/conv1_pool1.cpp:67]   --->   Operation 71 'load' 'shiftreg_load' <Predicate = (!icmp_ln67)> <Delay = 0.00>
ST_12 : Operation 72 [1/1] (0.00ns)   --->   "%zext_ln67 = zext i480 %shiftreg_load" [src/conv1_pool1.cpp:67]   --->   Operation 72 'zext' 'zext_ln67' <Predicate = (!icmp_ln67)> <Delay = 0.00>
ST_12 : Operation 73 [1/1] (0.00ns)   --->   "%specpipeline_ln68 = specpipeline void @_ssdm_op_SpecPipeline, i32 1, i32 0, i32 0, i32 0, void @empty_3" [src/conv1_pool1.cpp:68]   --->   Operation 73 'specpipeline' 'specpipeline_ln68' <Predicate = (!icmp_ln67)> <Delay = 0.00>
ST_12 : Operation 74 [1/1] (0.00ns)   --->   "%speclooptripcount_ln67 = speclooptripcount void @_ssdm_op_SpecLoopTripCount, i64 2304, i64 2304, i64 2304" [src/conv1_pool1.cpp:67]   --->   Operation 74 'speclooptripcount' 'speclooptripcount_ln67' <Predicate = (!icmp_ln67)> <Delay = 0.00>
ST_12 : Operation 75 [1/1] (0.00ns)   --->   "%specloopname_ln67 = specloopname void @_ssdm_op_SpecLoopName, void @empty_7" [src/conv1_pool1.cpp:67]   --->   Operation 75 'specloopname' 'specloopname_ln67' <Predicate = (!icmp_ln67)> <Delay = 0.00>
ST_12 : Operation 76 [1/1] (1.58ns)   --->   "%br_ln69 = br i1 %icmp_ln69, void %for.inc.split._crit_edge, void" [src/conv1_pool1.cpp:69]   --->   Operation 76 'br' 'br_ln69' <Predicate = (!icmp_ln67)> <Delay = 1.58>
ST_12 : Operation 77 [1/1] (1.58ns)   --->   "%br_ln69 = br void %for.inc.split._crit_edge" [src/conv1_pool1.cpp:69]   --->   Operation 77 'br' 'br_ln69' <Predicate = (!icmp_ln67 & icmp_ln69)> <Delay = 1.58>
ST_12 : Operation 78 [1/1] (0.00ns)   --->   "%empty = phi i512 %AXI_IN_addr_read, void, i512 %zext_ln67, void %for.inc.split" [src/conv1_pool1.cpp:69]   --->   Operation 78 'phi' 'empty' <Predicate = true> <Delay = 0.00>
ST_12 : Operation 79 [1/1] (0.00ns)   --->   "%phi_urem_load_1 = load i12 %phi_urem" [src/conv1_pool1.cpp:69]   --->   Operation 79 'load' 'phi_urem_load_1' <Predicate = true> <Delay = 0.00>
ST_12 : Operation 80 [1/1] (0.00ns)   --->   "%phi_mul49_load = load i25 %phi_mul49" [src/conv1_pool1.cpp:69]   --->   Operation 80 'load' 'phi_mul49_load' <Predicate = true> <Delay = 0.00>
ST_12 : Operation 81 [1/1] (0.00ns)   --->   "%trunc_ln69 = trunc i512 %empty" [src/conv1_pool1.cpp:69]   --->   Operation 81 'trunc' 'trunc_ln69' <Predicate = true> <Delay = 0.00>
ST_12 : Operation 82 [1/1] (0.00ns)   --->   "%bitcast_ln69 = bitcast i32 %trunc_ln69" [src/conv1_pool1.cpp:69]   --->   Operation 82 'bitcast' 'bitcast_ln69' <Predicate = true> <Delay = 0.00>
ST_12 : Operation 83 [1/1] (0.00ns)   --->   "%trunc_ln69_1 = partselect i480 @_ssdm_op_PartSelect.i480.i512.i32.i32, i512 %empty, i32 32, i32 511" [src/conv1_pool1.cpp:69]   --->   Operation 83 'partselect' 'trunc_ln69_1' <Predicate = true> <Delay = 0.00>
ST_12 : Operation 84 [1/1] (2.34ns)   --->   "%add_ln69_2 = add i25 %phi_mul49_load, i25 7282" [src/conv1_pool1.cpp:69]   --->   Operation 84 'add' 'add_ln69_2' <Predicate = true> <Delay = 2.34> <CoreInst = "Adder">   --->   Core 1 'Adder' <Latency = 0> <II = 1> <Delay = 2.34> <FuncUnit> <Opcode : 'add' 'sub'> <InPorts = 2> <OutPorts = 1>
ST_12 : Operation 85 [1/1] (0.00ns)   --->   "%tmp = partselect i4 @_ssdm_op_PartSelect.i4.i25.i32.i32, i25 %phi_mul49_load, i32 20, i32 23" [src/conv1_pool1.cpp:69]   --->   Operation 85 'partselect' 'tmp' <Predicate = true> <Delay = 0.00>
ST_12 : Operation 86 [1/1] (0.00ns)   --->   "%p_shl = bitconcatenate i7 @_ssdm_op_BitConcatenate.i7.i4.i3, i4 %tmp, i3 0" [src/conv1_pool1.cpp:69]   --->   Operation 86 'bitconcatenate' 'p_shl' <Predicate = true> <Delay = 0.00>
ST_12 : Operation 87 [1/1] (0.00ns)   --->   "%tmp_1 = bitconcatenate i5 @_ssdm_op_BitConcatenate.i5.i4.i1, i4 %tmp, i1 0" [src/conv1_pool1.cpp:69]   --->   Operation 87 'bitconcatenate' 'tmp_1' <Predicate = true> <Delay = 0.00>
ST_12 : Operation 88 [1/1] (0.00ns)   --->   "%zext_ln69 = zext i5 %tmp_1" [src/conv1_pool1.cpp:69]   --->   Operation 88 'zext' 'zext_ln69' <Predicate = true> <Delay = 0.00>
ST_12 : Operation 89 [1/1] (0.00ns) (grouped into TernaryAdder)   --->   "%sub_ln69 = sub i7 %p_shl, i7 %zext_ln69" [src/conv1_pool1.cpp:69]   --->   Operation 89 'sub' 'sub_ln69' <Predicate = true> <Delay = 0.00> <CoreInst = "TAddSub">   --->   Core 10 'TAddSub' <Latency = 0> <II = 1> <Delay = 1.79> <IPBlock> <Opcode : '' 'add' 'sub'> <InPorts = 3> <OutPorts = 1> <Sync> <CReg>
ST_12 : Operation 90 [1/1] (0.00ns)   --->   "%lshr_ln69_1 = partselect i3 @_ssdm_op_PartSelect.i3.i12.i32.i32, i12 %phi_urem_load_1, i32 3, i32 5" [src/conv1_pool1.cpp:69]   --->   Operation 90 'partselect' 'lshr_ln69_1' <Predicate = true> <Delay = 0.00>
ST_12 : Operation 91 [1/1] (0.00ns)   --->   "%zext_ln69_1 = zext i3 %lshr_ln69_1" [src/conv1_pool1.cpp:69]   --->   Operation 91 'zext' 'zext_ln69_1' <Predicate = true> <Delay = 0.00>
ST_12 : Operation 92 [1/1] (3.58ns) (root node of TernaryAdder)   --->   "%add_ln69 = add i7 %sub_ln69, i7 %zext_ln69_1" [src/conv1_pool1.cpp:69]   --->   Operation 92 'add' 'add_ln69' <Predicate = true> <Delay = 3.58> <CoreInst = "TAddSub">   --->   Core 10 'TAddSub' <Latency = 0> <II = 1> <Delay = 1.79> <IPBlock> <Opcode : '' 'add' 'sub'> <InPorts = 3> <OutPorts = 1> <Sync> <CReg>
ST_12 : Operation 93 [1/1] (0.00ns)   --->   "%zext_ln69_2 = zext i7 %add_ln69" [src/conv1_pool1.cpp:69]   --->   Operation 93 'zext' 'zext_ln69_2' <Predicate = true> <Delay = 0.00>
ST_12 : Operation 94 [1/1] (0.00ns)   --->   "%in_buf_addr = getelementptr i32 %in_buf, i64 0, i64 %zext_ln69_2" [src/conv1_pool1.cpp:69]   --->   Operation 94 'getelementptr' 'in_buf_addr' <Predicate = true> <Delay = 0.00>
ST_12 : Operation 95 [1/1] (0.00ns)   --->   "%in_buf_1_addr = getelementptr i32 %in_buf_1, i64 0, i64 %zext_ln69_2" [src/conv1_pool1.cpp:69]   --->   Operation 95 'getelementptr' 'in_buf_1_addr' <Predicate = true> <Delay = 0.00>
ST_12 : Operation 96 [1/1] (0.00ns)   --->   "%in_buf_2_addr = getelementptr i32 %in_buf_2, i64 0, i64 %zext_ln69_2" [src/conv1_pool1.cpp:69]   --->   Operation 96 'getelementptr' 'in_buf_2_addr' <Predicate = true> <Delay = 0.00>
ST_12 : Operation 97 [1/1] (0.00ns)   --->   "%in_buf_3_addr = getelementptr i32 %in_buf_3, i64 0, i64 %zext_ln69_2" [src/conv1_pool1.cpp:69]   --->   Operation 97 'getelementptr' 'in_buf_3_addr' <Predicate = true> <Delay = 0.00>
ST_12 : Operation 98 [1/1] (0.00ns)   --->   "%in_buf_4_addr = getelementptr i32 %in_buf_4, i64 0, i64 %zext_ln69_2" [src/conv1_pool1.cpp:69]   --->   Operation 98 'getelementptr' 'in_buf_4_addr' <Predicate = true> <Delay = 0.00>
ST_12 : Operation 99 [1/1] (0.00ns)   --->   "%in_buf_5_addr = getelementptr i32 %in_buf_5, i64 0, i64 %zext_ln69_2" [src/conv1_pool1.cpp:69]   --->   Operation 99 'getelementptr' 'in_buf_5_addr' <Predicate = true> <Delay = 0.00>
ST_12 : Operation 100 [1/1] (0.00ns)   --->   "%in_buf_6_addr = getelementptr i32 %in_buf_6, i64 0, i64 %zext_ln69_2" [src/conv1_pool1.cpp:69]   --->   Operation 100 'getelementptr' 'in_buf_6_addr' <Predicate = true> <Delay = 0.00>
ST_12 : Operation 101 [1/1] (0.00ns)   --->   "%in_buf_7_addr = getelementptr i32 %in_buf_7, i64 0, i64 %zext_ln69_2" [src/conv1_pool1.cpp:69]   --->   Operation 101 'getelementptr' 'in_buf_7_addr' <Predicate = true> <Delay = 0.00>
ST_12 : Operation 102 [1/1] (0.00ns)   --->   "%in_buf_8_addr = getelementptr i32 %in_buf_8, i64 0, i64 %zext_ln69_2" [src/conv1_pool1.cpp:69]   --->   Operation 102 'getelementptr' 'in_buf_8_addr' <Predicate = true> <Delay = 0.00>
ST_12 : Operation 103 [1/1] (0.00ns)   --->   "%in_buf_9_addr = getelementptr i32 %in_buf_9, i64 0, i64 %zext_ln69_2" [src/conv1_pool1.cpp:69]   --->   Operation 103 'getelementptr' 'in_buf_9_addr' <Predicate = true> <Delay = 0.00>
ST_12 : Operation 104 [1/1] (0.00ns)   --->   "%in_buf_10_addr = getelementptr i32 %in_buf_10, i64 0, i64 %zext_ln69_2" [src/conv1_pool1.cpp:69]   --->   Operation 104 'getelementptr' 'in_buf_10_addr' <Predicate = true> <Delay = 0.00>
ST_12 : Operation 105 [1/1] (0.00ns)   --->   "%in_buf_11_addr = getelementptr i32 %in_buf_11, i64 0, i64 %zext_ln69_2" [src/conv1_pool1.cpp:69]   --->   Operation 105 'getelementptr' 'in_buf_11_addr' <Predicate = true> <Delay = 0.00>
ST_12 : Operation 106 [1/1] (0.00ns)   --->   "%in_buf_12_addr = getelementptr i32 %in_buf_12, i64 0, i64 %zext_ln69_2" [src/conv1_pool1.cpp:69]   --->   Operation 106 'getelementptr' 'in_buf_12_addr' <Predicate = true> <Delay = 0.00>
ST_12 : Operation 107 [1/1] (0.00ns)   --->   "%in_buf_13_addr = getelementptr i32 %in_buf_13, i64 0, i64 %zext_ln69_2" [src/conv1_pool1.cpp:69]   --->   Operation 107 'getelementptr' 'in_buf_13_addr' <Predicate = true> <Delay = 0.00>
ST_12 : Operation 108 [1/1] (0.00ns)   --->   "%in_buf_14_addr = getelementptr i32 %in_buf_14, i64 0, i64 %zext_ln69_2" [src/conv1_pool1.cpp:69]   --->   Operation 108 'getelementptr' 'in_buf_14_addr' <Predicate = true> <Delay = 0.00>
ST_12 : Operation 109 [1/1] (0.00ns)   --->   "%in_buf_15_addr = getelementptr i32 %in_buf_15, i64 0, i64 %zext_ln69_2" [src/conv1_pool1.cpp:69]   --->   Operation 109 'getelementptr' 'in_buf_15_addr' <Predicate = true> <Delay = 0.00>
ST_12 : Operation 110 [1/1] (0.00ns)   --->   "%in_buf_16_addr = getelementptr i32 %in_buf_16, i64 0, i64 %zext_ln69_2" [src/conv1_pool1.cpp:69]   --->   Operation 110 'getelementptr' 'in_buf_16_addr' <Predicate = true> <Delay = 0.00>
ST_12 : Operation 111 [1/1] (0.00ns)   --->   "%in_buf_17_addr = getelementptr i32 %in_buf_17, i64 0, i64 %zext_ln69_2" [src/conv1_pool1.cpp:69]   --->   Operation 111 'getelementptr' 'in_buf_17_addr' <Predicate = true> <Delay = 0.00>
ST_12 : Operation 112 [1/1] (0.00ns)   --->   "%in_buf_18_addr = getelementptr i32 %in_buf_18, i64 0, i64 %zext_ln69_2" [src/conv1_pool1.cpp:69]   --->   Operation 112 'getelementptr' 'in_buf_18_addr' <Predicate = true> <Delay = 0.00>
ST_12 : Operation 113 [1/1] (0.00ns)   --->   "%in_buf_19_addr = getelementptr i32 %in_buf_19, i64 0, i64 %zext_ln69_2" [src/conv1_pool1.cpp:69]   --->   Operation 113 'getelementptr' 'in_buf_19_addr' <Predicate = true> <Delay = 0.00>
ST_12 : Operation 114 [1/1] (0.00ns)   --->   "%in_buf_20_addr = getelementptr i32 %in_buf_20, i64 0, i64 %zext_ln69_2" [src/conv1_pool1.cpp:69]   --->   Operation 114 'getelementptr' 'in_buf_20_addr' <Predicate = true> <Delay = 0.00>
ST_12 : Operation 115 [1/1] (0.00ns)   --->   "%in_buf_21_addr = getelementptr i32 %in_buf_21, i64 0, i64 %zext_ln69_2" [src/conv1_pool1.cpp:69]   --->   Operation 115 'getelementptr' 'in_buf_21_addr' <Predicate = true> <Delay = 0.00>
ST_12 : Operation 116 [1/1] (0.00ns)   --->   "%in_buf_22_addr = getelementptr i32 %in_buf_22, i64 0, i64 %zext_ln69_2" [src/conv1_pool1.cpp:69]   --->   Operation 116 'getelementptr' 'in_buf_22_addr' <Predicate = true> <Delay = 0.00>
ST_12 : Operation 117 [1/1] (0.00ns)   --->   "%in_buf_23_addr = getelementptr i32 %in_buf_23, i64 0, i64 %zext_ln69_2" [src/conv1_pool1.cpp:69]   --->   Operation 117 'getelementptr' 'in_buf_23_addr' <Predicate = true> <Delay = 0.00>
ST_12 : Operation 118 [1/1] ( I:3.25ns O:3.25ns )   --->   "%store_ln69 = store i32 %bitcast_ln69, i7 %in_buf_19_addr" [src/conv1_pool1.cpp:69]   --->   Operation 118 'store' 'store_ln69' <Predicate = (trunc_ln69_2 == 6 & trunc_ln69_4 == 1)> <Delay = 3.25> <CoreInst = "RAM">   --->   Core 81 'RAM' <Latency = 1> <II = 1> <Delay = 3.25> <Storage> <Opcode : 'load' 'store'> <Ports = 2> <Width = 32> <Depth = 96> <RAM>
ST_12 : Operation 119 [1/1] (0.00ns)   --->   "%br_ln69 = br void %arrayidx415_6.exit" [src/conv1_pool1.cpp:69]   --->   Operation 119 'br' 'br_ln69' <Predicate = (trunc_ln69_2 == 6 & trunc_ln69_4 == 1)> <Delay = 0.00>
ST_12 : Operation 120 [1/1] ( I:3.25ns O:3.25ns )   --->   "%store_ln69 = store i32 %bitcast_ln69, i7 %in_buf_18_addr" [src/conv1_pool1.cpp:69]   --->   Operation 120 'store' 'store_ln69' <Predicate = (trunc_ln69_2 == 6 & trunc_ln69_4 == 0)> <Delay = 3.25> <CoreInst = "RAM">   --->   Core 81 'RAM' <Latency = 1> <II = 1> <Delay = 3.25> <Storage> <Opcode : 'load' 'store'> <Ports = 2> <Width = 32> <Depth = 96> <RAM>
ST_12 : Operation 121 [1/1] (0.00ns)   --->   "%br_ln69 = br void %arrayidx415_6.exit" [src/conv1_pool1.cpp:69]   --->   Operation 121 'br' 'br_ln69' <Predicate = (trunc_ln69_2 == 6 & trunc_ln69_4 == 0)> <Delay = 0.00>
ST_12 : Operation 122 [1/1] ( I:3.25ns O:3.25ns )   --->   "%store_ln69 = store i32 %bitcast_ln69, i7 %in_buf_20_addr" [src/conv1_pool1.cpp:69]   --->   Operation 122 'store' 'store_ln69' <Predicate = (trunc_ln69_2 == 6 & trunc_ln69_4 != 0 & trunc_ln69_4 != 1)> <Delay = 3.25> <CoreInst = "RAM">   --->   Core 81 'RAM' <Latency = 1> <II = 1> <Delay = 3.25> <Storage> <Opcode : 'load' 'store'> <Ports = 2> <Width = 32> <Depth = 96> <RAM>
ST_12 : Operation 123 [1/1] (0.00ns)   --->   "%br_ln69 = br void %arrayidx415_6.exit" [src/conv1_pool1.cpp:69]   --->   Operation 123 'br' 'br_ln69' <Predicate = (trunc_ln69_2 == 6 & trunc_ln69_4 != 0 & trunc_ln69_4 != 1)> <Delay = 0.00>
ST_12 : Operation 124 [1/1] ( I:3.25ns O:3.25ns )   --->   "%store_ln69 = store i32 %bitcast_ln69, i7 %in_buf_16_addr" [src/conv1_pool1.cpp:69]   --->   Operation 124 'store' 'store_ln69' <Predicate = (trunc_ln69_2 == 5 & trunc_ln69_4 == 1)> <Delay = 3.25> <CoreInst = "RAM">   --->   Core 81 'RAM' <Latency = 1> <II = 1> <Delay = 3.25> <Storage> <Opcode : 'load' 'store'> <Ports = 2> <Width = 32> <Depth = 96> <RAM>
ST_12 : Operation 125 [1/1] (0.00ns)   --->   "%br_ln69 = br void %arrayidx415_5.exit" [src/conv1_pool1.cpp:69]   --->   Operation 125 'br' 'br_ln69' <Predicate = (trunc_ln69_2 == 5 & trunc_ln69_4 == 1)> <Delay = 0.00>
ST_12 : Operation 126 [1/1] ( I:3.25ns O:3.25ns )   --->   "%store_ln69 = store i32 %bitcast_ln69, i7 %in_buf_15_addr" [src/conv1_pool1.cpp:69]   --->   Operation 126 'store' 'store_ln69' <Predicate = (trunc_ln69_2 == 5 & trunc_ln69_4 == 0)> <Delay = 3.25> <CoreInst = "RAM">   --->   Core 81 'RAM' <Latency = 1> <II = 1> <Delay = 3.25> <Storage> <Opcode : 'load' 'store'> <Ports = 2> <Width = 32> <Depth = 96> <RAM>
ST_12 : Operation 127 [1/1] (0.00ns)   --->   "%br_ln69 = br void %arrayidx415_5.exit" [src/conv1_pool1.cpp:69]   --->   Operation 127 'br' 'br_ln69' <Predicate = (trunc_ln69_2 == 5 & trunc_ln69_4 == 0)> <Delay = 0.00>
ST_12 : Operation 128 [1/1] ( I:3.25ns O:3.25ns )   --->   "%store_ln69 = store i32 %bitcast_ln69, i7 %in_buf_17_addr" [src/conv1_pool1.cpp:69]   --->   Operation 128 'store' 'store_ln69' <Predicate = (trunc_ln69_2 == 5 & trunc_ln69_4 != 0 & trunc_ln69_4 != 1)> <Delay = 3.25> <CoreInst = "RAM">   --->   Core 81 'RAM' <Latency = 1> <II = 1> <Delay = 3.25> <Storage> <Opcode : 'load' 'store'> <Ports = 2> <Width = 32> <Depth = 96> <RAM>
ST_12 : Operation 129 [1/1] (0.00ns)   --->   "%br_ln69 = br void %arrayidx415_5.exit" [src/conv1_pool1.cpp:69]   --->   Operation 129 'br' 'br_ln69' <Predicate = (trunc_ln69_2 == 5 & trunc_ln69_4 != 0 & trunc_ln69_4 != 1)> <Delay = 0.00>
ST_12 : Operation 130 [1/1] ( I:3.25ns O:3.25ns )   --->   "%store_ln69 = store i32 %bitcast_ln69, i7 %in_buf_13_addr" [src/conv1_pool1.cpp:69]   --->   Operation 130 'store' 'store_ln69' <Predicate = (trunc_ln69_2 == 4 & trunc_ln69_4 == 1)> <Delay = 3.25> <CoreInst = "RAM">   --->   Core 81 'RAM' <Latency = 1> <II = 1> <Delay = 3.25> <Storage> <Opcode : 'load' 'store'> <Ports = 2> <Width = 32> <Depth = 96> <RAM>
ST_12 : Operation 131 [1/1] (0.00ns)   --->   "%br_ln69 = br void %arrayidx415_4.exit" [src/conv1_pool1.cpp:69]   --->   Operation 131 'br' 'br_ln69' <Predicate = (trunc_ln69_2 == 4 & trunc_ln69_4 == 1)> <Delay = 0.00>
ST_12 : Operation 132 [1/1] ( I:3.25ns O:3.25ns )   --->   "%store_ln69 = store i32 %bitcast_ln69, i7 %in_buf_12_addr" [src/conv1_pool1.cpp:69]   --->   Operation 132 'store' 'store_ln69' <Predicate = (trunc_ln69_2 == 4 & trunc_ln69_4 == 0)> <Delay = 3.25> <CoreInst = "RAM">   --->   Core 81 'RAM' <Latency = 1> <II = 1> <Delay = 3.25> <Storage> <Opcode : 'load' 'store'> <Ports = 2> <Width = 32> <Depth = 96> <RAM>
ST_12 : Operation 133 [1/1] (0.00ns)   --->   "%br_ln69 = br void %arrayidx415_4.exit" [src/conv1_pool1.cpp:69]   --->   Operation 133 'br' 'br_ln69' <Predicate = (trunc_ln69_2 == 4 & trunc_ln69_4 == 0)> <Delay = 0.00>
ST_12 : Operation 134 [1/1] ( I:3.25ns O:3.25ns )   --->   "%store_ln69 = store i32 %bitcast_ln69, i7 %in_buf_14_addr" [src/conv1_pool1.cpp:69]   --->   Operation 134 'store' 'store_ln69' <Predicate = (trunc_ln69_2 == 4 & trunc_ln69_4 != 0 & trunc_ln69_4 != 1)> <Delay = 3.25> <CoreInst = "RAM">   --->   Core 81 'RAM' <Latency = 1> <II = 1> <Delay = 3.25> <Storage> <Opcode : 'load' 'store'> <Ports = 2> <Width = 32> <Depth = 96> <RAM>
ST_12 : Operation 135 [1/1] (0.00ns)   --->   "%br_ln69 = br void %arrayidx415_4.exit" [src/conv1_pool1.cpp:69]   --->   Operation 135 'br' 'br_ln69' <Predicate = (trunc_ln69_2 == 4 & trunc_ln69_4 != 0 & trunc_ln69_4 != 1)> <Delay = 0.00>
ST_12 : Operation 136 [1/1] ( I:3.25ns O:3.25ns )   --->   "%store_ln69 = store i32 %bitcast_ln69, i7 %in_buf_10_addr" [src/conv1_pool1.cpp:69]   --->   Operation 136 'store' 'store_ln69' <Predicate = (trunc_ln69_2 == 3 & trunc_ln69_4 == 1)> <Delay = 3.25> <CoreInst = "RAM">   --->   Core 81 'RAM' <Latency = 1> <II = 1> <Delay = 3.25> <Storage> <Opcode : 'load' 'store'> <Ports = 2> <Width = 32> <Depth = 96> <RAM>
ST_12 : Operation 137 [1/1] (0.00ns)   --->   "%br_ln69 = br void %arrayidx415_3.exit" [src/conv1_pool1.cpp:69]   --->   Operation 137 'br' 'br_ln69' <Predicate = (trunc_ln69_2 == 3 & trunc_ln69_4 == 1)> <Delay = 0.00>
ST_12 : Operation 138 [1/1] ( I:3.25ns O:3.25ns )   --->   "%store_ln69 = store i32 %bitcast_ln69, i7 %in_buf_9_addr" [src/conv1_pool1.cpp:69]   --->   Operation 138 'store' 'store_ln69' <Predicate = (trunc_ln69_2 == 3 & trunc_ln69_4 == 0)> <Delay = 3.25> <CoreInst = "RAM">   --->   Core 81 'RAM' <Latency = 1> <II = 1> <Delay = 3.25> <Storage> <Opcode : 'load' 'store'> <Ports = 2> <Width = 32> <Depth = 96> <RAM>
ST_12 : Operation 139 [1/1] (0.00ns)   --->   "%br_ln69 = br void %arrayidx415_3.exit" [src/conv1_pool1.cpp:69]   --->   Operation 139 'br' 'br_ln69' <Predicate = (trunc_ln69_2 == 3 & trunc_ln69_4 == 0)> <Delay = 0.00>
ST_12 : Operation 140 [1/1] ( I:3.25ns O:3.25ns )   --->   "%store_ln69 = store i32 %bitcast_ln69, i7 %in_buf_11_addr" [src/conv1_pool1.cpp:69]   --->   Operation 140 'store' 'store_ln69' <Predicate = (trunc_ln69_2 == 3 & trunc_ln69_4 != 0 & trunc_ln69_4 != 1)> <Delay = 3.25> <CoreInst = "RAM">   --->   Core 81 'RAM' <Latency = 1> <II = 1> <Delay = 3.25> <Storage> <Opcode : 'load' 'store'> <Ports = 2> <Width = 32> <Depth = 96> <RAM>
ST_12 : Operation 141 [1/1] (0.00ns)   --->   "%br_ln69 = br void %arrayidx415_3.exit" [src/conv1_pool1.cpp:69]   --->   Operation 141 'br' 'br_ln69' <Predicate = (trunc_ln69_2 == 3 & trunc_ln69_4 != 0 & trunc_ln69_4 != 1)> <Delay = 0.00>
ST_12 : Operation 142 [1/1] ( I:3.25ns O:3.25ns )   --->   "%store_ln69 = store i32 %bitcast_ln69, i7 %in_buf_7_addr" [src/conv1_pool1.cpp:69]   --->   Operation 142 'store' 'store_ln69' <Predicate = (trunc_ln69_2 == 2 & trunc_ln69_4 == 1)> <Delay = 3.25> <CoreInst = "RAM">   --->   Core 81 'RAM' <Latency = 1> <II = 1> <Delay = 3.25> <Storage> <Opcode : 'load' 'store'> <Ports = 2> <Width = 32> <Depth = 96> <RAM>
ST_12 : Operation 143 [1/1] (0.00ns)   --->   "%br_ln69 = br void %arrayidx415_2.exit" [src/conv1_pool1.cpp:69]   --->   Operation 143 'br' 'br_ln69' <Predicate = (trunc_ln69_2 == 2 & trunc_ln69_4 == 1)> <Delay = 0.00>
ST_12 : Operation 144 [1/1] ( I:3.25ns O:3.25ns )   --->   "%store_ln69 = store i32 %bitcast_ln69, i7 %in_buf_6_addr" [src/conv1_pool1.cpp:69]   --->   Operation 144 'store' 'store_ln69' <Predicate = (trunc_ln69_2 == 2 & trunc_ln69_4 == 0)> <Delay = 3.25> <CoreInst = "RAM">   --->   Core 81 'RAM' <Latency = 1> <II = 1> <Delay = 3.25> <Storage> <Opcode : 'load' 'store'> <Ports = 2> <Width = 32> <Depth = 96> <RAM>
ST_12 : Operation 145 [1/1] (0.00ns)   --->   "%br_ln69 = br void %arrayidx415_2.exit" [src/conv1_pool1.cpp:69]   --->   Operation 145 'br' 'br_ln69' <Predicate = (trunc_ln69_2 == 2 & trunc_ln69_4 == 0)> <Delay = 0.00>
ST_12 : Operation 146 [1/1] ( I:3.25ns O:3.25ns )   --->   "%store_ln69 = store i32 %bitcast_ln69, i7 %in_buf_8_addr" [src/conv1_pool1.cpp:69]   --->   Operation 146 'store' 'store_ln69' <Predicate = (trunc_ln69_2 == 2 & trunc_ln69_4 != 0 & trunc_ln69_4 != 1)> <Delay = 3.25> <CoreInst = "RAM">   --->   Core 81 'RAM' <Latency = 1> <II = 1> <Delay = 3.25> <Storage> <Opcode : 'load' 'store'> <Ports = 2> <Width = 32> <Depth = 96> <RAM>
ST_12 : Operation 147 [1/1] (0.00ns)   --->   "%br_ln69 = br void %arrayidx415_2.exit" [src/conv1_pool1.cpp:69]   --->   Operation 147 'br' 'br_ln69' <Predicate = (trunc_ln69_2 == 2 & trunc_ln69_4 != 0 & trunc_ln69_4 != 1)> <Delay = 0.00>
ST_12 : Operation 148 [1/1] ( I:3.25ns O:3.25ns )   --->   "%store_ln69 = store i32 %bitcast_ln69, i7 %in_buf_4_addr" [src/conv1_pool1.cpp:69]   --->   Operation 148 'store' 'store_ln69' <Predicate = (trunc_ln69_2 == 1 & trunc_ln69_4 == 1)> <Delay = 3.25> <CoreInst = "RAM">   --->   Core 81 'RAM' <Latency = 1> <II = 1> <Delay = 3.25> <Storage> <Opcode : 'load' 'store'> <Ports = 2> <Width = 32> <Depth = 96> <RAM>
ST_12 : Operation 149 [1/1] (0.00ns)   --->   "%br_ln69 = br void %arrayidx415_1.exit" [src/conv1_pool1.cpp:69]   --->   Operation 149 'br' 'br_ln69' <Predicate = (trunc_ln69_2 == 1 & trunc_ln69_4 == 1)> <Delay = 0.00>
ST_12 : Operation 150 [1/1] ( I:3.25ns O:3.25ns )   --->   "%store_ln69 = store i32 %bitcast_ln69, i7 %in_buf_3_addr" [src/conv1_pool1.cpp:69]   --->   Operation 150 'store' 'store_ln69' <Predicate = (trunc_ln69_2 == 1 & trunc_ln69_4 == 0)> <Delay = 3.25> <CoreInst = "RAM">   --->   Core 81 'RAM' <Latency = 1> <II = 1> <Delay = 3.25> <Storage> <Opcode : 'load' 'store'> <Ports = 2> <Width = 32> <Depth = 96> <RAM>
ST_12 : Operation 151 [1/1] (0.00ns)   --->   "%br_ln69 = br void %arrayidx415_1.exit" [src/conv1_pool1.cpp:69]   --->   Operation 151 'br' 'br_ln69' <Predicate = (trunc_ln69_2 == 1 & trunc_ln69_4 == 0)> <Delay = 0.00>
ST_12 : Operation 152 [1/1] ( I:3.25ns O:3.25ns )   --->   "%store_ln69 = store i32 %bitcast_ln69, i7 %in_buf_5_addr" [src/conv1_pool1.cpp:69]   --->   Operation 152 'store' 'store_ln69' <Predicate = (trunc_ln69_2 == 1 & trunc_ln69_4 != 0 & trunc_ln69_4 != 1)> <Delay = 3.25> <CoreInst = "RAM">   --->   Core 81 'RAM' <Latency = 1> <II = 1> <Delay = 3.25> <Storage> <Opcode : 'load' 'store'> <Ports = 2> <Width = 32> <Depth = 96> <RAM>
ST_12 : Operation 153 [1/1] (0.00ns)   --->   "%br_ln69 = br void %arrayidx415_1.exit" [src/conv1_pool1.cpp:69]   --->   Operation 153 'br' 'br_ln69' <Predicate = (trunc_ln69_2 == 1 & trunc_ln69_4 != 0 & trunc_ln69_4 != 1)> <Delay = 0.00>
ST_12 : Operation 154 [1/1] ( I:3.25ns O:3.25ns )   --->   "%store_ln69 = store i32 %bitcast_ln69, i7 %in_buf_1_addr" [src/conv1_pool1.cpp:69]   --->   Operation 154 'store' 'store_ln69' <Predicate = (trunc_ln69_2 == 0 & trunc_ln69_4 == 1)> <Delay = 3.25> <CoreInst = "RAM">   --->   Core 81 'RAM' <Latency = 1> <II = 1> <Delay = 3.25> <Storage> <Opcode : 'load' 'store'> <Ports = 2> <Width = 32> <Depth = 96> <RAM>
ST_12 : Operation 155 [1/1] (0.00ns)   --->   "%br_ln69 = br void %arrayidx415_0.exit" [src/conv1_pool1.cpp:69]   --->   Operation 155 'br' 'br_ln69' <Predicate = (trunc_ln69_2 == 0 & trunc_ln69_4 == 1)> <Delay = 0.00>
ST_12 : Operation 156 [1/1] ( I:3.25ns O:3.25ns )   --->   "%store_ln69 = store i32 %bitcast_ln69, i7 %in_buf_addr" [src/conv1_pool1.cpp:69]   --->   Operation 156 'store' 'store_ln69' <Predicate = (trunc_ln69_2 == 0 & trunc_ln69_4 == 0)> <Delay = 3.25> <CoreInst = "RAM">   --->   Core 81 'RAM' <Latency = 1> <II = 1> <Delay = 3.25> <Storage> <Opcode : 'load' 'store'> <Ports = 2> <Width = 32> <Depth = 96> <RAM>
ST_12 : Operation 157 [1/1] (0.00ns)   --->   "%br_ln69 = br void %arrayidx415_0.exit" [src/conv1_pool1.cpp:69]   --->   Operation 157 'br' 'br_ln69' <Predicate = (trunc_ln69_2 == 0 & trunc_ln69_4 == 0)> <Delay = 0.00>
ST_12 : Operation 158 [1/1] ( I:3.25ns O:3.25ns )   --->   "%store_ln69 = store i32 %bitcast_ln69, i7 %in_buf_2_addr" [src/conv1_pool1.cpp:69]   --->   Operation 158 'store' 'store_ln69' <Predicate = (trunc_ln69_2 == 0 & trunc_ln69_4 != 0 & trunc_ln69_4 != 1)> <Delay = 3.25> <CoreInst = "RAM">   --->   Core 81 'RAM' <Latency = 1> <II = 1> <Delay = 3.25> <Storage> <Opcode : 'load' 'store'> <Ports = 2> <Width = 32> <Depth = 96> <RAM>
ST_12 : Operation 159 [1/1] (0.00ns)   --->   "%br_ln69 = br void %arrayidx415_0.exit" [src/conv1_pool1.cpp:69]   --->   Operation 159 'br' 'br_ln69' <Predicate = (trunc_ln69_2 == 0 & trunc_ln69_4 != 0 & trunc_ln69_4 != 1)> <Delay = 0.00>
ST_12 : Operation 160 [1/1] ( I:3.25ns O:3.25ns )   --->   "%store_ln69 = store i32 %bitcast_ln69, i7 %in_buf_22_addr" [src/conv1_pool1.cpp:69]   --->   Operation 160 'store' 'store_ln69' <Predicate = (trunc_ln69_2 == 7 & trunc_ln69_4 == 1)> <Delay = 3.25> <CoreInst = "RAM">   --->   Core 81 'RAM' <Latency = 1> <II = 1> <Delay = 3.25> <Storage> <Opcode : 'load' 'store'> <Ports = 2> <Width = 32> <Depth = 96> <RAM>
ST_12 : Operation 161 [1/1] (0.00ns)   --->   "%br_ln69 = br void %arrayidx415_7.exit" [src/conv1_pool1.cpp:69]   --->   Operation 161 'br' 'br_ln69' <Predicate = (trunc_ln69_2 == 7 & trunc_ln69_4 == 1)> <Delay = 0.00>
ST_12 : Operation 162 [1/1] ( I:3.25ns O:3.25ns )   --->   "%store_ln69 = store i32 %bitcast_ln69, i7 %in_buf_21_addr" [src/conv1_pool1.cpp:69]   --->   Operation 162 'store' 'store_ln69' <Predicate = (trunc_ln69_2 == 7 & trunc_ln69_4 == 0)> <Delay = 3.25> <CoreInst = "RAM">   --->   Core 81 'RAM' <Latency = 1> <II = 1> <Delay = 3.25> <Storage> <Opcode : 'load' 'store'> <Ports = 2> <Width = 32> <Depth = 96> <RAM>
ST_12 : Operation 163 [1/1] (0.00ns)   --->   "%br_ln69 = br void %arrayidx415_7.exit" [src/conv1_pool1.cpp:69]   --->   Operation 163 'br' 'br_ln69' <Predicate = (trunc_ln69_2 == 7 & trunc_ln69_4 == 0)> <Delay = 0.00>
ST_12 : Operation 164 [1/1] ( I:3.25ns O:3.25ns )   --->   "%store_ln69 = store i32 %bitcast_ln69, i7 %in_buf_23_addr" [src/conv1_pool1.cpp:69]   --->   Operation 164 'store' 'store_ln69' <Predicate = (trunc_ln69_2 == 7 & trunc_ln69_4 != 0 & trunc_ln69_4 != 1)> <Delay = 3.25> <CoreInst = "RAM">   --->   Core 81 'RAM' <Latency = 1> <II = 1> <Delay = 3.25> <Storage> <Opcode : 'load' 'store'> <Ports = 2> <Width = 32> <Depth = 96> <RAM>
ST_12 : Operation 165 [1/1] (0.00ns)   --->   "%br_ln69 = br void %arrayidx415_7.exit" [src/conv1_pool1.cpp:69]   --->   Operation 165 'br' 'br_ln69' <Predicate = (trunc_ln69_2 == 7 & trunc_ln69_4 != 0 & trunc_ln69_4 != 1)> <Delay = 0.00>
ST_12 : Operation 166 [1/1] (0.00ns)   --->   "%phi_urem_load = load i12 %phi_urem" [src/conv1_pool1.cpp:67]   --->   Operation 166 'load' 'phi_urem_load' <Predicate = true> <Delay = 0.00>
ST_12 : Operation 167 [1/1] (1.54ns)   --->   "%add_ln67_1 = add i12 %phi_urem_load, i12 1" [src/conv1_pool1.cpp:67]   --->   Operation 167 'add' 'add_ln67_1' <Predicate = true> <Delay = 1.54> <CoreInst = "Adder">   --->   Core 1 'Adder' <Latency = 0> <II = 1> <Delay = 1.54> <FuncUnit> <Opcode : 'add' 'sub'> <InPorts = 2> <OutPorts = 1>
ST_12 : Operation 168 [1/1] (1.54ns)   --->   "%icmp_ln67_1 = icmp_eq  i12 %phi_urem_load, i12 47" [src/conv1_pool1.cpp:67]   --->   Operation 168 'icmp' 'icmp_ln67_1' <Predicate = true> <Delay = 1.54> <CoreInst = "Cmp">   --->   Core 9 'Cmp' <Latency = 0> <II = 1> <Delay = 1.54> <FuncUnit> <Opcode : 'seteq' 'setne' 'setle' 'setge' 'setlt' 'setgt'> <InPorts = 2> <OutPorts = 1>
ST_12 : Operation 169 [1/1] (0.69ns)   --->   "%select_ln67 = select i1 %icmp_ln67_1, i12 0, i12 %add_ln67_1" [src/conv1_pool1.cpp:67]   --->   Operation 169 'select' 'select_ln67' <Predicate = true> <Delay = 0.69> <CoreInst = "Sel">   --->   Core 73 'Sel' <Latency = 0> <II = 1> <Delay = 0.69> <FuncUnit> <Opcode : 'select'> <InPorts = 3> <OutPorts = 1>
ST_12 : Operation 170 [1/1] (1.58ns)   --->   "%store_ln69 = store i480 %trunc_ln69_1, i480 %shiftreg" [src/conv1_pool1.cpp:69]   --->   Operation 170 'store' 'store_ln69' <Predicate = true> <Delay = 1.58>
ST_12 : Operation 171 [1/1] (1.58ns)   --->   "%store_ln69 = store i25 %add_ln69_2, i25 %phi_mul49" [src/conv1_pool1.cpp:69]   --->   Operation 171 'store' 'store_ln69' <Predicate = true> <Delay = 1.58>
ST_12 : Operation 172 [1/1] (1.58ns)   --->   "%store_ln67 = store i12 %select_ln67, i12 %phi_urem" [src/conv1_pool1.cpp:67]   --->   Operation 172 'store' 'store_ln67' <Predicate = true> <Delay = 1.58>
ST_12 : Operation 173 [1/1] (0.00ns)   --->   "%br_ln67 = br void %for.inc" [src/conv1_pool1.cpp:67]   --->   Operation 173 'br' 'br_ln67' <Predicate = true> <Delay = 0.00>


============================================================
+ Verbose Summary: Timing violations
============================================================
Target clock period: 10.000ns, clock uncertainty: 2.700ns.

 <State 1>: 1.588ns
The critical path consists of the following:
	'alloca' operation 12 bit ('i', src/conv1_pool1.cpp:67) [31]  (0.000 ns)
	'store' operation 0 bit ('store_ln67', src/conv1_pool1.cpp:67) of constant 0 on local variable 'i', src/conv1_pool1.cpp:67 [35]  (1.588 ns)

 <State 2>: 4.042ns
The critical path consists of the following:
	'load' operation 24 bit ('phi_mul_load', src/conv1_pool1.cpp:69) on local variable 'phi_mul' [64]  (0.000 ns)
	'urem' operation 2 bit ('urem_ln69', src/conv1_pool1.cpp:69) [77]  (4.042 ns)

 <State 3>: 4.042ns
The critical path consists of the following:
	'urem' operation 2 bit ('urem_ln69', src/conv1_pool1.cpp:69) [77]  (4.042 ns)

 <State 4>: 4.042ns
The critical path consists of the following:
	'urem' operation 2 bit ('urem_ln69', src/conv1_pool1.cpp:69) [77]  (4.042 ns)

 <State 5>: 4.042ns
The critical path consists of the following:
	'urem' operation 2 bit ('urem_ln69', src/conv1_pool1.cpp:69) [77]  (4.042 ns)

 <State 6>: 4.042ns
The critical path consists of the following:
	'urem' operation 2 bit ('urem_ln69', src/conv1_pool1.cpp:69) [77]  (4.042 ns)

 <State 7>: 4.042ns
The critical path consists of the following:
	'urem' operation 2 bit ('urem_ln69', src/conv1_pool1.cpp:69) [77]  (4.042 ns)

 <State 8>: 4.042ns
The critical path consists of the following:
	'urem' operation 2 bit ('urem_ln69', src/conv1_pool1.cpp:69) [77]  (4.042 ns)

 <State 9>: 4.042ns
The critical path consists of the following:
	'urem' operation 2 bit ('urem_ln69', src/conv1_pool1.cpp:69) [77]  (4.042 ns)

 <State 10>: 4.042ns
The critical path consists of the following:
	'urem' operation 2 bit ('urem_ln69', src/conv1_pool1.cpp:69) [77]  (4.042 ns)

 <State 11>: 7.300ns
The critical path consists of the following:
	'getelementptr' operation 512 bit ('AXI_IN_addr', src/conv1_pool1.cpp:67) [49]  (0.000 ns)
	bus read operation ('AXI_IN_addr_read', src/conv1_pool1.cpp:69) on port 'AXI_IN' (src/conv1_pool1.cpp:69) [58]  (7.300 ns)

 <State 12>: 6.835ns
The critical path consists of the following:
	'load' operation 12 bit ('phi_urem_load_1', src/conv1_pool1.cpp:69) on local variable 'phi_urem' [62]  (0.000 ns)
	'add' operation 7 bit ('add_ln69', src/conv1_pool1.cpp:69) [81]  (3.581 ns)
	'getelementptr' operation 7 bit ('in_buf_addr', src/conv1_pool1.cpp:69) [83]  (0.000 ns)
	'store' operation 0 bit ('store_ln69', src/conv1_pool1.cpp:69) of variable 'bitcast_ln69', src/conv1_pool1.cpp:69 on array 'in_buf' [192]  (3.254 ns)


============================================================
+ Verbose Summary: Binding
============================================================
N/A
* FSMD analyzer results:
  - Output states:
 - Input state : 
  - Chain level:
	State 1
	State 2
	State 3
	State 4
	State 5
	State 6
	State 7
	State 8
	State 9
	State 10
	State 11
	State 12


============================================================
+ Verbose Summary: Datapath Resource usage 
============================================================
N/A
