

================================================================
== Vitis HLS Report for 'conv3_Pipeline_LOAD_IC_LOAD_IY'
================================================================
* Date:           Thu Feb 26 16:35:56 2026

* Version:        2024.2 (Build 5238294 on Nov  8 2024)
* Project:        hls_prj
* Solution:       solution1 (Vitis Kernel Flow Target)
* Product family: zynq
* Target device:  xc7z020-clg400-1


================================================================
== Performance Estimates
================================================================
+ Timing: 
    * Summary: 
    +--------+----------+----------+------------+
    |  Clock |  Target  | Estimated| Uncertainty|
    +--------+----------+----------+------------+
    |ap_clk  |  10.00 ns|  7.300 ns|     2.70 ns|
    +--------+----------+----------+------------+

+ Latency: 
    * Summary: 
    +---------+---------+-----------+-----------+------+------+------------------------------------------------+
    |  Latency (cycles) |   Latency (absolute)  |   Interval  |                    Pipeline                    |
    |   min   |   max   |    min    |    max    |  min |  max |                      Type                      |
    +---------+---------+-----------+-----------+------+------+------------------------------------------------+
    |     1603|     1603|  16.030 us|  16.030 us|  1602|  1602|  loop auto-rewind stp (delay=0 clock cycles(s))|
    +---------+---------+-----------+-----------+------+------+------------------------------------------------+

    + Detail: 
        * Instance: 
        N/A

        * Loop: 
        +-------------------+---------+---------+----------+-----------+-----------+------+----------+
        |                   |  Latency (cycles) | Iteration|  Initiation Interval  | Trip |          |
        |     Loop Name     |   min   |   max   |  Latency |  achieved |   target  | Count| Pipelined|
        +-------------------+---------+---------+----------+-----------+-----------+------+----------+
        |- LOAD_IC_LOAD_IY  |     1601|     1601|         7|          5|          1|   320|       yes|
        +-------------------+---------+---------+----------+-----------+-----------+------+----------+

============================================================
+ Verbose Summary: Synthesis Manager
============================================================
InlineROM: 1
ExposeGlobal: 0
============================================================
+ Verbose Summary: CDFG Model
============================================================
IsTopModel: 0
ResetActiveHigh: 1
IsCombinational: 0
IsDatapathOnly: 0
HasWiredReturn: 1
HasMFsm: 2
HasVarLatency: 1
IsPipeline: 0
IsRtlPipelined: 0
IsInstanceOverlapped: 0
IsDontTouch: 0
HasImplIP: 0
IsGatedGlobalClock: 0

+ Individual pipeline summary: 
  * Pipeline-0: initiation interval (II) = 5, depth = 7


============================================================
+ Verbose Summary: Schedule
============================================================
* Number of FSM states : 7
* Pipeline : 1
  Pipeline-0 : II = 5, D = 7, States = { 1 2 3 4 5 6 7 }
* Dataflow Pipeline: 0

* FSM state transitions: 
1 --> 2 
2 --> 3 
3 --> 4 
4 --> 5 
5 --> 6 
6 --> 7 
7 --> 

* FSM state operations: 

State 1 <SV = 0> <Delay = 4.99>
ST_1 : Operation 10 [1/1] (0.00ns)   --->   "%iy = alloca i32 1" [src/conv3.cpp:30]   --->   Operation 10 'alloca' 'iy' <Predicate = true> <Delay = 0.00>
ST_1 : Operation 11 [1/1] (0.00ns)   --->   "%ic = alloca i32 1" [src/conv3.cpp:28]   --->   Operation 11 'alloca' 'ic' <Predicate = true> <Delay = 0.00>
ST_1 : Operation 12 [1/1] (0.00ns)   --->   "%indvar_flatten = alloca i32 1"   --->   Operation 12 'alloca' 'indvar_flatten' <Predicate = true> <Delay = 0.00>
ST_1 : Operation 13 [1/1] (0.00ns)   --->   "%sext_ln28_read = read i61 @_ssdm_op_Read.ap_auto.i61, i61 %sext_ln28"   --->   Operation 13 'read' 'sext_ln28_read' <Predicate = true> <Delay = 0.00>
ST_1 : Operation 14 [1/1] (0.00ns)   --->   "%sext_ln28_cast = sext i61 %sext_ln28_read"   --->   Operation 14 'sext' 'sext_ln28_cast' <Predicate = true> <Delay = 0.00>
ST_1 : Operation 15 [1/1] (0.00ns)   --->   "%specinterface_ln0 = specinterface void @_ssdm_op_SpecInterface, i64 %AXI_IN, void @empty_8, i32 0, i32 0, void @empty, i32 64, i32 1600, void @empty_0, void @empty_1, void @empty, i32 16, i32 16, i32 16, i32 16, void @empty, void @empty, i32 4294967295, i32 0, i32 0"   --->   Operation 15 'specinterface' 'specinterface_ln0' <Predicate = true> <Delay = 0.00>
ST_1 : Operation 16 [1/1] (1.58ns)   --->   "%store_ln0 = store i9 0, i9 %indvar_flatten"   --->   Operation 16 'store' 'store_ln0' <Predicate = true> <Delay = 1.58>
ST_1 : Operation 17 [1/1] (1.58ns)   --->   "%store_ln28 = store i6 0, i6 %ic" [src/conv3.cpp:28]   --->   Operation 17 'store' 'store_ln28' <Predicate = true> <Delay = 1.58>
ST_1 : Operation 18 [1/1] (1.58ns)   --->   "%store_ln30 = store i4 0, i4 %iy" [src/conv3.cpp:30]   --->   Operation 18 'store' 'store_ln30' <Predicate = true> <Delay = 1.58>
ST_1 : Operation 19 [1/1] (0.00ns)   --->   "%br_ln0 = br void %LOAD_IX"   --->   Operation 19 'br' 'br_ln0' <Predicate = true> <Delay = 0.00>
ST_1 : Operation 20 [1/1] (0.00ns)   --->   "%indvar_flatten_load = load i9 %indvar_flatten" [src/conv3.cpp:28]   --->   Operation 20 'load' 'indvar_flatten_load' <Predicate = true> <Delay = 0.00>
ST_1 : Operation 21 [1/1] (0.00ns)   --->   "%specbitsmap_ln0 = specbitsmap void @_ssdm_op_SpecBitsMap, i64 %AXI_IN"   --->   Operation 21 'specbitsmap' 'specbitsmap_ln0' <Predicate = true> <Delay = 0.00>
ST_1 : Operation 22 [1/1] (1.82ns)   --->   "%icmp_ln28 = icmp_eq  i9 %indvar_flatten_load, i9 320" [src/conv3.cpp:28]   --->   Operation 22 'icmp' 'icmp_ln28' <Predicate = true> <Delay = 1.82> <CoreInst = "Cmp">   --->   Core 9 'Cmp' <Latency = 0> <II = 1> <Delay = 1.82> <FuncUnit> <Opcode : 'seteq' 'setne' 'setle' 'setge' 'setlt' 'setgt'> <InPorts = 2> <OutPorts = 1>
ST_1 : Operation 23 [1/1] (1.82ns)   --->   "%add_ln28_1 = add i9 %indvar_flatten_load, i9 1" [src/conv3.cpp:28]   --->   Operation 23 'add' 'add_ln28_1' <Predicate = true> <Delay = 1.82> <CoreInst = "Adder">   --->   Core 1 'Adder' <Latency = 0> <II = 1> <Delay = 1.82> <FuncUnit> <Opcode : 'add' 'sub'> <InPorts = 2> <OutPorts = 1>
ST_1 : Operation 24 [1/1] (0.00ns)   --->   "%br_ln28 = br i1 %icmp_ln28, void %for.inc21, void %CONV_OC.exitStub" [src/conv3.cpp:28]   --->   Operation 24 'br' 'br_ln28' <Predicate = true> <Delay = 0.00>
ST_1 : Operation 25 [1/1] (1.58ns)   --->   "%store_ln28 = store i9 %add_ln28_1, i9 %indvar_flatten" [src/conv3.cpp:28]   --->   Operation 25 'store' 'store_ln28' <Predicate = (!icmp_ln28)> <Delay = 1.58>

State 2 <SV = 1> <Delay = 7.30>
ST_2 : Operation 26 [1/1] (0.00ns)   --->   "%iy_load = load i4 %iy" [src/conv3.cpp:30]   --->   Operation 26 'load' 'iy_load' <Predicate = (!icmp_ln28)> <Delay = 0.00>
ST_2 : Operation 27 [1/1] (0.00ns)   --->   "%ic_load = load i6 %ic" [src/conv3.cpp:28]   --->   Operation 27 'load' 'ic_load' <Predicate = (!icmp_ln28)> <Delay = 0.00>
ST_2 : Operation 28 [1/1] (0.00ns)   --->   "%AXI_IN_addr = getelementptr i64 %AXI_IN, i64 %sext_ln28_cast" [src/conv3.cpp:28]   --->   Operation 28 'getelementptr' 'AXI_IN_addr' <Predicate = (!icmp_ln28)> <Delay = 0.00>
ST_2 : Operation 29 [1/1] (1.82ns)   --->   "%add_ln28 = add i6 %ic_load, i6 1" [src/conv3.cpp:28]   --->   Operation 29 'add' 'add_ln28' <Predicate = (!icmp_ln28)> <Delay = 1.82> <CoreInst = "Adder">   --->   Core 1 'Adder' <Latency = 0> <II = 1> <Delay = 1.82> <FuncUnit> <Opcode : 'add' 'sub'> <InPorts = 2> <OutPorts = 1>
ST_2 : Operation 30 [1/1] (1.73ns)   --->   "%icmp_ln30 = icmp_eq  i4 %iy_load, i4 10" [src/conv3.cpp:30]   --->   Operation 30 'icmp' 'icmp_ln30' <Predicate = (!icmp_ln28)> <Delay = 1.73> <CoreInst = "Cmp">   --->   Core 9 'Cmp' <Latency = 0> <II = 1> <Delay = 1.73> <FuncUnit> <Opcode : 'seteq' 'setne' 'setle' 'setge' 'setlt' 'setgt'> <InPorts = 2> <OutPorts = 1>
ST_2 : Operation 31 [1/1] (1.02ns)   --->   "%select_ln28 = select i1 %icmp_ln30, i4 0, i4 %iy_load" [src/conv3.cpp:28]   --->   Operation 31 'select' 'select_ln28' <Predicate = (!icmp_ln28)> <Delay = 1.02> <CoreInst = "Sel">   --->   Core 73 'Sel' <Latency = 0> <II = 1> <Delay = 1.02> <FuncUnit> <Opcode : 'select'> <InPorts = 3> <OutPorts = 1>
ST_2 : Operation 32 [1/1] (1.18ns)   --->   "%select_ln28_1 = select i1 %icmp_ln30, i6 %add_ln28, i6 %ic_load" [src/conv3.cpp:28]   --->   Operation 32 'select' 'select_ln28_1' <Predicate = (!icmp_ln28)> <Delay = 1.18> <CoreInst = "Sel">   --->   Core 73 'Sel' <Latency = 0> <II = 1> <Delay = 1.18> <FuncUnit> <Opcode : 'select'> <InPorts = 3> <OutPorts = 1>
ST_2 : Operation 33 [1/1] (0.00ns)   --->   "%tmp = bitconcatenate i9 @_ssdm_op_BitConcatenate.i9.i6.i3, i6 %select_ln28_1, i3 0" [src/conv3.cpp:34]   --->   Operation 33 'bitconcatenate' 'tmp' <Predicate = (!icmp_ln28)> <Delay = 0.00>
ST_2 : Operation 34 [1/1] (0.00ns)   --->   "%tmp_1 = bitconcatenate i7 @_ssdm_op_BitConcatenate.i7.i6.i1, i6 %select_ln28_1, i1 0" [src/conv3.cpp:34]   --->   Operation 34 'bitconcatenate' 'tmp_1' <Predicate = (!icmp_ln28)> <Delay = 0.00>
ST_2 : Operation 35 [1/1] (0.00ns)   --->   "%zext_ln34 = zext i7 %tmp_1" [src/conv3.cpp:34]   --->   Operation 35 'zext' 'zext_ln34' <Predicate = (!icmp_ln28)> <Delay = 0.00>
ST_2 : Operation 36 [1/1] (0.00ns) (grouped into TernaryAdder)   --->   "%add_ln34 = add i9 %tmp, i9 %zext_ln34" [src/conv3.cpp:34]   --->   Operation 36 'add' 'add_ln34' <Predicate = (!icmp_ln28)> <Delay = 0.00> <CoreInst = "TAddSub">   --->   Core 10 'TAddSub' <Latency = 0> <II = 1> <Delay = 1.84> <IPBlock> <Opcode : '' 'add' 'sub'> <InPorts = 3> <OutPorts = 1> <Sync> <CReg>
ST_2 : Operation 37 [1/1] (0.00ns)   --->   "%zext_ln34_1 = zext i4 %select_ln28" [src/conv3.cpp:34]   --->   Operation 37 'zext' 'zext_ln34_1' <Predicate = (!icmp_ln28)> <Delay = 0.00>
ST_2 : Operation 38 [1/1] (3.69ns) (root node of TernaryAdder)   --->   "%add_ln34_1 = add i9 %add_ln34, i9 %zext_ln34_1" [src/conv3.cpp:34]   --->   Operation 38 'add' 'add_ln34_1' <Predicate = (!icmp_ln28)> <Delay = 3.69> <CoreInst = "TAddSub">   --->   Core 10 'TAddSub' <Latency = 0> <II = 1> <Delay = 1.84> <IPBlock> <Opcode : '' 'add' 'sub'> <InPorts = 3> <OutPorts = 1> <Sync> <CReg>
ST_2 : Operation 39 [1/1] (7.30ns)   --->   "%AXI_IN_addr_read = read i64 @_ssdm_op_Read.m_axi.p1i64, i64 %AXI_IN_addr" [src/conv3.cpp:34]   --->   Operation 39 'read' 'AXI_IN_addr_read' <Predicate = (!icmp_ln28)> <Delay = 7.30> <CoreInst = "m_axi">   --->   Core 111 'm_axi' <Latency = 3> <II = 1> <Delay = 1.00> <Adapter> <Opcode : 'read' 'write' 'readreq' 'writereq' 'writeresp'>
ST_2 : Operation 40 [1/1] (0.00ns)   --->   "%trunc_ln34 = trunc i64 %AXI_IN_addr_read" [src/conv3.cpp:34]   --->   Operation 40 'trunc' 'trunc_ln34' <Predicate = (!icmp_ln28)> <Delay = 0.00>
ST_2 : Operation 41 [1/1] (0.00ns)   --->   "%trunc_ln34_1 = partselect i32 @_ssdm_op_PartSelect.i32.i64.i32.i32, i64 %AXI_IN_addr_read, i32 32, i32 63" [src/conv3.cpp:34]   --->   Operation 41 'partselect' 'trunc_ln34_1' <Predicate = (!icmp_ln28)> <Delay = 0.00>
ST_2 : Operation 42 [1/1] (1.73ns)   --->   "%add_ln30 = add i4 %select_ln28, i4 1" [src/conv3.cpp:30]   --->   Operation 42 'add' 'add_ln30' <Predicate = (!icmp_ln28)> <Delay = 1.73> <CoreInst = "Adder">   --->   Core 1 'Adder' <Latency = 0> <II = 1> <Delay = 1.73> <FuncUnit> <Opcode : 'add' 'sub'> <InPorts = 2> <OutPorts = 1>
ST_2 : Operation 43 [1/1] (1.58ns)   --->   "%store_ln28 = store i6 %select_ln28_1, i6 %ic" [src/conv3.cpp:28]   --->   Operation 43 'store' 'store_ln28' <Predicate = (!icmp_ln28)> <Delay = 1.58>
ST_2 : Operation 44 [1/1] (1.58ns)   --->   "%store_ln30 = store i4 %add_ln30, i4 %iy" [src/conv3.cpp:30]   --->   Operation 44 'store' 'store_ln30' <Predicate = (!icmp_ln28)> <Delay = 1.58>
ST_2 : Operation 99 [1/1] (1.58ns)   --->   "%ret_ln0 = ret"   --->   Operation 99 'ret' 'ret_ln0' <Predicate = (icmp_ln28)> <Delay = 1.58>

State 3 <SV = 2> <Delay = 7.30>
ST_3 : Operation 45 [1/1] (0.00ns)   --->   "%tmp_2 = bitconcatenate i11 @_ssdm_op_BitConcatenate.i11.i9.i2, i9 %add_ln34_1, i2 0" [src/conv3.cpp:34]   --->   Operation 45 'bitconcatenate' 'tmp_2' <Predicate = (!icmp_ln28)> <Delay = 0.00>
ST_3 : Operation 46 [1/1] (0.00ns)   --->   "%zext_ln34_2 = zext i11 %tmp_2" [src/conv3.cpp:34]   --->   Operation 46 'zext' 'zext_ln34_2' <Predicate = (!icmp_ln28)> <Delay = 0.00>
ST_3 : Operation 47 [1/1] (0.00ns)   --->   "%in_buf_addr = getelementptr i32 %in_buf, i64 0, i64 %zext_ln34_2" [src/conv3.cpp:34]   --->   Operation 47 'getelementptr' 'in_buf_addr' <Predicate = (!icmp_ln28)> <Delay = 0.00>
ST_3 : Operation 48 [1/1] (0.00ns)   --->   "%in_buf_1_addr = getelementptr i32 %in_buf_1, i64 0, i64 %zext_ln34_2" [src/conv3.cpp:34]   --->   Operation 48 'getelementptr' 'in_buf_1_addr' <Predicate = (!icmp_ln28)> <Delay = 0.00>
ST_3 : Operation 49 [1/1] (0.00ns)   --->   "%bitcast_ln34 = bitcast i32 %trunc_ln34" [src/conv3.cpp:34]   --->   Operation 49 'bitcast' 'bitcast_ln34' <Predicate = (!icmp_ln28)> <Delay = 0.00>
ST_3 : Operation 50 [1/1] (0.00ns)   --->   "%bitcast_ln34_1 = bitcast i32 %trunc_ln34_1" [src/conv3.cpp:34]   --->   Operation 50 'bitcast' 'bitcast_ln34_1' <Predicate = (!icmp_ln28)> <Delay = 0.00>
ST_3 : Operation 51 [1/1] (7.30ns)   --->   "%AXI_IN_addr_read_1 = read i64 @_ssdm_op_Read.m_axi.p1i64, i64 %AXI_IN_addr" [src/conv3.cpp:34]   --->   Operation 51 'read' 'AXI_IN_addr_read_1' <Predicate = (!icmp_ln28)> <Delay = 7.30> <CoreInst = "m_axi">   --->   Core 111 'm_axi' <Latency = 3> <II = 1> <Delay = 1.00> <Adapter> <Opcode : 'read' 'write' 'readreq' 'writereq' 'writeresp'>
ST_3 : Operation 52 [1/1] (0.00ns)   --->   "%trunc_ln34_2 = trunc i64 %AXI_IN_addr_read_1" [src/conv3.cpp:34]   --->   Operation 52 'trunc' 'trunc_ln34_2' <Predicate = (!icmp_ln28)> <Delay = 0.00>
ST_3 : Operation 53 [1/1] (0.00ns)   --->   "%trunc_ln34_3 = partselect i32 @_ssdm_op_PartSelect.i32.i64.i32.i32, i64 %AXI_IN_addr_read_1, i32 32, i32 63" [src/conv3.cpp:34]   --->   Operation 53 'partselect' 'trunc_ln34_3' <Predicate = (!icmp_ln28)> <Delay = 0.00>
ST_3 : Operation 54 [1/1] ( I:3.25ns O:3.25ns )   --->   "%store_ln34 = store i32 %bitcast_ln34, i11 %in_buf_addr" [src/conv3.cpp:34]   --->   Operation 54 'store' 'store_ln34' <Predicate = (!icmp_ln28)> <Delay = 3.25> <CoreInst = "RAM">   --->   Core 81 'RAM' <Latency = 1> <II = 1> <Delay = 3.25> <Storage> <Opcode : 'load' 'store'> <Ports = 2> <Width = 32> <Depth = 1280> <RAM>
ST_3 : Operation 55 [1/1] ( I:3.25ns O:3.25ns )   --->   "%store_ln34 = store i32 %bitcast_ln34_1, i11 %in_buf_1_addr" [src/conv3.cpp:34]   --->   Operation 55 'store' 'store_ln34' <Predicate = (!icmp_ln28)> <Delay = 3.25> <CoreInst = "RAM">   --->   Core 81 'RAM' <Latency = 1> <II = 1> <Delay = 3.25> <Storage> <Opcode : 'load' 'store'> <Ports = 2> <Width = 32> <Depth = 1280> <RAM>

State 4 <SV = 3> <Delay = 7.30>
ST_4 : Operation 56 [1/1] (0.00ns)   --->   "%tmp_5 = bitconcatenate i11 @_ssdm_op_BitConcatenate.i11.i9.i2, i9 %add_ln34_1, i2 1" [src/conv3.cpp:34]   --->   Operation 56 'bitconcatenate' 'tmp_5' <Predicate = (!icmp_ln28)> <Delay = 0.00>
ST_4 : Operation 57 [1/1] (0.00ns)   --->   "%zext_ln34_3 = zext i11 %tmp_5" [src/conv3.cpp:34]   --->   Operation 57 'zext' 'zext_ln34_3' <Predicate = (!icmp_ln28)> <Delay = 0.00>
ST_4 : Operation 58 [1/1] (0.00ns)   --->   "%in_buf_addr_1 = getelementptr i32 %in_buf, i64 0, i64 %zext_ln34_3" [src/conv3.cpp:34]   --->   Operation 58 'getelementptr' 'in_buf_addr_1' <Predicate = (!icmp_ln28)> <Delay = 0.00>
ST_4 : Operation 59 [1/1] (0.00ns)   --->   "%in_buf_2_addr = getelementptr i32 %in_buf_2, i64 0, i64 %zext_ln34_2" [src/conv3.cpp:34]   --->   Operation 59 'getelementptr' 'in_buf_2_addr' <Predicate = (!icmp_ln28)> <Delay = 0.00>
ST_4 : Operation 60 [1/1] (0.00ns)   --->   "%bitcast_ln34_2 = bitcast i32 %trunc_ln34_2" [src/conv3.cpp:34]   --->   Operation 60 'bitcast' 'bitcast_ln34_2' <Predicate = (!icmp_ln28)> <Delay = 0.00>
ST_4 : Operation 61 [1/1] (0.00ns)   --->   "%bitcast_ln34_3 = bitcast i32 %trunc_ln34_3" [src/conv3.cpp:34]   --->   Operation 61 'bitcast' 'bitcast_ln34_3' <Predicate = (!icmp_ln28)> <Delay = 0.00>
ST_4 : Operation 62 [1/1] (7.30ns)   --->   "%AXI_IN_addr_read_2 = read i64 @_ssdm_op_Read.m_axi.p1i64, i64 %AXI_IN_addr" [src/conv3.cpp:34]   --->   Operation 62 'read' 'AXI_IN_addr_read_2' <Predicate = (!icmp_ln28)> <Delay = 7.30> <CoreInst = "m_axi">   --->   Core 111 'm_axi' <Latency = 3> <II = 1> <Delay = 1.00> <Adapter> <Opcode : 'read' 'write' 'readreq' 'writereq' 'writeresp'>
ST_4 : Operation 63 [1/1] (0.00ns)   --->   "%trunc_ln34_4 = trunc i64 %AXI_IN_addr_read_2" [src/conv3.cpp:34]   --->   Operation 63 'trunc' 'trunc_ln34_4' <Predicate = (!icmp_ln28)> <Delay = 0.00>
ST_4 : Operation 64 [1/1] (0.00ns)   --->   "%trunc_ln34_5 = partselect i32 @_ssdm_op_PartSelect.i32.i64.i32.i32, i64 %AXI_IN_addr_read_2, i32 32, i32 63" [src/conv3.cpp:34]   --->   Operation 64 'partselect' 'trunc_ln34_5' <Predicate = (!icmp_ln28)> <Delay = 0.00>
ST_4 : Operation 65 [1/1] ( I:3.25ns O:3.25ns )   --->   "%store_ln34 = store i32 %bitcast_ln34_3, i11 %in_buf_addr_1" [src/conv3.cpp:34]   --->   Operation 65 'store' 'store_ln34' <Predicate = (!icmp_ln28)> <Delay = 3.25> <CoreInst = "RAM">   --->   Core 81 'RAM' <Latency = 1> <II = 1> <Delay = 3.25> <Storage> <Opcode : 'load' 'store'> <Ports = 2> <Width = 32> <Depth = 1280> <RAM>
ST_4 : Operation 66 [1/1] ( I:3.25ns O:3.25ns )   --->   "%store_ln34 = store i32 %bitcast_ln34_2, i11 %in_buf_2_addr" [src/conv3.cpp:34]   --->   Operation 66 'store' 'store_ln34' <Predicate = (!icmp_ln28)> <Delay = 3.25> <CoreInst = "RAM">   --->   Core 81 'RAM' <Latency = 1> <II = 1> <Delay = 3.25> <Storage> <Opcode : 'load' 'store'> <Ports = 2> <Width = 32> <Depth = 1280> <RAM>

State 5 <SV = 4> <Delay = 7.30>
ST_5 : Operation 67 [1/1] (0.00ns)   --->   "%in_buf_1_addr_1 = getelementptr i32 %in_buf_1, i64 0, i64 %zext_ln34_3" [src/conv3.cpp:34]   --->   Operation 67 'getelementptr' 'in_buf_1_addr_1' <Predicate = (!icmp_ln28)> <Delay = 0.00>
ST_5 : Operation 68 [1/1] (0.00ns)   --->   "%in_buf_2_addr_1 = getelementptr i32 %in_buf_2, i64 0, i64 %zext_ln34_3" [src/conv3.cpp:34]   --->   Operation 68 'getelementptr' 'in_buf_2_addr_1' <Predicate = (!icmp_ln28)> <Delay = 0.00>
ST_5 : Operation 69 [1/1] (0.00ns)   --->   "%bitcast_ln34_4 = bitcast i32 %trunc_ln34_4" [src/conv3.cpp:34]   --->   Operation 69 'bitcast' 'bitcast_ln34_4' <Predicate = (!icmp_ln28)> <Delay = 0.00>
ST_5 : Operation 70 [1/1] (0.00ns)   --->   "%bitcast_ln34_5 = bitcast i32 %trunc_ln34_5" [src/conv3.cpp:34]   --->   Operation 70 'bitcast' 'bitcast_ln34_5' <Predicate = (!icmp_ln28)> <Delay = 0.00>
ST_5 : Operation 71 [1/1] (7.30ns)   --->   "%AXI_IN_addr_read_3 = read i64 @_ssdm_op_Read.m_axi.p1i64, i64 %AXI_IN_addr" [src/conv3.cpp:34]   --->   Operation 71 'read' 'AXI_IN_addr_read_3' <Predicate = (!icmp_ln28)> <Delay = 7.30> <CoreInst = "m_axi">   --->   Core 111 'm_axi' <Latency = 3> <II = 1> <Delay = 1.00> <Adapter> <Opcode : 'read' 'write' 'readreq' 'writereq' 'writeresp'>
ST_5 : Operation 72 [1/1] (0.00ns)   --->   "%trunc_ln34_6 = trunc i64 %AXI_IN_addr_read_3" [src/conv3.cpp:34]   --->   Operation 72 'trunc' 'trunc_ln34_6' <Predicate = (!icmp_ln28)> <Delay = 0.00>
ST_5 : Operation 73 [1/1] (0.00ns)   --->   "%trunc_ln34_7 = partselect i32 @_ssdm_op_PartSelect.i32.i64.i32.i32, i64 %AXI_IN_addr_read_3, i32 32, i32 63" [src/conv3.cpp:34]   --->   Operation 73 'partselect' 'trunc_ln34_7' <Predicate = (!icmp_ln28)> <Delay = 0.00>
ST_5 : Operation 74 [1/1] ( I:3.25ns O:3.25ns )   --->   "%store_ln34 = store i32 %bitcast_ln34_4, i11 %in_buf_1_addr_1" [src/conv3.cpp:34]   --->   Operation 74 'store' 'store_ln34' <Predicate = (!icmp_ln28)> <Delay = 3.25> <CoreInst = "RAM">   --->   Core 81 'RAM' <Latency = 1> <II = 1> <Delay = 3.25> <Storage> <Opcode : 'load' 'store'> <Ports = 2> <Width = 32> <Depth = 1280> <RAM>
ST_5 : Operation 75 [1/1] ( I:3.25ns O:3.25ns )   --->   "%store_ln34 = store i32 %bitcast_ln34_5, i11 %in_buf_2_addr_1" [src/conv3.cpp:34]   --->   Operation 75 'store' 'store_ln34' <Predicate = (!icmp_ln28)> <Delay = 3.25> <CoreInst = "RAM">   --->   Core 81 'RAM' <Latency = 1> <II = 1> <Delay = 3.25> <Storage> <Opcode : 'load' 'store'> <Ports = 2> <Width = 32> <Depth = 1280> <RAM>

State 6 <SV = 5> <Delay = 7.30>
ST_6 : Operation 76 [1/1] (0.00ns)   --->   "%tmp_6 = bitconcatenate i11 @_ssdm_op_BitConcatenate.i11.i9.i2, i9 %add_ln34_1, i2 2" [src/conv3.cpp:34]   --->   Operation 76 'bitconcatenate' 'tmp_6' <Predicate = true> <Delay = 0.00>
ST_6 : Operation 77 [1/1] (0.00ns)   --->   "%zext_ln34_4 = zext i11 %tmp_6" [src/conv3.cpp:34]   --->   Operation 77 'zext' 'zext_ln34_4' <Predicate = true> <Delay = 0.00>
ST_6 : Operation 78 [1/1] (0.00ns)   --->   "%in_buf_addr_2 = getelementptr i32 %in_buf, i64 0, i64 %zext_ln34_4" [src/conv3.cpp:34]   --->   Operation 78 'getelementptr' 'in_buf_addr_2' <Predicate = true> <Delay = 0.00>
ST_6 : Operation 79 [1/1] (0.00ns)   --->   "%in_buf_1_addr_2 = getelementptr i32 %in_buf_1, i64 0, i64 %zext_ln34_4" [src/conv3.cpp:34]   --->   Operation 79 'getelementptr' 'in_buf_1_addr_2' <Predicate = true> <Delay = 0.00>
ST_6 : Operation 80 [1/1] (0.00ns)   --->   "%bitcast_ln34_6 = bitcast i32 %trunc_ln34_6" [src/conv3.cpp:34]   --->   Operation 80 'bitcast' 'bitcast_ln34_6' <Predicate = true> <Delay = 0.00>
ST_6 : Operation 81 [1/1] (0.00ns)   --->   "%bitcast_ln34_7 = bitcast i32 %trunc_ln34_7" [src/conv3.cpp:34]   --->   Operation 81 'bitcast' 'bitcast_ln34_7' <Predicate = true> <Delay = 0.00>
ST_6 : Operation 82 [1/1] (7.30ns)   --->   "%AXI_IN_addr_read_4 = read i64 @_ssdm_op_Read.m_axi.p1i64, i64 %AXI_IN_addr" [src/conv3.cpp:34]   --->   Operation 82 'read' 'AXI_IN_addr_read_4' <Predicate = true> <Delay = 7.30> <CoreInst = "m_axi">   --->   Core 111 'm_axi' <Latency = 3> <II = 1> <Delay = 1.00> <Adapter> <Opcode : 'read' 'write' 'readreq' 'writereq' 'writeresp'>
ST_6 : Operation 83 [1/1] (0.00ns)   --->   "%trunc_ln34_8 = trunc i64 %AXI_IN_addr_read_4" [src/conv3.cpp:34]   --->   Operation 83 'trunc' 'trunc_ln34_8' <Predicate = true> <Delay = 0.00>
ST_6 : Operation 84 [1/1] (0.00ns)   --->   "%trunc_ln34_9 = partselect i32 @_ssdm_op_PartSelect.i32.i64.i32.i32, i64 %AXI_IN_addr_read_4, i32 32, i32 63" [src/conv3.cpp:34]   --->   Operation 84 'partselect' 'trunc_ln34_9' <Predicate = true> <Delay = 0.00>
ST_6 : Operation 85 [1/1] ( I:3.25ns O:3.25ns )   --->   "%store_ln34 = store i32 %bitcast_ln34_6, i11 %in_buf_addr_2" [src/conv3.cpp:34]   --->   Operation 85 'store' 'store_ln34' <Predicate = true> <Delay = 3.25> <CoreInst = "RAM">   --->   Core 81 'RAM' <Latency = 1> <II = 1> <Delay = 3.25> <Storage> <Opcode : 'load' 'store'> <Ports = 2> <Width = 32> <Depth = 1280> <RAM>
ST_6 : Operation 86 [1/1] ( I:3.25ns O:3.25ns )   --->   "%store_ln34 = store i32 %bitcast_ln34_7, i11 %in_buf_1_addr_2" [src/conv3.cpp:34]   --->   Operation 86 'store' 'store_ln34' <Predicate = true> <Delay = 3.25> <CoreInst = "RAM">   --->   Core 81 'RAM' <Latency = 1> <II = 1> <Delay = 3.25> <Storage> <Opcode : 'load' 'store'> <Ports = 2> <Width = 32> <Depth = 1280> <RAM>

State 7 <SV = 6> <Delay = 3.25>
ST_7 : Operation 87 [1/1] (0.00ns)   --->   "%specloopname_ln0 = specloopname void @_ssdm_op_SpecLoopName, void @LOAD_IC_LOAD_IY_str"   --->   Operation 87 'specloopname' 'specloopname_ln0' <Predicate = true> <Delay = 0.00>
ST_7 : Operation 88 [1/1] (0.00ns)   --->   "%speclooptripcount_ln0 = speclooptripcount void @_ssdm_op_SpecLoopTripCount, i64 320, i64 320, i64 320"   --->   Operation 88 'speclooptripcount' 'speclooptripcount_ln0' <Predicate = true> <Delay = 0.00>
ST_7 : Operation 89 [1/1] (0.00ns)   --->   "%tmp_7 = bitconcatenate i11 @_ssdm_op_BitConcatenate.i11.i9.i2, i9 %add_ln34_1, i2 3" [src/conv3.cpp:34]   --->   Operation 89 'bitconcatenate' 'tmp_7' <Predicate = true> <Delay = 0.00>
ST_7 : Operation 90 [1/1] (0.00ns)   --->   "%zext_ln34_5 = zext i11 %tmp_7" [src/conv3.cpp:34]   --->   Operation 90 'zext' 'zext_ln34_5' <Predicate = true> <Delay = 0.00>
ST_7 : Operation 91 [1/1] (0.00ns)   --->   "%in_buf_addr_3 = getelementptr i32 %in_buf, i64 0, i64 %zext_ln34_5" [src/conv3.cpp:34]   --->   Operation 91 'getelementptr' 'in_buf_addr_3' <Predicate = true> <Delay = 0.00>
ST_7 : Operation 92 [1/1] (0.00ns)   --->   "%in_buf_2_addr_2 = getelementptr i32 %in_buf_2, i64 0, i64 %zext_ln34_4" [src/conv3.cpp:34]   --->   Operation 92 'getelementptr' 'in_buf_2_addr_2' <Predicate = true> <Delay = 0.00>
ST_7 : Operation 93 [1/1] (0.00ns)   --->   "%specpipeline_ln31 = specpipeline void @_ssdm_op_SpecPipeline, i32 1, i32 0, i32 0, i32 0, void @empty" [src/conv3.cpp:31]   --->   Operation 93 'specpipeline' 'specpipeline_ln31' <Predicate = true> <Delay = 0.00>
ST_7 : Operation 94 [1/1] (0.00ns)   --->   "%bitcast_ln34_8 = bitcast i32 %trunc_ln34_8" [src/conv3.cpp:34]   --->   Operation 94 'bitcast' 'bitcast_ln34_8' <Predicate = true> <Delay = 0.00>
ST_7 : Operation 95 [1/1] (0.00ns)   --->   "%bitcast_ln34_9 = bitcast i32 %trunc_ln34_9" [src/conv3.cpp:34]   --->   Operation 95 'bitcast' 'bitcast_ln34_9' <Predicate = true> <Delay = 0.00>
ST_7 : Operation 96 [1/1] ( I:3.25ns O:3.25ns )   --->   "%store_ln34 = store i32 %bitcast_ln34_9, i11 %in_buf_addr_3" [src/conv3.cpp:34]   --->   Operation 96 'store' 'store_ln34' <Predicate = true> <Delay = 3.25> <CoreInst = "RAM">   --->   Core 81 'RAM' <Latency = 1> <II = 1> <Delay = 3.25> <Storage> <Opcode : 'load' 'store'> <Ports = 2> <Width = 32> <Depth = 1280> <RAM>
ST_7 : Operation 97 [1/1] ( I:3.25ns O:3.25ns )   --->   "%store_ln34 = store i32 %bitcast_ln34_8, i11 %in_buf_2_addr_2" [src/conv3.cpp:34]   --->   Operation 97 'store' 'store_ln34' <Predicate = true> <Delay = 3.25> <CoreInst = "RAM">   --->   Core 81 'RAM' <Latency = 1> <II = 1> <Delay = 3.25> <Storage> <Opcode : 'load' 'store'> <Ports = 2> <Width = 32> <Depth = 1280> <RAM>
ST_7 : Operation 98 [1/1] (0.00ns)   --->   "%br_ln30 = br void %LOAD_IX" [src/conv3.cpp:30]   --->   Operation 98 'br' 'br_ln30' <Predicate = true> <Delay = 0.00>


============================================================
+ Verbose Summary: Timing violations
============================================================
Target clock period: 10.000ns, clock uncertainty: 2.700ns.

 <State 1>: 4.999ns
The critical path consists of the following:
	'store' operation 0 bit ('store_ln0') of constant 0 on local variable 'indvar_flatten' [12]  (1.588 ns)
	'load' operation 9 bit ('indvar_flatten_load', src/conv3.cpp:28) on local variable 'indvar_flatten' [17]  (0.000 ns)
	'icmp' operation 1 bit ('icmp_ln28', src/conv3.cpp:28) [19]  (1.823 ns)
	'store' operation 0 bit ('store_ln28', src/conv3.cpp:28) of variable 'add_ln28_1', src/conv3.cpp:28 on local variable 'indvar_flatten' [93]  (1.588 ns)

 <State 2>: 7.300ns
The critical path consists of the following:
	'getelementptr' operation 64 bit ('AXI_IN_addr', src/conv3.cpp:28) [25]  (0.000 ns)
	bus read operation ('AXI_IN_addr_read', src/conv3.cpp:34) on port 'AXI_IN' (src/conv3.cpp:34) [57]  (7.300 ns)

 <State 3>: 7.300ns
The critical path consists of the following:
	bus read operation ('AXI_IN_addr_read_1', src/conv3.cpp:34) on port 'AXI_IN' (src/conv3.cpp:34) [62]  (7.300 ns)

 <State 4>: 7.300ns
The critical path consists of the following:
	bus read operation ('AXI_IN_addr_read_2', src/conv3.cpp:34) on port 'AXI_IN' (src/conv3.cpp:34) [67]  (7.300 ns)

 <State 5>: 7.300ns
The critical path consists of the following:
	bus read operation ('AXI_IN_addr_read_3', src/conv3.cpp:34) on port 'AXI_IN' (src/conv3.cpp:34) [72]  (7.300 ns)

 <State 6>: 7.300ns
The critical path consists of the following:
	bus read operation ('AXI_IN_addr_read_4', src/conv3.cpp:34) on port 'AXI_IN' (src/conv3.cpp:34) [77]  (7.300 ns)

 <State 7>: 3.254ns
The critical path consists of the following:
	'getelementptr' operation 11 bit ('in_buf_addr_3', src/conv3.cpp:34) [49]  (0.000 ns)
	'store' operation 0 bit ('store_ln34', src/conv3.cpp:34) of variable 'bitcast_ln34_9', src/conv3.cpp:34 on array 'in_buf' [85]  (3.254 ns)


============================================================
+ Verbose Summary: Binding
============================================================
N/A
* FSMD analyzer results:
  - Output states:
 - Input state : 
  - Chain level:
	State 1
	State 2
	State 3
	State 4
	State 5
	State 6
	State 7


============================================================
+ Verbose Summary: Datapath Resource usage 
============================================================
N/A
