

================================================================
== Vitis HLS Report for 'conv3_Pipeline_LOAD_IC_LOAD_IY'
================================================================
* Date:           Thu Feb 26 16:35:56 2026

* Version:        2024.2 (Build 5238294 on Nov  8 2024)
* Project:        hls_prj
* Solution:       solution1 (Vitis Kernel Flow Target)
* Product family: zynq
* Target device:  xc7z020-clg400-1


================================================================
== Performance Estimates
================================================================
+ Timing: 
    * Summary: 
    +--------+----------+----------+------------+
    |  Clock |  Target  | Estimated| Uncertainty|
    +--------+----------+----------+------------+
    |ap_clk  |  10.00 ns|  7.300 ns|     2.70 ns|
    +--------+----------+----------+------------+

+ Latency: 
    * Summary: 
    +---------+---------+-----------+-----------+------+------+------------------------------------------------+
    |  Latency (cycles) |   Latency (absolute)  |   Interval  |                    Pipeline                    |
    |   min   |   max   |    min    |    max    |  min |  max |                      Type                      |
    +---------+---------+-----------+-----------+------+------+------------------------------------------------+
    |     1603|     1603|  16.030 us|  16.030 us|  1602|  1602|  loop auto-rewind stp (delay=0 clock cycles(s))|
    +---------+---------+-----------+-----------+------+------+------------------------------------------------+

    + Detail: 
        * Instance: 
        N/A

        * Loop: 
        +-------------------+---------+---------+----------+-----------+-----------+------+----------+
        |                   |  Latency (cycles) | Iteration|  Initiation Interval  | Trip |          |
        |     Loop Name     |   min   |   max   |  Latency |  achieved |   target  | Count| Pipelined|
        +-------------------+---------+---------+----------+-----------+-----------+------+----------+
        |- LOAD_IC_LOAD_IY  |     1601|     1601|         7|          5|          1|   320|       yes|
        +-------------------+---------+---------+----------+-----------+-----------+------+----------+

============================================================
+ Verbose Summary: Synthesis Manager
============================================================
InlineROM: 1
ExposeGlobal: 0
============================================================
+ Verbose Summary: CDFG Model
============================================================
IsTopModel: 0
ResetActiveHigh: 1
IsCombinational: 0
IsDatapathOnly: 0
HasWiredReturn: 1
HasMFsm: 2
HasVarLatency: 1
IsPipeline: 0
IsRtlPipelined: 0
IsInstanceOverlapped: 0
IsDontTouch: 0
HasImplIP: 0
IsGatedGlobalClock: 0

+ Individual pipeline summary: 
  * Pipeline-0: initiation interval (II) = 5, depth = 7


============================================================
+ Verbose Summary: Schedule
============================================================
* Number of FSM states : 7
* Pipeline : 1
  Pipeline-0 : II = 5, D = 7, States = { 1 2 3 4 5 6 7 }
* Dataflow Pipeline: 0

* FSM state transitions: 
1 --> 2 
2 --> 3 
3 --> 4 
4 --> 5 
5 --> 6 
6 --> 7 
7 --> 

* FSM state operations: 

State 1 <SV = 0> <Delay = 4.99>
ST_1 : Operation 10 [1/1] (0.00ns)   --->   "%iy = alloca i32 1" [src/conv3.cpp:30]   --->   Operation 10 'alloca' 'iy' <Predicate = true> <Delay = 0.00>
ST_1 : Operation 11 [1/1] (0.00ns)   --->   "%ic = alloca i32 1" [src/conv3.cpp:28]   --->   Operation 11 'alloca' 'ic' <Predicate = true> <Delay = 0.00>
ST_1 : Operation 12 [1/1] (0.00ns)   --->   "%indvar_flatten = alloca i32 1"   --->   Operation 12 'alloca' 'indvar_flatten' <Predicate = true> <Delay = 0.00>
ST_1 : Operation 13 [1/1] (0.00ns)   --->   "%sext_ln28_read = read i61 @_ssdm_op_Read.ap_auto.i61, i61 %sext_ln28"   --->   Operation 13 'read' 'sext_ln28_read' <Predicate = true> <Delay = 0.00>
ST_1 : Operation 14 [1/1] (0.00ns)   --->   "%sext_ln28_cast = sext i61 %sext_ln28_read"   --->   Operation 14 'sext' 'sext_ln28_cast' <Predicate = true> <Delay = 0.00>
ST_1 : Operation 15 [1/1] (0.00ns)   --->   "%specinterface_ln0 = specinterface void @_ssdm_op_SpecInterface, i64 %AXI_IN, void @empty_8, i32 0, i32 0, void @empty, i32 64, i32 1600, void @empty_0, void @empty_1, void @empty, i32 16, i32 16, i32 16, i32 16, void @empty, void @empty, i32 4294967295, i32 0, i32 0"   --->   Operation 15 'specinterface' 'specinterface_ln0' <Predicate = true> <Delay = 0.00>
ST_1 : Operation 16 [1/1] (1.58ns)   --->   "%store_ln0 = store i9 0, i9 %indvar_flatten"   --->   Operation 16 'store' 'store_ln0' <Predicate = true> <Delay = 1.58>
ST_1 : Operation 17 [1/1] (1.58ns)   --->   "%store_ln28 = store i6 0, i6 %ic" [src/conv3.cpp:28]   --->   Operation 17 'store' 'store_ln28' <Predicate = true> <Delay = 1.58>
ST_1 : Operation 18 [1/1] (1.58ns)   --->   "%store_ln30 = store i4 0, i4 %iy" [src/conv3.cpp:30]   --->   Operation 18 'store' 'store_ln30' <Predicate = true> <Delay = 1.58>
ST_1 : Operation 19 [1/1] (0.00ns)   --->   "%br_ln0 = br void %LOAD_IX"   --->   Operation 19 'br' 'br_ln0' <Predicate = true> <Delay = 0.00>
ST_1 : Operation 20 [1/1] (0.00ns)   --->   "%indvar_flatten_load = load i9 %indvar_flatten" [src/conv3.cpp:28]   --->   Operation 20 'load' 'indvar_flatten_load' <Predicate = true> <Delay = 0.00>
ST_1 : Operation 21 [1/1] (0.00ns)   --->   "%specbitsmap_ln0 = specbitsmap void @_ssdm_op_SpecBitsMap, i64 %AXI_IN"   --->   Operation 21 'specbitsmap' 'specbitsmap_ln0' <Predicate = true> <Delay = 0.00>
ST_1 : Operation 22 [1/1] (1.82ns)   --->   "%icmp_ln28 = icmp_eq  i9 %indvar_flatten_load, i9 320" [src/conv3.cpp:28]   --->   Operation 22 'icmp' 'icmp_ln28' <Predicate = true> <Delay = 1.82> <CoreInst = "Cmp">   --->   Core 9 'Cmp' <Latency = 0> <II = 1> <Delay = 1.82> <FuncUnit> <Opcode : 'seteq' 'setne' 'setle' 'setge' 'setlt' 'setgt'> <InPorts = 2> <OutPorts = 1>
ST_1 : Operation 23 [1/1] (1.82ns)   --->   "%add_ln28_1 = add i9 %indvar_flatten_load, i9 1" [src/conv3.cpp:28]   --->   Operation 23 'add' 'add_ln28_1' <Predicate = true> <Delay = 1.82> <CoreInst = "Adder">   --->   Core 1 'Adder' <Latency = 0> <II = 1> <Delay = 1.82> <FuncUnit> <Opcode : 'add' 'sub'> <InPorts = 2> <OutPorts = 1>
ST_1 : Operation 24 [1/1] (0.00ns)   --->   "%br_ln28 = br i1 %icmp_ln28, void %for.inc21, void %CONV_OC.exitStub" [src/conv3.cpp:28]   --->   Operation 24 'br' 'br_ln28' <Predicate = true> <Delay = 0.00>
ST_1 : Operation 25 [1/1] (1.58ns)   --->   "%store_ln28 = store i9 %add_ln28_1, i9 %indvar_flatten" [src/conv3.cpp:28]   --->   Operation 25 'store' 'store_ln28' <Predicate = (!icmp_ln28)> <Delay = 1.58>

State 2 <SV = 1> <Delay = 7.30>
ST_2 : Operation 26 [1/1] (0.00ns)   --->   "%iy_load = load i4 %iy" [src/conv3.cpp:30]   --->   Operation 26 'load' 'iy_load' <Predicate = (!icmp_ln28)> <Delay = 0.00>
ST_2 : Operation 27 [1/1] (0.00ns)   --->   "%ic_load = load i6 %ic" [src/conv3.cpp:28]   --->   Operation 27 'load' 'ic_load' <Predicate = (!icmp_ln28)> <Delay = 0.00>
ST_2 : Operation 28 [1/1] (0.00ns)   --->   "%AXI_IN_addr = getelementptr i64 %AXI_IN, i64 %sext_ln28_cast" [src/conv3.cpp:28]   --->   Operation 28 'getelementptr' 'AXI_IN_addr' <Predicate = (!icmp_ln28)> <Delay = 0.00>
ST_2 : Operation 29 [1/1] (1.82ns)   --->   "%add_ln28 = add i6 %ic_load, i6 1" [src/conv3.cpp:28]   --->   Operation 29 'add' 'add_ln28' <Predicate = (!icmp_ln28)> <Delay = 1.82> <CoreInst = "Adder">   --->   Core 1 'Adder' <Latency = 0> <II = 1> <Delay = 1.82> <FuncUnit> <Opcode : 'add' 'sub'> <InPorts = 2> <OutPorts = 1>
ST_2 : Operation 30 [1/1] (1.73ns)   --->   "%icmp_ln30 = icmp_eq  i4 %iy_load, i4 10" [src/conv3.cpp:30]   --->   Operation 30 'icmp' 'icmp_ln30' <Predicate = (!icmp_ln28)> <Delay = 1.73> <CoreInst = "Cmp">   --->   Core 9 'Cmp' <Latency = 0> <II = 1> <Delay = 1.73> <FuncUnit> <Opcode : 'seteq' 'setne' 'setle' 'setge' 'setlt' 'setgt'> <InPorts = 2> <OutPorts = 1>
ST_2 : Operation 31 [1/1] (1.02ns)   --->   "%select_ln28 = select i1 %icmp_ln30, i4 0, i4 %iy_load" [src/conv3.cpp:28]   --->   Operation 31 'select' 'select_ln28' <Predicate = (!icmp_ln28)> <Delay = 1.02> <CoreInst = "Sel">   --->   Core 73 'Sel' <Latency = 0> <II = 1> <Delay = 1.02> <FuncUnit> <Opcode : 'select'> <InPorts = 3> <OutPorts = 1>
ST_2 : Operation 32 [1/1] (1.18ns)   --->   "%select_ln28_1 = select i1 %icmp_ln30, i6 %add_ln28, i6 %ic_load" [src/conv3.cpp:28]   --->   Operation 32 'select' 'select_ln28_1' <Predicate = (!icmp_ln28)> <Delay = 1.18> <CoreInst = "Sel">   --->   Core 73 'Sel' <Latency = 0> <II = 1> <Delay = 1.18> <FuncUnit> <Opcode : 'select'> <InPorts = 3> <OutPorts = 1>
ST_2 : Operation 33 [1/1] (0.00ns)   --->   "%tmp = bitconcatenate i9 @_ssdm_op_BitConcatenate.i9.i6.i3, i6 %select_ln28_1, i3 0" [src/conv3.cpp:34]   --->   Operation 33 'bitconcatenate' 'tmp' <Predicate = (!icmp_ln28)> <Delay = 0.00>
ST_2 : Operation 34 [1/1] (0.00ns)   --->   "%tmp_1 = bitconcatenate i7 @_ssdm_op_BitConcatenate.i7.i6.i1, i6 %select_ln28_1, i1 0" [src/conv3.cpp:34]   --->   Operation 34 'bitconcatenate' 'tmp_1' <Predicate = (!icmp_ln28)> <Delay = 0.00>
ST_2 : Operation 35 [1/1] (0.00ns)   --->   "%zext_ln34 = zext i7 %tmp_1" [src/conv3.cpp:34]   --->   Operation 35 'zext' 'zext_ln34' <Predicate = (!icmp_ln28)> <Delay = 0.00>
ST_2 : Operation 36 [1/1] (0.00ns) (grouped into TernaryAdder)   --->   "%add_ln34 = add i9 %tmp, i9 %zext_ln34" [src/conv3.cpp:34]   --->   Operation 36 'add' 'add_ln34' <Predicate = (!icmp_ln28)> <Delay = 0.00> <CoreInst = "TAddSub">   --->   Core 10 'TAddSub' <Latency = 0> <II = 1> <Delay = 1.84> <IPBlock> <Opcode : '' 'add' 'sub'> <InPorts = 3> <OutPorts = 1> <Sync> <CReg>
ST_2 : Operation 37 [1/1] (0.00ns)   --->   "%zext_ln34_1 = zext i4 %select_ln28" [src/conv3.cpp:34]   --->   Operation 37 'zext' 'zext_ln34_1' <Predicate = (!icmp_ln28)> <Delay = 0.00>
ST_2 : Operation 38 [1/1] (3.69ns) (root node of TernaryAdder)   --->   "%add_ln34_1 = add i9 %add_ln34, i9 %zext_ln34_1" [src/conv3.cpp:34]   --->   Operation 38 'add' 'add_ln34_1' <Predicate = (!icmp_ln28)> <Delay = 3.69> <CoreInst = "TAddSub">   --->   Core 10 'TAddSub' <Latency = 0> <II = 1> <Delay = 1.84> <IPBlock> <Opcode : '' 'add' 'sub'> <InPorts = 3> <OutPorts = 1> <Sync> <CReg>
ST_2 : Operation 39 [1/1] (7.30ns)   --->   "%AXI_IN_addr_read = read i64 @_ssdm_op_Read.m_axi.p1i64, i64 %AXI_IN_addr" [src/conv3.cpp:34]   --->   Operation 39 'read' 'AXI_IN_addr_read' <Predicate = (!icmp_ln28)> <Delay = 7.30> <CoreInst = "m_axi">   --->   Core 111 'm_axi' <Latency = 3> <II = 1> <Delay = 1.00> <Adapter> <Opcode : 'read' 'write' 'readreq' 'writereq' 'writeresp'>
ST_2 : Operation 40 [1/1] (0.00ns)   --->   "%trunc_ln34 = trunc i64 %AXI_IN_addr_read" [src/conv3.cpp:34]   --->   Operation 40 'trunc' 'trunc_ln34' <Predicate = (!icmp_ln28)> <Delay = 0.00>
ST_2 : Operation 41 [1/1] (0.00ns)   --->   "%trunc_ln34_1 = partselect i32 @_ssdm_op_PartSelect.i32.i64.i32.i32, i64 %AXI_IN_addr_read, i32 32, i32 63" [src/conv3.cpp:34]   --->   Operation 41 'partselect' 'trunc_ln34_1' <Predicate = (!icmp_ln28)> <Delay = 0.00>
ST_2 : Operation 42 [1/1] (1.73ns)   --->   "%add_ln30 = add i4 %select_ln28, i4 1" [src/conv3.cpp:30]   --->   Operation 42 'add' 'add_ln30' <Predicate = (!icmp_ln28)> <Delay = 1.73> <CoreInst = "Adder">   --->   Core 1 'Adder' <Latency = 0> <II = 1> <Delay = 1.73> <FuncUnit> <Opcode : 'add' 'sub'> <InPorts = 2> <OutPorts = 1>
ST_2 : Operation 43 [1/1] (1.58ns)   --->   "%store_ln28 = store i6 %select_ln28_1, i6 %ic" [src/conv3.cpp:28]   --->   Operation 43 'store' 'store_ln28' <Predicate = (!icmp_ln28)> <Delay = 1.58>
ST_2 : Operation 44 [1/1] (1.58ns)   --->   "%store_ln30 = store i4 %add_ln30, i4 %iy" [src/conv3.cpp:30]   --->   Operation 44 'store' 'store_ln30' <Predicate = (!icmp_ln28)> <Delay = 1.58>
ST_2 : Operation 99 [1/1] (1.58ns)   --->   "%ret_ln0 = ret"   --->   Operation 99 'ret' 'ret_ln0' <Predicate = (icmp_ln28)> <Delay = 1.58>

State 3 <SV = 2> <Delay = 7.30>
ST_3 : Operation 45 [1/1] (0.00ns)   --->   "%tmp_2 = bitconcatenate i11 @_ssdm_op_BitConcatenate.i11.i9.i2, i9 %add_ln34_1, i2 0" [src/conv3.cpp:34]   --->   Operation 45 'bitconcatenate' 'tmp_2' <Predicate = (!icmp_ln28)> <Delay = 0.00>
ST_3 : Operation 46 [1/1] (0.00ns)   --->   "%zext_ln34_2 = zext i11 %tmp_2" [src/conv3.cpp:34]   --->   Operation 46 'zext' 'zext_ln34_2' <Predicate = (!icmp_ln28)> <Delay = 0.00>
ST_3 : Operation 47 [1/1] (0.00ns)   --->   "%in_buf_addr = getelementptr i32 %in_buf, i64 0, i64 %zext_ln34_2" [src/conv3.cpp:34]   --->   Operation 47 'getelementptr' 'in_buf_addr' <Predicate = (!icmp_ln28)> <Delay = 0.00>
ST_3 : Operation 48 [1/1] (0.00ns)   --->   "%in_buf_1_addr = getelementptr i32 %in_buf_1, i64 0, i64 %zext_ln34_2" [src/conv3.cpp:34]   --->   Operation 48 'getelementptr' 'in_buf_1_addr' <Predicate = (!icmp_ln28)> <Delay = 0.00>
ST_3 : Operation 49 [1/1] (0.00ns)   --->   "%bitcast_ln34 = bitcast i32 %trunc_ln34" [src/conv3.cpp:34]   --->   Operation 49 'bitcast' 'bitcast_ln34' <Predicate = (!icmp_ln28)> <Delay = 0.00>
ST_3 : Operation 50 [1/1] (0.00ns)   --->   "%bitcast_ln34_1 = bitcast i32 %trunc_ln34_1" [src/conv3.cpp:34]   --->   Operation 50 'bitcast' 'bitcast_ln34_1' <Predicate = (!icmp_ln28)> <Delay = 0.00>
ST_3 : Operation 51 [1/1] (7.30ns)   --->   "%AXI_IN_addr_read_1 = read i64 @_ssdm_op_Read.m_axi.p1i64, i64 %AXI_IN_addr" [src/conv3.cpp:34]   --->   Operation 51 'read' 'AXI_IN_addr_read_1' <Predicate = (!icmp_ln28)> <Delay = 7.30> <CoreInst = "m_axi">   --->   Core 111 'm_axi' <Latency = 3> <II = 1> <Delay = 1.00> <Adapter> <Opcode : 'read' 'write' 'readreq' 'writereq' 'writeresp'>
ST_3 : Operation 52 [1/1] (0.00ns)   --->   "%trunc_ln34_2 = trunc i64 %AXI_IN_addr_read_1" [src/conv3.cpp:34]   --->   Operation 52 'trunc' 'trunc_ln34_2' <Predicate = (!icmp_ln28)> <Delay = 0.00>
ST_3 : Operation 53 [1/1] (0.00ns)   --->   "%trunc_ln34_3 = partselect i32 @_ssdm_op_PartSelect.i32.i64.i32.i32, i64 %AXI_IN_addr_read_1, i32 32, i32 63" [src/conv3.cpp:34]   --->   Operation 53 'partselect' 'trunc_ln34_3' <Predicate = (!icmp_ln28)> <Delay = 0.00>
ST_3 : Operation 54 [1/1] ( I:3.25ns O:3.25ns )   --->   "%store_ln34 = store i32 %bitcast_ln34, i11 %in_buf_addr" [src/conv3.cpp:34]   --->   Operation 54 'store' 'store_ln34' <Predicate = (!icmp_ln28)> <Delay = 3.25> <CoreInst = "RAM">   --->   Core 81 'RAM' <Latency = 1> <II = 1> <Delay = 3.25> <Storage> <Opcode : 'load' 'store'> <Ports = 2> <Width = 32> <Depth = 1280> <RAM>
ST_3 : Operation 55 [1/1] ( I:3.25ns O:3.25ns )   --->   "%store_ln34 = store i32 %bitcast_ln34_1, i11 %in_buf_1_addr" [src/conv3.cpp:34]   --->   Operation 55 'store' 'store_ln34' <Predicate = (!icmp_ln28)> <Delay = 3.25> <CoreInst = "RAM">   --->   Core 81 'RAM' <Latency = 1> <II = 1> <Delay = 3.25> <Storage> <Opcode : 'load' 'store'> <Ports = 2> <Width = 32> <Depth = 1280> <RAM>

State 4 <SV = 3> <Delay = 7.30>
ST_4 : Operation 56 [1/1] (0.00ns)   --->   "%tmp_5 = bitconcatenate i11 @_ssdm_op_BitConcatenate.i11.i9.i2, i9 %add_ln34_1, i2 1" [src/conv3.cpp:34]   --->   Operation 56 'bitconcatenate' 'tmp_5' <Predicate = (!icmp_ln28)> <Delay = 0.00>
ST_4 : Operation 57 [1/1] (0.00ns)   --->   "%zext_ln34_3 = zext i11 %tmp_5" [src/conv3.cpp:34]   --->   Operation 57 'zext' 'zext_ln34_3' <Predicate = (!icmp_ln28)> <Delay = 0.00>
ST_4 : Operation 58 [1/1] (0.00ns)   --->   "%in_buf_addr_1 = getelementptr i32 %in_buf, i64 0, i64 %zext_ln34_3" [src/conv3.cpp:34]   --->   Operation 58 'getelementptr' 'in_buf_addr_1' <Predicate = (!icmp_ln28)> <Delay = 0.00>
ST_4 : Operation 59 [1/1] (0.00ns)   --->   "%in_buf_2_addr = getelementptr i32 %in_buf_2, i64 0, i64 %zext_ln34_2" [src/conv3.cpp:34]   --->   Operation 59 'getelementptr' 'in_buf_2_addr' <Predicate = (!icmp_ln28)> <Delay = 0.00>
ST_4 : Operation 60 [1/1] (0.00ns)   --->   "%bitcast_ln34_2 = bitcast i32 %trunc_ln34_2" [src/conv3.cpp:34]   --->   Operation 60 'bitcast' 'bitcast_ln34_2' <Predicate = (!icmp_ln28)> <Delay = 0.00>
ST_4 : Operation 61 [1/1] (0.00ns)   --->   "%bitcast_ln34_3 = bitcast i32 %trunc_ln34_3" [src/conv3.cpp:34]   --->   Operation 61 'bitcast' 'bitcast_ln34_3' <Predicate = (!icmp_ln28)> <Delay = 0.00>
ST_4 : Operation 62 [1/1] (7.30ns)   --->   "%AXI_IN_addr_read_2 = read i64 @_ssdm_op_Read.m_axi.p1i64, i64 %AXI_IN_addr" [src/conv3.cpp:34]   --->   Operation 62 'read' 'AXI_IN_addr_read_2' <Predicate = (!icmp_ln28)> <Delay = 7.30> <CoreInst = "m_axi">   --->   Core 111 'm_axi' <Latency = 3> <II = 1> <Delay = 1.00> <Adapter> <Opcode : 'read' 'write' 'readreq' 'writereq' 'writeresp'>
ST_4 : Operation 63 [1/1] (0.00ns)   --->   "%trunc_ln34_4 = trunc i64 %AXI_IN_addr_read_2" [src/conv3.cpp:34]   --->   Operation 63 'trunc' 'trunc_ln34_4' <Predicate = (!icmp_ln28)> <Delay = 0.00>
ST_4 : Operation 64 [1/1] (0.00ns)   --->   "%trunc_ln34_5 = partselect i32 @_ssdm_op_PartSelect.i32.i64.i32.i32, i64 %AXI_IN_addr_read_2, i32 32, i32 63" [src/conv3.cpp:34]   --->   Operation 64 'partselect' 'trunc_ln34_5' <Predicate = (!icmp_ln28)> <Delay = 0.00>
ST_4 : Operation 65 [1/1] ( I:3.25ns O:3.25ns )   --->   "%store_ln34 = store i32 %bitcast_ln34_3, i11 %in_buf_addr_1" [src/conv3.cpp:34]   --->   Operation 65 'store' 'store_ln34' <Predicate = (!icmp_ln28)> <Delay = 3.25> <CoreInst = "RAM">   --->   Core 81 'RAM' <Latency = 1> <II = 1> <Delay = 3.25> <Storage> <Opcode : 'load' 'store'> <Ports = 2> <Width = 32> <Depth = 1280> <RAM>
ST_4 : Operation 66 [1/1] ( I:3.25ns O:3.25ns )   --->   "%store_ln34 = store i32 %bitcast_ln34_2, i11 %in_buf_2_addr" [src/conv3.cpp:34]   --->   Operation 66 'store' 'store_ln34' <Predicate = (!icmp_ln28)> <Delay = 3.25> <CoreInst = "RAM">   --->   Core 81 'RAM' <Latency = 1> <II = 1> <Delay = 3.25> <Storage> <Opcode : 'load' 'store'> <Ports = 2> <Width = 32> <Depth = 1280> <RAM>

State 5 <SV = 4> <Delay = 7.30>
ST_5 : Operation 67 [1/1] (0.00ns)   --->   "%in_buf_1_addr_1 = getelementptr i32 %in_buf_1, i64 0, i64 %zext_ln34_3" [src/conv3.cpp:34]   --->   Operation 67 'getelementptr' 'in_buf_1_addr_1' <Predicate = (!icmp_ln28)> <Delay = 0.00>
ST_5 : Operation 68 [1/1] (0.00ns)   --->   "%in_buf_2_addr_1 = getelementptr i32 %in_buf_2, i64 0, i64 %zext_ln34_3" [src/conv3.cpp:34]   --->   Operation 68 'getelementptr' 'in_buf_2_addr_1' <Predicate = (!icmp_ln28)> <Delay = 0.00>
ST_5 : Operation 69 [1/1] (0.00ns)   --->   "%bitcast_ln34_4 = bitcast i32 %trunc_ln34_4" [src/conv3.cpp:34]   --->   Operation 69 'bitcast' 'bitcast_ln34_4' <Predicate = (!icmp_ln28)> <Delay = 0.00>
ST_5 : Operation 70 [1/1] (0.00ns)   --->   "%bitcast_ln34_5 = bitcast i32 %trunc_ln34_5" [src/conv3.cpp:34]   --->   Operation 70 'bitcast' 'bitcast_ln34_5' <Predicate = (!icmp_ln28)> <Delay = 0.00>
ST_5 : Operation 71 [1/1] (7.30ns)   --->   "%AXI_IN_addr_read_3 = read i64 @_ssdm_op_Read.m_axi.p1i64, i64 %AXI_IN_addr" [src/conv3.cpp:34]   --->   Operation 71 'read' 'AXI_IN_addr_read_3' <Predicate = (!icmp_ln28)> <Delay = 7.30> <CoreInst = "m_axi">   --->   Core 111 'm_axi' <Latency = 3> <II = 1> <Delay = 1.00> <Adapter> <Opcode : 'read' 'write' 'readreq' 'writereq' 'writeresp'>
ST_5 : Operation 72 [1/1] (0.00ns)   --->   "%trunc_ln34_6 = trunc i64 %AXI_IN_addr_read_3" [src/conv3.cpp:34]   --->   Operation 72 'trunc' 'trunc_ln34_6' <Predicate = (!icmp_ln28)> <Delay = 0.00>
ST_5 : Operation 73 [1/1] (0.00ns)   --->   "%trunc_ln34_7 = partselect i32 @_ssdm_op_PartSelect.i32.i64.i32.i32, i64 %AXI_IN_addr_read_3, i32 32, i32 63" [src/conv3.cpp:34]   --->   Operation 73 'partselect' 'trunc_ln34_7' <Predicate = (!icmp_ln28)> <Delay = 0.00>
ST_5 : Operation 74 [1/1] ( I:3.25ns O:3.25ns )   --->   "%store_ln34 = store i32 %bitcast_ln34_4, i11 %in_buf_1_addr_1" [src/conv3.cpp:34]   --->   Operation 74 'store' 'store_ln34' <Predicate = (!icmp_ln28)> <Delay = 3.25> <CoreInst = "RAM">   --->   Core 81 'RAM' <Latency = 1> <II = 1> <Delay = 3.25> <Storage> <Opcode : 'load' 'store'> <Ports = 2> <Width = 32> <Depth = 1280> <RAM>
ST_5 : Operation 75 [1/1] ( I:3.25ns O:3.25ns )   --->   "%store_ln34 = store i32 %bitcast_ln34_5, i11 %in_buf_2_addr_1" [src/conv3.cpp:34]   --->   Operation 75 'store' 'store_ln34' <Predicate = (!icmp_ln28)> <Delay = 3.25> <CoreInst = "RAM">   --->   Core 81 'RAM' <Latency = 1> <II = 1> <Delay = 3.25> <Storage> <Opcode : 'load' 'store'> <Ports = 2> <Width = 32> <Depth = 1280> <RAM>

State 6 <SV = 5> <Delay = 7.30>
ST_6 : Operation 76 [1/1] (0.00ns)   --->   "%tmp_6 = bitconcatenate i11 @_ssdm_op_BitConcatenate.i11.i9.i2, i9 %add_ln34_1, i2 2" [src/conv3.cpp:34]   --->   Operation 76 'bitconcatenate' 'tmp_6' <Predicate = true> <Delay = 0.00>
ST_6 : Operation 77 [1/1] (0.00ns)   --->   "%zext_ln34_4 = zext i11 %tmp_6" [src/conv3.cpp:34]   --->   Operation 77 'zext' 'zext_ln34_4' <Predicate = true> <Delay = 0.00>
ST_6 : Operation 78 [1/1] (0.00ns)   --->   "%in_buf_addr_2 = getelementptr i32 %in_buf, i64 0, i64 %zext_ln34_4" [src/conv3.cpp:34]   --->   Operation 78 'getelementptr' 'in_buf_addr_2' <Predicate = true> <Delay = 0.00>
ST_6 : Operation 79 [1/1] (0.00ns)   --->   "%in_buf_1_addr_2 = getelementptr i32 %in_buf_1, i64 0, i64 %zext_ln34_4" [src/conv3.cpp:34]   --->   Operation 79 'getelementptr' 'in_buf_1_addr_2' <Predicate = true> <Delay = 0.00>
ST_6 : Operation 80 [1/1] (0.00ns)   --->   "%bitcast_ln34_6 = bitcast i32 %trunc_ln34_6" [src/conv3.cpp:34]   --->   Operation 80 'bitcast' 'bitcast_ln34_6' <Predicate = true> <Delay = 0.00>
ST_6 : Operation 81 [1/1] (0.00ns)   --->   "%bitcast_ln34_7 = bitcast i32 %trunc_ln34_7" [src/conv3.cpp:34]   --->   Operation 81 'bitcast' 'bitcast_ln34_7' <Predicate = true> <Delay = 0.00>
ST_6 : Operation 82 [1/1] (7.30ns)   --->   "%AXI_IN_addr_read_4 = read i64 @_ssdm_op_Read.m_axi.p1i64, i64 %AXI_IN_addr" [src/conv3.cpp:34]   --->   Operation 82 'read' 'AXI_IN_addr_read_4' <Predicate = true> <Delay = 7.30> <CoreInst = "m_axi">   --->   Core 111 'm_axi' <Latency = 3> <II = 1> <Delay = 1.00> <Adapter> <Opcode : 'read' 'write' 'readreq' 'writereq' 'writeresp'>
ST_6 : Operation 83 [1/1] (0.00ns)   --->   "%trunc_ln34_8 = trunc i64 %AXI_IN_addr_read_4" [src/conv3.cpp:34]   --->   Operation 83 'trunc' 'trunc_ln34_8' <Predicate = true> <Delay = 0.00>
ST_6 : Operation 84 [1/1] (0.00ns)   --->   "%trunc_ln34_9 = partselect i32 @_ssdm_op_PartSelect.i32.i64.i32.i32, i64 %AXI_IN_addr_read_4, i32 32, i32 63" [src/conv3.cpp:34]   --->   Operation 84 'partselect' 'trunc_ln34_9' <Predicate = true> <Delay = 0.00>
ST_6 : Operation 85 [1/1] ( I:3.25ns O:3.25ns )   --->   "%store_ln34 = store i32 %bitcast_ln34_6, i11 %in_buf_addr_2" [src/conv3.cpp:34]   --->   Operation 85 'store' 'store_ln34' <Predicate = true> <Delay = 3.25> <CoreInst = "RAM">   --->   Core 81 'RAM' <Latency = 1> <II = 1> <Delay = 3.25> <Storage> <Opcode : 'load' 'store'> <Ports = 2> <Width = 32> <Depth = 1280> <RAM>
ST_6 : Operation 86 [1/1] ( I:3.25ns O:3.25ns )   --->   "%store_ln34 = store i32 %bitcast_ln34_7, i11 %in_buf_1_addr_2" [src/conv3.cpp:34]   --->   Operation 86 'store' 'store_ln34' <Predicate = true> <Delay = 3.25> <CoreInst = "RAM">   --->   Core 81 'RAM' <Latency = 1> <II = 1> <Delay = 3.25> <Storage> <Opcode : 'load' 'store'> <Ports = 2> <Width = 32> <Depth = 1280> <RAM>

State 7 <SV = 6> <Delay = 3.25>
ST_7 : Operation 87 [1/1] (0.00ns)   --->   "%specloopname_ln0 = specloopname void @_ssdm_op_SpecLoopName, void @LOAD_IC_LOAD_IY_str"   --->   Operation 87 'specloopname' 'specloopname_ln0' <Predicate = true> <Delay = 0.00>
ST_7 : Operation 88 [1/1] (0.00ns)   --->   "%speclooptripcount_ln0 = speclooptripcount void @_ssdm_op_SpecLoopTripCount, i64 320, i64 320, i64 320"   --->   Operation 88 'speclooptripcount' 'speclooptripcount_ln0' <Predicate = true> <Delay = 0.00>
ST_7 : Operation 89 [1/1] (0.00ns)   --->   "%tmp_7 = bitconcatenate i11 @_ssdm_op_BitConcatenate.i11.i9.i2, i9 %add_ln34_1, i2 3" [src/conv3.cpp:34]   --->   Operation 89 'bitconcatenate' 'tmp_7' <Predicate = true> <Delay = 0.00>
ST_7 : Operation 90 [1/1] (0.00ns)   --->   "%zext_ln34_5 = zext i11 %tmp_7" [src/conv3.cpp:34]   --->   Operation 90 'zext' 'zext_ln34_5' <Predicate = true> <Delay = 0.00>
ST_7 : Operation 91 [1/1] (0.00ns)   --->   "%in_buf_addr_3 = getelementptr i32 %in_buf, i64 0, i64 %zext_ln34_5" [src/conv3.cpp:34]   --->   Operation 91 'getelementptr' 'in_buf_addr_3' <Predicate = true> <Delay = 0.00>
ST_7 : Operation 92 [1/1] (0.00ns)   --->   "%in_buf_2_addr_2 = getelementptr i32 %in_buf_2, i64 0, i64 %zext_ln34_4" [src/conv3.cpp:34]   --->   Operation 92 'getelementptr' 'in_buf_2_addr_2' <Predicate = true> <Delay = 0.00>
ST_7 : Operation 93 [1/1] (0.00ns)   --->   "%specpipeline_ln31 = specpipeline void @_ssdm_op_SpecPipeline, i32 1, i32 0, i32 0, i32 0, void @empty" [src/conv3.cpp:31]   --->   Operation 93 'specpipeline' 'specpipeline_ln31' <Predicate = true> <Delay = 0.00>
ST_7 : Operation 94 [1/1] (0.00ns)   --->   "%bitcast_ln34_8 = bitcast i32 %trunc_ln34_8" [src/conv3.cpp:34]   --->   Operation 94 'bitcast' 'bitcast_ln34_8' <Predicate = true> <Delay = 0.00>
ST_7 : Operation 95 [1/1] (0.00ns)   --->   "%bitcast_ln34_9 = bitcast i32 %trunc_ln34_9" [src/conv3.cpp:34]   --->   Operation 95 'bitcast' 'bitcast_ln34_9' <Predicate = true> <Delay = 0.00>
ST_7 : Operation 96 [1/1] ( I:3.25ns O:3.25ns )   --->   "%store_ln34 = store i32 %bitcast_ln34_9, i11 %in_buf_addr_3" [src/conv3.cpp:34]   --->   Operation 96 'store' 'store_ln34' <Predicate = true> <Delay = 3.25> <CoreInst = "RAM">   --->   Core 81 'RAM' <Latency = 1> <II = 1> <Delay = 3.25> <Storage> <Opcode : 'load' 'store'> <Ports = 2> <Width = 32> <Depth = 1280> <RAM>
ST_7 : Operation 97 [1/1] ( I:3.25ns O:3.25ns )   --->   "%store_ln34 = store i32 %bitcast_ln34_8, i11 %in_buf_2_addr_2" [src/conv3.cpp:34]   --->   Operation 97 'store' 'store_ln34' <Predicate = true> <Delay = 3.25> <CoreInst = "RAM">   --->   Core 81 'RAM' <Latency = 1> <II = 1> <Delay = 3.25> <Storage> <Opcode : 'load' 'store'> <Ports = 2> <Width = 32> <Depth = 1280> <RAM>
ST_7 : Operation 98 [1/1] (0.00ns)   --->   "%br_ln30 = br void %LOAD_IX" [src/conv3.cpp:30]   --->   Operation 98 'br' 'br_ln30' <Predicate = true> <Delay = 0.00>


============================================================
+ Verbose Summary: Binding
============================================================
STG Binding: 
---------------- STG Properties BEGIN ----------------
- Is combinational: 0
- Is one-state seq: 0
- Is datapath-only: 0
- Is pipelined: 0
- Is top level: 0
Port [ Return ] is wired: 1; IO mode=ap_ctrl_hs:ce=0
Port [ AXI_IN]:  wired=1; compound=1; hidden=0; nouse=0; global=0; static=0; extern=0; dir=0; type=4; pingpong=0; private_global=0; IO mode=m_axi:ce=0
Port [ sext_ln28]:  wired=1; compound=0; hidden=0; nouse=0; global=0; static=0; extern=0; dir=0; type=0; pingpong=0; private_global=0; IO mode=ap_none:ce=0
Port [ in_buf]:  wired=1; compound=1; hidden=0; nouse=0; global=0; static=0; extern=0; dir=1; type=1; pingpong=0; private_global=0; MemPort=[03]; IO mode=ap_memory:ce=0
Port [ in_buf_1]:  wired=1; compound=1; hidden=0; nouse=0; global=0; static=0; extern=0; dir=1; type=1; pingpong=0; private_global=0; MemPort=[03]; IO mode=ap_memory:ce=0
Port [ in_buf_2]:  wired=1; compound=1; hidden=0; nouse=0; global=0; static=0; extern=0; dir=1; type=1; pingpong=0; private_global=0; MemPort=[03]; IO mode=ap_memory:ce=0
---------------- STG Properties END ------------------

---------------- Datapath Model BEGIN ----------------

<LifeTime>
<method=bitvector/>
iy                    (alloca           ) [ 01100000]
ic                    (alloca           ) [ 01100000]
indvar_flatten        (alloca           ) [ 01000000]
sext_ln28_read        (read             ) [ 00000000]
sext_ln28_cast        (sext             ) [ 00100000]
specinterface_ln0     (specinterface    ) [ 00000000]
store_ln0             (store            ) [ 00000000]
store_ln28            (store            ) [ 00000000]
store_ln30            (store            ) [ 00000000]
br_ln0                (br               ) [ 00000000]
indvar_flatten_load   (load             ) [ 00000000]
specbitsmap_ln0       (specbitsmap      ) [ 00000000]
icmp_ln28             (icmp             ) [ 01111100]
add_ln28_1            (add              ) [ 00000000]
br_ln28               (br               ) [ 00000000]
store_ln28            (store            ) [ 00000000]
iy_load               (load             ) [ 00000000]
ic_load               (load             ) [ 00000000]
AXI_IN_addr           (getelementptr    ) [ 01011110]
add_ln28              (add              ) [ 00000000]
icmp_ln30             (icmp             ) [ 00000000]
select_ln28           (select           ) [ 00000000]
select_ln28_1         (select           ) [ 00000000]
tmp                   (bitconcatenate   ) [ 00000000]
tmp_1                 (bitconcatenate   ) [ 00000000]
zext_ln34             (zext             ) [ 00000000]
add_ln34              (add              ) [ 00000000]
zext_ln34_1           (zext             ) [ 00000000]
add_ln34_1            (add              ) [ 01111111]
AXI_IN_addr_read      (read             ) [ 00000000]
trunc_ln34            (trunc            ) [ 00010000]
trunc_ln34_1          (partselect       ) [ 00010000]
add_ln30              (add              ) [ 00000000]
store_ln28            (store            ) [ 00000000]
store_ln30            (store            ) [ 00000000]
tmp_2                 (bitconcatenate   ) [ 00000000]
zext_ln34_2           (zext             ) [ 00001000]
in_buf_addr           (getelementptr    ) [ 00000000]
in_buf_1_addr         (getelementptr    ) [ 00000000]
bitcast_ln34          (bitcast          ) [ 00000000]
bitcast_ln34_1        (bitcast          ) [ 00000000]
AXI_IN_addr_read_1    (read             ) [ 00000000]
trunc_ln34_2          (trunc            ) [ 00001000]
trunc_ln34_3          (partselect       ) [ 00001000]
store_ln34            (store            ) [ 00000000]
store_ln34            (store            ) [ 00000000]
tmp_5                 (bitconcatenate   ) [ 00000000]
zext_ln34_3           (zext             ) [ 00000100]
in_buf_addr_1         (getelementptr    ) [ 00000000]
in_buf_2_addr         (getelementptr    ) [ 00000000]
bitcast_ln34_2        (bitcast          ) [ 00000000]
bitcast_ln34_3        (bitcast          ) [ 00000000]
AXI_IN_addr_read_2    (read             ) [ 00000000]
trunc_ln34_4          (trunc            ) [ 00000100]
trunc_ln34_5          (partselect       ) [ 00000100]
store_ln34            (store            ) [ 00000000]
store_ln34            (store            ) [ 00000000]
in_buf_1_addr_1       (getelementptr    ) [ 00000000]
in_buf_2_addr_1       (getelementptr    ) [ 00000000]
bitcast_ln34_4        (bitcast          ) [ 00000000]
bitcast_ln34_5        (bitcast          ) [ 00000000]
AXI_IN_addr_read_3    (read             ) [ 00000000]
trunc_ln34_6          (trunc            ) [ 01000010]
trunc_ln34_7          (partselect       ) [ 01000010]
store_ln34            (store            ) [ 00000000]
store_ln34            (store            ) [ 00000000]
tmp_6                 (bitconcatenate   ) [ 00000000]
zext_ln34_4           (zext             ) [ 00100001]
in_buf_addr_2         (getelementptr    ) [ 00000000]
in_buf_1_addr_2       (getelementptr    ) [ 00000000]
bitcast_ln34_6        (bitcast          ) [ 00000000]
bitcast_ln34_7        (bitcast          ) [ 00000000]
AXI_IN_addr_read_4    (read             ) [ 00000000]
trunc_ln34_8          (trunc            ) [ 00100001]
trunc_ln34_9          (partselect       ) [ 00100001]
store_ln34            (store            ) [ 00000000]
store_ln34            (store            ) [ 00000000]
specloopname_ln0      (specloopname     ) [ 00000000]
speclooptripcount_ln0 (speclooptripcount) [ 00000000]
tmp_7                 (bitconcatenate   ) [ 00000000]
zext_ln34_5           (zext             ) [ 00000000]
in_buf_addr_3         (getelementptr    ) [ 00000000]
in_buf_2_addr_2       (getelementptr    ) [ 00000000]
specpipeline_ln31     (specpipeline     ) [ 00000000]
bitcast_ln34_8        (bitcast          ) [ 00000000]
bitcast_ln34_9        (bitcast          ) [ 00000000]
store_ln34            (store            ) [ 00000000]
store_ln34            (store            ) [ 00000000]
br_ln30               (br               ) [ 00000000]
ret_ln0               (ret              ) [ 00000000]
</LifeTime>

<model>

<comp_list>
<comp id="0" class="1000" name="AXI_IN">
<pin_list>
<pin id="1" dir="1" index="0" bw="1" slack="0"/>
</pin_list>
<bind>
<StgValue><ssdm name="AXI_IN"/><MemPortTyVec>0 </MemPortTyVec>
</StgValue>
</bind>
</comp>

<comp id="2" class="1000" name="sext_ln28">
<pin_list>
<pin id="3" dir="1" index="0" bw="1" slack="0"/>
</pin_list>
<bind>
<StgValue><ssdm name="sext_ln28"/></StgValue>
</bind>
</comp>

<comp id="4" class="1000" name="in_buf">
<pin_list>
<pin id="5" dir="1" index="0" bw="1" slack="0"/>
</pin_list>
<bind>
<StgValue><ssdm name="in_buf"/><MemPortTyVec>0 3 </MemPortTyVec>
</StgValue>
</bind>
</comp>

<comp id="6" class="1000" name="in_buf_1">
<pin_list>
<pin id="7" dir="1" index="0" bw="1" slack="0"/>
</pin_list>
<bind>
<StgValue><ssdm name="in_buf_1"/><MemPortTyVec>0 3 </MemPortTyVec>
</StgValue>
</bind>
</comp>

<comp id="8" class="1000" name="in_buf_2">
<pin_list>
<pin id="9" dir="1" index="0" bw="1" slack="0"/>
</pin_list>
<bind>
<StgValue><ssdm name="in_buf_2"/><MemPortTyVec>0 3 </MemPortTyVec>
</StgValue>
</bind>
</comp>

<comp id="10" class="1001" name="const_10">
<pin_list>
<pin id="11" dir="1" index="0" bw="1" slack="0"/>
</pin_list>
<bind>
<StgValue><ssdm name=""/></StgValue>
</bind>
</comp>

<comp id="12" class="1001" name="const_12">
<pin_list>
<pin id="13" dir="1" index="0" bw="1" slack="0"/>
</pin_list>
<bind>
<StgValue><ssdm name="_ssdm_op_Read.ap_auto.i61"/></StgValue>
</bind>
</comp>

<comp id="14" class="1001" name="const_14">
<pin_list>
<pin id="15" dir="1" index="0" bw="1" slack="2147483647"/>
</pin_list>
<bind>
<StgValue><ssdm name="_ssdm_op_SpecInterface"/></StgValue>
</bind>
</comp>

<comp id="16" class="1001" name="const_16">
<pin_list>
<pin id="17" dir="1" index="0" bw="1" slack="2147483647"/>
</pin_list>
<bind>
<StgValue><ssdm name="empty_8"/></StgValue>
</bind>
</comp>

<comp id="18" class="1001" name="const_18">
<pin_list>
<pin id="19" dir="1" index="0" bw="1" slack="2147483647"/>
</pin_list>
<bind>
<StgValue><ssdm name=""/></StgValue>
</bind>
</comp>

<comp id="20" class="1001" name="const_20">
<pin_list>
<pin id="21" dir="1" index="0" bw="1" slack="2147483647"/>
</pin_list>
<bind>
<StgValue><ssdm name="empty"/></StgValue>
</bind>
</comp>

<comp id="22" class="1001" name="const_22">
<pin_list>
<pin id="23" dir="1" index="0" bw="1" slack="2147483647"/>
</pin_list>
<bind>
<StgValue><ssdm name=""/></StgValue>
</bind>
</comp>

<comp id="24" class="1001" name="const_24">
<pin_list>
<pin id="25" dir="1" index="0" bw="1" slack="2147483647"/>
</pin_list>
<bind>
<StgValue><ssdm name=""/></StgValue>
</bind>
</comp>

<comp id="26" class="1001" name="const_26">
<pin_list>
<pin id="27" dir="1" index="0" bw="1" slack="2147483647"/>
</pin_list>
<bind>
<StgValue><ssdm name="empty_0"/></StgValue>
</bind>
</comp>

<comp id="28" class="1001" name="const_28">
<pin_list>
<pin id="29" dir="1" index="0" bw="1" slack="2147483647"/>
</pin_list>
<bind>
<StgValue><ssdm name="empty_1"/></StgValue>
</bind>
</comp>

<comp id="30" class="1001" name="const_30">
<pin_list>
<pin id="31" dir="1" index="0" bw="1" slack="2147483647"/>
</pin_list>
<bind>
<StgValue><ssdm name=""/></StgValue>
</bind>
</comp>

<comp id="32" class="1001" name="const_32">
<pin_list>
<pin id="33" dir="1" index="0" bw="1" slack="2147483647"/>
</pin_list>
<bind>
<StgValue><ssdm name=""/></StgValue>
</bind>
</comp>

<comp id="34" class="1001" name="const_34">
<pin_list>
<pin id="35" dir="1" index="0" bw="1" slack="0"/>
</pin_list>
<bind>
<StgValue><ssdm name=""/></StgValue>
</bind>
</comp>

<comp id="36" class="1001" name="const_36">
<pin_list>
<pin id="37" dir="1" index="0" bw="1" slack="0"/>
</pin_list>
<bind>
<StgValue><ssdm name=""/></StgValue>
</bind>
</comp>

<comp id="38" class="1001" name="const_38">
<pin_list>
<pin id="39" dir="1" index="0" bw="1" slack="0"/>
</pin_list>
<bind>
<StgValue><ssdm name=""/></StgValue>
</bind>
</comp>

<comp id="40" class="1001" name="const_40">
<pin_list>
<pin id="41" dir="1" index="0" bw="1" slack="2147483647"/>
</pin_list>
<bind>
<StgValue><ssdm name="_ssdm_op_SpecBitsMap"/></StgValue>
</bind>
</comp>

<comp id="42" class="1001" name="const_42">
<pin_list>
<pin id="43" dir="1" index="0" bw="1" slack="0"/>
</pin_list>
<bind>
<StgValue><ssdm name=""/></StgValue>
</bind>
</comp>

<comp id="44" class="1001" name="const_44">
<pin_list>
<pin id="45" dir="1" index="0" bw="1" slack="0"/>
</pin_list>
<bind>
<StgValue><ssdm name=""/></StgValue>
</bind>
</comp>

<comp id="46" class="1001" name="const_46">
<pin_list>
<pin id="47" dir="1" index="0" bw="1" slack="0"/>
</pin_list>
<bind>
<StgValue><ssdm name=""/></StgValue>
</bind>
</comp>

<comp id="48" class="1001" name="const_48">
<pin_list>
<pin id="49" dir="1" index="0" bw="1" slack="0"/>
</pin_list>
<bind>
<StgValue><ssdm name=""/></StgValue>
</bind>
</comp>

<comp id="50" class="1001" name="const_50">
<pin_list>
<pin id="51" dir="1" index="0" bw="1" slack="0"/>
</pin_list>
<bind>
<StgValue><ssdm name="_ssdm_op_BitConcatenate.i9.i6.i3"/></StgValue>
</bind>
</comp>

<comp id="52" class="1001" name="const_52">
<pin_list>
<pin id="53" dir="1" index="0" bw="1" slack="0"/>
</pin_list>
<bind>
<StgValue><ssdm name=""/></StgValue>
</bind>
</comp>

<comp id="54" class="1001" name="const_54">
<pin_list>
<pin id="55" dir="1" index="0" bw="1" slack="0"/>
</pin_list>
<bind>
<StgValue><ssdm name="_ssdm_op_BitConcatenate.i7.i6.i1"/></StgValue>
</bind>
</comp>

<comp id="56" class="1001" name="const_56">
<pin_list>
<pin id="57" dir="1" index="0" bw="1" slack="0"/>
</pin_list>
<bind>
<StgValue><ssdm name=""/></StgValue>
</bind>
</comp>

<comp id="58" class="1001" name="const_58">
<pin_list>
<pin id="59" dir="1" index="0" bw="1" slack="0"/>
</pin_list>
<bind>
<StgValue><ssdm name="_ssdm_op_Read.m_axi.p1i64"/></StgValue>
</bind>
</comp>

<comp id="60" class="1001" name="const_60">
<pin_list>
<pin id="61" dir="1" index="0" bw="1" slack="0"/>
</pin_list>
<bind>
<StgValue><ssdm name="_ssdm_op_PartSelect.i32.i64.i32.i32"/></StgValue>
</bind>
</comp>

<comp id="62" class="1001" name="const_62">
<pin_list>
<pin id="63" dir="1" index="0" bw="1" slack="0"/>
</pin_list>
<bind>
<StgValue><ssdm name=""/></StgValue>
</bind>
</comp>

<comp id="64" class="1001" name="const_64">
<pin_list>
<pin id="65" dir="1" index="0" bw="1" slack="0"/>
</pin_list>
<bind>
<StgValue><ssdm name=""/></StgValue>
</bind>
</comp>

<comp id="66" class="1001" name="const_66">
<pin_list>
<pin id="67" dir="1" index="0" bw="1" slack="0"/>
</pin_list>
<bind>
<StgValue><ssdm name=""/></StgValue>
</bind>
</comp>

<comp id="68" class="1001" name="const_68">
<pin_list>
<pin id="69" dir="1" index="0" bw="1" slack="0"/>
</pin_list>
<bind>
<StgValue><ssdm name="_ssdm_op_BitConcatenate.i11.i9.i2"/></StgValue>
</bind>
</comp>

<comp id="70" class="1001" name="const_70">
<pin_list>
<pin id="71" dir="1" index="0" bw="1" slack="0"/>
</pin_list>
<bind>
<StgValue><ssdm name=""/></StgValue>
</bind>
</comp>

<comp id="72" class="1001" name="const_72">
<pin_list>
<pin id="73" dir="1" index="0" bw="1" slack="0"/>
</pin_list>
<bind>
<StgValue><ssdm name=""/></StgValue>
</bind>
</comp>

<comp id="74" class="1001" name="const_74">
<pin_list>
<pin id="75" dir="1" index="0" bw="1" slack="0"/>
</pin_list>
<bind>
<StgValue><ssdm name=""/></StgValue>
</bind>
</comp>

<comp id="76" class="1001" name="const_76">
<pin_list>
<pin id="77" dir="1" index="0" bw="1" slack="0"/>
</pin_list>
<bind>
<StgValue><ssdm name=""/></StgValue>
</bind>
</comp>

<comp id="78" class="1001" name="const_78">
<pin_list>
<pin id="79" dir="1" index="0" bw="1" slack="2147483647"/>
</pin_list>
<bind>
<StgValue><ssdm name="_ssdm_op_SpecLoopName"/></StgValue>
</bind>
</comp>

<comp id="80" class="1001" name="const_80">
<pin_list>
<pin id="81" dir="1" index="0" bw="1" slack="2147483647"/>
</pin_list>
<bind>
<StgValue><ssdm name="LOAD_IC_LOAD_IY_str"/></StgValue>
</bind>
</comp>

<comp id="82" class="1001" name="const_82">
<pin_list>
<pin id="83" dir="1" index="0" bw="1" slack="2147483647"/>
</pin_list>
<bind>
<StgValue><ssdm name="_ssdm_op_SpecLoopTripCount"/></StgValue>
</bind>
</comp>

<comp id="84" class="1001" name="const_84">
<pin_list>
<pin id="85" dir="1" index="0" bw="1" slack="2147483647"/>
</pin_list>
<bind>
<StgValue><ssdm name=""/></StgValue>
</bind>
</comp>

<comp id="86" class="1001" name="const_86">
<pin_list>
<pin id="87" dir="1" index="0" bw="1" slack="0"/>
</pin_list>
<bind>
<StgValue><ssdm name=""/></StgValue>
</bind>
</comp>

<comp id="88" class="1001" name="const_88">
<pin_list>
<pin id="89" dir="1" index="0" bw="1" slack="2147483647"/>
</pin_list>
<bind>
<StgValue><ssdm name="_ssdm_op_SpecPipeline"/></StgValue>
</bind>
</comp>

<comp id="90" class="1004" name="iy_fu_90">
<pin_list>
<pin id="91" dir="0" index="0" bw="1" slack="0"/>
<pin id="92" dir="1" index="1" bw="4" slack="0"/>
</pin_list>
<bind>
<opcode="alloca(26) " fcode="alloca"/>
<opset="iy/1 "/>
</bind>
</comp>

<comp id="94" class="1004" name="ic_fu_94">
<pin_list>
<pin id="95" dir="0" index="0" bw="1" slack="0"/>
<pin id="96" dir="1" index="1" bw="6" slack="0"/>
</pin_list>
<bind>
<opcode="alloca(26) " fcode="alloca"/>
<opset="ic/1 "/>
</bind>
</comp>

<comp id="98" class="1004" name="indvar_flatten_fu_98">
<pin_list>
<pin id="99" dir="0" index="0" bw="1" slack="0"/>
<pin id="100" dir="1" index="1" bw="9" slack="0"/>
</pin_list>
<bind>
<opcode="alloca(26) " fcode="alloca"/>
<opset="indvar_flatten/1 "/>
</bind>
</comp>

<comp id="102" class="1004" name="sext_ln28_read_read_fu_102">
<pin_list>
<pin id="103" dir="0" index="0" bw="61" slack="0"/>
<pin id="104" dir="0" index="1" bw="61" slack="0"/>
<pin id="105" dir="1" index="2" bw="61" slack="0"/>
</pin_list>
<bind>
<opcode="read(1150) " fcode="read"/>
<opset="sext_ln28_read/1 "/>
</bind>
</comp>

<comp id="108" class="1004" name="grp_read_fu_108">
<pin_list>
<pin id="109" dir="0" index="0" bw="64" slack="0"/>
<pin id="110" dir="0" index="1" bw="64" slack="0"/>
<pin id="111" dir="1" index="2" bw="64" slack="0"/>
</pin_list>
<bind>
<opcode="read(1150) " fcode="read"/>
<opset="AXI_IN_addr_read/2 AXI_IN_addr_read_1/3 AXI_IN_addr_read_2/4 AXI_IN_addr_read_3/5 AXI_IN_addr_read_4/6 "/>
</bind>
</comp>

<comp id="113" class="1004" name="in_buf_addr_gep_fu_113">
<pin_list>
<pin id="114" dir="0" index="0" bw="32" slack="0"/>
<pin id="115" dir="0" index="1" bw="1" slack="0"/>
<pin id="116" dir="0" index="2" bw="11" slack="0"/>
<pin id="117" dir="1" index="3" bw="11" slack="0"/>
</pin_list>
<bind>
<opcode="getelementptr(29) " fcode="getelementptr"/>
<opset="in_buf_addr/3 "/>
</bind>
</comp>

<comp id="120" class="1004" name="in_buf_1_addr_gep_fu_120">
<pin_list>
<pin id="121" dir="0" index="0" bw="32" slack="0"/>
<pin id="122" dir="0" index="1" bw="1" slack="0"/>
<pin id="123" dir="0" index="2" bw="11" slack="0"/>
<pin id="124" dir="1" index="3" bw="11" slack="0"/>
</pin_list>
<bind>
<opcode="getelementptr(29) " fcode="getelementptr"/>
<opset="in_buf_1_addr/3 "/>
</bind>
</comp>

<comp id="127" class="1004" name="grp_access_fu_127">
<pin_list>
<pin id="128" dir="0" index="0" bw="11" slack="0"/>
<pin id="129" dir="0" index="1" bw="32" slack="0"/>
<pin id="130" dir="0" index="2" bw="0" slack="2147483647"/>
<pin id="131" dir="1" index="3" bw="32" slack="2147483647"/>
</pin_list>
<bind>
<opcode="store(28) " fcode="store"/>
<opset="store_ln34/3 store_ln34/4 store_ln34/6 store_ln34/7 "/>
</bind>
</comp>

<comp id="133" class="1004" name="grp_access_fu_133">
<pin_list>
<pin id="134" dir="0" index="0" bw="11" slack="0"/>
<pin id="135" dir="0" index="1" bw="32" slack="0"/>
<pin id="136" dir="0" index="2" bw="0" slack="2147483647"/>
<pin id="137" dir="1" index="3" bw="32" slack="2147483647"/>
</pin_list>
<bind>
<opcode="store(28) " fcode="store"/>
<opset="store_ln34/3 store_ln34/5 store_ln34/6 "/>
</bind>
</comp>

<comp id="139" class="1004" name="in_buf_addr_1_gep_fu_139">
<pin_list>
<pin id="140" dir="0" index="0" bw="32" slack="0"/>
<pin id="141" dir="0" index="1" bw="1" slack="0"/>
<pin id="142" dir="0" index="2" bw="11" slack="0"/>
<pin id="143" dir="1" index="3" bw="11" slack="0"/>
</pin_list>
<bind>
<opcode="getelementptr(29) " fcode="getelementptr"/>
<opset="in_buf_addr_1/4 "/>
</bind>
</comp>

<comp id="146" class="1004" name="in_buf_2_addr_gep_fu_146">
<pin_list>
<pin id="147" dir="0" index="0" bw="32" slack="0"/>
<pin id="148" dir="0" index="1" bw="1" slack="0"/>
<pin id="149" dir="0" index="2" bw="11" slack="1"/>
<pin id="150" dir="1" index="3" bw="11" slack="0"/>
</pin_list>
<bind>
<opcode="getelementptr(29) " fcode="getelementptr"/>
<opset="in_buf_2_addr/4 "/>
</bind>
</comp>

<comp id="154" class="1004" name="grp_access_fu_154">
<pin_list>
<pin id="155" dir="0" index="0" bw="11" slack="0"/>
<pin id="156" dir="0" index="1" bw="32" slack="0"/>
<pin id="157" dir="0" index="2" bw="0" slack="2147483647"/>
<pin id="158" dir="1" index="3" bw="32" slack="2147483647"/>
</pin_list>
<bind>
<opcode="store(28) " fcode="store"/>
<opset="store_ln34/4 store_ln34/5 store_ln34/7 "/>
</bind>
</comp>

<comp id="160" class="1004" name="in_buf_1_addr_1_gep_fu_160">
<pin_list>
<pin id="161" dir="0" index="0" bw="32" slack="0"/>
<pin id="162" dir="0" index="1" bw="1" slack="0"/>
<pin id="163" dir="0" index="2" bw="11" slack="1"/>
<pin id="164" dir="1" index="3" bw="11" slack="0"/>
</pin_list>
<bind>
<opcode="getelementptr(29) " fcode="getelementptr"/>
<opset="in_buf_1_addr_1/5 "/>
</bind>
</comp>

<comp id="167" class="1004" name="in_buf_2_addr_1_gep_fu_167">
<pin_list>
<pin id="168" dir="0" index="0" bw="32" slack="0"/>
<pin id="169" dir="0" index="1" bw="1" slack="0"/>
<pin id="170" dir="0" index="2" bw="11" slack="1"/>
<pin id="171" dir="1" index="3" bw="11" slack="0"/>
</pin_list>
<bind>
<opcode="getelementptr(29) " fcode="getelementptr"/>
<opset="in_buf_2_addr_1/5 "/>
</bind>
</comp>

<comp id="176" class="1004" name="in_buf_addr_2_gep_fu_176">
<pin_list>
<pin id="177" dir="0" index="0" bw="32" slack="0"/>
<pin id="178" dir="0" index="1" bw="1" slack="0"/>
<pin id="179" dir="0" index="2" bw="11" slack="0"/>
<pin id="180" dir="1" index="3" bw="11" slack="0"/>
</pin_list>
<bind>
<opcode="getelementptr(29) " fcode="getelementptr"/>
<opset="in_buf_addr_2/6 "/>
</bind>
</comp>

<comp id="183" class="1004" name="in_buf_1_addr_2_gep_fu_183">
<pin_list>
<pin id="184" dir="0" index="0" bw="32" slack="0"/>
<pin id="185" dir="0" index="1" bw="1" slack="0"/>
<pin id="186" dir="0" index="2" bw="11" slack="0"/>
<pin id="187" dir="1" index="3" bw="11" slack="0"/>
</pin_list>
<bind>
<opcode="getelementptr(29) " fcode="getelementptr"/>
<opset="in_buf_1_addr_2/6 "/>
</bind>
</comp>

<comp id="192" class="1004" name="in_buf_addr_3_gep_fu_192">
<pin_list>
<pin id="193" dir="0" index="0" bw="32" slack="0"/>
<pin id="194" dir="0" index="1" bw="1" slack="0"/>
<pin id="195" dir="0" index="2" bw="11" slack="0"/>
<pin id="196" dir="1" index="3" bw="11" slack="0"/>
</pin_list>
<bind>
<opcode="getelementptr(29) " fcode="getelementptr"/>
<opset="in_buf_addr_3/7 "/>
</bind>
</comp>

<comp id="199" class="1004" name="in_buf_2_addr_2_gep_fu_199">
<pin_list>
<pin id="200" dir="0" index="0" bw="32" slack="0"/>
<pin id="201" dir="0" index="1" bw="1" slack="0"/>
<pin id="202" dir="0" index="2" bw="11" slack="1"/>
<pin id="203" dir="1" index="3" bw="11" slack="0"/>
</pin_list>
<bind>
<opcode="getelementptr(29) " fcode="getelementptr"/>
<opset="in_buf_2_addr_2/7 "/>
</bind>
</comp>

<comp id="208" class="1004" name="grp_fu_208">
<pin_list>
<pin id="209" dir="0" index="0" bw="32" slack="0"/>
<pin id="210" dir="0" index="1" bw="64" slack="0"/>
<pin id="211" dir="0" index="2" bw="7" slack="0"/>
<pin id="212" dir="0" index="3" bw="7" slack="0"/>
<pin id="213" dir="1" index="4" bw="32" slack="1"/>
</pin_list>
<bind>
<opcode="partselect(1002) " fcode="partselect"/>
<opset="trunc_ln34_1/2 trunc_ln34_3/3 trunc_ln34_5/4 trunc_ln34_7/5 trunc_ln34_9/6 "/>
</bind>
</comp>

<comp id="218" class="1005" name="reg_218">
<pin_list>
<pin id="219" dir="0" index="0" bw="32" slack="1"/>
<pin id="220" dir="1" index="1" bw="32" slack="1"/>
</pin_list>
<bind>
<opset="trunc_ln34_1 trunc_ln34_3 trunc_ln34_5 trunc_ln34_7 trunc_ln34_9 "/>
</bind>
</comp>

<comp id="222" class="1004" name="sext_ln28_cast_fu_222">
<pin_list>
<pin id="223" dir="0" index="0" bw="61" slack="0"/>
<pin id="224" dir="1" index="1" bw="64" slack="1"/>
</pin_list>
<bind>
<opcode="sext(35) " fcode="sext"/>
<opset="sext_ln28_cast/1 "/>
</bind>
</comp>

<comp id="226" class="1004" name="store_ln0_store_fu_226">
<pin_list>
<pin id="227" dir="0" index="0" bw="1" slack="0"/>
<pin id="228" dir="0" index="1" bw="9" slack="0"/>
<pin id="229" dir="1" index="2" bw="0" slack="2147483647"/>
</pin_list>
<bind>
<opcode="store(28) " fcode="store"/>
<opset="store_ln0/1 "/>
</bind>
</comp>

<comp id="231" class="1004" name="store_ln28_store_fu_231">
<pin_list>
<pin id="232" dir="0" index="0" bw="1" slack="0"/>
<pin id="233" dir="0" index="1" bw="6" slack="0"/>
<pin id="234" dir="1" index="2" bw="0" slack="2147483647"/>
</pin_list>
<bind>
<opcode="store(28) " fcode="store"/>
<opset="store_ln28/1 "/>
</bind>
</comp>

<comp id="236" class="1004" name="store_ln30_store_fu_236">
<pin_list>
<pin id="237" dir="0" index="0" bw="1" slack="0"/>
<pin id="238" dir="0" index="1" bw="4" slack="0"/>
<pin id="239" dir="1" index="2" bw="0" slack="2147483647"/>
</pin_list>
<bind>
<opcode="store(28) " fcode="store"/>
<opset="store_ln30/1 "/>
</bind>
</comp>

<comp id="241" class="1004" name="indvar_flatten_load_load_fu_241">
<pin_list>
<pin id="242" dir="0" index="0" bw="9" slack="0"/>
<pin id="243" dir="1" index="1" bw="9" slack="0"/>
</pin_list>
<bind>
<opcode="load(27) " fcode="load"/>
<opset="indvar_flatten_load/1 "/>
</bind>
</comp>

<comp id="244" class="1004" name="icmp_ln28_fu_244">
<pin_list>
<pin id="245" dir="0" index="0" bw="9" slack="0"/>
<pin id="246" dir="0" index="1" bw="9" slack="0"/>
<pin id="247" dir="1" index="2" bw="1" slack="1"/>
</pin_list>
<bind>
<opcode="icmp(45) " fcode="icmp"/>
<opset="icmp_ln28/1 "/>
</bind>
</comp>

<comp id="250" class="1004" name="add_ln28_1_fu_250">
<pin_list>
<pin id="251" dir="0" index="0" bw="9" slack="0"/>
<pin id="252" dir="0" index="1" bw="1" slack="0"/>
<pin id="253" dir="1" index="2" bw="9" slack="0"/>
</pin_list>
<bind>
<opcode="add(8) " fcode="add"/>
<opset="add_ln28_1/1 "/>
</bind>
</comp>

<comp id="256" class="1004" name="store_ln28_store_fu_256">
<pin_list>
<pin id="257" dir="0" index="0" bw="9" slack="0"/>
<pin id="258" dir="0" index="1" bw="9" slack="0"/>
<pin id="259" dir="1" index="2" bw="0" slack="2147483647"/>
</pin_list>
<bind>
<opcode="store(28) " fcode="store"/>
<opset="store_ln28/1 "/>
</bind>
</comp>

<comp id="261" class="1004" name="iy_load_load_fu_261">
<pin_list>
<pin id="262" dir="0" index="0" bw="4" slack="1"/>
<pin id="263" dir="1" index="1" bw="4" slack="0"/>
</pin_list>
<bind>
<opcode="load(27) " fcode="load"/>
<opset="iy_load/2 "/>
</bind>
</comp>

<comp id="264" class="1004" name="ic_load_load_fu_264">
<pin_list>
<pin id="265" dir="0" index="0" bw="6" slack="1"/>
<pin id="266" dir="1" index="1" bw="6" slack="0"/>
</pin_list>
<bind>
<opcode="load(27) " fcode="load"/>
<opset="ic_load/2 "/>
</bind>
</comp>

<comp id="267" class="1004" name="AXI_IN_addr_fu_267">
<pin_list>
<pin id="268" dir="0" index="0" bw="64" slack="0"/>
<pin id="269" dir="0" index="1" bw="61" slack="1"/>
<pin id="270" dir="1" index="2" bw="64" slack="0"/>
</pin_list>
<bind>
<opcode="getelementptr(29) " fcode="getelementptr"/>
<opset="AXI_IN_addr/2 "/>
</bind>
</comp>

<comp id="273" class="1004" name="add_ln28_fu_273">
<pin_list>
<pin id="274" dir="0" index="0" bw="6" slack="0"/>
<pin id="275" dir="0" index="1" bw="1" slack="0"/>
<pin id="276" dir="1" index="2" bw="6" slack="0"/>
</pin_list>
<bind>
<opcode="add(8) " fcode="add"/>
<opset="add_ln28/2 "/>
</bind>
</comp>

<comp id="279" class="1004" name="icmp_ln30_fu_279">
<pin_list>
<pin id="280" dir="0" index="0" bw="4" slack="0"/>
<pin id="281" dir="0" index="1" bw="4" slack="0"/>
<pin id="282" dir="1" index="2" bw="1" slack="0"/>
</pin_list>
<bind>
<opcode="icmp(45) " fcode="icmp"/>
<opset="icmp_ln30/2 "/>
</bind>
</comp>

<comp id="285" class="1004" name="select_ln28_fu_285">
<pin_list>
<pin id="286" dir="0" index="0" bw="1" slack="0"/>
<pin id="287" dir="0" index="1" bw="1" slack="0"/>
<pin id="288" dir="0" index="2" bw="4" slack="0"/>
<pin id="289" dir="1" index="3" bw="4" slack="0"/>
</pin_list>
<bind>
<opcode="select(49) " fcode="select"/>
<opset="select_ln28/2 "/>
</bind>
</comp>

<comp id="293" class="1004" name="select_ln28_1_fu_293">
<pin_list>
<pin id="294" dir="0" index="0" bw="1" slack="0"/>
<pin id="295" dir="0" index="1" bw="6" slack="0"/>
<pin id="296" dir="0" index="2" bw="6" slack="0"/>
<pin id="297" dir="1" index="3" bw="6" slack="0"/>
</pin_list>
<bind>
<opcode="select(49) " fcode="select"/>
<opset="select_ln28_1/2 "/>
</bind>
</comp>

<comp id="301" class="1004" name="tmp_fu_301">
<pin_list>
<pin id="302" dir="0" index="0" bw="9" slack="0"/>
<pin id="303" dir="0" index="1" bw="6" slack="0"/>
<pin id="304" dir="0" index="2" bw="1" slack="0"/>
<pin id="305" dir="1" index="3" bw="9" slack="0"/>
</pin_list>
<bind>
<opcode="bitconcatenate(1004) " fcode="bitconcatenate"/>
<opset="tmp/2 "/>
</bind>
</comp>

<comp id="309" class="1004" name="tmp_1_fu_309">
<pin_list>
<pin id="310" dir="0" index="0" bw="7" slack="0"/>
<pin id="311" dir="0" index="1" bw="6" slack="0"/>
<pin id="312" dir="0" index="2" bw="1" slack="0"/>
<pin id="313" dir="1" index="3" bw="7" slack="0"/>
</pin_list>
<bind>
<opcode="bitconcatenate(1004) " fcode="bitconcatenate"/>
<opset="tmp_1/2 "/>
</bind>
</comp>

<comp id="317" class="1004" name="zext_ln34_fu_317">
<pin_list>
<pin id="318" dir="0" index="0" bw="7" slack="0"/>
<pin id="319" dir="1" index="1" bw="9" slack="0"/>
</pin_list>
<bind>
<opcode="zext(34) " fcode="zext"/>
<opset="zext_ln34/2 "/>
</bind>
</comp>

<comp id="321" class="1004" name="add_ln34_fu_321">
<pin_list>
<pin id="322" dir="0" index="0" bw="9" slack="0"/>
<pin id="323" dir="0" index="1" bw="7" slack="0"/>
<pin id="324" dir="1" index="2" bw="9" slack="0"/>
</pin_list>
<bind>
<opcode="add(8) " fcode="add"/>
<opset="add_ln34/2 "/>
</bind>
</comp>

<comp id="327" class="1004" name="zext_ln34_1_fu_327">
<pin_list>
<pin id="328" dir="0" index="0" bw="4" slack="0"/>
<pin id="329" dir="1" index="1" bw="9" slack="0"/>
</pin_list>
<bind>
<opcode="zext(34) " fcode="zext"/>
<opset="zext_ln34_1/2 "/>
</bind>
</comp>

<comp id="331" class="1004" name="add_ln34_1_fu_331">
<pin_list>
<pin id="332" dir="0" index="0" bw="9" slack="0"/>
<pin id="333" dir="0" index="1" bw="4" slack="0"/>
<pin id="334" dir="1" index="2" bw="9" slack="1"/>
</pin_list>
<bind>
<opcode="add(8) " fcode="add"/>
<opset="add_ln34_1/2 "/>
</bind>
</comp>

<comp id="337" class="1004" name="trunc_ln34_fu_337">
<pin_list>
<pin id="338" dir="0" index="0" bw="64" slack="0"/>
<pin id="339" dir="1" index="1" bw="32" slack="1"/>
</pin_list>
<bind>
<opcode="trunc(33) " fcode="trunc"/>
<opset="trunc_ln34/2 "/>
</bind>
</comp>

<comp id="341" class="1004" name="add_ln30_fu_341">
<pin_list>
<pin id="342" dir="0" index="0" bw="4" slack="0"/>
<pin id="343" dir="0" index="1" bw="1" slack="0"/>
<pin id="344" dir="1" index="2" bw="4" slack="0"/>
</pin_list>
<bind>
<opcode="add(8) " fcode="add"/>
<opset="add_ln30/2 "/>
</bind>
</comp>

<comp id="347" class="1004" name="store_ln28_store_fu_347">
<pin_list>
<pin id="348" dir="0" index="0" bw="6" slack="0"/>
<pin id="349" dir="0" index="1" bw="6" slack="1"/>
<pin id="350" dir="1" index="2" bw="0" slack="2147483647"/>
</pin_list>
<bind>
<opcode="store(28) " fcode="store"/>
<opset="store_ln28/2 "/>
</bind>
</comp>

<comp id="352" class="1004" name="store_ln30_store_fu_352">
<pin_list>
<pin id="353" dir="0" index="0" bw="4" slack="0"/>
<pin id="354" dir="0" index="1" bw="4" slack="1"/>
<pin id="355" dir="1" index="2" bw="0" slack="2147483647"/>
</pin_list>
<bind>
<opcode="store(28) " fcode="store"/>
<opset="store_ln30/2 "/>
</bind>
</comp>

<comp id="357" class="1004" name="tmp_2_fu_357">
<pin_list>
<pin id="358" dir="0" index="0" bw="11" slack="0"/>
<pin id="359" dir="0" index="1" bw="9" slack="1"/>
<pin id="360" dir="0" index="2" bw="1" slack="0"/>
<pin id="361" dir="1" index="3" bw="11" slack="0"/>
</pin_list>
<bind>
<opcode="bitconcatenate(1004) " fcode="bitconcatenate"/>
<opset="tmp_2/3 "/>
</bind>
</comp>

<comp id="364" class="1004" name="zext_ln34_2_fu_364">
<pin_list>
<pin id="365" dir="0" index="0" bw="11" slack="0"/>
<pin id="366" dir="1" index="1" bw="64" slack="0"/>
</pin_list>
<bind>
<opcode="zext(34) " fcode="zext"/>
<opset="zext_ln34_2/3 "/>
</bind>
</comp>

<comp id="370" class="1004" name="bitcast_ln34_fu_370">
<pin_list>
<pin id="371" dir="0" index="0" bw="32" slack="1"/>
<pin id="372" dir="1" index="1" bw="32" slack="0"/>
</pin_list>
<bind>
<opcode="bitcast(44) " fcode="bitcast"/>
<opset="bitcast_ln34/3 "/>
</bind>
</comp>

<comp id="374" class="1004" name="bitcast_ln34_1_fu_374">
<pin_list>
<pin id="375" dir="0" index="0" bw="32" slack="1"/>
<pin id="376" dir="1" index="1" bw="32" slack="0"/>
</pin_list>
<bind>
<opcode="bitcast(44) " fcode="bitcast"/>
<opset="bitcast_ln34_1/3 "/>
</bind>
</comp>

<comp id="379" class="1004" name="trunc_ln34_2_fu_379">
<pin_list>
<pin id="380" dir="0" index="0" bw="64" slack="0"/>
<pin id="381" dir="1" index="1" bw="32" slack="1"/>
</pin_list>
<bind>
<opcode="trunc(33) " fcode="trunc"/>
<opset="trunc_ln34_2/3 "/>
</bind>
</comp>

<comp id="383" class="1004" name="tmp_5_fu_383">
<pin_list>
<pin id="384" dir="0" index="0" bw="11" slack="0"/>
<pin id="385" dir="0" index="1" bw="9" slack="2"/>
<pin id="386" dir="0" index="2" bw="1" slack="0"/>
<pin id="387" dir="1" index="3" bw="11" slack="0"/>
</pin_list>
<bind>
<opcode="bitconcatenate(1004) " fcode="bitconcatenate"/>
<opset="tmp_5/4 "/>
</bind>
</comp>

<comp id="390" class="1004" name="zext_ln34_3_fu_390">
<pin_list>
<pin id="391" dir="0" index="0" bw="11" slack="0"/>
<pin id="392" dir="1" index="1" bw="64" slack="0"/>
</pin_list>
<bind>
<opcode="zext(34) " fcode="zext"/>
<opset="zext_ln34_3/4 "/>
</bind>
</comp>

<comp id="395" class="1004" name="bitcast_ln34_2_fu_395">
<pin_list>
<pin id="396" dir="0" index="0" bw="32" slack="1"/>
<pin id="397" dir="1" index="1" bw="32" slack="0"/>
</pin_list>
<bind>
<opcode="bitcast(44) " fcode="bitcast"/>
<opset="bitcast_ln34_2/4 "/>
</bind>
</comp>

<comp id="399" class="1004" name="bitcast_ln34_3_fu_399">
<pin_list>
<pin id="400" dir="0" index="0" bw="32" slack="1"/>
<pin id="401" dir="1" index="1" bw="32" slack="0"/>
</pin_list>
<bind>
<opcode="bitcast(44) " fcode="bitcast"/>
<opset="bitcast_ln34_3/4 "/>
</bind>
</comp>

<comp id="404" class="1004" name="trunc_ln34_4_fu_404">
<pin_list>
<pin id="405" dir="0" index="0" bw="64" slack="0"/>
<pin id="406" dir="1" index="1" bw="32" slack="1"/>
</pin_list>
<bind>
<opcode="trunc(33) " fcode="trunc"/>
<opset="trunc_ln34_4/4 "/>
</bind>
</comp>

<comp id="408" class="1004" name="bitcast_ln34_4_fu_408">
<pin_list>
<pin id="409" dir="0" index="0" bw="32" slack="1"/>
<pin id="410" dir="1" index="1" bw="32" slack="0"/>
</pin_list>
<bind>
<opcode="bitcast(44) " fcode="bitcast"/>
<opset="bitcast_ln34_4/5 "/>
</bind>
</comp>

<comp id="412" class="1004" name="bitcast_ln34_5_fu_412">
<pin_list>
<pin id="413" dir="0" index="0" bw="32" slack="1"/>
<pin id="414" dir="1" index="1" bw="32" slack="0"/>
</pin_list>
<bind>
<opcode="bitcast(44) " fcode="bitcast"/>
<opset="bitcast_ln34_5/5 "/>
</bind>
</comp>

<comp id="417" class="1004" name="trunc_ln34_6_fu_417">
<pin_list>
<pin id="418" dir="0" index="0" bw="64" slack="0"/>
<pin id="419" dir="1" index="1" bw="32" slack="1"/>
</pin_list>
<bind>
<opcode="trunc(33) " fcode="trunc"/>
<opset="trunc_ln34_6/5 "/>
</bind>
</comp>

<comp id="421" class="1004" name="tmp_6_fu_421">
<pin_list>
<pin id="422" dir="0" index="0" bw="11" slack="0"/>
<pin id="423" dir="0" index="1" bw="9" slack="4"/>
<pin id="424" dir="0" index="2" bw="2" slack="0"/>
<pin id="425" dir="1" index="3" bw="11" slack="0"/>
</pin_list>
<bind>
<opcode="bitconcatenate(1004) " fcode="bitconcatenate"/>
<opset="tmp_6/6 "/>
</bind>
</comp>

<comp id="428" class="1004" name="zext_ln34_4_fu_428">
<pin_list>
<pin id="429" dir="0" index="0" bw="11" slack="0"/>
<pin id="430" dir="1" index="1" bw="64" slack="0"/>
</pin_list>
<bind>
<opcode="zext(34) " fcode="zext"/>
<opset="zext_ln34_4/6 "/>
</bind>
</comp>

<comp id="434" class="1004" name="bitcast_ln34_6_fu_434">
<pin_list>
<pin id="435" dir="0" index="0" bw="32" slack="1"/>
<pin id="436" dir="1" index="1" bw="32" slack="0"/>
</pin_list>
<bind>
<opcode="bitcast(44) " fcode="bitcast"/>
<opset="bitcast_ln34_6/6 "/>
</bind>
</comp>

<comp id="438" class="1004" name="bitcast_ln34_7_fu_438">
<pin_list>
<pin id="439" dir="0" index="0" bw="32" slack="1"/>
<pin id="440" dir="1" index="1" bw="32" slack="0"/>
</pin_list>
<bind>
<opcode="bitcast(44) " fcode="bitcast"/>
<opset="bitcast_ln34_7/6 "/>
</bind>
</comp>

<comp id="443" class="1004" name="trunc_ln34_8_fu_443">
<pin_list>
<pin id="444" dir="0" index="0" bw="64" slack="0"/>
<pin id="445" dir="1" index="1" bw="32" slack="1"/>
</pin_list>
<bind>
<opcode="trunc(33) " fcode="trunc"/>
<opset="trunc_ln34_8/6 "/>
</bind>
</comp>

<comp id="447" class="1004" name="tmp_7_fu_447">
<pin_list>
<pin id="448" dir="0" index="0" bw="11" slack="0"/>
<pin id="449" dir="0" index="1" bw="9" slack="5"/>
<pin id="450" dir="0" index="2" bw="1" slack="0"/>
<pin id="451" dir="1" index="3" bw="11" slack="0"/>
</pin_list>
<bind>
<opcode="bitconcatenate(1004) " fcode="bitconcatenate"/>
<opset="tmp_7/7 "/>
</bind>
</comp>

<comp id="454" class="1004" name="zext_ln34_5_fu_454">
<pin_list>
<pin id="455" dir="0" index="0" bw="11" slack="0"/>
<pin id="456" dir="1" index="1" bw="64" slack="0"/>
</pin_list>
<bind>
<opcode="zext(34) " fcode="zext"/>
<opset="zext_ln34_5/7 "/>
</bind>
</comp>

<comp id="459" class="1004" name="bitcast_ln34_8_fu_459">
<pin_list>
<pin id="460" dir="0" index="0" bw="32" slack="1"/>
<pin id="461" dir="1" index="1" bw="32" slack="0"/>
</pin_list>
<bind>
<opcode="bitcast(44) " fcode="bitcast"/>
<opset="bitcast_ln34_8/7 "/>
</bind>
</comp>

<comp id="463" class="1004" name="bitcast_ln34_9_fu_463">
<pin_list>
<pin id="464" dir="0" index="0" bw="32" slack="1"/>
<pin id="465" dir="1" index="1" bw="32" slack="0"/>
</pin_list>
<bind>
<opcode="bitcast(44) " fcode="bitcast"/>
<opset="bitcast_ln34_9/7 "/>
</bind>
</comp>

<comp id="468" class="1005" name="iy_reg_468">
<pin_list>
<pin id="469" dir="0" index="0" bw="4" slack="0"/>
<pin id="470" dir="1" index="1" bw="4" slack="0"/>
</pin_list>
<bind>
<opset="iy "/>
</bind>
</comp>

<comp id="475" class="1005" name="ic_reg_475">
<pin_list>
<pin id="476" dir="0" index="0" bw="6" slack="0"/>
<pin id="477" dir="1" index="1" bw="6" slack="0"/>
</pin_list>
<bind>
<opset="ic "/>
</bind>
</comp>

<comp id="482" class="1005" name="indvar_flatten_reg_482">
<pin_list>
<pin id="483" dir="0" index="0" bw="9" slack="0"/>
<pin id="484" dir="1" index="1" bw="9" slack="0"/>
</pin_list>
<bind>
<opset="indvar_flatten "/>
</bind>
</comp>

<comp id="489" class="1005" name="sext_ln28_cast_reg_489">
<pin_list>
<pin id="490" dir="0" index="0" bw="64" slack="1"/>
<pin id="491" dir="1" index="1" bw="64" slack="1"/>
</pin_list>
<bind>
<opset="sext_ln28_cast "/>
</bind>
</comp>

<comp id="494" class="1005" name="icmp_ln28_reg_494">
<pin_list>
<pin id="495" dir="0" index="0" bw="1" slack="1"/>
<pin id="496" dir="1" index="1" bw="1" slack="2147483647"/>
</pin_list>
<bind>
<opset="icmp_ln28 "/>
</bind>
</comp>

<comp id="498" class="1005" name="AXI_IN_addr_reg_498">
<pin_list>
<pin id="499" dir="0" index="0" bw="64" slack="1"/>
<pin id="500" dir="1" index="1" bw="64" slack="1"/>
</pin_list>
<bind>
<opset="AXI_IN_addr "/>
</bind>
</comp>

<comp id="503" class="1005" name="add_ln34_1_reg_503">
<pin_list>
<pin id="504" dir="0" index="0" bw="9" slack="1"/>
<pin id="505" dir="1" index="1" bw="9" slack="1"/>
</pin_list>
<bind>
<opset="add_ln34_1 "/>
</bind>
</comp>

<comp id="511" class="1005" name="trunc_ln34_reg_511">
<pin_list>
<pin id="512" dir="0" index="0" bw="32" slack="1"/>
<pin id="513" dir="1" index="1" bw="32" slack="1"/>
</pin_list>
<bind>
<opset="trunc_ln34 "/>
</bind>
</comp>

<comp id="516" class="1005" name="zext_ln34_2_reg_516">
<pin_list>
<pin id="517" dir="0" index="0" bw="64" slack="1"/>
<pin id="518" dir="1" index="1" bw="64" slack="1"/>
</pin_list>
<bind>
<opset="zext_ln34_2 "/>
</bind>
</comp>

<comp id="521" class="1005" name="trunc_ln34_2_reg_521">
<pin_list>
<pin id="522" dir="0" index="0" bw="32" slack="1"/>
<pin id="523" dir="1" index="1" bw="32" slack="1"/>
</pin_list>
<bind>
<opset="trunc_ln34_2 "/>
</bind>
</comp>

<comp id="526" class="1005" name="zext_ln34_3_reg_526">
<pin_list>
<pin id="527" dir="0" index="0" bw="64" slack="1"/>
<pin id="528" dir="1" index="1" bw="64" slack="1"/>
</pin_list>
<bind>
<opset="zext_ln34_3 "/>
</bind>
</comp>

<comp id="532" class="1005" name="trunc_ln34_4_reg_532">
<pin_list>
<pin id="533" dir="0" index="0" bw="32" slack="1"/>
<pin id="534" dir="1" index="1" bw="32" slack="1"/>
</pin_list>
<bind>
<opset="trunc_ln34_4 "/>
</bind>
</comp>

<comp id="537" class="1005" name="trunc_ln34_6_reg_537">
<pin_list>
<pin id="538" dir="0" index="0" bw="32" slack="1"/>
<pin id="539" dir="1" index="1" bw="32" slack="1"/>
</pin_list>
<bind>
<opset="trunc_ln34_6 "/>
</bind>
</comp>

<comp id="542" class="1005" name="zext_ln34_4_reg_542">
<pin_list>
<pin id="543" dir="0" index="0" bw="64" slack="1"/>
<pin id="544" dir="1" index="1" bw="64" slack="1"/>
</pin_list>
<bind>
<opset="zext_ln34_4 "/>
</bind>
</comp>

<comp id="547" class="1005" name="trunc_ln34_8_reg_547">
<pin_list>
<pin id="548" dir="0" index="0" bw="32" slack="1"/>
<pin id="549" dir="1" index="1" bw="32" slack="1"/>
</pin_list>
<bind>
<opset="trunc_ln34_8 "/>
</bind>
</comp>

</comp_list>

<net_list>
<net id="93"><net_src comp="10" pin="0"/><net_sink comp="90" pin=0"/></net>

<net id="97"><net_src comp="10" pin="0"/><net_sink comp="94" pin=0"/></net>

<net id="101"><net_src comp="10" pin="0"/><net_sink comp="98" pin=0"/></net>

<net id="106"><net_src comp="12" pin="0"/><net_sink comp="102" pin=0"/></net>

<net id="107"><net_src comp="2" pin="0"/><net_sink comp="102" pin=1"/></net>

<net id="112"><net_src comp="58" pin="0"/><net_sink comp="108" pin=0"/></net>

<net id="118"><net_src comp="4" pin="0"/><net_sink comp="113" pin=0"/></net>

<net id="119"><net_src comp="72" pin="0"/><net_sink comp="113" pin=1"/></net>

<net id="125"><net_src comp="6" pin="0"/><net_sink comp="120" pin=0"/></net>

<net id="126"><net_src comp="72" pin="0"/><net_sink comp="120" pin=1"/></net>

<net id="132"><net_src comp="113" pin="3"/><net_sink comp="127" pin=0"/></net>

<net id="138"><net_src comp="120" pin="3"/><net_sink comp="133" pin=0"/></net>

<net id="144"><net_src comp="4" pin="0"/><net_sink comp="139" pin=0"/></net>

<net id="145"><net_src comp="72" pin="0"/><net_sink comp="139" pin=1"/></net>

<net id="151"><net_src comp="8" pin="0"/><net_sink comp="146" pin=0"/></net>

<net id="152"><net_src comp="72" pin="0"/><net_sink comp="146" pin=1"/></net>

<net id="153"><net_src comp="139" pin="3"/><net_sink comp="127" pin=0"/></net>

<net id="159"><net_src comp="146" pin="3"/><net_sink comp="154" pin=0"/></net>

<net id="165"><net_src comp="6" pin="0"/><net_sink comp="160" pin=0"/></net>

<net id="166"><net_src comp="72" pin="0"/><net_sink comp="160" pin=1"/></net>

<net id="172"><net_src comp="8" pin="0"/><net_sink comp="167" pin=0"/></net>

<net id="173"><net_src comp="72" pin="0"/><net_sink comp="167" pin=1"/></net>

<net id="174"><net_src comp="160" pin="3"/><net_sink comp="133" pin=0"/></net>

<net id="175"><net_src comp="167" pin="3"/><net_sink comp="154" pin=0"/></net>

<net id="181"><net_src comp="4" pin="0"/><net_sink comp="176" pin=0"/></net>

<net id="182"><net_src comp="72" pin="0"/><net_sink comp="176" pin=1"/></net>

<net id="188"><net_src comp="6" pin="0"/><net_sink comp="183" pin=0"/></net>

<net id="189"><net_src comp="72" pin="0"/><net_sink comp="183" pin=1"/></net>

<net id="190"><net_src comp="176" pin="3"/><net_sink comp="127" pin=0"/></net>

<net id="191"><net_src comp="183" pin="3"/><net_sink comp="133" pin=0"/></net>

<net id="197"><net_src comp="4" pin="0"/><net_sink comp="192" pin=0"/></net>

<net id="198"><net_src comp="72" pin="0"/><net_sink comp="192" pin=1"/></net>

<net id="204"><net_src comp="8" pin="0"/><net_sink comp="199" pin=0"/></net>

<net id="205"><net_src comp="72" pin="0"/><net_sink comp="199" pin=1"/></net>

<net id="206"><net_src comp="192" pin="3"/><net_sink comp="127" pin=0"/></net>

<net id="207"><net_src comp="199" pin="3"/><net_sink comp="154" pin=0"/></net>

<net id="214"><net_src comp="60" pin="0"/><net_sink comp="208" pin=0"/></net>

<net id="215"><net_src comp="108" pin="2"/><net_sink comp="208" pin=1"/></net>

<net id="216"><net_src comp="62" pin="0"/><net_sink comp="208" pin=2"/></net>

<net id="217"><net_src comp="64" pin="0"/><net_sink comp="208" pin=3"/></net>

<net id="221"><net_src comp="208" pin="4"/><net_sink comp="218" pin=0"/></net>

<net id="225"><net_src comp="102" pin="2"/><net_sink comp="222" pin=0"/></net>

<net id="230"><net_src comp="34" pin="0"/><net_sink comp="226" pin=0"/></net>

<net id="235"><net_src comp="36" pin="0"/><net_sink comp="231" pin=0"/></net>

<net id="240"><net_src comp="38" pin="0"/><net_sink comp="236" pin=0"/></net>

<net id="248"><net_src comp="241" pin="1"/><net_sink comp="244" pin=0"/></net>

<net id="249"><net_src comp="42" pin="0"/><net_sink comp="244" pin=1"/></net>

<net id="254"><net_src comp="241" pin="1"/><net_sink comp="250" pin=0"/></net>

<net id="255"><net_src comp="44" pin="0"/><net_sink comp="250" pin=1"/></net>

<net id="260"><net_src comp="250" pin="2"/><net_sink comp="256" pin=0"/></net>

<net id="271"><net_src comp="0" pin="0"/><net_sink comp="267" pin=0"/></net>

<net id="272"><net_src comp="267" pin="2"/><net_sink comp="108" pin=1"/></net>

<net id="277"><net_src comp="264" pin="1"/><net_sink comp="273" pin=0"/></net>

<net id="278"><net_src comp="46" pin="0"/><net_sink comp="273" pin=1"/></net>

<net id="283"><net_src comp="261" pin="1"/><net_sink comp="279" pin=0"/></net>

<net id="284"><net_src comp="48" pin="0"/><net_sink comp="279" pin=1"/></net>

<net id="290"><net_src comp="279" pin="2"/><net_sink comp="285" pin=0"/></net>

<net id="291"><net_src comp="38" pin="0"/><net_sink comp="285" pin=1"/></net>

<net id="292"><net_src comp="261" pin="1"/><net_sink comp="285" pin=2"/></net>

<net id="298"><net_src comp="279" pin="2"/><net_sink comp="293" pin=0"/></net>

<net id="299"><net_src comp="273" pin="2"/><net_sink comp="293" pin=1"/></net>

<net id="300"><net_src comp="264" pin="1"/><net_sink comp="293" pin=2"/></net>

<net id="306"><net_src comp="50" pin="0"/><net_sink comp="301" pin=0"/></net>

<net id="307"><net_src comp="293" pin="3"/><net_sink comp="301" pin=1"/></net>

<net id="308"><net_src comp="52" pin="0"/><net_sink comp="301" pin=2"/></net>

<net id="314"><net_src comp="54" pin="0"/><net_sink comp="309" pin=0"/></net>

<net id="315"><net_src comp="293" pin="3"/><net_sink comp="309" pin=1"/></net>

<net id="316"><net_src comp="56" pin="0"/><net_sink comp="309" pin=2"/></net>

<net id="320"><net_src comp="309" pin="3"/><net_sink comp="317" pin=0"/></net>

<net id="325"><net_src comp="301" pin="3"/><net_sink comp="321" pin=0"/></net>

<net id="326"><net_src comp="317" pin="1"/><net_sink comp="321" pin=1"/></net>

<net id="330"><net_src comp="285" pin="3"/><net_sink comp="327" pin=0"/></net>

<net id="335"><net_src comp="321" pin="2"/><net_sink comp="331" pin=0"/></net>

<net id="336"><net_src comp="327" pin="1"/><net_sink comp="331" pin=1"/></net>

<net id="340"><net_src comp="108" pin="2"/><net_sink comp="337" pin=0"/></net>

<net id="345"><net_src comp="285" pin="3"/><net_sink comp="341" pin=0"/></net>

<net id="346"><net_src comp="66" pin="0"/><net_sink comp="341" pin=1"/></net>

<net id="351"><net_src comp="293" pin="3"/><net_sink comp="347" pin=0"/></net>

<net id="356"><net_src comp="341" pin="2"/><net_sink comp="352" pin=0"/></net>

<net id="362"><net_src comp="68" pin="0"/><net_sink comp="357" pin=0"/></net>

<net id="363"><net_src comp="70" pin="0"/><net_sink comp="357" pin=2"/></net>

<net id="367"><net_src comp="357" pin="3"/><net_sink comp="364" pin=0"/></net>

<net id="368"><net_src comp="364" pin="1"/><net_sink comp="113" pin=2"/></net>

<net id="369"><net_src comp="364" pin="1"/><net_sink comp="120" pin=2"/></net>

<net id="373"><net_src comp="370" pin="1"/><net_sink comp="127" pin=1"/></net>

<net id="377"><net_src comp="218" pin="1"/><net_sink comp="374" pin=0"/></net>

<net id="378"><net_src comp="374" pin="1"/><net_sink comp="133" pin=1"/></net>

<net id="382"><net_src comp="108" pin="2"/><net_sink comp="379" pin=0"/></net>

<net id="388"><net_src comp="68" pin="0"/><net_sink comp="383" pin=0"/></net>

<net id="389"><net_src comp="74" pin="0"/><net_sink comp="383" pin=2"/></net>

<net id="393"><net_src comp="383" pin="3"/><net_sink comp="390" pin=0"/></net>

<net id="394"><net_src comp="390" pin="1"/><net_sink comp="139" pin=2"/></net>

<net id="398"><net_src comp="395" pin="1"/><net_sink comp="154" pin=1"/></net>

<net id="402"><net_src comp="218" pin="1"/><net_sink comp="399" pin=0"/></net>

<net id="403"><net_src comp="399" pin="1"/><net_sink comp="127" pin=1"/></net>

<net id="407"><net_src comp="108" pin="2"/><net_sink comp="404" pin=0"/></net>

<net id="411"><net_src comp="408" pin="1"/><net_sink comp="133" pin=1"/></net>

<net id="415"><net_src comp="218" pin="1"/><net_sink comp="412" pin=0"/></net>

<net id="416"><net_src comp="412" pin="1"/><net_sink comp="154" pin=1"/></net>

<net id="420"><net_src comp="108" pin="2"/><net_sink comp="417" pin=0"/></net>

<net id="426"><net_src comp="68" pin="0"/><net_sink comp="421" pin=0"/></net>

<net id="427"><net_src comp="76" pin="0"/><net_sink comp="421" pin=2"/></net>

<net id="431"><net_src comp="421" pin="3"/><net_sink comp="428" pin=0"/></net>

<net id="432"><net_src comp="428" pin="1"/><net_sink comp="176" pin=2"/></net>

<net id="433"><net_src comp="428" pin="1"/><net_sink comp="183" pin=2"/></net>

<net id="437"><net_src comp="434" pin="1"/><net_sink comp="127" pin=1"/></net>

<net id="441"><net_src comp="218" pin="1"/><net_sink comp="438" pin=0"/></net>

<net id="442"><net_src comp="438" pin="1"/><net_sink comp="133" pin=1"/></net>

<net id="446"><net_src comp="108" pin="2"/><net_sink comp="443" pin=0"/></net>

<net id="452"><net_src comp="68" pin="0"/><net_sink comp="447" pin=0"/></net>

<net id="453"><net_src comp="86" pin="0"/><net_sink comp="447" pin=2"/></net>

<net id="457"><net_src comp="447" pin="3"/><net_sink comp="454" pin=0"/></net>

<net id="458"><net_src comp="454" pin="1"/><net_sink comp="192" pin=2"/></net>

<net id="462"><net_src comp="459" pin="1"/><net_sink comp="154" pin=1"/></net>

<net id="466"><net_src comp="218" pin="1"/><net_sink comp="463" pin=0"/></net>

<net id="467"><net_src comp="463" pin="1"/><net_sink comp="127" pin=1"/></net>

<net id="471"><net_src comp="90" pin="1"/><net_sink comp="468" pin=0"/></net>

<net id="472"><net_src comp="468" pin="1"/><net_sink comp="236" pin=1"/></net>

<net id="473"><net_src comp="468" pin="1"/><net_sink comp="261" pin=0"/></net>

<net id="474"><net_src comp="468" pin="1"/><net_sink comp="352" pin=1"/></net>

<net id="478"><net_src comp="94" pin="1"/><net_sink comp="475" pin=0"/></net>

<net id="479"><net_src comp="475" pin="1"/><net_sink comp="231" pin=1"/></net>

<net id="480"><net_src comp="475" pin="1"/><net_sink comp="264" pin=0"/></net>

<net id="481"><net_src comp="475" pin="1"/><net_sink comp="347" pin=1"/></net>

<net id="485"><net_src comp="98" pin="1"/><net_sink comp="482" pin=0"/></net>

<net id="486"><net_src comp="482" pin="1"/><net_sink comp="226" pin=1"/></net>

<net id="487"><net_src comp="482" pin="1"/><net_sink comp="241" pin=0"/></net>

<net id="488"><net_src comp="482" pin="1"/><net_sink comp="256" pin=1"/></net>

<net id="492"><net_src comp="222" pin="1"/><net_sink comp="489" pin=0"/></net>

<net id="493"><net_src comp="489" pin="1"/><net_sink comp="267" pin=1"/></net>

<net id="497"><net_src comp="244" pin="2"/><net_sink comp="494" pin=0"/></net>

<net id="501"><net_src comp="267" pin="2"/><net_sink comp="498" pin=0"/></net>

<net id="502"><net_src comp="498" pin="1"/><net_sink comp="108" pin=1"/></net>

<net id="506"><net_src comp="331" pin="2"/><net_sink comp="503" pin=0"/></net>

<net id="507"><net_src comp="503" pin="1"/><net_sink comp="357" pin=1"/></net>

<net id="508"><net_src comp="503" pin="1"/><net_sink comp="383" pin=1"/></net>

<net id="509"><net_src comp="503" pin="1"/><net_sink comp="421" pin=1"/></net>

<net id="510"><net_src comp="503" pin="1"/><net_sink comp="447" pin=1"/></net>

<net id="514"><net_src comp="337" pin="1"/><net_sink comp="511" pin=0"/></net>

<net id="515"><net_src comp="511" pin="1"/><net_sink comp="370" pin=0"/></net>

<net id="519"><net_src comp="364" pin="1"/><net_sink comp="516" pin=0"/></net>

<net id="520"><net_src comp="516" pin="1"/><net_sink comp="146" pin=2"/></net>

<net id="524"><net_src comp="379" pin="1"/><net_sink comp="521" pin=0"/></net>

<net id="525"><net_src comp="521" pin="1"/><net_sink comp="395" pin=0"/></net>

<net id="529"><net_src comp="390" pin="1"/><net_sink comp="526" pin=0"/></net>

<net id="530"><net_src comp="526" pin="1"/><net_sink comp="160" pin=2"/></net>

<net id="531"><net_src comp="526" pin="1"/><net_sink comp="167" pin=2"/></net>

<net id="535"><net_src comp="404" pin="1"/><net_sink comp="532" pin=0"/></net>

<net id="536"><net_src comp="532" pin="1"/><net_sink comp="408" pin=0"/></net>

<net id="540"><net_src comp="417" pin="1"/><net_sink comp="537" pin=0"/></net>

<net id="541"><net_src comp="537" pin="1"/><net_sink comp="434" pin=0"/></net>

<net id="545"><net_src comp="428" pin="1"/><net_sink comp="542" pin=0"/></net>

<net id="546"><net_src comp="542" pin="1"/><net_sink comp="199" pin=2"/></net>

<net id="550"><net_src comp="443" pin="1"/><net_sink comp="547" pin=0"/></net>

<net id="551"><net_src comp="547" pin="1"/><net_sink comp="459" pin=0"/></net>

</net_list>

</model> 
---------------- Datapath Model END ------------------

* FSMD analyzer results:
  - Output states:
	Port: in_buf | {3 4 6 7 }
	Port: in_buf_1 | {3 5 6 }
	Port: in_buf_2 | {4 5 7 }
 - Input state : 
	Port: conv3_Pipeline_LOAD_IC_LOAD_IY : AXI_IN | {2 3 4 5 6 }
	Port: conv3_Pipeline_LOAD_IC_LOAD_IY : sext_ln28 | {1 }
  - Chain level:
	State 1
		store_ln0 : 1
		store_ln28 : 1
		store_ln30 : 1
		indvar_flatten_load : 1
		icmp_ln28 : 2
		add_ln28_1 : 2
		br_ln28 : 3
		store_ln28 : 3
	State 2
		add_ln28 : 1
		icmp_ln30 : 1
		select_ln28 : 2
		select_ln28_1 : 2
		tmp : 3
		tmp_1 : 3
		zext_ln34 : 4
		add_ln34 : 5
		zext_ln34_1 : 3
		add_ln34_1 : 6
		AXI_IN_addr_read : 1
		trunc_ln34 : 1
		trunc_ln34_1 : 1
		add_ln30 : 3
		store_ln28 : 3
		store_ln30 : 4
	State 3
		zext_ln34_2 : 1
		in_buf_addr : 2
		in_buf_1_addr : 2
		store_ln34 : 3
		store_ln34 : 3
	State 4
		zext_ln34_3 : 1
		in_buf_addr_1 : 2
		store_ln34 : 3
		store_ln34 : 1
	State 5
		store_ln34 : 1
		store_ln34 : 1
	State 6
		zext_ln34_4 : 1
		in_buf_addr_2 : 2
		in_buf_1_addr_2 : 2
		store_ln34 : 3
		store_ln34 : 3
	State 7
		zext_ln34_5 : 1
		in_buf_addr_3 : 2
		store_ln34 : 3
		store_ln34 : 1


============================================================
+ Verbose Summary: Datapath Resource usage 
============================================================

* Functional unit list:
|----------|----------------------------|---------|---------|
| Operation|       Functional Unit      |    FF   |   LUT   |
|----------|----------------------------|---------|---------|
|          |      add_ln28_1_fu_250     |    0    |    14   |
|          |       add_ln28_fu_273      |    0    |    14   |
|    add   |       add_ln34_fu_321      |    0    |    9    |
|          |      add_ln34_1_fu_331     |    0    |    9    |
|          |       add_ln30_fu_341      |    0    |    13   |
|----------|----------------------------|---------|---------|
|   icmp   |      icmp_ln28_fu_244      |    0    |    14   |
|          |      icmp_ln30_fu_279      |    0    |    13   |
|----------|----------------------------|---------|---------|
|  select  |     select_ln28_fu_285     |    0    |    4    |
|          |    select_ln28_1_fu_293    |    0    |    6    |
|----------|----------------------------|---------|---------|
|   read   | sext_ln28_read_read_fu_102 |    0    |    0    |
|          |       grp_read_fu_108      |    0    |    0    |
|----------|----------------------------|---------|---------|
|partselect|         grp_fu_208         |    0    |    0    |
|----------|----------------------------|---------|---------|
|   sext   |    sext_ln28_cast_fu_222   |    0    |    0    |
|----------|----------------------------|---------|---------|
|          |         tmp_fu_301         |    0    |    0    |
|          |        tmp_1_fu_309        |    0    |    0    |
|bitconcatenate|        tmp_2_fu_357        |    0    |    0    |
|          |        tmp_5_fu_383        |    0    |    0    |
|          |        tmp_6_fu_421        |    0    |    0    |
|          |        tmp_7_fu_447        |    0    |    0    |
|----------|----------------------------|---------|---------|
|          |      zext_ln34_fu_317      |    0    |    0    |
|          |     zext_ln34_1_fu_327     |    0    |    0    |
|   zext   |     zext_ln34_2_fu_364     |    0    |    0    |
|          |     zext_ln34_3_fu_390     |    0    |    0    |
|          |     zext_ln34_4_fu_428     |    0    |    0    |
|          |     zext_ln34_5_fu_454     |    0    |    0    |
|----------|----------------------------|---------|---------|
|          |      trunc_ln34_fu_337     |    0    |    0    |
|          |     trunc_ln34_2_fu_379    |    0    |    0    |
|   trunc  |     trunc_ln34_4_fu_404    |    0    |    0    |
|          |     trunc_ln34_6_fu_417    |    0    |    0    |
|          |     trunc_ln34_8_fu_443    |    0    |    0    |
|----------|----------------------------|---------|---------|
|   Total  |                            |    0    |    96   |
|----------|----------------------------|---------|---------|

Memories:
N/A

* Register list:
+----------------------+--------+
|                      |   FF   |
+----------------------+--------+
|  AXI_IN_addr_reg_498 |   64   |
|  add_ln34_1_reg_503  |    9   |
|      ic_reg_475      |    6   |
|   icmp_ln28_reg_494  |    1   |
|indvar_flatten_reg_482|    9   |
|      iy_reg_468      |    4   |
|        reg_218       |   32   |
|sext_ln28_cast_reg_489|   64   |
| trunc_ln34_2_reg_521 |   32   |
| trunc_ln34_4_reg_532 |   32   |
| trunc_ln34_6_reg_537 |   32   |
| trunc_ln34_8_reg_547 |   32   |
|  trunc_ln34_reg_511  |   32   |
|  zext_ln34_2_reg_516 |   64   |
|  zext_ln34_3_reg_526 |   64   |
|  zext_ln34_4_reg_542 |   64   |
+----------------------+--------+
|         Total        |   541  |
+----------------------+--------+

* Multiplexer (MUX) list: 
|-------------------|------|------|------|--------||---------||---------||---------|
|        Comp       |  Pin | Size |  BW  | S x BW ||  Delay  ||    FF   ||   LUT   |
|-------------------|------|------|------|--------||---------||---------||---------|
|  grp_read_fu_108  |  p1  |   2  |  64  |   128  ||    0    ||    9    |
| grp_access_fu_127 |  p0  |   4  |  11  |   44   ||    0    ||    20   |
| grp_access_fu_127 |  p1  |   4  |  32  |   128  ||    0    ||    20   |
| grp_access_fu_133 |  p0  |   3  |  11  |   33   ||    0    ||    14   |
| grp_access_fu_133 |  p1  |   3  |  32  |   96   ||    0    ||    14   |
| grp_access_fu_154 |  p0  |   3  |  11  |   33   ||    0    ||    14   |
| grp_access_fu_154 |  p1  |   3  |  32  |   96   ||    0    ||    14   |
|-------------------|------|------|------|--------||---------||---------||---------|
|       Total       |      |      |      |   558  || 12.0704 ||    0    ||   105   |
|-------------------|------|------|------|--------||---------||---------||---------|



* Summary:
+-----------+--------+--------+--------+
|           |  Delay |   FF   |   LUT  |
+-----------+--------+--------+--------+
|  Function |    -   |    0   |   96   |
|   Memory  |    -   |    -   |    -   |
|Multiplexer|   12   |    0   |   105  |
|  Register |    -   |   541  |    -   |
+-----------+--------+--------+--------+
|   Total   |   12   |   541  |   201  |
+-----------+--------+--------+--------+
