

================================================================
== Vitis HLS Report for 'conv3_Pipeline_CONV_OC_CONV_OY_CONV_OX_CONV_IC_CONV_KY_CONV_KX'
================================================================
* Date:           Thu Feb 26 16:35:56 2026

* Version:        2024.2 (Build 5238294 on Nov  8 2024)
* Project:        hls_prj
* Solution:       solution1 (Vitis Kernel Flow Target)
* Product family: zynq
* Target device:  xc7z020-clg400-1


================================================================
== Performance Estimates
================================================================
+ Timing: 
    * Summary: 
    +--------+----------+----------+------------+
    |  Clock |  Target  | Estimated| Uncertainty|
    +--------+----------+----------+------------+
    |ap_clk  |  10.00 ns|  9.661 ns|     2.70 ns|
    +--------+----------+----------+------------+

+ Latency: 
    * Summary: 
    +---------+---------+-----------+-----------+---------+---------+------------------------------------------------+
    |  Latency (cycles) |   Latency (absolute)  |      Interval     |                    Pipeline                    |
    |   min   |   max   |    min    |    max    |   min   |   max   |                      Type                      |
    +---------+---------+-----------+-----------+---------+---------+------------------------------------------------+
    |  4718609|  4718609|  47.186 ms|  47.186 ms|  4718596|  4718596|  loop auto-rewind stp (delay=0 clock cycles(s))|
    +---------+---------+-----------+-----------+---------+---------+------------------------------------------------+

    + Detail: 
        * Instance: 
        N/A

        * Loop: 
        +---------------------------------------------------+---------+---------+----------+-----------+-----------+---------+----------+
        |                                                   |  Latency (cycles) | Iteration|  Initiation Interval  |   Trip  |          |
        |                     Loop Name                     |   min   |   max   |  Latency |  achieved |   target  |  Count  | Pipelined|
        +---------------------------------------------------+---------+---------+----------+-----------+-----------+---------+----------+
        |- CONV_OC_CONV_OY_CONV_OX_CONV_IC_CONV_KY_CONV_KX  |  4718607|  4718607|        20|          4|          1|  1179648|       yes|
        +---------------------------------------------------+---------+---------+----------+-----------+-----------+---------+----------+

============================================================
+ Verbose Summary: Synthesis Manager
============================================================
InlineROM: 1
ExposeGlobal: 0
============================================================
+ Verbose Summary: CDFG Model
============================================================
IsTopModel: 0
ResetActiveHigh: 1
IsCombinational: 0
IsDatapathOnly: 0
HasWiredReturn: 1
HasMFsm: 2
HasVarLatency: 1
IsPipeline: 0
IsRtlPipelined: 0
IsInstanceOverlapped: 0
IsDontTouch: 0
HasImplIP: 0
IsGatedGlobalClock: 0

+ Individual pipeline summary: 
  * Pipeline-0: initiation interval (II) = 4, depth = 21


============================================================
+ Verbose Summary: Schedule
============================================================
* Number of FSM states : 21
* Pipeline : 1
  Pipeline-0 : II = 4, D = 21, States = { 1 2 3 4 5 6 7 8 9 10 11 12 13 14 15 16 17 18 19 20 21 }
* Dataflow Pipeline: 0

* FSM state transitions: 
1 --> 2 
2 --> 3 
3 --> 4 
4 --> 5 
5 --> 6 
6 --> 7 
7 --> 8 
8 --> 9 
9 --> 10 
10 --> 11 
11 --> 12 
12 --> 13 
13 --> 14 
14 --> 15 
15 --> 16 
16 --> 17 
17 --> 18 
18 --> 19 
19 --> 20 
20 --> 21 
21 --> 

* FSM state operations: 

State 1 <SV = 0> <Delay = 1.58>
ST_1 : Operation 23 [1/1] (0.00ns)   --->   "%acc_2 = alloca i32 1" [src/conv3.cpp:48]   --->   Operation 23 'alloca' 'acc_2' <Predicate = true> <Delay = 0.00>
ST_1 : Operation 24 [1/1] (0.00ns)   --->   "%kx = alloca i32 1" [src/conv3.cpp:54]   --->   Operation 24 'alloca' 'kx' <Predicate = true> <Delay = 0.00>
ST_1 : Operation 25 [1/1] (0.00ns)   --->   "%select_ln4516 = alloca i32 1"   --->   Operation 25 'alloca' 'select_ln4516' <Predicate = true> <Delay = 0.00>
ST_1 : Operation 26 [1/1] (0.00ns)   --->   "%or_ln6220 = alloca i32 1"   --->   Operation 26 'alloca' 'or_ln6220' <Predicate = true> <Delay = 0.00>
ST_1 : Operation 27 [1/1] (0.00ns)   --->   "%ky = alloca i32 1" [src/conv3.cpp:52]   --->   Operation 27 'alloca' 'ky' <Predicate = true> <Delay = 0.00>
ST_1 : Operation 28 [1/1] (0.00ns)   --->   "%indvar_flatten28 = alloca i32 1"   --->   Operation 28 'alloca' 'indvar_flatten28' <Predicate = true> <Delay = 0.00>
ST_1 : Operation 29 [1/1] (0.00ns)   --->   "%ic = alloca i32 1" [src/conv3.cpp:50]   --->   Operation 29 'alloca' 'ic' <Predicate = true> <Delay = 0.00>
ST_1 : Operation 30 [1/1] (0.00ns)   --->   "%indvar_flatten49 = alloca i32 1"   --->   Operation 30 'alloca' 'indvar_flatten49' <Predicate = true> <Delay = 0.00>
ST_1 : Operation 31 [1/1] (0.00ns)   --->   "%shiftreg = alloca i32 1"   --->   Operation 31 'alloca' 'shiftreg' <Predicate = true> <Delay = 0.00>
ST_1 : Operation 32 [1/1] (0.00ns)   --->   "%ox = alloca i32 1" [src/conv3.cpp:47]   --->   Operation 32 'alloca' 'ox' <Predicate = true> <Delay = 0.00>
ST_1 : Operation 33 [1/1] (0.00ns)   --->   "%indvar_flatten84 = alloca i32 1"   --->   Operation 33 'alloca' 'indvar_flatten84' <Predicate = true> <Delay = 0.00>
ST_1 : Operation 34 [1/1] (0.00ns)   --->   "%phi_ln45 = alloca i32 1"   --->   Operation 34 'alloca' 'phi_ln45' <Predicate = true> <Delay = 0.00>
ST_1 : Operation 35 [1/1] (0.00ns)   --->   "%oy = alloca i32 1" [src/conv3.cpp:45]   --->   Operation 35 'alloca' 'oy' <Predicate = true> <Delay = 0.00>
ST_1 : Operation 36 [1/1] (0.00ns)   --->   "%indvar_flatten132 = alloca i32 1"   --->   Operation 36 'alloca' 'indvar_flatten132' <Predicate = true> <Delay = 0.00>
ST_1 : Operation 37 [1/1] (0.00ns)   --->   "%oc = alloca i32 1" [src/conv3.cpp:43]   --->   Operation 37 'alloca' 'oc' <Predicate = true> <Delay = 0.00>
ST_1 : Operation 38 [1/1] (0.00ns)   --->   "%indvar_flatten192 = alloca i32 1"   --->   Operation 38 'alloca' 'indvar_flatten192' <Predicate = true> <Delay = 0.00>
ST_1 : Operation 39 [1/1] (0.00ns)   --->   "%acc10 = alloca i32 1"   --->   Operation 39 'alloca' 'acc10' <Predicate = true> <Delay = 0.00>
ST_1 : Operation 40 [1/1] (0.00ns)   --->   "%sext_ln43_read = read i58 @_ssdm_op_Read.ap_auto.i58, i58 %sext_ln43"   --->   Operation 40 'read' 'sext_ln43_read' <Predicate = true> <Delay = 0.00>
ST_1 : Operation 41 [1/1] (0.00ns)   --->   "%sext_ln43_cast = sext i58 %sext_ln43_read"   --->   Operation 41 'sext' 'sext_ln43_cast' <Predicate = true> <Delay = 0.00>
ST_1 : Operation 42 [1/1] (0.00ns)   --->   "%specinterface_ln0 = specinterface void @_ssdm_op_SpecInterface, i512 %AXI_OUT, void @empty_8, i32 0, i32 0, void @empty, i32 64, i32 256, void @empty_2, void @empty_1, void @empty, i32 16, i32 16, i32 16, i32 16, void @empty, void @empty, i32 4294967295, i32 0, i32 0"   --->   Operation 42 'specinterface' 'specinterface_ln0' <Predicate = true> <Delay = 0.00>
ST_1 : Operation 43 [1/1] (1.58ns)   --->   "%store_ln0 = store i21 0, i21 %indvar_flatten192"   --->   Operation 43 'store' 'store_ln0' <Predicate = true> <Delay = 1.58>
ST_1 : Operation 44 [1/1] (1.58ns)   --->   "%store_ln43 = store i7 0, i7 %oc" [src/conv3.cpp:43]   --->   Operation 44 'store' 'store_ln43' <Predicate = true> <Delay = 1.58>
ST_1 : Operation 45 [1/1] (1.58ns)   --->   "%store_ln0 = store i16 0, i16 %indvar_flatten132"   --->   Operation 45 'store' 'store_ln0' <Predicate = true> <Delay = 1.58>
ST_1 : Operation 46 [1/1] (1.58ns)   --->   "%store_ln45 = store i4 0, i4 %oy" [src/conv3.cpp:45]   --->   Operation 46 'store' 'store_ln45' <Predicate = true> <Delay = 1.58>
ST_1 : Operation 47 [1/1] (1.58ns)   --->   "%store_ln0 = store i256 0, i256 %phi_ln45"   --->   Operation 47 'store' 'store_ln0' <Predicate = true> <Delay = 1.58>
ST_1 : Operation 48 [1/1] (1.58ns)   --->   "%store_ln0 = store i13 0, i13 %indvar_flatten84"   --->   Operation 48 'store' 'store_ln0' <Predicate = true> <Delay = 1.58>
ST_1 : Operation 49 [1/1] (1.58ns)   --->   "%store_ln47 = store i4 0, i4 %ox" [src/conv3.cpp:47]   --->   Operation 49 'store' 'store_ln47' <Predicate = true> <Delay = 1.58>
ST_1 : Operation 50 [1/1] (1.58ns)   --->   "%store_ln0 = store i256 0, i256 %shiftreg"   --->   Operation 50 'store' 'store_ln0' <Predicate = true> <Delay = 1.58>
ST_1 : Operation 51 [1/1] (1.58ns)   --->   "%store_ln0 = store i10 0, i10 %indvar_flatten49"   --->   Operation 51 'store' 'store_ln0' <Predicate = true> <Delay = 1.58>
ST_1 : Operation 52 [1/1] (1.58ns)   --->   "%store_ln50 = store i6 0, i6 %ic" [src/conv3.cpp:50]   --->   Operation 52 'store' 'store_ln50' <Predicate = true> <Delay = 1.58>
ST_1 : Operation 53 [1/1] (1.58ns)   --->   "%store_ln0 = store i4 0, i4 %indvar_flatten28"   --->   Operation 53 'store' 'store_ln0' <Predicate = true> <Delay = 1.58>
ST_1 : Operation 54 [1/1] (1.58ns)   --->   "%store_ln52 = store i2 0, i2 %ky" [src/conv3.cpp:52]   --->   Operation 54 'store' 'store_ln52' <Predicate = true> <Delay = 1.58>
ST_1 : Operation 55 [1/1] (1.58ns)   --->   "%store_ln54 = store i2 0, i2 %kx" [src/conv3.cpp:54]   --->   Operation 55 'store' 'store_ln54' <Predicate = true> <Delay = 1.58>
ST_1 : Operation 56 [1/1] (0.00ns)   --->   "%br_ln0 = br void %for.inc69"   --->   Operation 56 'br' 'br_ln0' <Predicate = true> <Delay = 0.00>

State 2 <SV = 1> <Delay = 5.01>
ST_2 : Operation 57 [1/1] (0.00ns)   --->   "%indvar_flatten28_load = load i4 %indvar_flatten28" [src/conv3.cpp:52]   --->   Operation 57 'load' 'indvar_flatten28_load' <Predicate = true> <Delay = 0.00>
ST_2 : Operation 58 [1/1] (0.00ns)   --->   "%indvar_flatten49_load = load i10 %indvar_flatten49" [src/conv3.cpp:50]   --->   Operation 58 'load' 'indvar_flatten49_load' <Predicate = true> <Delay = 0.00>
ST_2 : Operation 59 [1/1] (0.00ns)   --->   "%indvar_flatten84_load = load i13 %indvar_flatten84" [src/conv3.cpp:47]   --->   Operation 59 'load' 'indvar_flatten84_load' <Predicate = true> <Delay = 0.00>
ST_2 : Operation 60 [1/1] (0.00ns)   --->   "%indvar_flatten132_load = load i16 %indvar_flatten132" [src/conv3.cpp:45]   --->   Operation 60 'load' 'indvar_flatten132_load' <Predicate = true> <Delay = 0.00>
ST_2 : Operation 61 [1/1] (0.00ns)   --->   "%indvar_flatten192_load = load i21 %indvar_flatten192" [src/conv3.cpp:43]   --->   Operation 61 'load' 'indvar_flatten192_load' <Predicate = true> <Delay = 0.00>
ST_2 : Operation 62 [1/1] (0.00ns)   --->   "%specbitsmap_ln0 = specbitsmap void @_ssdm_op_SpecBitsMap, i512 %AXI_OUT"   --->   Operation 62 'specbitsmap' 'specbitsmap_ln0' <Predicate = true> <Delay = 0.00>
ST_2 : Operation 63 [1/1] (2.22ns)   --->   "%icmp_ln43 = icmp_eq  i21 %indvar_flatten192_load, i21 1179648" [src/conv3.cpp:43]   --->   Operation 63 'icmp' 'icmp_ln43' <Predicate = true> <Delay = 2.22> <CoreInst = "Cmp">   --->   Core 9 'Cmp' <Latency = 0> <II = 1> <Delay = 2.22> <FuncUnit> <Opcode : 'seteq' 'setne' 'setle' 'setge' 'setlt' 'setgt'> <InPorts = 2> <OutPorts = 1>
ST_2 : Operation 64 [1/1] (2.22ns)   --->   "%add_ln43_1 = add i21 %indvar_flatten192_load, i21 1" [src/conv3.cpp:43]   --->   Operation 64 'add' 'add_ln43_1' <Predicate = true> <Delay = 2.22> <CoreInst = "Adder">   --->   Core 1 'Adder' <Latency = 0> <II = 1> <Delay = 2.22> <FuncUnit> <Opcode : 'add' 'sub'> <InPorts = 2> <OutPorts = 1>
ST_2 : Operation 65 [1/1] (0.00ns)   --->   "%br_ln43 = br i1 %icmp_ln43, void %for.inc92, void %for.end94.exitStub" [src/conv3.cpp:43]   --->   Operation 65 'br' 'br_ln43' <Predicate = true> <Delay = 0.00>
ST_2 : Operation 66 [1/1] (0.00ns)   --->   "%kx_load = load i2 %kx"   --->   Operation 66 'load' 'kx_load' <Predicate = (!icmp_ln43)> <Delay = 0.00>
ST_2 : Operation 67 [1/1] (2.07ns)   --->   "%icmp_ln45 = icmp_eq  i16 %indvar_flatten132_load, i16 18432" [src/conv3.cpp:45]   --->   Operation 67 'icmp' 'icmp_ln45' <Predicate = (!icmp_ln43)> <Delay = 2.07> <CoreInst = "Cmp">   --->   Core 9 'Cmp' <Latency = 0> <II = 1> <Delay = 2.07> <FuncUnit> <Opcode : 'seteq' 'setne' 'setle' 'setge' 'setlt' 'setgt'> <InPorts = 2> <OutPorts = 1>
ST_2 : Operation 68 [1/1] (0.97ns)   --->   "%xor_ln43 = xor i1 %icmp_ln45, i1 1" [src/conv3.cpp:43]   --->   Operation 68 'xor' 'xor_ln43' <Predicate = (!icmp_ln43)> <Delay = 0.97> <CoreInst = "LogicGate">   --->   Core 74 'LogicGate' <Latency = 0> <II = 1> <Delay = 0.97> <FuncUnit> <Opcode : 'and' 'or' 'xor'> <InPorts = 2> <OutPorts = 1>
ST_2 : Operation 69 [1/1] (1.56ns)   --->   "%icmp_ln54 = icmp_eq  i2 %kx_load, i2 3" [src/conv3.cpp:54]   --->   Operation 69 'icmp' 'icmp_ln54' <Predicate = (!icmp_ln43)> <Delay = 1.56> <CoreInst = "Cmp">   --->   Core 9 'Cmp' <Latency = 0> <II = 1> <Delay = 1.56> <FuncUnit> <Opcode : 'seteq' 'setne' 'setle' 'setge' 'setlt' 'setgt'> <InPorts = 2> <OutPorts = 1>
ST_2 : Operation 70 [1/1] (1.73ns)   --->   "%icmp_ln52 = icmp_eq  i4 %indvar_flatten28_load, i4 9" [src/conv3.cpp:52]   --->   Operation 70 'icmp' 'icmp_ln52' <Predicate = (!icmp_ln43)> <Delay = 1.73> <CoreInst = "Cmp">   --->   Core 9 'Cmp' <Latency = 0> <II = 1> <Delay = 1.73> <FuncUnit> <Opcode : 'seteq' 'setne' 'setle' 'setge' 'setlt' 'setgt'> <InPorts = 2> <OutPorts = 1>
ST_2 : Operation 71 [1/1] (1.73ns)   --->   "%icmp_ln50 = icmp_eq  i10 %indvar_flatten49_load, i10 288" [src/conv3.cpp:50]   --->   Operation 71 'icmp' 'icmp_ln50' <Predicate = (!icmp_ln43)> <Delay = 1.73> <CoreInst = "Cmp">   --->   Core 9 'Cmp' <Latency = 0> <II = 1> <Delay = 1.73> <FuncUnit> <Opcode : 'seteq' 'setne' 'setle' 'setge' 'setlt' 'setgt'> <InPorts = 2> <OutPorts = 1>
ST_2 : Operation 72 [1/1] (0.00ns) (grouped into LUT with out node exitcond_flatten51_mid2131)   --->   "%and_ln43_2 = and i1 %icmp_ln50, i1 %xor_ln43" [src/conv3.cpp:43]   --->   Operation 72 'and' 'and_ln43_2' <Predicate = (!icmp_ln43)> <Delay = 0.00> <CoreInst = "LogicGate">   --->   Core 74 'LogicGate' <Latency = 0> <II = 1> <Delay = 0.97> <FuncUnit> <Opcode : 'and' 'or' 'xor'> <InPorts = 2> <OutPorts = 1>
ST_2 : Operation 73 [1/1] (1.67ns)   --->   "%icmp_ln47 = icmp_eq  i13 %indvar_flatten84_load, i13 2304" [src/conv3.cpp:47]   --->   Operation 73 'icmp' 'icmp_ln47' <Predicate = (!icmp_ln43)> <Delay = 1.67> <CoreInst = "Cmp">   --->   Core 9 'Cmp' <Latency = 0> <II = 1> <Delay = 1.67> <FuncUnit> <Opcode : 'seteq' 'setne' 'setle' 'setge' 'setlt' 'setgt'> <InPorts = 2> <OutPorts = 1>
ST_2 : Operation 74 [1/1] (0.97ns)   --->   "%and_ln43_3 = and i1 %icmp_ln47, i1 %xor_ln43" [src/conv3.cpp:43]   --->   Operation 74 'and' 'and_ln43_3' <Predicate = (!icmp_ln43)> <Delay = 0.97> <CoreInst = "LogicGate">   --->   Core 74 'LogicGate' <Latency = 0> <II = 1> <Delay = 0.97> <FuncUnit> <Opcode : 'and' 'or' 'xor'> <InPorts = 2> <OutPorts = 1>
ST_2 : Operation 75 [1/1] (0.97ns)   --->   "%empty_23 = or i1 %and_ln43_3, i1 %icmp_ln45" [src/conv3.cpp:43]   --->   Operation 75 'or' 'empty_23' <Predicate = (!icmp_ln43)> <Delay = 0.97> <CoreInst = "LogicGate">   --->   Core 74 'LogicGate' <Latency = 0> <II = 1> <Delay = 0.97> <FuncUnit> <Opcode : 'and' 'or' 'xor'> <InPorts = 2> <OutPorts = 1>
ST_2 : Operation 76 [1/1] (0.00ns) (grouped into LUT with out node not_exitcond_flatten86_mid2191203)   --->   "%exitcond_flatten86_not204 = xor i1 %icmp_ln47, i1 1" [src/conv3.cpp:47]   --->   Operation 76 'xor' 'exitcond_flatten86_not204' <Predicate = (!icmp_ln43)> <Delay = 0.00> <CoreInst = "LogicGate">   --->   Core 74 'LogicGate' <Latency = 0> <II = 1> <Delay = 0.97> <FuncUnit> <Opcode : 'and' 'or' 'xor'> <InPorts = 2> <OutPorts = 1>
ST_2 : Operation 77 [1/1] (0.97ns) (out node of the LUT)   --->   "%not_exitcond_flatten86_mid2191203 = or i1 %icmp_ln45, i1 %exitcond_flatten86_not204" [src/conv3.cpp:45]   --->   Operation 77 'or' 'not_exitcond_flatten86_mid2191203' <Predicate = (!icmp_ln43)> <Delay = 0.97> <CoreInst = "LogicGate">   --->   Core 74 'LogicGate' <Latency = 0> <II = 1> <Delay = 0.97> <FuncUnit> <Opcode : 'and' 'or' 'xor'> <InPorts = 2> <OutPorts = 1>
ST_2 : Operation 78 [1/1] (0.97ns) (out node of the LUT)   --->   "%exitcond_flatten51_mid2131 = and i1 %and_ln43_2, i1 %not_exitcond_flatten86_mid2191203" [src/conv3.cpp:43]   --->   Operation 78 'and' 'exitcond_flatten51_mid2131' <Predicate = (!icmp_ln43)> <Delay = 0.97> <CoreInst = "LogicGate">   --->   Core 74 'LogicGate' <Latency = 0> <II = 1> <Delay = 0.97> <FuncUnit> <Opcode : 'and' 'or' 'xor'> <InPorts = 2> <OutPorts = 1>
ST_2 : Operation 79 [1/1] (2.07ns)   --->   "%add_ln45_1 = add i16 %indvar_flatten132_load, i16 1" [src/conv3.cpp:45]   --->   Operation 79 'add' 'add_ln45_1' <Predicate = (!icmp_ln43)> <Delay = 2.07> <CoreInst = "Adder">   --->   Core 1 'Adder' <Latency = 0> <II = 1> <Delay = 2.07> <FuncUnit> <Opcode : 'add' 'sub'> <InPorts = 2> <OutPorts = 1>
ST_2 : Operation 80 [1/1] (0.80ns)   --->   "%select_ln45_3 = select i1 %icmp_ln45, i16 1, i16 %add_ln45_1" [src/conv3.cpp:45]   --->   Operation 80 'select' 'select_ln45_3' <Predicate = (!icmp_ln43)> <Delay = 0.80> <CoreInst = "Sel">   --->   Core 73 'Sel' <Latency = 0> <II = 1> <Delay = 0.80> <FuncUnit> <Opcode : 'select'> <InPorts = 3> <OutPorts = 1>
ST_2 : Operation 81 [1/1] (1.58ns)   --->   "%store_ln43 = store i21 %add_ln43_1, i21 %indvar_flatten192" [src/conv3.cpp:43]   --->   Operation 81 'store' 'store_ln43' <Predicate = (!icmp_ln43)> <Delay = 1.58>
ST_2 : Operation 82 [1/1] (1.58ns)   --->   "%store_ln45 = store i16 %select_ln45_3, i16 %indvar_flatten132" [src/conv3.cpp:45]   --->   Operation 82 'store' 'store_ln45' <Predicate = (!icmp_ln43)> <Delay = 1.58>

State 3 <SV = 2> <Delay = 7.88>
ST_3 : Operation 83 [1/1] (0.00ns)   --->   "%ox_load = load i4 %ox"   --->   Operation 83 'load' 'ox_load' <Predicate = (!icmp_ln43)> <Delay = 0.00>
ST_3 : Operation 84 [1/1] (1.73ns)   --->   "%first_iter_4234 = icmp_eq  i4 %ox_load, i4 0"   --->   Operation 84 'icmp' 'first_iter_4234' <Predicate = (!icmp_ln43)> <Delay = 1.73> <CoreInst = "Cmp">   --->   Core 9 'Cmp' <Latency = 0> <II = 1> <Delay = 1.73> <FuncUnit> <Opcode : 'seteq' 'setne' 'setle' 'setge' 'setlt' 'setgt'> <InPorts = 2> <OutPorts = 1>
ST_3 : Operation 85 [1/1] (0.00ns) (grouped into LUT with out node exitcond_flatten30_mid2127)   --->   "%and_ln43_1 = and i1 %icmp_ln52, i1 %xor_ln43" [src/conv3.cpp:43]   --->   Operation 85 'and' 'and_ln43_1' <Predicate = (!icmp_ln43)> <Delay = 0.00> <CoreInst = "LogicGate">   --->   Core 74 'LogicGate' <Latency = 0> <II = 1> <Delay = 0.97> <FuncUnit> <Opcode : 'and' 'or' 'xor'> <InPorts = 2> <OutPorts = 1>
ST_3 : Operation 86 [1/1] (1.02ns)   --->   "%ox_mid293 = select i1 %empty_23, i4 0, i4 %ox_load" [src/conv3.cpp:43]   --->   Operation 86 'select' 'ox_mid293' <Predicate = (!icmp_ln43)> <Delay = 1.02> <CoreInst = "Sel">   --->   Core 73 'Sel' <Latency = 0> <II = 1> <Delay = 1.02> <FuncUnit> <Opcode : 'select'> <InPorts = 3> <OutPorts = 1>
ST_3 : Operation 87 [1/1] (0.97ns) (out node of the LUT)   --->   "%exitcond_flatten30_mid2127 = and i1 %and_ln43_1, i1 %not_exitcond_flatten86_mid2191203" [src/conv3.cpp:43]   --->   Operation 87 'and' 'exitcond_flatten30_mid2127' <Predicate = (!icmp_ln43)> <Delay = 0.97> <CoreInst = "LogicGate">   --->   Core 74 'LogicGate' <Latency = 0> <II = 1> <Delay = 0.97> <FuncUnit> <Opcode : 'and' 'or' 'xor'> <InPorts = 2> <OutPorts = 1>
ST_3 : Operation 88 [1/1] (1.73ns)   --->   "%add_ln47 = add i4 %ox_mid293, i4 1" [src/conv3.cpp:47]   --->   Operation 88 'add' 'add_ln47' <Predicate = (!icmp_ln43)> <Delay = 1.73> <CoreInst = "Adder">   --->   Core 1 'Adder' <Latency = 0> <II = 1> <Delay = 1.73> <FuncUnit> <Opcode : 'add' 'sub'> <InPorts = 2> <OutPorts = 1>
ST_3 : Operation 89 [1/1] (0.97ns)   --->   "%empty_24 = or i1 %exitcond_flatten51_mid2131, i1 %and_ln43_3" [src/conv3.cpp:43]   --->   Operation 89 'or' 'empty_24' <Predicate = (!icmp_ln43)> <Delay = 0.97> <CoreInst = "LogicGate">   --->   Core 74 'LogicGate' <Latency = 0> <II = 1> <Delay = 0.97> <FuncUnit> <Opcode : 'and' 'or' 'xor'> <InPorts = 2> <OutPorts = 1>
ST_3 : Operation 90 [1/1] (0.97ns)   --->   "%empty_25 = or i1 %empty_24, i1 %icmp_ln45" [src/conv3.cpp:43]   --->   Operation 90 'or' 'empty_25' <Predicate = (!icmp_ln43)> <Delay = 0.97> <CoreInst = "LogicGate">   --->   Core 74 'LogicGate' <Latency = 0> <II = 1> <Delay = 0.97> <FuncUnit> <Opcode : 'and' 'or' 'xor'> <InPorts = 2> <OutPorts = 1>
ST_3 : Operation 91 [1/1] (1.73ns)   --->   "%first_iter_4_mid1 = icmp_eq  i4 %add_ln47, i4 0" [src/conv3.cpp:47]   --->   Operation 91 'icmp' 'first_iter_4_mid1' <Predicate = (!icmp_ln43)> <Delay = 1.73> <CoreInst = "Cmp">   --->   Core 9 'Cmp' <Latency = 0> <II = 1> <Delay = 1.73> <FuncUnit> <Opcode : 'seteq' 'setne' 'setle' 'setge' 'setlt' 'setgt'> <InPorts = 2> <OutPorts = 1>
ST_3 : Operation 92 [1/1] (0.97ns)   --->   "%not_exitcond_flatten51_mid2131 = xor i1 %exitcond_flatten51_mid2131, i1 1" [src/conv3.cpp:43]   --->   Operation 92 'xor' 'not_exitcond_flatten51_mid2131' <Predicate = (!icmp_ln43)> <Delay = 0.97> <CoreInst = "LogicGate">   --->   Core 74 'LogicGate' <Latency = 0> <II = 1> <Delay = 0.97> <FuncUnit> <Opcode : 'and' 'or' 'xor'> <InPorts = 2> <OutPorts = 1>
ST_3 : Operation 93 [1/1] (0.00ns) (grouped into LUT with out node icmp_ln54_mid248)   --->   "%and_ln43 = and i1 %icmp_ln54, i1 %xor_ln43" [src/conv3.cpp:43]   --->   Operation 93 'and' 'and_ln43' <Predicate = (!icmp_ln43)> <Delay = 0.00> <CoreInst = "LogicGate">   --->   Core 74 'LogicGate' <Latency = 0> <II = 1> <Delay = 0.97> <FuncUnit> <Opcode : 'and' 'or' 'xor'> <InPorts = 2> <OutPorts = 1>
ST_3 : Operation 94 [1/1] (0.97ns)   --->   "%exitcond_flatten30_mid283 = and i1 %exitcond_flatten30_mid2127, i1 %not_exitcond_flatten51_mid2131" [src/conv3.cpp:43]   --->   Operation 94 'and' 'exitcond_flatten30_mid283' <Predicate = (!icmp_ln43)> <Delay = 0.97> <CoreInst = "LogicGate">   --->   Core 74 'LogicGate' <Latency = 0> <II = 1> <Delay = 0.97> <FuncUnit> <Opcode : 'and' 'or' 'xor'> <InPorts = 2> <OutPorts = 1>
ST_3 : Operation 95 [1/1] (1.02ns)   --->   "%select_ln47 = select i1 %exitcond_flatten51_mid2131, i4 %add_ln47, i4 %ox_mid293" [src/conv3.cpp:47]   --->   Operation 95 'select' 'select_ln47' <Predicate = (!icmp_ln43)> <Delay = 1.02> <CoreInst = "Sel">   --->   Core 73 'Sel' <Latency = 0> <II = 1> <Delay = 1.02> <FuncUnit> <Opcode : 'select'> <InPorts = 3> <OutPorts = 1>
ST_3 : Operation 96 [1/1] (0.00ns) (grouped into LUT with out node empty_27)   --->   "%empty_26 = or i1 %exitcond_flatten30_mid283, i1 %exitcond_flatten51_mid2131" [src/conv3.cpp:43]   --->   Operation 96 'or' 'empty_26' <Predicate = (!icmp_ln43)> <Delay = 0.00> <CoreInst = "LogicGate">   --->   Core 74 'LogicGate' <Latency = 0> <II = 1> <Delay = 0.97> <FuncUnit> <Opcode : 'and' 'or' 'xor'> <InPorts = 2> <OutPorts = 1>
ST_3 : Operation 97 [1/1] (0.97ns) (out node of the LUT)   --->   "%empty_27 = or i1 %empty_26, i1 %empty_23" [src/conv3.cpp:43]   --->   Operation 97 'or' 'empty_27' <Predicate = (!icmp_ln43)> <Delay = 0.97> <CoreInst = "LogicGate">   --->   Core 74 'LogicGate' <Latency = 0> <II = 1> <Delay = 0.97> <FuncUnit> <Opcode : 'and' 'or' 'xor'> <InPorts = 2> <OutPorts = 1>
ST_3 : Operation 98 [1/1] (0.00ns) (grouped into LUT with out node icmp_ln54_mid248)   --->   "%exitcond_flatten30_mid2127_not = xor i1 %exitcond_flatten30_mid2127, i1 1" [src/conv3.cpp:43]   --->   Operation 98 'xor' 'exitcond_flatten30_mid2127_not' <Predicate = (!icmp_ln43)> <Delay = 0.00> <CoreInst = "LogicGate">   --->   Core 74 'LogicGate' <Latency = 0> <II = 1> <Delay = 0.97> <FuncUnit> <Opcode : 'and' 'or' 'xor'> <InPorts = 2> <OutPorts = 1>
ST_3 : Operation 99 [1/1] (0.00ns) (grouped into LUT with out node icmp_ln54_mid248)   --->   "%not_exitcond_flatten30_mid283 = or i1 %exitcond_flatten51_mid2131, i1 %exitcond_flatten30_mid2127_not" [src/conv3.cpp:43]   --->   Operation 99 'or' 'not_exitcond_flatten30_mid283' <Predicate = (!icmp_ln43)> <Delay = 0.00> <CoreInst = "LogicGate">   --->   Core 74 'LogicGate' <Latency = 0> <II = 1> <Delay = 0.97> <FuncUnit> <Opcode : 'and' 'or' 'xor'> <InPorts = 2> <OutPorts = 1>
ST_3 : Operation 100 [1/1] (0.00ns) (grouped into LUT with out node icmp_ln54_mid248)   --->   "%icmp_ln54_mid2123 = and i1 %and_ln43, i1 %not_exitcond_flatten86_mid2191203" [src/conv3.cpp:43]   --->   Operation 100 'and' 'icmp_ln54_mid2123' <Predicate = (!icmp_ln43)> <Delay = 0.00> <CoreInst = "LogicGate">   --->   Core 74 'LogicGate' <Latency = 0> <II = 1> <Delay = 0.97> <FuncUnit> <Opcode : 'and' 'or' 'xor'> <InPorts = 2> <OutPorts = 1>
ST_3 : Operation 101 [1/1] (0.00ns) (grouped into LUT with out node icmp_ln54_mid248)   --->   "%icmp_ln54_mid279 = and i1 %icmp_ln54_mid2123, i1 %not_exitcond_flatten51_mid2131" [src/conv3.cpp:43]   --->   Operation 101 'and' 'icmp_ln54_mid279' <Predicate = (!icmp_ln43)> <Delay = 0.00> <CoreInst = "LogicGate">   --->   Core 74 'LogicGate' <Latency = 0> <II = 1> <Delay = 0.97> <FuncUnit> <Opcode : 'and' 'or' 'xor'> <InPorts = 2> <OutPorts = 1>
ST_3 : Operation 102 [1/1] (0.97ns) (out node of the LUT)   --->   "%icmp_ln54_mid248 = and i1 %icmp_ln54_mid279, i1 %not_exitcond_flatten30_mid283" [src/conv3.cpp:43]   --->   Operation 102 'and' 'icmp_ln54_mid248' <Predicate = (!icmp_ln43)> <Delay = 0.97> <CoreInst = "LogicGate">   --->   Core 74 'LogicGate' <Latency = 0> <II = 1> <Delay = 0.97> <FuncUnit> <Opcode : 'and' 'or' 'xor'> <InPorts = 2> <OutPorts = 1>
ST_3 : Operation 103 [1/1] (0.00ns) (grouped into LUT with out node kx_mid2)   --->   "%empty_28 = or i1 %empty_24, i1 %exitcond_flatten30_mid283" [src/conv3.cpp:43]   --->   Operation 103 'or' 'empty_28' <Predicate = (!icmp_ln43)> <Delay = 0.00> <CoreInst = "LogicGate">   --->   Core 74 'LogicGate' <Latency = 0> <II = 1> <Delay = 0.97> <FuncUnit> <Opcode : 'and' 'or' 'xor'> <InPorts = 2> <OutPorts = 1>
ST_3 : Operation 104 [1/1] (0.00ns) (grouped into LUT with out node kx_mid2)   --->   "%empty_29 = or i1 %icmp_ln54_mid248, i1 %empty_28" [src/conv3.cpp:43]   --->   Operation 104 'or' 'empty_29' <Predicate = (!icmp_ln43)> <Delay = 0.00> <CoreInst = "LogicGate">   --->   Core 74 'LogicGate' <Latency = 0> <II = 1> <Delay = 0.97> <FuncUnit> <Opcode : 'and' 'or' 'xor'> <InPorts = 2> <OutPorts = 1>
ST_3 : Operation 105 [1/1] (0.00ns) (grouped into LUT with out node kx_mid2)   --->   "%empty_30 = or i1 %empty_29, i1 %icmp_ln45" [src/conv3.cpp:43]   --->   Operation 105 'or' 'empty_30' <Predicate = (!icmp_ln43)> <Delay = 0.00> <CoreInst = "LogicGate">   --->   Core 74 'LogicGate' <Latency = 0> <II = 1> <Delay = 0.97> <FuncUnit> <Opcode : 'and' 'or' 'xor'> <InPorts = 2> <OutPorts = 1>
ST_3 : Operation 106 [1/1] (0.99ns) (out node of the LUT)   --->   "%kx_mid2 = select i1 %empty_30, i2 0, i2 %kx_load" [src/conv3.cpp:43]   --->   Operation 106 'select' 'kx_mid2' <Predicate = (!icmp_ln43)> <Delay = 0.99> <CoreInst = "Sel">   --->   Core 73 'Sel' <Latency = 0> <II = 1> <Delay = 0.99> <FuncUnit> <Opcode : 'select'> <InPorts = 3> <OutPorts = 1>
ST_3 : Operation 107 [1/1] (1.56ns)   --->   "%icmp_ln54_1 = icmp_ne  i2 %kx_mid2, i2 0" [src/conv3.cpp:54]   --->   Operation 107 'icmp' 'icmp_ln54_1' <Predicate = (!icmp_ln43)> <Delay = 1.56> <CoreInst = "Cmp">   --->   Core 9 'Cmp' <Latency = 0> <II = 1> <Delay = 1.56> <FuncUnit> <Opcode : 'seteq' 'setne' 'setle' 'setge' 'setlt' 'setgt'> <InPorts = 2> <OutPorts = 1>
ST_3 : Operation 108 [1/1] (0.00ns)   --->   "%zext_ln56_3 = zext i2 %kx_mid2" [src/conv3.cpp:56]   --->   Operation 108 'zext' 'zext_ln56_3' <Predicate = (!icmp_ln43)> <Delay = 0.00>
ST_3 : Operation 109 [1/1] (1.73ns)   --->   "%add_ln56 = add i4 %zext_ln56_3, i4 %select_ln47" [src/conv3.cpp:56]   --->   Operation 109 'add' 'add_ln56' <Predicate = (!icmp_ln43)> <Delay = 1.73> <CoreInst = "Adder">   --->   Core 1 'Adder' <Latency = 0> <II = 1> <Delay = 1.73> <FuncUnit> <Opcode : 'add' 'sub'> <InPorts = 2> <OutPorts = 1>
ST_3 : Operation 110 [8/8] (2.36ns)   --->   "%urem_ln56 = urem i4 %add_ln56, i4 3" [src/conv3.cpp:56]   --->   Operation 110 'urem' 'urem_ln56' <Predicate = (!icmp_ln43)> <Delay = 2.36> <CoreInst = "Divider">   --->   Core 6 'Divider' <Latency = 7> <II = 1> <Delay = 2.36> <FuncUnit> <Opcode : 'udiv' 'sdiv' 'urem' 'srem'> <InPorts = 2> <OutPorts = 1>
ST_3 : Operation 111 [1/1] (1.56ns)   --->   "%add_ln54 = add i2 %kx_mid2, i2 1" [src/conv3.cpp:54]   --->   Operation 111 'add' 'add_ln54' <Predicate = (!icmp_ln43)> <Delay = 1.56> <CoreInst = "Adder">   --->   Core 1 'Adder' <Latency = 0> <II = 1> <Delay = 1.56> <FuncUnit> <Opcode : 'add' 'sub'> <InPorts = 2> <OutPorts = 1>
ST_3 : Operation 112 [1/1] (1.56ns)   --->   "%icmp_ln54_2 = icmp_eq  i2 %add_ln54, i2 3" [src/conv3.cpp:54]   --->   Operation 112 'icmp' 'icmp_ln54_2' <Predicate = (!icmp_ln43)> <Delay = 1.56> <CoreInst = "Cmp">   --->   Core 9 'Cmp' <Latency = 0> <II = 1> <Delay = 1.56> <FuncUnit> <Opcode : 'seteq' 'setne' 'setle' 'setge' 'setlt' 'setgt'> <InPorts = 2> <OutPorts = 1>
ST_3 : Operation 113 [1/1] (1.73ns)   --->   "%icmp_ln47_1 = icmp_eq  i4 %select_ln47, i4 7" [src/conv3.cpp:47]   --->   Operation 113 'icmp' 'icmp_ln47_1' <Predicate = (!icmp_ln43)> <Delay = 1.73> <CoreInst = "Cmp">   --->   Core 9 'Cmp' <Latency = 0> <II = 1> <Delay = 1.73> <FuncUnit> <Opcode : 'seteq' 'setne' 'setle' 'setge' 'setlt' 'setgt'> <InPorts = 2> <OutPorts = 1>
ST_3 : Operation 114 [1/1] (0.00ns)   --->   "%br_ln54 = br i1 %icmp_ln54_2, void %new.latch.for.inc69.split, void %last.iter.for.inc69.split" [src/conv3.cpp:54]   --->   Operation 114 'br' 'br_ln54' <Predicate = (!icmp_ln43)> <Delay = 0.00>
ST_3 : Operation 115 [1/1] (0.00ns)   --->   "%br_ln54 = br void %new.latch.for.inc69.split" [src/conv3.cpp:54]   --->   Operation 115 'br' 'br_ln54' <Predicate = (!icmp_ln43 & icmp_ln54_2)> <Delay = 0.00>
ST_3 : Operation 116 [1/1] (1.73ns)   --->   "%add_ln52_1 = add i4 %indvar_flatten28_load, i4 1" [src/conv3.cpp:52]   --->   Operation 116 'add' 'add_ln52_1' <Predicate = (!icmp_ln43)> <Delay = 1.73> <CoreInst = "Adder">   --->   Core 1 'Adder' <Latency = 0> <II = 1> <Delay = 1.73> <FuncUnit> <Opcode : 'add' 'sub'> <InPorts = 2> <OutPorts = 1>
ST_3 : Operation 117 [1/1] (1.02ns)   --->   "%select_ln52_1 = select i1 %empty_27, i4 1, i4 %add_ln52_1" [src/conv3.cpp:52]   --->   Operation 117 'select' 'select_ln52_1' <Predicate = (!icmp_ln43)> <Delay = 1.02> <CoreInst = "Sel">   --->   Core 73 'Sel' <Latency = 0> <II = 1> <Delay = 1.02> <FuncUnit> <Opcode : 'select'> <InPorts = 3> <OutPorts = 1>
ST_3 : Operation 118 [1/1] (1.73ns)   --->   "%add_ln50_1 = add i10 %indvar_flatten49_load, i10 1" [src/conv3.cpp:50]   --->   Operation 118 'add' 'add_ln50_1' <Predicate = (!icmp_ln43)> <Delay = 1.73> <CoreInst = "Adder">   --->   Core 1 'Adder' <Latency = 0> <II = 1> <Delay = 1.73> <FuncUnit> <Opcode : 'add' 'sub'> <InPorts = 2> <OutPorts = 1>
ST_3 : Operation 119 [1/1] (0.68ns)   --->   "%select_ln50_1 = select i1 %empty_25, i10 1, i10 %add_ln50_1" [src/conv3.cpp:50]   --->   Operation 119 'select' 'select_ln50_1' <Predicate = (!icmp_ln43)> <Delay = 0.68> <CoreInst = "Sel">   --->   Core 73 'Sel' <Latency = 0> <II = 1> <Delay = 0.68> <FuncUnit> <Opcode : 'select'> <InPorts = 3> <OutPorts = 1>
ST_3 : Operation 120 [1/1] (1.67ns)   --->   "%add_ln47_1 = add i13 %indvar_flatten84_load, i13 1" [src/conv3.cpp:47]   --->   Operation 120 'add' 'add_ln47_1' <Predicate = (!icmp_ln43 & !empty_23)> <Delay = 1.67> <CoreInst = "Adder">   --->   Core 1 'Adder' <Latency = 0> <II = 1> <Delay = 1.67> <FuncUnit> <Opcode : 'add' 'sub'> <InPorts = 2> <OutPorts = 1>
ST_3 : Operation 121 [1/1] (0.69ns)   --->   "%select_ln47_2 = select i1 %empty_23, i13 1, i13 %add_ln47_1" [src/conv3.cpp:47]   --->   Operation 121 'select' 'select_ln47_2' <Predicate = (!icmp_ln43)> <Delay = 0.69> <CoreInst = "Sel">   --->   Core 73 'Sel' <Latency = 0> <II = 1> <Delay = 0.69> <FuncUnit> <Opcode : 'select'> <InPorts = 3> <OutPorts = 1>
ST_3 : Operation 122 [1/1] (1.58ns)   --->   "%store_ln47 = store i13 %select_ln47_2, i13 %indvar_flatten84" [src/conv3.cpp:47]   --->   Operation 122 'store' 'store_ln47' <Predicate = (!icmp_ln43)> <Delay = 1.58>
ST_3 : Operation 123 [1/1] (1.58ns)   --->   "%store_ln47 = store i4 %select_ln47, i4 %ox" [src/conv3.cpp:47]   --->   Operation 123 'store' 'store_ln47' <Predicate = (!icmp_ln43)> <Delay = 1.58>
ST_3 : Operation 124 [1/1] (1.58ns)   --->   "%store_ln50 = store i10 %select_ln50_1, i10 %indvar_flatten49" [src/conv3.cpp:50]   --->   Operation 124 'store' 'store_ln50' <Predicate = (!icmp_ln43)> <Delay = 1.58>
ST_3 : Operation 125 [1/1] (1.58ns)   --->   "%store_ln52 = store i4 %select_ln52_1, i4 %indvar_flatten28" [src/conv3.cpp:52]   --->   Operation 125 'store' 'store_ln52' <Predicate = (!icmp_ln43)> <Delay = 1.58>
ST_3 : Operation 126 [1/1] (1.58ns)   --->   "%store_ln54 = store i2 %add_ln54, i2 %kx" [src/conv3.cpp:54]   --->   Operation 126 'store' 'store_ln54' <Predicate = (!icmp_ln43)> <Delay = 1.58>

State 4 <SV = 3> <Delay = 6.82>
ST_4 : Operation 127 [1/1] (0.00ns)   --->   "%ky_load = load i2 %ky"   --->   Operation 127 'load' 'ky_load' <Predicate = (!icmp_ln43)> <Delay = 0.00>
ST_4 : Operation 128 [1/1] (0.00ns)   --->   "%ic_load = load i6 %ic"   --->   Operation 128 'load' 'ic_load' <Predicate = (!icmp_ln43)> <Delay = 0.00>
ST_4 : Operation 129 [1/1] (1.82ns)   --->   "%first_iter_3236 = icmp_eq  i6 %ic_load, i6 0"   --->   Operation 129 'icmp' 'first_iter_3236' <Predicate = (!icmp_ln43)> <Delay = 1.82> <CoreInst = "Cmp">   --->   Core 9 'Cmp' <Latency = 0> <II = 1> <Delay = 1.82> <FuncUnit> <Opcode : 'seteq' 'setne' 'setle' 'setge' 'setlt' 'setgt'> <InPorts = 2> <OutPorts = 1>
ST_4 : Operation 130 [1/1] (0.00ns) (grouped into LUT with out node xor_ln54_1)   --->   "%or_ln43_2 = or i1 %icmp_ln45, i1 %first_iter_3236" [src/conv3.cpp:43]   --->   Operation 130 'or' 'or_ln43_2' <Predicate = (!icmp_ln43)> <Delay = 0.00> <CoreInst = "LogicGate">   --->   Core 74 'LogicGate' <Latency = 0> <II = 1> <Delay = 0.97> <FuncUnit> <Opcode : 'and' 'or' 'xor'> <InPorts = 2> <OutPorts = 1>
ST_4 : Operation 131 [1/1] (1.56ns)   --->   "%first_iter_2238 = icmp_eq  i2 %ky_load, i2 0"   --->   Operation 131 'icmp' 'first_iter_2238' <Predicate = (!icmp_ln43)> <Delay = 1.56> <CoreInst = "Cmp">   --->   Core 9 'Cmp' <Latency = 0> <II = 1> <Delay = 1.56> <FuncUnit> <Opcode : 'seteq' 'setne' 'setle' 'setge' 'setlt' 'setgt'> <InPorts = 2> <OutPorts = 1>
ST_4 : Operation 132 [1/1] (0.00ns) (grouped into LUT with out node first_iter_2_mid246)   --->   "%or_ln43_3 = or i1 %icmp_ln45, i1 %first_iter_2238" [src/conv3.cpp:43]   --->   Operation 132 'or' 'or_ln43_3' <Predicate = (!icmp_ln43)> <Delay = 0.00> <CoreInst = "LogicGate">   --->   Core 74 'LogicGate' <Latency = 0> <II = 1> <Delay = 0.97> <FuncUnit> <Opcode : 'and' 'or' 'xor'> <InPorts = 2> <OutPorts = 1>
ST_4 : Operation 133 [1/1] (0.00ns) (grouped into LUT with out node xor_ln54_1)   --->   "%first_iter_3_mid2117 = or i1 %and_ln43_3, i1 %or_ln43_2" [src/conv3.cpp:43]   --->   Operation 133 'or' 'first_iter_3_mid2117' <Predicate = (!icmp_ln43)> <Delay = 0.00> <CoreInst = "LogicGate">   --->   Core 74 'LogicGate' <Latency = 0> <II = 1> <Delay = 0.97> <FuncUnit> <Opcode : 'and' 'or' 'xor'> <InPorts = 2> <OutPorts = 1>
ST_4 : Operation 134 [1/1] (0.00ns) (grouped into LUT with out node first_iter_2_mid246)   --->   "%first_iter_2_mid2121 = or i1 %and_ln43_3, i1 %or_ln43_3" [src/conv3.cpp:43]   --->   Operation 134 'or' 'first_iter_2_mid2121' <Predicate = (!icmp_ln43)> <Delay = 0.00> <CoreInst = "LogicGate">   --->   Core 74 'LogicGate' <Latency = 0> <II = 1> <Delay = 0.97> <FuncUnit> <Opcode : 'and' 'or' 'xor'> <InPorts = 2> <OutPorts = 1>
ST_4 : Operation 135 [1/1] (1.18ns)   --->   "%ic_1_mid259 = select i1 %empty_25, i6 0, i6 %ic_load" [src/conv3.cpp:43]   --->   Operation 135 'select' 'ic_1_mid259' <Predicate = (!icmp_ln43)> <Delay = 1.18> <CoreInst = "Sel">   --->   Core 73 'Sel' <Latency = 0> <II = 1> <Delay = 1.18> <FuncUnit> <Opcode : 'select'> <InPorts = 3> <OutPorts = 1>
ST_4 : Operation 136 [1/1] (0.00ns) (grouped into LUT with out node xor_ln54_1)   --->   "%first_iter_3_mid273 = or i1 %exitcond_flatten51_mid2131, i1 %first_iter_3_mid2117" [src/conv3.cpp:43]   --->   Operation 136 'or' 'first_iter_3_mid273' <Predicate = (!icmp_ln43)> <Delay = 0.00> <CoreInst = "LogicGate">   --->   Core 74 'LogicGate' <Latency = 0> <II = 1> <Delay = 0.97> <FuncUnit> <Opcode : 'and' 'or' 'xor'> <InPorts = 2> <OutPorts = 1>
ST_4 : Operation 137 [1/1] (0.00ns) (grouped into LUT with out node first_iter_2_mid246)   --->   "%first_iter_2_mid277 = or i1 %exitcond_flatten51_mid2131, i1 %first_iter_2_mid2121" [src/conv3.cpp:43]   --->   Operation 137 'or' 'first_iter_2_mid277' <Predicate = (!icmp_ln43)> <Delay = 0.00> <CoreInst = "LogicGate">   --->   Core 74 'LogicGate' <Latency = 0> <II = 1> <Delay = 0.97> <FuncUnit> <Opcode : 'and' 'or' 'xor'> <InPorts = 2> <OutPorts = 1>
ST_4 : Operation 138 [1/1] (1.82ns)   --->   "%add_ln50 = add i6 %ic_1_mid259, i6 1" [src/conv3.cpp:50]   --->   Operation 138 'add' 'add_ln50' <Predicate = (!icmp_ln43)> <Delay = 1.82> <CoreInst = "Adder">   --->   Core 1 'Adder' <Latency = 0> <II = 1> <Delay = 1.82> <FuncUnit> <Opcode : 'add' 'sub'> <InPorts = 2> <OutPorts = 1>
ST_4 : Operation 139 [1/1] (0.99ns)   --->   "%ky_mid238 = select i1 %empty_27, i2 0, i2 %ky_load" [src/conv3.cpp:43]   --->   Operation 139 'select' 'ky_mid238' <Predicate = (!icmp_ln43)> <Delay = 0.99> <CoreInst = "Sel">   --->   Core 73 'Sel' <Latency = 0> <II = 1> <Delay = 0.99> <FuncUnit> <Opcode : 'select'> <InPorts = 3> <OutPorts = 1>
ST_4 : Operation 140 [1/1] (1.82ns)   --->   "%first_iter_3_mid1 = icmp_eq  i6 %add_ln50, i6 0" [src/conv3.cpp:50]   --->   Operation 140 'icmp' 'first_iter_3_mid1' <Predicate = (!icmp_ln43)> <Delay = 1.82> <CoreInst = "Cmp">   --->   Core 9 'Cmp' <Latency = 0> <II = 1> <Delay = 1.82> <FuncUnit> <Opcode : 'seteq' 'setne' 'setle' 'setge' 'setlt' 'setgt'> <InPorts = 2> <OutPorts = 1>
ST_4 : Operation 141 [1/1] (0.00ns) (grouped into LUT with out node xor_ln54_1)   --->   "%first_iter_3_mid2 = select i1 %exitcond_flatten30_mid283, i1 %first_iter_3_mid1, i1 %first_iter_3_mid273" [src/conv3.cpp:43]   --->   Operation 141 'select' 'first_iter_3_mid2' <Predicate = (!icmp_ln43)> <Delay = 0.00> <CoreInst = "Sel">   --->   Core 73 'Sel' <Latency = 0> <II = 1> <Delay = 0.99> <FuncUnit> <Opcode : 'select'> <InPorts = 3> <OutPorts = 1>
ST_4 : Operation 142 [1/1] (0.97ns) (out node of the LUT)   --->   "%first_iter_2_mid246 = or i1 %exitcond_flatten30_mid283, i1 %first_iter_2_mid277" [src/conv3.cpp:43]   --->   Operation 142 'or' 'first_iter_2_mid246' <Predicate = (!icmp_ln43)> <Delay = 0.97> <CoreInst = "LogicGate">   --->   Core 74 'LogicGate' <Latency = 0> <II = 1> <Delay = 0.97> <FuncUnit> <Opcode : 'and' 'or' 'xor'> <InPorts = 2> <OutPorts = 1>
ST_4 : Operation 143 [1/1] (1.18ns)   --->   "%select_ln50 = select i1 %exitcond_flatten30_mid283, i6 %add_ln50, i6 %ic_1_mid259" [src/conv3.cpp:50]   --->   Operation 143 'select' 'select_ln50' <Predicate = (!icmp_ln43)> <Delay = 1.18> <CoreInst = "Sel">   --->   Core 73 'Sel' <Latency = 0> <II = 1> <Delay = 1.18> <FuncUnit> <Opcode : 'select'> <InPorts = 3> <OutPorts = 1>
ST_4 : Operation 144 [1/1] (1.56ns)   --->   "%add_ln52 = add i2 %ky_mid238, i2 1" [src/conv3.cpp:52]   --->   Operation 144 'add' 'add_ln52' <Predicate = (!icmp_ln43)> <Delay = 1.56> <CoreInst = "Adder">   --->   Core 1 'Adder' <Latency = 0> <II = 1> <Delay = 1.56> <FuncUnit> <Opcode : 'add' 'sub'> <InPorts = 2> <OutPorts = 1>
ST_4 : Operation 145 [1/1] (1.56ns)   --->   "%first_iter_2_mid1 = icmp_eq  i2 %add_ln52, i2 0" [src/conv3.cpp:52]   --->   Operation 145 'icmp' 'first_iter_2_mid1' <Predicate = (!icmp_ln43)> <Delay = 1.56> <CoreInst = "Cmp">   --->   Core 9 'Cmp' <Latency = 0> <II = 1> <Delay = 1.56> <FuncUnit> <Opcode : 'seteq' 'setne' 'setle' 'setge' 'setlt' 'setgt'> <InPorts = 2> <OutPorts = 1>
ST_4 : Operation 146 [1/1] (0.00ns) (grouped into LUT with out node or_ln54_1)   --->   "%first_iter_2_mid2 = select i1 %icmp_ln54_mid248, i1 %first_iter_2_mid1, i1 %first_iter_2_mid246" [src/conv3.cpp:43]   --->   Operation 146 'select' 'first_iter_2_mid2' <Predicate = (!icmp_ln43)> <Delay = 0.00> <CoreInst = "Sel">   --->   Core 73 'Sel' <Latency = 0> <II = 1> <Delay = 0.99> <FuncUnit> <Opcode : 'select'> <InPorts = 3> <OutPorts = 1>
ST_4 : Operation 147 [1/1] (0.99ns)   --->   "%select_ln52 = select i1 %icmp_ln54_mid248, i2 %add_ln52, i2 %ky_mid238" [src/conv3.cpp:52]   --->   Operation 147 'select' 'select_ln52' <Predicate = (!icmp_ln43)> <Delay = 0.99> <CoreInst = "Sel">   --->   Core 73 'Sel' <Latency = 0> <II = 1> <Delay = 0.99> <FuncUnit> <Opcode : 'select'> <InPorts = 3> <OutPorts = 1>
ST_4 : Operation 148 [1/1] (0.00ns) (grouped into LUT with out node or_ln54_1)   --->   "%xor_ln54 = xor i1 %first_iter_2_mid2, i1 1" [src/conv3.cpp:54]   --->   Operation 148 'xor' 'xor_ln54' <Predicate = (!icmp_ln43)> <Delay = 0.00> <CoreInst = "LogicGate">   --->   Core 74 'LogicGate' <Latency = 0> <II = 1> <Delay = 0.97> <FuncUnit> <Opcode : 'and' 'or' 'xor'> <InPorts = 2> <OutPorts = 1>
ST_4 : Operation 149 [1/1] (0.00ns) (grouped into LUT with out node or_ln54_1)   --->   "%or_ln54 = or i1 %icmp_ln54_1, i1 %xor_ln54" [src/conv3.cpp:54]   --->   Operation 149 'or' 'or_ln54' <Predicate = (!icmp_ln43)> <Delay = 0.00> <CoreInst = "LogicGate">   --->   Core 74 'LogicGate' <Latency = 0> <II = 1> <Delay = 0.97> <FuncUnit> <Opcode : 'and' 'or' 'xor'> <InPorts = 2> <OutPorts = 1>
ST_4 : Operation 150 [1/1] (0.99ns) (out node of the LUT)   --->   "%xor_ln54_1 = xor i1 %first_iter_3_mid2, i1 1" [src/conv3.cpp:54]   --->   Operation 150 'xor' 'xor_ln54_1' <Predicate = (!icmp_ln43)> <Delay = 0.99> <CoreInst = "LogicGate">   --->   Core 74 'LogicGate' <Latency = 0> <II = 1> <Delay = 0.97> <FuncUnit> <Opcode : 'and' 'or' 'xor'> <InPorts = 2> <OutPorts = 1>
ST_4 : Operation 151 [1/1] (0.99ns) (out node of the LUT)   --->   "%or_ln54_1 = or i1 %or_ln54, i1 %xor_ln54_1" [src/conv3.cpp:54]   --->   Operation 151 'or' 'or_ln54_1' <Predicate = (!icmp_ln43)> <Delay = 0.99> <CoreInst = "LogicGate">   --->   Core 74 'LogicGate' <Latency = 0> <II = 1> <Delay = 0.97> <FuncUnit> <Opcode : 'and' 'or' 'xor'> <InPorts = 2> <OutPorts = 1>
ST_4 : Operation 152 [1/1] (0.00ns)   --->   "%zext_ln56_5 = zext i4 %add_ln56" [src/conv3.cpp:56]   --->   Operation 152 'zext' 'zext_ln56_5' <Predicate = (!icmp_ln43)> <Delay = 0.00>
ST_4 : Operation 153 [1/1] (3.78ns)   --->   "%mul_ln56 = mul i9 %zext_ln56_5, i9 22" [src/conv3.cpp:56]   --->   Operation 153 'mul' 'mul_ln56' <Predicate = (!icmp_ln43)> <Delay = 3.78> <CoreInst = "Multiplier">   --->   Core 3 'Multiplier' <Latency = 0> <II = 1> <Delay = 3.78> <FuncUnit> <Opcode : 'mul'> <InPorts = 2> <OutPorts = 1>
ST_4 : Operation 154 [1/1] (0.00ns)   --->   "%tmp_8 = partselect i3 @_ssdm_op_PartSelect.i3.i9.i32.i32, i9 %mul_ln56, i32 6, i32 8" [src/conv3.cpp:56]   --->   Operation 154 'partselect' 'tmp_8' <Predicate = (!icmp_ln43)> <Delay = 0.00>
ST_4 : Operation 155 [7/8] (2.36ns)   --->   "%urem_ln56 = urem i4 %add_ln56, i4 3" [src/conv3.cpp:56]   --->   Operation 155 'urem' 'urem_ln56' <Predicate = (!icmp_ln43)> <Delay = 2.36> <CoreInst = "Divider">   --->   Core 6 'Divider' <Latency = 7> <II = 1> <Delay = 2.36> <FuncUnit> <Opcode : 'udiv' 'sdiv' 'urem' 'srem'> <InPorts = 2> <OutPorts = 1>
ST_4 : Operation 156 [1/1] (1.56ns)   --->   "%icmp_ln52_1 = icmp_eq  i2 %select_ln52, i2 2" [src/conv3.cpp:52]   --->   Operation 156 'icmp' 'icmp_ln52_1' <Predicate = (!icmp_ln43)> <Delay = 1.56> <CoreInst = "Cmp">   --->   Core 9 'Cmp' <Latency = 0> <II = 1> <Delay = 1.56> <FuncUnit> <Opcode : 'seteq' 'setne' 'setle' 'setge' 'setlt' 'setgt'> <InPorts = 2> <OutPorts = 1>
ST_4 : Operation 157 [1/1] (1.82ns)   --->   "%icmp_ln50_1 = icmp_eq  i6 %select_ln50, i6 31" [src/conv3.cpp:50]   --->   Operation 157 'icmp' 'icmp_ln50_1' <Predicate = (!icmp_ln43)> <Delay = 1.82> <CoreInst = "Cmp">   --->   Core 9 'Cmp' <Latency = 0> <II = 1> <Delay = 1.82> <FuncUnit> <Opcode : 'seteq' 'setne' 'setle' 'setge' 'setlt' 'setgt'> <InPorts = 2> <OutPorts = 1>
ST_4 : Operation 158 [1/1] (0.00ns)   --->   "%br_ln54 = br i1 %icmp_ln52_1, void %new.latch.for.inc72, void %last.iter.for.inc72" [src/conv3.cpp:54]   --->   Operation 158 'br' 'br_ln54' <Predicate = (!icmp_ln43 & icmp_ln54_2)> <Delay = 0.00>
ST_4 : Operation 159 [1/1] (0.00ns)   --->   "%br_ln54 = br i1 %icmp_ln50_1, void %new.latch.for.inc75, void %last.iter.for.inc75" [src/conv3.cpp:54]   --->   Operation 159 'br' 'br_ln54' <Predicate = (!icmp_ln43 & icmp_ln54_2 & icmp_ln52_1)> <Delay = 0.00>
ST_4 : Operation 160 [1/1] (0.00ns)   --->   "%br_ln54 = br i1 %icmp_ln47_1, void %new.latch.for.end77, void %last.iter.for.end77" [src/conv3.cpp:54]   --->   Operation 160 'br' 'br_ln54' <Predicate = (!icmp_ln43 & icmp_ln54_2 & icmp_ln52_1 & icmp_ln50_1)> <Delay = 0.00>
ST_4 : Operation 161 [1/1] (0.00ns)   --->   "%br_ln54 = br void %new.latch.for.end77" [src/conv3.cpp:54]   --->   Operation 161 'br' 'br_ln54' <Predicate = (!icmp_ln43 & icmp_ln54_2 & icmp_ln52_1 & icmp_ln50_1 & icmp_ln47_1)> <Delay = 0.00>
ST_4 : Operation 162 [1/1] (0.00ns)   --->   "%br_ln54 = br void %new.latch.for.inc75" [src/conv3.cpp:54]   --->   Operation 162 'br' 'br_ln54' <Predicate = (!icmp_ln43 & icmp_ln54_2 & icmp_ln52_1 & icmp_ln50_1)> <Delay = 0.00>
ST_4 : Operation 163 [1/1] (0.00ns)   --->   "%br_ln54 = br void %new.latch.for.inc72" [src/conv3.cpp:54]   --->   Operation 163 'br' 'br_ln54' <Predicate = (!icmp_ln43 & icmp_ln54_2 & icmp_ln52_1)> <Delay = 0.00>
ST_4 : Operation 164 [1/1] (1.58ns)   --->   "%store_ln50 = store i6 %select_ln50, i6 %ic" [src/conv3.cpp:50]   --->   Operation 164 'store' 'store_ln50' <Predicate = (!icmp_ln43)> <Delay = 1.58>
ST_4 : Operation 165 [1/1] (1.58ns)   --->   "%store_ln52 = store i2 %select_ln52, i2 %ky" [src/conv3.cpp:52]   --->   Operation 165 'store' 'store_ln52' <Predicate = (!icmp_ln43)> <Delay = 1.58>

State 5 <SV = 4> <Delay = 5.51>
ST_5 : Operation 166 [1/1] (0.00ns)   --->   "%oy_load = load i4 %oy"   --->   Operation 166 'load' 'oy_load' <Predicate = (!icmp_ln43)> <Delay = 0.00>
ST_5 : Operation 167 [1/1] (1.02ns)   --->   "%select_ln43 = select i1 %icmp_ln45, i4 0, i4 %oy_load" [src/conv3.cpp:43]   --->   Operation 167 'select' 'select_ln43' <Predicate = (!icmp_ln43)> <Delay = 1.02> <CoreInst = "Sel">   --->   Core 73 'Sel' <Latency = 0> <II = 1> <Delay = 1.02> <FuncUnit> <Opcode : 'select'> <InPorts = 3> <OutPorts = 1>
ST_5 : Operation 168 [1/1] (1.73ns)   --->   "%first_iter_5231 = icmp_eq  i4 %oy_load, i4 0"   --->   Operation 168 'icmp' 'first_iter_5231' <Predicate = (!icmp_ln43)> <Delay = 1.73> <CoreInst = "Cmp">   --->   Core 9 'Cmp' <Latency = 0> <II = 1> <Delay = 1.73> <FuncUnit> <Opcode : 'seteq' 'setne' 'setle' 'setge' 'setlt' 'setgt'> <InPorts = 2> <OutPorts = 1>
ST_5 : Operation 169 [1/1] (0.00ns) (grouped into LUT with out node or_ln54_3)   --->   "%or_ln43 = or i1 %icmp_ln45, i1 %first_iter_5231" [src/conv3.cpp:43]   --->   Operation 169 'or' 'or_ln43' <Predicate = (!icmp_ln43)> <Delay = 0.00> <CoreInst = "LogicGate">   --->   Core 74 'LogicGate' <Latency = 0> <II = 1> <Delay = 0.97> <FuncUnit> <Opcode : 'and' 'or' 'xor'> <InPorts = 2> <OutPorts = 1>
ST_5 : Operation 170 [1/1] (0.00ns) (grouped into LUT with out node or_ln54_2)   --->   "%or_ln43_1 = or i1 %icmp_ln45, i1 %first_iter_4234" [src/conv3.cpp:43]   --->   Operation 170 'or' 'or_ln43_1' <Predicate = (!icmp_ln43)> <Delay = 0.00> <CoreInst = "LogicGate">   --->   Core 74 'LogicGate' <Latency = 0> <II = 1> <Delay = 0.97> <FuncUnit> <Opcode : 'and' 'or' 'xor'> <InPorts = 2> <OutPorts = 1>
ST_5 : Operation 171 [1/1] (1.73ns)   --->   "%add_ln45 = add i4 %select_ln43, i4 1" [src/conv3.cpp:45]   --->   Operation 171 'add' 'add_ln45' <Predicate = (!icmp_ln43)> <Delay = 1.73> <CoreInst = "Adder">   --->   Core 1 'Adder' <Latency = 0> <II = 1> <Delay = 1.73> <FuncUnit> <Opcode : 'add' 'sub'> <InPorts = 2> <OutPorts = 1>
ST_5 : Operation 172 [1/1] (1.73ns)   --->   "%first_iter_5_mid1 = icmp_eq  i4 %add_ln45, i4 0" [src/conv3.cpp:45]   --->   Operation 172 'icmp' 'first_iter_5_mid1' <Predicate = (!icmp_ln43)> <Delay = 1.73> <CoreInst = "Cmp">   --->   Core 9 'Cmp' <Latency = 0> <II = 1> <Delay = 1.73> <FuncUnit> <Opcode : 'seteq' 'setne' 'setle' 'setge' 'setlt' 'setgt'> <InPorts = 2> <OutPorts = 1>
ST_5 : Operation 173 [1/1] (0.00ns) (grouped into LUT with out node or_ln54_3)   --->   "%first_iter_5_mid2 = select i1 %and_ln43_3, i1 %first_iter_5_mid1, i1 %or_ln43" [src/conv3.cpp:43]   --->   Operation 173 'select' 'first_iter_5_mid2' <Predicate = (!icmp_ln43)> <Delay = 0.00> <CoreInst = "Sel">   --->   Core 73 'Sel' <Latency = 0> <II = 1> <Delay = 0.99> <FuncUnit> <Opcode : 'select'> <InPorts = 3> <OutPorts = 1>
ST_5 : Operation 174 [1/1] (0.00ns) (grouped into LUT with out node or_ln54_2)   --->   "%first_iter_4_mid2113 = or i1 %and_ln43_3, i1 %or_ln43_1" [src/conv3.cpp:43]   --->   Operation 174 'or' 'first_iter_4_mid2113' <Predicate = (!icmp_ln43)> <Delay = 0.00> <CoreInst = "LogicGate">   --->   Core 74 'LogicGate' <Latency = 0> <II = 1> <Delay = 0.97> <FuncUnit> <Opcode : 'and' 'or' 'xor'> <InPorts = 2> <OutPorts = 1>
ST_5 : Operation 175 [1/1] (1.02ns)   --->   "%select_ln45_1 = select i1 %and_ln43_3, i4 %add_ln45, i4 %select_ln43" [src/conv3.cpp:45]   --->   Operation 175 'select' 'select_ln45_1' <Predicate = (!icmp_ln43)> <Delay = 1.02> <CoreInst = "Sel">   --->   Core 73 'Sel' <Latency = 0> <II = 1> <Delay = 1.02> <FuncUnit> <Opcode : 'select'> <InPorts = 3> <OutPorts = 1>
ST_5 : Operation 176 [1/1] (0.00ns) (grouped into LUT with out node or_ln54_2)   --->   "%first_iter_4_mid2 = select i1 %exitcond_flatten51_mid2131, i1 %first_iter_4_mid1, i1 %first_iter_4_mid2113" [src/conv3.cpp:43]   --->   Operation 176 'select' 'first_iter_4_mid2' <Predicate = (!icmp_ln43)> <Delay = 0.00> <CoreInst = "Sel">   --->   Core 73 'Sel' <Latency = 0> <II = 1> <Delay = 0.99> <FuncUnit> <Opcode : 'select'> <InPorts = 3> <OutPorts = 1>
ST_5 : Operation 177 [1/1] (0.00ns) (grouped into LUT with out node or_ln54_2)   --->   "%xor_ln54_2 = xor i1 %first_iter_4_mid2, i1 1" [src/conv3.cpp:54]   --->   Operation 177 'xor' 'xor_ln54_2' <Predicate = (!icmp_ln43)> <Delay = 0.00> <CoreInst = "LogicGate">   --->   Core 74 'LogicGate' <Latency = 0> <II = 1> <Delay = 0.97> <FuncUnit> <Opcode : 'and' 'or' 'xor'> <InPorts = 2> <OutPorts = 1>
ST_5 : Operation 178 [1/1] (0.99ns) (out node of the LUT)   --->   "%or_ln54_2 = or i1 %or_ln54_1, i1 %xor_ln54_2" [src/conv3.cpp:54]   --->   Operation 178 'or' 'or_ln54_2' <Predicate = (!icmp_ln43)> <Delay = 0.99> <CoreInst = "LogicGate">   --->   Core 74 'LogicGate' <Latency = 0> <II = 1> <Delay = 0.97> <FuncUnit> <Opcode : 'and' 'or' 'xor'> <InPorts = 2> <OutPorts = 1>
ST_5 : Operation 179 [1/1] (0.00ns) (grouped into LUT with out node or_ln54_3)   --->   "%xor_ln54_3 = xor i1 %first_iter_5_mid2, i1 1" [src/conv3.cpp:54]   --->   Operation 179 'xor' 'xor_ln54_3' <Predicate = (!icmp_ln43)> <Delay = 0.00> <CoreInst = "LogicGate">   --->   Core 74 'LogicGate' <Latency = 0> <II = 1> <Delay = 0.97> <FuncUnit> <Opcode : 'and' 'or' 'xor'> <InPorts = 2> <OutPorts = 1>
ST_5 : Operation 180 [1/1] (0.99ns) (out node of the LUT)   --->   "%or_ln54_3 = or i1 %or_ln54_2, i1 %xor_ln54_3" [src/conv3.cpp:54]   --->   Operation 180 'or' 'or_ln54_3' <Predicate = (!icmp_ln43)> <Delay = 0.99> <CoreInst = "LogicGate">   --->   Core 74 'LogicGate' <Latency = 0> <II = 1> <Delay = 0.97> <FuncUnit> <Opcode : 'and' 'or' 'xor'> <InPorts = 2> <OutPorts = 1>
ST_5 : Operation 181 [1/1] (0.00ns)   --->   "%br_ln54 = br i1 %or_ln54_3, void %for.first.iter.CONV_OX, void %for.inc92.for.inc69.split_crit_edge" [src/conv3.cpp:54]   --->   Operation 181 'br' 'br_ln54' <Predicate = (!icmp_ln43)> <Delay = 0.00>
ST_5 : Operation 182 [1/1] (0.00ns)   --->   "%trunc_ln45 = trunc i4 %select_ln45_1" [src/conv3.cpp:45]   --->   Operation 182 'trunc' 'trunc_ln45' <Predicate = (!icmp_ln43)> <Delay = 0.00>
ST_5 : Operation 183 [1/1] (0.00ns)   --->   "%zext_ln56_1 = zext i2 %select_ln52" [src/conv3.cpp:56]   --->   Operation 183 'zext' 'zext_ln56_1' <Predicate = (!icmp_ln43)> <Delay = 0.00>
ST_5 : Operation 184 [1/1] (0.00ns)   --->   "%p_shl = bitconcatenate i4 @_ssdm_op_BitConcatenate.i4.i2.i2, i2 %select_ln52, i2 0" [src/conv3.cpp:56]   --->   Operation 184 'bitconcatenate' 'p_shl' <Predicate = (!icmp_ln43)> <Delay = 0.00>
ST_5 : Operation 185 [1/1] (0.00ns) (grouped into TernaryAdder)   --->   "%sub_ln56 = sub i4 %p_shl, i4 %zext_ln56_1" [src/conv3.cpp:56]   --->   Operation 185 'sub' 'sub_ln56' <Predicate = (!icmp_ln43)> <Delay = 0.00> <CoreInst = "TAddSub">   --->   Core 10 'TAddSub' <Latency = 0> <II = 1> <Delay = 1.65> <IPBlock> <Opcode : '' 'add' 'sub'> <InPorts = 3> <OutPorts = 1> <Sync> <CReg>
ST_5 : Operation 186 [1/1] (1.73ns)   --->   "%empty = add i4 %zext_ln56_1, i4 %select_ln45_1" [src/conv3.cpp:56]   --->   Operation 186 'add' 'empty' <Predicate = (!icmp_ln43)> <Delay = 1.73> <CoreInst = "Adder">   --->   Core 1 'Adder' <Latency = 0> <II = 1> <Delay = 1.73> <FuncUnit> <Opcode : 'add' 'sub'> <InPorts = 2> <OutPorts = 1>
ST_5 : Operation 187 [1/1] (3.31ns) (root node of TernaryAdder)   --->   "%add_ln56_2 = add i4 %sub_ln56, i4 %zext_ln56_3" [src/conv3.cpp:56]   --->   Operation 187 'add' 'add_ln56_2' <Predicate = (!icmp_ln43)> <Delay = 3.31> <CoreInst = "TAddSub">   --->   Core 10 'TAddSub' <Latency = 0> <II = 1> <Delay = 1.65> <IPBlock> <Opcode : '' 'add' 'sub'> <InPorts = 3> <OutPorts = 1> <Sync> <CReg>
ST_5 : Operation 188 [6/8] (2.36ns)   --->   "%urem_ln56 = urem i4 %add_ln56, i4 3" [src/conv3.cpp:56]   --->   Operation 188 'urem' 'urem_ln56' <Predicate = (!icmp_ln43)> <Delay = 2.36> <CoreInst = "Divider">   --->   Core 6 'Divider' <Latency = 7> <II = 1> <Delay = 2.36> <FuncUnit> <Opcode : 'udiv' 'sdiv' 'urem' 'srem'> <InPorts = 2> <OutPorts = 1>
ST_5 : Operation 189 [1/1] (0.00ns)   --->   "%br_ln45 = br i1 %trunc_ln45, void %for.inc89._crit_edge, void" [src/conv3.cpp:45]   --->   Operation 189 'br' 'br_ln45' <Predicate = (!icmp_ln43 & icmp_ln54_2 & icmp_ln52_1 & icmp_ln50_1 & icmp_ln47_1)> <Delay = 0.00>
ST_5 : Operation 190 [1/1] (1.58ns)   --->   "%store_ln45 = store i4 %select_ln45_1, i4 %oy" [src/conv3.cpp:45]   --->   Operation 190 'store' 'store_ln45' <Predicate = (!icmp_ln43)> <Delay = 1.58>

State 6 <SV = 5> <Delay = 5.33>
ST_6 : Operation 191 [1/1] (0.00ns)   --->   "%oc_load = load i7 %oc" [src/conv3.cpp:43]   --->   Operation 191 'load' 'oc_load' <Predicate = true> <Delay = 0.00>
ST_6 : Operation 192 [1/1] (1.87ns)   --->   "%add_ln43 = add i7 %oc_load, i7 1" [src/conv3.cpp:43]   --->   Operation 192 'add' 'add_ln43' <Predicate = (icmp_ln45)> <Delay = 1.87> <CoreInst = "Adder">   --->   Core 1 'Adder' <Latency = 0> <II = 1> <Delay = 1.87> <FuncUnit> <Opcode : 'add' 'sub'> <InPorts = 2> <OutPorts = 1>
ST_6 : Operation 193 [1/1] (0.99ns)   --->   "%select_ln43_2 = select i1 %icmp_ln45, i7 %add_ln43, i7 %oc_load" [src/conv3.cpp:43]   --->   Operation 193 'select' 'select_ln43_2' <Predicate = true> <Delay = 0.99> <CoreInst = "Sel">   --->   Core 73 'Sel' <Latency = 0> <II = 1> <Delay = 0.99> <FuncUnit> <Opcode : 'select'> <InPorts = 3> <OutPorts = 1>
ST_6 : Operation 194 [1/1] (0.00ns)   --->   "%zext_ln56 = zext i6 %select_ln50" [src/conv3.cpp:56]   --->   Operation 194 'zext' 'zext_ln56' <Predicate = true> <Delay = 0.00>
ST_6 : Operation 195 [1/1] (0.00ns)   --->   "%tmp_3 = bitconcatenate i9 @_ssdm_op_BitConcatenate.i9.i6.i3, i6 %select_ln50, i3 0" [src/conv3.cpp:56]   --->   Operation 195 'bitconcatenate' 'tmp_3' <Predicate = true> <Delay = 0.00>
ST_6 : Operation 196 [1/1] (0.00ns)   --->   "%tmp_4 = bitconcatenate i7 @_ssdm_op_BitConcatenate.i7.i6.i1, i6 %select_ln50, i1 0" [src/conv3.cpp:56]   --->   Operation 196 'bitconcatenate' 'tmp_4' <Predicate = true> <Delay = 0.00>
ST_6 : Operation 197 [1/1] (0.00ns)   --->   "%zext_ln52 = zext i7 %tmp_4" [src/conv3.cpp:52]   --->   Operation 197 'zext' 'zext_ln52' <Predicate = true> <Delay = 0.00>
ST_6 : Operation 198 [1/1] (0.00ns) (grouped into TernaryAdder)   --->   "%add_ln52_2 = add i9 %tmp_3, i9 %zext_ln52" [src/conv3.cpp:52]   --->   Operation 198 'add' 'add_ln52_2' <Predicate = true> <Delay = 0.00> <CoreInst = "TAddSub">   --->   Core 10 'TAddSub' <Latency = 0> <II = 1> <Delay = 1.65> <IPBlock> <Opcode : '' 'add' 'sub'> <InPorts = 3> <OutPorts = 1> <Sync> <CReg>
ST_6 : Operation 199 [1/1] (0.00ns)   --->   "%zext_ln56_2 = zext i4 %empty" [src/conv3.cpp:56]   --->   Operation 199 'zext' 'zext_ln56_2' <Predicate = true> <Delay = 0.00>
ST_6 : Operation 200 [1/1] (3.69ns) (root node of TernaryAdder)   --->   "%add_ln56_1 = add i9 %add_ln52_2, i9 %zext_ln56_2" [src/conv3.cpp:56]   --->   Operation 200 'add' 'add_ln56_1' <Predicate = true> <Delay = 3.69> <CoreInst = "TAddSub">   --->   Core 10 'TAddSub' <Latency = 0> <II = 1> <Delay = 1.65> <IPBlock> <Opcode : '' 'add' 'sub'> <InPorts = 3> <OutPorts = 1> <Sync> <CReg>
ST_6 : Operation 201 [1/1] (0.00ns)   --->   "%tmp_5 = bitconcatenate i11 @_ssdm_op_BitConcatenate.i11.i9.i2, i9 %add_ln56_1, i2 0" [src/conv3.cpp:56]   --->   Operation 201 'bitconcatenate' 'tmp_5' <Predicate = true> <Delay = 0.00>
ST_6 : Operation 202 [1/1] (0.00ns)   --->   "%tmp_6 = bitconcatenate i9 @_ssdm_op_BitConcatenate.i9.i4.i5, i4 %add_ln56_2, i5 0" [src/conv3.cpp:56]   --->   Operation 202 'bitconcatenate' 'tmp_6' <Predicate = true> <Delay = 0.00>
ST_6 : Operation 203 [1/1] (1.82ns)   --->   "%add_ln56_3 = add i9 %tmp_6, i9 %zext_ln56" [src/conv3.cpp:56]   --->   Operation 203 'add' 'add_ln56_3' <Predicate = true> <Delay = 1.82> <CoreInst = "Adder">   --->   Core 1 'Adder' <Latency = 0> <II = 1> <Delay = 1.82> <FuncUnit> <Opcode : 'add' 'sub'> <InPorts = 2> <OutPorts = 1>
ST_6 : Operation 204 [1/1] (0.00ns)   --->   "%zext_ln56_6 = zext i3 %tmp_8" [src/conv3.cpp:56]   --->   Operation 204 'zext' 'zext_ln56_6' <Predicate = true> <Delay = 0.00>
ST_6 : Operation 205 [1/1] (1.63ns)   --->   "%add_ln56_5 = add i11 %tmp_5, i11 %zext_ln56_6" [src/conv3.cpp:56]   --->   Operation 205 'add' 'add_ln56_5' <Predicate = true> <Delay = 1.63> <CoreInst = "Adder">   --->   Core 1 'Adder' <Latency = 0> <II = 1> <Delay = 1.63> <FuncUnit> <Opcode : 'add' 'sub'> <InPorts = 2> <OutPorts = 1>
ST_6 : Operation 206 [5/8] (2.36ns)   --->   "%urem_ln56 = urem i4 %add_ln56, i4 3" [src/conv3.cpp:56]   --->   Operation 206 'urem' 'urem_ln56' <Predicate = true> <Delay = 2.36> <CoreInst = "Divider">   --->   Core 6 'Divider' <Latency = 7> <II = 1> <Delay = 2.36> <FuncUnit> <Opcode : 'udiv' 'sdiv' 'urem' 'srem'> <InPorts = 2> <OutPorts = 1>
ST_6 : Operation 207 [1/1] (1.58ns)   --->   "%store_ln43 = store i7 %select_ln43_2, i7 %oc" [src/conv3.cpp:43]   --->   Operation 207 'store' 'store_ln43' <Predicate = true> <Delay = 1.58>

State 7 <SV = 6> <Delay = 5.19>
ST_7 : Operation 208 [1/1] (0.00ns)   --->   "%zext_ln43 = zext i7 %select_ln43_2" [src/conv3.cpp:43]   --->   Operation 208 'zext' 'zext_ln43' <Predicate = true> <Delay = 0.00>
ST_7 : Operation 209 [1/1] (0.00ns)   --->   "%select_ln43_4_cast = zext i7 %select_ln43_2" [src/conv3.cpp:43]   --->   Operation 209 'zext' 'select_ln43_4_cast' <Predicate = true> <Delay = 0.00>
ST_7 : Operation 210 [1/1] (0.00ns)   --->   "%BIASES3_addr = getelementptr i32 %BIASES3, i64 0, i64 %zext_ln43" [src/conv3.cpp:43]   --->   Operation 210 'getelementptr' 'BIASES3_addr' <Predicate = true> <Delay = 0.00>
ST_7 : Operation 211 [1/1] (0.00ns)   --->   "%tmp_7 = bitconcatenate i15 @_ssdm_op_BitConcatenate.i15.i9.i6, i9 %add_ln56_3, i6 0" [src/conv3.cpp:56]   --->   Operation 211 'bitconcatenate' 'tmp_7' <Predicate = true> <Delay = 0.00>
ST_7 : Operation 212 [1/1] (1.94ns)   --->   "%add_ln56_4 = add i15 %tmp_7, i15 %select_ln43_4_cast" [src/conv3.cpp:56]   --->   Operation 212 'add' 'add_ln56_4' <Predicate = true> <Delay = 1.94> <CoreInst = "Adder">   --->   Core 1 'Adder' <Latency = 0> <II = 1> <Delay = 1.94> <FuncUnit> <Opcode : 'add' 'sub'> <InPorts = 2> <OutPorts = 1>
ST_7 : Operation 213 [1/1] (0.00ns)   --->   "%zext_ln56_4 = zext i15 %add_ln56_4" [src/conv3.cpp:56]   --->   Operation 213 'zext' 'zext_ln56_4' <Predicate = true> <Delay = 0.00>
ST_7 : Operation 214 [1/1] (0.00ns)   --->   "%WEIGHTS3_addr = getelementptr i32 %WEIGHTS3, i64 0, i64 %zext_ln56_4" [src/conv3.cpp:56]   --->   Operation 214 'getelementptr' 'WEIGHTS3_addr' <Predicate = true> <Delay = 0.00>
ST_7 : Operation 215 [1/1] (0.00ns)   --->   "%zext_ln56_7 = zext i11 %add_ln56_5" [src/conv3.cpp:56]   --->   Operation 215 'zext' 'zext_ln56_7' <Predicate = true> <Delay = 0.00>
ST_7 : Operation 216 [1/1] (0.00ns)   --->   "%in_buf_addr = getelementptr i32 %in_buf, i64 0, i64 %zext_ln56_7" [src/conv3.cpp:56]   --->   Operation 216 'getelementptr' 'in_buf_addr' <Predicate = true> <Delay = 0.00>
ST_7 : Operation 217 [1/1] (0.00ns)   --->   "%in_buf_1_addr = getelementptr i32 %in_buf_1, i64 0, i64 %zext_ln56_7" [src/conv3.cpp:56]   --->   Operation 217 'getelementptr' 'in_buf_1_addr' <Predicate = true> <Delay = 0.00>
ST_7 : Operation 218 [1/1] (0.00ns)   --->   "%in_buf_2_addr = getelementptr i32 %in_buf_2, i64 0, i64 %zext_ln56_7" [src/conv3.cpp:56]   --->   Operation 218 'getelementptr' 'in_buf_2_addr' <Predicate = true> <Delay = 0.00>
ST_7 : Operation 219 [4/8] (2.36ns)   --->   "%urem_ln56 = urem i4 %add_ln56, i4 3" [src/conv3.cpp:56]   --->   Operation 219 'urem' 'urem_ln56' <Predicate = true> <Delay = 2.36> <CoreInst = "Divider">   --->   Core 6 'Divider' <Latency = 7> <II = 1> <Delay = 2.36> <FuncUnit> <Opcode : 'udiv' 'sdiv' 'urem' 'srem'> <InPorts = 2> <OutPorts = 1>
ST_7 : Operation 220 [2/2] (3.25ns)   --->   "%in_buf_load = load i11 %in_buf_addr" [src/conv3.cpp:56]   --->   Operation 220 'load' 'in_buf_load' <Predicate = true> <Delay = 3.25> <CoreInst = "RAM">   --->   Core 81 'RAM' <Latency = 1> <II = 1> <Delay = 3.25> <Storage> <Opcode : 'load' 'store'> <Ports = 2> <Width = 32> <Depth = 1280> <RAM>
ST_7 : Operation 221 [2/2] (3.25ns)   --->   "%in_buf_1_load = load i11 %in_buf_1_addr" [src/conv3.cpp:56]   --->   Operation 221 'load' 'in_buf_1_load' <Predicate = true> <Delay = 3.25> <CoreInst = "RAM">   --->   Core 81 'RAM' <Latency = 1> <II = 1> <Delay = 3.25> <Storage> <Opcode : 'load' 'store'> <Ports = 2> <Width = 32> <Depth = 1280> <RAM>
ST_7 : Operation 222 [2/2] (3.25ns)   --->   "%in_buf_2_load = load i11 %in_buf_2_addr" [src/conv3.cpp:56]   --->   Operation 222 'load' 'in_buf_2_load' <Predicate = true> <Delay = 3.25> <CoreInst = "RAM">   --->   Core 81 'RAM' <Latency = 1> <II = 1> <Delay = 3.25> <Storage> <Opcode : 'load' 'store'> <Ports = 2> <Width = 32> <Depth = 1280> <RAM>
ST_7 : Operation 223 [2/2] (3.25ns)   --->   "%WEIGHTS3_load = load i15 %WEIGHTS3_addr" [src/conv3.cpp:56]   --->   Operation 223 'load' 'WEIGHTS3_load' <Predicate = true> <Delay = 3.25> <CoreInst = "ROM">   --->   Core 94 'ROM' <Latency = 1> <II = 1> <Delay = 3.25> <Storage> <Opcode : 'load'> <Ports = 0> <Width = 32> <Depth = 18432> <ROM>

State 8 <SV = 7> <Delay = 3.25>
ST_8 : Operation 224 [3/8] (2.36ns)   --->   "%urem_ln56 = urem i4 %add_ln56, i4 3" [src/conv3.cpp:56]   --->   Operation 224 'urem' 'urem_ln56' <Predicate = true> <Delay = 2.36> <CoreInst = "Divider">   --->   Core 6 'Divider' <Latency = 7> <II = 1> <Delay = 2.36> <FuncUnit> <Opcode : 'udiv' 'sdiv' 'urem' 'srem'> <InPorts = 2> <OutPorts = 1>
ST_8 : Operation 225 [1/2] ( I:3.25ns O:3.25ns )   --->   "%in_buf_load = load i11 %in_buf_addr" [src/conv3.cpp:56]   --->   Operation 225 'load' 'in_buf_load' <Predicate = true> <Delay = 3.25> <CoreInst = "RAM">   --->   Core 81 'RAM' <Latency = 1> <II = 1> <Delay = 3.25> <Storage> <Opcode : 'load' 'store'> <Ports = 2> <Width = 32> <Depth = 1280> <RAM>
ST_8 : Operation 226 [1/2] ( I:3.25ns O:3.25ns )   --->   "%in_buf_1_load = load i11 %in_buf_1_addr" [src/conv3.cpp:56]   --->   Operation 226 'load' 'in_buf_1_load' <Predicate = true> <Delay = 3.25> <CoreInst = "RAM">   --->   Core 81 'RAM' <Latency = 1> <II = 1> <Delay = 3.25> <Storage> <Opcode : 'load' 'store'> <Ports = 2> <Width = 32> <Depth = 1280> <RAM>
ST_8 : Operation 227 [1/2] ( I:3.25ns O:3.25ns )   --->   "%in_buf_2_load = load i11 %in_buf_2_addr" [src/conv3.cpp:56]   --->   Operation 227 'load' 'in_buf_2_load' <Predicate = true> <Delay = 3.25> <CoreInst = "RAM">   --->   Core 81 'RAM' <Latency = 1> <II = 1> <Delay = 3.25> <Storage> <Opcode : 'load' 'store'> <Ports = 2> <Width = 32> <Depth = 1280> <RAM>
ST_8 : Operation 228 [1/2] ( I:3.25ns O:3.25ns )   --->   "%WEIGHTS3_load = load i15 %WEIGHTS3_addr" [src/conv3.cpp:56]   --->   Operation 228 'load' 'WEIGHTS3_load' <Predicate = true> <Delay = 3.25> <CoreInst = "ROM">   --->   Core 94 'ROM' <Latency = 1> <II = 1> <Delay = 3.25> <Storage> <Opcode : 'load'> <Ports = 0> <Width = 32> <Depth = 18432> <ROM>

State 9 <SV = 8> <Delay = 2.36>
ST_9 : Operation 229 [2/8] (2.36ns)   --->   "%urem_ln56 = urem i4 %add_ln56, i4 3" [src/conv3.cpp:56]   --->   Operation 229 'urem' 'urem_ln56' <Predicate = true> <Delay = 2.36> <CoreInst = "Divider">   --->   Core 6 'Divider' <Latency = 7> <II = 1> <Delay = 2.36> <FuncUnit> <Opcode : 'udiv' 'sdiv' 'urem' 'srem'> <InPorts = 2> <OutPorts = 1>

State 10 <SV = 9> <Delay = 9.65>
ST_10 : Operation 230 [1/8] (2.36ns)   --->   "%urem_ln56 = urem i4 %add_ln56, i4 3" [src/conv3.cpp:56]   --->   Operation 230 'urem' 'urem_ln56' <Predicate = true> <Delay = 2.36> <CoreInst = "Divider">   --->   Core 6 'Divider' <Latency = 7> <II = 1> <Delay = 2.36> <FuncUnit> <Opcode : 'udiv' 'sdiv' 'urem' 'srem'> <InPorts = 2> <OutPorts = 1>
ST_10 : Operation 231 [1/1] (0.00ns)   --->   "%trunc_ln56 = trunc i2 %urem_ln56" [src/conv3.cpp:56]   --->   Operation 231 'trunc' 'trunc_ln56' <Predicate = true> <Delay = 0.00>
ST_10 : Operation 232 [1/1] (1.58ns)   --->   "%tmp = sparsemux i32 @_ssdm_op_SparseMux.ap_auto.3float.float.i2, i2 0, i32 %in_buf_load, i2 1, i32 %in_buf_1_load, i2 2, i32 %in_buf_2_load, i32 <undef>, i2 %trunc_ln56" [src/conv3.cpp:56]   --->   Operation 232 'sparsemux' 'tmp' <Predicate = true> <Delay = 1.58> <CoreInst = "OneHotSparseMux_HasDef">   --->   Core 140 'OneHotSparseMux_HasDef' <Latency = 0> <II = 1> <Delay = 1.58> <FuncUnit> <Opcode : 'sparsemux'> <InPorts = 2> <OutPorts = 1>
ST_10 : Operation 233 [4/4] (5.70ns)   --->   "%mul = fmul i32 %tmp, i32 %WEIGHTS3_load" [src/conv3.cpp:56]   --->   Operation 233 'fmul' 'mul' <Predicate = true> <Delay = 5.70> <CoreInst = "FMul_maxdsp">   --->   Core 30 'FMul_maxdsp' <Latency = 3> <II = 1> <Delay = 5.70> <FuncUnit> <Opcode : 'fmul'> <InPorts = 2> <OutPorts = 1>

State 11 <SV = 10> <Delay = 5.70>
ST_11 : Operation 234 [2/2] (3.25ns)   --->   "%acc = load i6 %BIASES3_addr" [src/conv3.cpp:43]   --->   Operation 234 'load' 'acc' <Predicate = (!or_ln54_3)> <Delay = 3.25> <CoreInst = "ROM">   --->   Core 94 'ROM' <Latency = 1> <II = 1> <Delay = 3.25> <Storage> <Opcode : 'load'> <Ports = 0> <Width = 32> <Depth = 64> <ROM>
ST_11 : Operation 235 [3/4] (5.70ns)   --->   "%mul = fmul i32 %tmp, i32 %WEIGHTS3_load" [src/conv3.cpp:56]   --->   Operation 235 'fmul' 'mul' <Predicate = true> <Delay = 5.70> <CoreInst = "FMul_maxdsp">   --->   Core 30 'FMul_maxdsp' <Latency = 3> <II = 1> <Delay = 5.70> <FuncUnit> <Opcode : 'fmul'> <InPorts = 2> <OutPorts = 1>

State 12 <SV = 11> <Delay = 5.70>
ST_12 : Operation 236 [1/2] ( I:3.25ns O:3.25ns )   --->   "%acc = load i6 %BIASES3_addr" [src/conv3.cpp:43]   --->   Operation 236 'load' 'acc' <Predicate = (!or_ln54_3)> <Delay = 3.25> <CoreInst = "ROM">   --->   Core 94 'ROM' <Latency = 1> <II = 1> <Delay = 3.25> <Storage> <Opcode : 'load'> <Ports = 0> <Width = 32> <Depth = 64> <ROM>
ST_12 : Operation 237 [2/4] (5.70ns)   --->   "%mul = fmul i32 %tmp, i32 %WEIGHTS3_load" [src/conv3.cpp:56]   --->   Operation 237 'fmul' 'mul' <Predicate = true> <Delay = 5.70> <CoreInst = "FMul_maxdsp">   --->   Core 30 'FMul_maxdsp' <Latency = 3> <II = 1> <Delay = 5.70> <FuncUnit> <Opcode : 'fmul'> <InPorts = 2> <OutPorts = 1>

State 13 <SV = 12> <Delay = 5.70>
ST_13 : Operation 238 [1/4] (5.70ns)   --->   "%mul = fmul i32 %tmp, i32 %WEIGHTS3_load" [src/conv3.cpp:56]   --->   Operation 238 'fmul' 'mul' <Predicate = true> <Delay = 5.70> <CoreInst = "FMul_maxdsp">   --->   Core 30 'FMul_maxdsp' <Latency = 3> <II = 1> <Delay = 5.70> <FuncUnit> <Opcode : 'fmul'> <InPorts = 2> <OutPorts = 1>

State 14 <SV = 13> <Delay = 9.66>
ST_14 : Operation 239 [1/1] (0.00ns)   --->   "%acc_2_load = load i32 %acc_2"   --->   Operation 239 'load' 'acc_2_load' <Predicate = (!exitcond_flatten51_mid2131 & !and_ln43_3)> <Delay = 0.00>
ST_14 : Operation 240 [1/1] (0.00ns)   --->   "%acc10_load = load i32 %acc10"   --->   Operation 240 'load' 'acc10_load' <Predicate = true> <Delay = 0.00>
ST_14 : Operation 241 [1/1] (0.00ns) (grouped into LUT with out node acc_4_mid271)   --->   "%acc_4_mid2111 = select i1 %and_ln43_3, i32 %acc10_load, i32 %acc_2_load" [src/conv3.cpp:43]   --->   Operation 241 'select' 'acc_4_mid2111' <Predicate = (!exitcond_flatten51_mid2131)> <Delay = 0.00> <CoreInst = "Sel">   --->   Core 73 'Sel' <Latency = 0> <II = 1> <Delay = 0.69> <FuncUnit> <Opcode : 'select'> <InPorts = 3> <OutPorts = 1>
ST_14 : Operation 242 [1/1] (0.69ns) (out node of the LUT)   --->   "%acc_4_mid271 = select i1 %exitcond_flatten51_mid2131, i32 %acc10_load, i32 %acc_4_mid2111" [src/conv3.cpp:43]   --->   Operation 242 'select' 'acc_4_mid271' <Predicate = true> <Delay = 0.69> <CoreInst = "Sel">   --->   Core 73 'Sel' <Latency = 0> <II = 1> <Delay = 0.69> <FuncUnit> <Opcode : 'select'> <InPorts = 3> <OutPorts = 1>
ST_14 : Operation 243 [1/1] (0.00ns)   --->   "%store_ln43 = store i32 %acc, i32 %acc10" [src/conv3.cpp:43]   --->   Operation 243 'store' 'store_ln43' <Predicate = (!or_ln54_3)> <Delay = 0.00>
ST_14 : Operation 244 [1/1] (1.70ns)   --->   "%store_ln48 = store i32 %acc, i32 %acc_2" [src/conv3.cpp:48]   --->   Operation 244 'store' 'store_ln48' <Predicate = (!or_ln54_3)> <Delay = 1.70>
ST_14 : Operation 245 [1/1] (0.00ns)   --->   "%br_ln45 = br void %for.inc69.split" [src/conv3.cpp:45]   --->   Operation 245 'br' 'br_ln45' <Predicate = (!or_ln54_3)> <Delay = 0.00>
ST_14 : Operation 246 [1/1] (1.70ns)   --->   "%store_ln48 = store i32 %acc_4_mid271, i32 %acc_2" [src/conv3.cpp:48]   --->   Operation 246 'store' 'store_ln48' <Predicate = (or_ln54_3)> <Delay = 1.70>
ST_14 : Operation 247 [1/1] (0.00ns)   --->   "%br_ln54 = br void %for.inc69.split" [src/conv3.cpp:54]   --->   Operation 247 'br' 'br_ln54' <Predicate = (or_ln54_3)> <Delay = 0.00>
ST_14 : Operation 248 [1/1] (0.00ns)   --->   "%acc_2_load_1 = load i32 %acc_2" [src/conv3.cpp:56]   --->   Operation 248 'load' 'acc_2_load_1' <Predicate = true> <Delay = 0.00>
ST_14 : Operation 249 [5/5] (7.25ns)   --->   "%acc_1 = fadd i32 %acc_2_load_1, i32 %mul" [src/conv3.cpp:56]   --->   Operation 249 'fadd' 'acc_1' <Predicate = true> <Delay = 7.25> <CoreInst = "FAddSub_fulldsp">   --->   Core 18 'FAddSub_fulldsp' <Latency = 4> <II = 1> <Delay = 7.25> <FuncUnit> <Opcode : 'fadd' 'fsub'> <InPorts = 2> <OutPorts = 1>

State 15 <SV = 14> <Delay = 7.25>
ST_15 : Operation 250 [4/5] (7.25ns)   --->   "%acc_1 = fadd i32 %acc_2_load_1, i32 %mul" [src/conv3.cpp:56]   --->   Operation 250 'fadd' 'acc_1' <Predicate = true> <Delay = 7.25> <CoreInst = "FAddSub_fulldsp">   --->   Core 18 'FAddSub_fulldsp' <Latency = 4> <II = 1> <Delay = 7.25> <FuncUnit> <Opcode : 'fadd' 'fsub'> <InPorts = 2> <OutPorts = 1>

State 16 <SV = 15> <Delay = 7.25>
ST_16 : Operation 251 [3/5] (7.25ns)   --->   "%acc_1 = fadd i32 %acc_2_load_1, i32 %mul" [src/conv3.cpp:56]   --->   Operation 251 'fadd' 'acc_1' <Predicate = true> <Delay = 7.25> <CoreInst = "FAddSub_fulldsp">   --->   Core 18 'FAddSub_fulldsp' <Latency = 4> <II = 1> <Delay = 7.25> <FuncUnit> <Opcode : 'fadd' 'fsub'> <InPorts = 2> <OutPorts = 1>

State 17 <SV = 16> <Delay = 7.25>
ST_17 : Operation 252 [2/5] (7.25ns)   --->   "%acc_1 = fadd i32 %acc_2_load_1, i32 %mul" [src/conv3.cpp:56]   --->   Operation 252 'fadd' 'acc_1' <Predicate = true> <Delay = 7.25> <CoreInst = "FAddSub_fulldsp">   --->   Core 18 'FAddSub_fulldsp' <Latency = 4> <II = 1> <Delay = 7.25> <FuncUnit> <Opcode : 'fadd' 'fsub'> <InPorts = 2> <OutPorts = 1>
ST_17 : Operation 288 [1/1] (1.58ns)   --->   "%ret_ln0 = ret"   --->   Operation 288 'ret' 'ret_ln0' <Predicate = (icmp_ln43)> <Delay = 1.58>

State 18 <SV = 17> <Delay = 8.96>
ST_18 : Operation 253 [1/5] (7.25ns)   --->   "%acc_1 = fadd i32 %acc_2_load_1, i32 %mul" [src/conv3.cpp:56]   --->   Operation 253 'fadd' 'acc_1' <Predicate = true> <Delay = 7.25> <CoreInst = "FAddSub_fulldsp">   --->   Core 18 'FAddSub_fulldsp' <Latency = 4> <II = 1> <Delay = 7.25> <FuncUnit> <Opcode : 'fadd' 'fsub'> <InPorts = 2> <OutPorts = 1>
ST_18 : Operation 254 [1/1] (1.70ns)   --->   "%store_ln48 = store i32 %acc_1, i32 %acc_2" [src/conv3.cpp:48]   --->   Operation 254 'store' 'store_ln48' <Predicate = true> <Delay = 1.70>

State 19 <SV = 18> <Delay = 5.43>
ST_19 : Operation 255 [2/2] (5.43ns)   --->   "%tmp_2 = fcmp_ogt  i32 %acc_1, i32 0" [src/conv3.cpp:60]   --->   Operation 255 'fcmp' 'tmp_2' <Predicate = true> <Delay = 5.43> <CoreInst = "FCompare">   --->   Core 19 'FCompare' <Latency = 1> <II = 1> <Delay = 5.43> <FuncUnit> <Opcode : 'fcmp'> <InPorts = 2> <OutPorts = 1>

State 20 <SV = 19> <Delay = 6.40>
ST_20 : Operation 256 [1/1] (0.00ns)   --->   "%select_ln4516_load = load i256 %select_ln4516" [src/conv3.cpp:45]   --->   Operation 256 'load' 'select_ln4516_load' <Predicate = (and_ln43_3)> <Delay = 0.00>
ST_20 : Operation 257 [1/1] (0.00ns)   --->   "%or_ln6220_load = load i256 %or_ln6220" [src/conv3.cpp:47]   --->   Operation 257 'load' 'or_ln6220_load' <Predicate = (exitcond_flatten51_mid2131)> <Delay = 0.00>
ST_20 : Operation 258 [1/1] (0.00ns)   --->   "%shiftreg_load = load i256 %shiftreg"   --->   Operation 258 'load' 'shiftreg_load' <Predicate = (!exitcond_flatten51_mid2131 & !empty_23)> <Delay = 0.00>
ST_20 : Operation 259 [1/1] (0.00ns)   --->   "%phi_ln45_load = load i256 %phi_ln45" [src/conv3.cpp:43]   --->   Operation 259 'load' 'phi_ln45_load' <Predicate = (!icmp_ln45 & !and_ln43_3)> <Delay = 0.00>
ST_20 : Operation 260 [1/1] (0.00ns) (grouped into LUT with out node select_ln45_2)   --->   "%select_ln43_1 = select i1 %icmp_ln45, i256 0, i256 %phi_ln45_load" [src/conv3.cpp:43]   --->   Operation 260 'select' 'select_ln43_1' <Predicate = (!and_ln43_3)> <Delay = 0.00> <CoreInst = "Sel">   --->   Core 73 'Sel' <Latency = 0> <II = 1> <Delay = 1.55> <FuncUnit> <Opcode : 'select'> <InPorts = 3> <OutPorts = 1>
ST_20 : Operation 261 [1/1] (0.00ns) (grouped into LUT with out node select_ln47_1)   --->   "%shiftreg_mid294 = select i1 %empty_23, i256 0, i256 %shiftreg_load" [src/conv3.cpp:43]   --->   Operation 261 'select' 'shiftreg_mid294' <Predicate = (!exitcond_flatten51_mid2131)> <Delay = 0.00> <CoreInst = "Sel">   --->   Core 73 'Sel' <Latency = 0> <II = 1> <Delay = 1.55> <FuncUnit> <Opcode : 'select'> <InPorts = 3> <OutPorts = 1>
ST_20 : Operation 262 [1/1] (1.55ns) (out node of the LUT)   --->   "%select_ln45_2 = select i1 %and_ln43_3, i256 %select_ln4516_load, i256 %select_ln43_1" [src/conv3.cpp:45]   --->   Operation 262 'select' 'select_ln45_2' <Predicate = true> <Delay = 1.55> <CoreInst = "Sel">   --->   Core 73 'Sel' <Latency = 0> <II = 1> <Delay = 1.55> <FuncUnit> <Opcode : 'select'> <InPorts = 3> <OutPorts = 1>
ST_20 : Operation 263 [1/1] (1.55ns) (out node of the LUT)   --->   "%select_ln47_1 = select i1 %exitcond_flatten51_mid2131, i256 %or_ln6220_load, i256 %shiftreg_mid294" [src/conv3.cpp:47]   --->   Operation 263 'select' 'select_ln47_1' <Predicate = true> <Delay = 1.55> <CoreInst = "Sel">   --->   Core 73 'Sel' <Latency = 0> <II = 1> <Delay = 1.55> <FuncUnit> <Opcode : 'select'> <InPorts = 3> <OutPorts = 1>
ST_20 : Operation 264 [1/1] (0.00ns)   --->   "%bitcast_ln60 = bitcast i32 %acc_1" [src/conv3.cpp:60]   --->   Operation 264 'bitcast' 'bitcast_ln60' <Predicate = true> <Delay = 0.00>
ST_20 : Operation 265 [1/1] (0.00ns)   --->   "%tmp_1 = partselect i8 @_ssdm_op_PartSelect.i8.i32.i32.i32, i32 %bitcast_ln60, i32 23, i32 30" [src/conv3.cpp:60]   --->   Operation 265 'partselect' 'tmp_1' <Predicate = true> <Delay = 0.00>
ST_20 : Operation 266 [1/1] (0.00ns)   --->   "%trunc_ln60 = trunc i32 %bitcast_ln60" [src/conv3.cpp:60]   --->   Operation 266 'trunc' 'trunc_ln60' <Predicate = true> <Delay = 0.00>
ST_20 : Operation 267 [1/1] (1.91ns)   --->   "%icmp_ln60 = icmp_ne  i8 %tmp_1, i8 255" [src/conv3.cpp:60]   --->   Operation 267 'icmp' 'icmp_ln60' <Predicate = true> <Delay = 1.91> <CoreInst = "Cmp">   --->   Core 9 'Cmp' <Latency = 0> <II = 1> <Delay = 1.91> <FuncUnit> <Opcode : 'seteq' 'setne' 'setle' 'setge' 'setlt' 'setgt'> <InPorts = 2> <OutPorts = 1>
ST_20 : Operation 268 [1/1] (2.28ns)   --->   "%icmp_ln60_1 = icmp_eq  i23 %trunc_ln60, i23 0" [src/conv3.cpp:60]   --->   Operation 268 'icmp' 'icmp_ln60_1' <Predicate = true> <Delay = 2.28> <CoreInst = "Cmp">   --->   Core 9 'Cmp' <Latency = 0> <II = 1> <Delay = 2.28> <FuncUnit> <Opcode : 'seteq' 'setne' 'setle' 'setge' 'setlt' 'setgt'> <InPorts = 2> <OutPorts = 1>
ST_20 : Operation 269 [1/1] (0.00ns) (grouped into LUT with out node select_ln62)   --->   "%or_ln60 = or i1 %icmp_ln60_1, i1 %icmp_ln60" [src/conv3.cpp:60]   --->   Operation 269 'or' 'or_ln60' <Predicate = true> <Delay = 0.00> <CoreInst = "LogicGate">   --->   Core 74 'LogicGate' <Latency = 0> <II = 1> <Delay = 0.97> <FuncUnit> <Opcode : 'and' 'or' 'xor'> <InPorts = 2> <OutPorts = 1>
ST_20 : Operation 270 [1/2] (5.43ns)   --->   "%tmp_2 = fcmp_ogt  i32 %acc_1, i32 0" [src/conv3.cpp:60]   --->   Operation 270 'fcmp' 'tmp_2' <Predicate = true> <Delay = 5.43> <CoreInst = "FCompare">   --->   Core 19 'FCompare' <Latency = 1> <II = 1> <Delay = 5.43> <FuncUnit> <Opcode : 'fcmp'> <InPorts = 2> <OutPorts = 1>
ST_20 : Operation 271 [1/1] (0.00ns) (grouped into LUT with out node select_ln62)   --->   "%and_ln60 = and i1 %or_ln60, i1 %tmp_2" [src/conv3.cpp:60]   --->   Operation 271 'and' 'and_ln60' <Predicate = true> <Delay = 0.00> <CoreInst = "LogicGate">   --->   Core 74 'LogicGate' <Latency = 0> <II = 1> <Delay = 0.97> <FuncUnit> <Opcode : 'and' 'or' 'xor'> <InPorts = 2> <OutPorts = 1>
ST_20 : Operation 272 [1/1] (0.97ns) (out node of the LUT)   --->   "%select_ln62 = select i1 %and_ln60, i32 %bitcast_ln60, i32 0" [src/conv3.cpp:62]   --->   Operation 272 'select' 'select_ln62' <Predicate = true> <Delay = 0.97> <CoreInst = "Sel">   --->   Core 73 'Sel' <Latency = 0> <II = 1> <Delay = 0.69> <FuncUnit> <Opcode : 'select'> <InPorts = 3> <OutPorts = 1>
ST_20 : Operation 273 [1/1] (0.00ns)   --->   "%lshr_ln = partselect i224 @_ssdm_op_PartSelect.i224.i256.i32.i32, i256 %select_ln47_1, i32 32, i32 255" [src/conv3.cpp:62]   --->   Operation 273 'partselect' 'lshr_ln' <Predicate = true> <Delay = 0.00>
ST_20 : Operation 274 [1/1] (1.58ns)   --->   "%store_ln45 = store i256 %select_ln45_2, i256 %phi_ln45" [src/conv3.cpp:45]   --->   Operation 274 'store' 'store_ln45' <Predicate = true> <Delay = 1.58>
ST_20 : Operation 275 [1/1] (1.58ns)   --->   "%store_ln47 = store i256 %select_ln47_1, i256 %shiftreg" [src/conv3.cpp:47]   --->   Operation 275 'store' 'store_ln47' <Predicate = true> <Delay = 1.58>

State 21 <SV = 20> <Delay = 7.30>
ST_21 : Operation 276 [1/1] (0.00ns)   --->   "%AXI_OUT_addr = getelementptr i512 %AXI_OUT, i64 %sext_ln43_cast" [src/conv3.cpp:43]   --->   Operation 276 'getelementptr' 'AXI_OUT_addr' <Predicate = true> <Delay = 0.00>
ST_21 : Operation 277 [1/1] (0.00ns)   --->   "%specloopname_ln0 = specloopname void @_ssdm_op_SpecLoopName, void @CONV_OC_CONV_OY_CONV_OX_CONV_IC_CONV_KY_CONV_KX_str"   --->   Operation 277 'specloopname' 'specloopname_ln0' <Predicate = true> <Delay = 0.00>
ST_21 : Operation 278 [1/1] (0.00ns)   --->   "%speclooptripcount_ln0 = speclooptripcount void @_ssdm_op_SpecLoopTripCount, i64 1179648, i64 1179648, i64 1179648"   --->   Operation 278 'speclooptripcount' 'speclooptripcount_ln0' <Predicate = true> <Delay = 0.00>
ST_21 : Operation 279 [1/1] (0.00ns)   --->   "%specpipeline_ln55 = specpipeline void @_ssdm_op_SpecPipeline, i32 1, i32 0, i32 0, i32 0, void @empty" [src/conv3.cpp:55]   --->   Operation 279 'specpipeline' 'specpipeline_ln55' <Predicate = true> <Delay = 0.00>
ST_21 : Operation 280 [1/1] (0.00ns)   --->   "%or_ln1 = bitconcatenate i256 @_ssdm_op_BitConcatenate.i256.i32.i224, i32 %select_ln62, i224 %lshr_ln" [src/conv3.cpp:62]   --->   Operation 280 'bitconcatenate' 'or_ln1' <Predicate = true> <Delay = 0.00>
ST_21 : Operation 281 [1/1] (0.00ns)   --->   "%or_ln = bitconcatenate i512 @_ssdm_op_BitConcatenate.i512.i32.i224.i256, i32 %select_ln62, i224 %lshr_ln, i256 %select_ln45_2" [src/conv3.cpp:45]   --->   Operation 281 'bitconcatenate' 'or_ln' <Predicate = true> <Delay = 0.00>
ST_21 : Operation 282 [1/1] (1.55ns)   --->   "%select_ln45 = select i1 %trunc_ln45, i256 0, i256 %or_ln1" [src/conv3.cpp:45]   --->   Operation 282 'select' 'select_ln45' <Predicate = true> <Delay = 1.55> <CoreInst = "Sel">   --->   Core 73 'Sel' <Latency = 0> <II = 1> <Delay = 1.55> <FuncUnit> <Opcode : 'select'> <InPorts = 3> <OutPorts = 1>
ST_21 : Operation 283 [1/1] (7.30ns)   --->   "%write_ln45 = write void @_ssdm_op_Write.m_axi.p1i512, i512 %AXI_OUT_addr, i512 %or_ln, i64 18446744073709551615" [src/conv3.cpp:45]   --->   Operation 283 'write' 'write_ln45' <Predicate = (icmp_ln54_2 & icmp_ln52_1 & icmp_ln50_1 & icmp_ln47_1 & trunc_ln45)> <Delay = 7.30> <CoreInst = "m_axi">   --->   Core 111 'm_axi' <Latency = 5> <II = 1> <Delay = 1.00> <Adapter> <Opcode : 'read' 'write' 'readreq' 'writereq' 'writeresp'>
ST_21 : Operation 284 [1/1] (0.00ns)   --->   "%br_ln45 = br void %for.inc89._crit_edge" [src/conv3.cpp:45]   --->   Operation 284 'br' 'br_ln45' <Predicate = (icmp_ln54_2 & icmp_ln52_1 & icmp_ln50_1 & icmp_ln47_1 & trunc_ln45)> <Delay = 0.00>
ST_21 : Operation 285 [1/1] (0.00ns)   --->   "%store_ln62 = store i256 %or_ln1, i256 %or_ln6220" [src/conv3.cpp:62]   --->   Operation 285 'store' 'store_ln62' <Predicate = true> <Delay = 0.00>
ST_21 : Operation 286 [1/1] (0.00ns)   --->   "%store_ln45 = store i256 %select_ln45, i256 %select_ln4516" [src/conv3.cpp:45]   --->   Operation 286 'store' 'store_ln45' <Predicate = true> <Delay = 0.00>
ST_21 : Operation 287 [1/1] (0.00ns)   --->   "%br_ln54 = br void %for.inc69" [src/conv3.cpp:54]   --->   Operation 287 'br' 'br_ln54' <Predicate = true> <Delay = 0.00>


============================================================
+ Verbose Summary: Timing violations
============================================================
Target clock period: 10.000ns, clock uncertainty: 2.700ns.

 <State 1>: 1.588ns
The critical path consists of the following:
	'alloca' operation 21 bit ('indvar_flatten192') [23]  (0.000 ns)
	'store' operation 0 bit ('store_ln0') of constant 0 on local variable 'indvar_flatten192' [28]  (1.588 ns)

 <State 2>: 5.011ns
The critical path consists of the following:
	'load' operation 16 bit ('indvar_flatten132_load', src/conv3.cpp:45) on local variable 'indvar_flatten132' [46]  (0.000 ns)
	'icmp' operation 1 bit ('icmp_ln45', src/conv3.cpp:45) [69]  (2.077 ns)
	'xor' operation 1 bit ('xor_ln43', src/conv3.cpp:43) [80]  (0.978 ns)
	'and' operation 1 bit ('and_ln43_3', src/conv3.cpp:43) [87]  (0.978 ns)
	'or' operation 1 bit ('empty_23', src/conv3.cpp:43) [90]  (0.978 ns)

 <State 3>: 7.881ns
The critical path consists of the following:
	'load' operation 4 bit ('ox_load') on local variable 'ox', src/conv3.cpp:47 [60]  (0.000 ns)
	'select' operation 4 bit ('ox_mid293', src/conv3.cpp:43) [91]  (1.024 ns)
	'add' operation 4 bit ('add_ln47', src/conv3.cpp:47) [105]  (1.735 ns)
	'select' operation 4 bit ('select_ln47', src/conv3.cpp:47) [117]  (1.024 ns)
	'add' operation 4 bit ('add_ln56', src/conv3.cpp:56) [185]  (1.735 ns)
	'urem' operation 2 bit ('urem_ln56', src/conv3.cpp:56) [195]  (2.363 ns)

 <State 4>: 6.824ns
The critical path consists of the following:
	'load' operation 6 bit ('ic_load') on local variable 'ic', src/conv3.cpp:50 [58]  (0.000 ns)
	'select' operation 6 bit ('ic_1_mid259', src/conv3.cpp:43) [108]  (1.188 ns)
	'add' operation 6 bit ('add_ln50', src/conv3.cpp:50) [119]  (1.825 ns)
	'icmp' operation 1 bit ('first_iter_3_mid1', src/conv3.cpp:50) [123]  (1.825 ns)
	'select' operation 1 bit ('first_iter_3_mid2', src/conv3.cpp:43) [124]  (0.000 ns)
	'xor' operation 1 bit ('xor_ln54_1', src/conv3.cpp:54) [146]  (0.993 ns)
	'or' operation 1 bit ('or_ln54_1', src/conv3.cpp:54) [147]  (0.993 ns)

 <State 5>: 5.518ns
The critical path consists of the following:
	'load' operation 4 bit ('oy_load') on local variable 'oy', src/conv3.cpp:45 [62]  (0.000 ns)
	'select' operation 4 bit ('select_ln43', src/conv3.cpp:43) [70]  (1.024 ns)
	'add' operation 4 bit ('add_ln45', src/conv3.cpp:45) [89]  (1.735 ns)
	'select' operation 4 bit ('select_ln45_1', src/conv3.cpp:45) [103]  (1.024 ns)
	'add' operation 4 bit ('empty', src/conv3.cpp:56) [172]  (1.735 ns)

 <State 6>: 5.337ns
The critical path consists of the following:
	'add' operation 9 bit ('add_ln52_2', src/conv3.cpp:52) [168]  (0.000 ns)
	'add' operation 9 bit ('add_ln56_1', src/conv3.cpp:56) [174]  (3.698 ns)
	'add' operation 11 bit ('add_ln56_5', src/conv3.cpp:56) [190]  (1.639 ns)

 <State 7>: 5.199ns
The critical path consists of the following:
	'add' operation 15 bit ('add_ln56_4', src/conv3.cpp:56) [181]  (1.944 ns)
	'getelementptr' operation 15 bit ('WEIGHTS3_addr', src/conv3.cpp:56) [183]  (0.000 ns)
	'load' operation 32 bit ('WEIGHTS3_load', src/conv3.cpp:56) on array 'WEIGHTS3' [201]  (3.254 ns)

 <State 8>: 3.254ns
The critical path consists of the following:
	'load' operation 32 bit ('in_buf_load', src/conv3.cpp:56) on array 'in_buf' [197]  (3.254 ns)

 <State 9>: 2.363ns
The critical path consists of the following:
	'urem' operation 2 bit ('urem_ln56', src/conv3.cpp:56) [195]  (2.363 ns)

 <State 10>: 9.653ns
The critical path consists of the following:
	'urem' operation 2 bit ('urem_ln56', src/conv3.cpp:56) [195]  (2.363 ns)
	'sparsemux' operation 32 bit ('tmp', src/conv3.cpp:56) [200]  (1.588 ns)
	'fmul' operation 32 bit ('mul', src/conv3.cpp:56) [202]  (5.702 ns)

 <State 11>: 5.702ns
The critical path consists of the following:
	'fmul' operation 32 bit ('mul', src/conv3.cpp:56) [202]  (5.702 ns)

 <State 12>: 5.702ns
The critical path consists of the following:
	'fmul' operation 32 bit ('mul', src/conv3.cpp:56) [202]  (5.702 ns)

 <State 13>: 5.702ns
The critical path consists of the following:
	'fmul' operation 32 bit ('mul', src/conv3.cpp:56) [202]  (5.702 ns)

 <State 14>: 9.661ns
The critical path consists of the following:
	'load' operation 32 bit ('acc_2_load') on local variable 'acc', src/conv3.cpp:48 [53]  (0.000 ns)
	'select' operation 32 bit ('acc_4_mid2111', src/conv3.cpp:43) [93]  (0.000 ns)
	'select' operation 32 bit ('acc_4_mid271', src/conv3.cpp:43) [109]  (0.698 ns)
	'store' operation 0 bit ('store_ln48', src/conv3.cpp:48) of variable 'acc_4_mid271', src/conv3.cpp:43 on local variable 'acc', src/conv3.cpp:48 [159]  (1.707 ns)
	'load' operation 32 bit ('acc_2_load_1', src/conv3.cpp:56) on local variable 'acc', src/conv3.cpp:48 [162]  (0.000 ns)
	'fadd' operation 32 bit ('acc', src/conv3.cpp:56) [203]  (7.256 ns)

 <State 15>: 7.256ns
The critical path consists of the following:
	'fadd' operation 32 bit ('acc', src/conv3.cpp:56) [203]  (7.256 ns)

 <State 16>: 7.256ns
The critical path consists of the following:
	'fadd' operation 32 bit ('acc', src/conv3.cpp:56) [203]  (7.256 ns)

 <State 17>: 7.256ns
The critical path consists of the following:
	'fadd' operation 32 bit ('acc', src/conv3.cpp:56) [203]  (7.256 ns)

 <State 18>: 8.963ns
The critical path consists of the following:
	'fadd' operation 32 bit ('acc', src/conv3.cpp:56) [203]  (7.256 ns)
	'store' operation 0 bit ('store_ln48', src/conv3.cpp:48) of variable 'acc', src/conv3.cpp:56 on local variable 'acc', src/conv3.cpp:48 [266]  (1.707 ns)

 <State 19>: 5.431ns
The critical path consists of the following:
	'fcmp' operation 1 bit ('tmp_2', src/conv3.cpp:60) [214]  (5.431 ns)

 <State 20>: 6.409ns
The critical path consists of the following:
	'fcmp' operation 1 bit ('tmp_2', src/conv3.cpp:60) [214]  (5.431 ns)
	'and' operation 1 bit ('and_ln60', src/conv3.cpp:60) [215]  (0.000 ns)
	'select' operation 32 bit ('select_ln62', src/conv3.cpp:62) [216]  (0.978 ns)

 <State 21>: 7.300ns
The critical path consists of the following:
	'getelementptr' operation 512 bit ('AXI_OUT_addr', src/conv3.cpp:43) [65]  (0.000 ns)
	bus write operation ('write_ln45', src/conv3.cpp:45) on port 'AXI_OUT' (src/conv3.cpp:45) [232]  (7.300 ns)


============================================================
+ Verbose Summary: Binding
============================================================
N/A
* FSMD analyzer results:
  - Output states:
 - Input state : 
  - Chain level:
	State 1
	State 2
	State 3
	State 4
	State 5
	State 6
	State 7
	State 8
	State 9
	State 10
	State 11
	State 12
	State 13
	State 14
	State 15
	State 16
	State 17
	State 18
	State 19
	State 20
	State 21


============================================================
+ Verbose Summary: Datapath Resource usage 
============================================================
N/A
