

================================================================
== Vitis HLS Report for 'conv3'
================================================================
* Date:           Thu Feb 26 16:35:56 2026

* Version:        2024.2 (Build 5238294 on Nov  8 2024)
* Project:        hls_prj
* Solution:       solution1 (Vitis Kernel Flow Target)
* Product family: zynq
* Target device:  xc7z020-clg400-1


================================================================
== Performance Estimates
================================================================
+ Timing: 
    * Summary: 
    +--------+----------+----------+------------+
    |  Clock |  Target  | Estimated| Uncertainty|
    +--------+----------+----------+------------+
    |ap_clk  |  10.00 ns|  9.661 ns|     2.70 ns|
    +--------+----------+----------+------------+

+ Latency: 
    * Summary: 
    +---------+---------+-----------+-----------+---------+---------+---------+
    |  Latency (cycles) |   Latency (absolute)  |      Interval     | Pipeline|
    |   min   |   max   |    min    |    max    |   min   |   max   |   Type  |
    +---------+---------+-----------+-----------+---------+---------+---------+
    |  4720355|  4720355|  47.204 ms|  47.204 ms|  4720356|  4720356|       no|
    +---------+---------+-----------+-----------+---------+---------+---------+

    + Detail: 
        * Instance: 
        N/A

        * Loop: 
        N/A

============================================================
+ Verbose Summary: Synthesis Manager
============================================================
InlineROM: 1
ExposeGlobal: 0
============================================================
+ Verbose Summary: CDFG Model
============================================================
IsTopModel: 1
ResetActiveHigh: 1
IsCombinational: 0
IsDatapathOnly: 0
HasWiredReturn: 1
HasMFsm: 0
HasVarLatency: 1
IsPipeline: 0
IsRtlPipelined: 0
IsInstanceOverlapped: 0
IsDontTouch: 0
HasImplIP: 0
IsGatedGlobalClock: 0


============================================================
+ Verbose Summary: Schedule
============================================================
* Number of FSM states : 144
* Pipeline : 0
* Dataflow Pipeline: 0

* FSM state transitions: 
1 --> 2 
2 --> 3 
3 --> 4 
4 --> 5 
5 --> 6 
6 --> 7 
7 --> 8 
8 --> 9 
9 --> 10 
10 --> 11 
11 --> 12 
12 --> 13 
13 --> 14 
14 --> 15 
15 --> 16 
16 --> 17 
17 --> 18 
18 --> 19 
19 --> 20 
20 --> 21 
21 --> 22 
22 --> 23 
23 --> 24 
24 --> 25 
25 --> 26 
26 --> 27 
27 --> 28 
28 --> 29 
29 --> 30 
30 --> 31 
31 --> 32 
32 --> 33 
33 --> 34 
34 --> 35 
35 --> 36 
36 --> 37 
37 --> 38 
38 --> 39 
39 --> 40 
40 --> 41 
41 --> 42 
42 --> 43 
43 --> 44 
44 --> 45 
45 --> 46 
46 --> 47 
47 --> 48 
48 --> 49 
49 --> 50 
50 --> 51 
51 --> 52 
52 --> 53 
53 --> 54 
54 --> 55 
55 --> 56 
56 --> 57 
57 --> 58 
58 --> 59 
59 --> 60 
60 --> 61 
61 --> 62 
62 --> 63 
63 --> 64 
64 --> 65 
65 --> 66 
66 --> 67 
67 --> 68 
68 --> 69 
69 --> 70 
70 --> 71 
71 --> 72 
72 --> 73 
73 --> 74 
74 --> 75 
75 --> 76 
76 --> 77 
77 --> 78 
78 --> 79 
79 --> 80 
80 --> 81 
81 --> 82 
82 --> 83 
83 --> 84 
84 --> 85 
85 --> 86 
86 --> 87 
87 --> 88 
88 --> 89 
89 --> 90 
90 --> 91 
91 --> 92 
92 --> 93 
93 --> 94 
94 --> 95 
95 --> 96 
96 --> 97 
97 --> 98 
98 --> 99 
99 --> 100 
100 --> 101 
101 --> 102 
102 --> 103 
103 --> 104 
104 --> 105 
105 --> 106 
106 --> 107 
107 --> 108 
108 --> 109 
109 --> 110 
110 --> 111 
111 --> 112 
112 --> 113 
113 --> 114 
114 --> 115 
115 --> 116 
116 --> 117 
117 --> 118 
118 --> 119 
119 --> 120 
120 --> 121 
121 --> 122 
122 --> 123 
123 --> 124 
124 --> 125 
125 --> 126 
126 --> 127 
127 --> 128 
128 --> 129 
129 --> 130 
130 --> 131 
131 --> 132 
132 --> 133 
133 --> 134 
134 --> 135 
135 --> 136 
136 --> 137 
137 --> 138 
138 --> 139 
139 --> 140 
140 --> 141 
141 --> 142 
142 --> 143 
143 --> 144 
144 --> 

* FSM state operations: 

State 1 <SV = 0> <Delay = 1.00>
ST_1 : Operation 145 [1/1] (1.00ns)   --->   "%out_r_read = read i64 @_ssdm_op_Read.s_axilite.i64, i64 %out_r"   --->   Operation 145 'read' 'out_r_read' <Predicate = true> <Delay = 1.00> <CoreInst = "s_axilite">   --->   Core 112 's_axilite' <Latency = 0> <II = 1> <Delay = 1.00> <Adapter> <Opcode : 'read' 'write'>
ST_1 : Operation 146 [1/1] (1.00ns)   --->   "%in_r_read = read i64 @_ssdm_op_Read.s_axilite.i64, i64 %in_r"   --->   Operation 146 'read' 'in_r_read' <Predicate = true> <Delay = 1.00> <CoreInst = "s_axilite">   --->   Core 112 's_axilite' <Latency = 0> <II = 1> <Delay = 1.00> <Adapter> <Opcode : 'read' 'write'>
ST_1 : Operation 147 [1/1] (0.00ns)   --->   "%in_buf = alloca i64 1" [src/conv3.cpp:21]   --->   Operation 147 'alloca' 'in_buf' <Predicate = true> <Delay = 0.00>
ST_1 : Operation 148 [1/1] (0.00ns)   --->   "%in_buf_1 = alloca i64 1" [src/conv3.cpp:21]   --->   Operation 148 'alloca' 'in_buf_1' <Predicate = true> <Delay = 0.00>
ST_1 : Operation 149 [1/1] (0.00ns)   --->   "%in_buf_2 = alloca i64 1" [src/conv3.cpp:21]   --->   Operation 149 'alloca' 'in_buf_2' <Predicate = true> <Delay = 0.00>
ST_1 : Operation 150 [1/1] (0.00ns)   --->   "%trunc_ln = partselect i61 @_ssdm_op_PartSelect.i61.i64.i32.i32, i64 %in_r_read, i32 3, i32 63" [src/conv3.cpp:28]   --->   Operation 150 'partselect' 'trunc_ln' <Predicate = true> <Delay = 0.00>
ST_1 : Operation 151 [1/1] (0.00ns)   --->   "%trunc_ln1 = partselect i58 @_ssdm_op_PartSelect.i58.i64.i32.i32, i64 %out_r_read, i32 6, i32 63" [src/conv3.cpp:43]   --->   Operation 151 'partselect' 'trunc_ln1' <Predicate = true> <Delay = 0.00>

State 2 <SV = 1> <Delay = 7.30>
ST_2 : Operation 152 [1/1] (0.00ns)   --->   "%sext_ln28 = sext i61 %trunc_ln" [src/conv3.cpp:28]   --->   Operation 152 'sext' 'sext_ln28' <Predicate = true> <Delay = 0.00>
ST_2 : Operation 153 [1/1] (0.00ns)   --->   "%AXI_IN_addr = getelementptr i64 %AXI_IN, i64 %sext_ln28" [src/conv3.cpp:28]   --->   Operation 153 'getelementptr' 'AXI_IN_addr' <Predicate = true> <Delay = 0.00>
ST_2 : Operation 154 [71/71] (7.30ns)   --->   "%empty = readreq i1 @_ssdm_op_ReadReq.m_axi.p1i64, i64 %AXI_IN_addr, i64 1600" [src/conv3.cpp:28]   --->   Operation 154 'readreq' 'empty' <Predicate = true> <Delay = 7.30> <CoreInst = "m_axi">   --->   Core 111 'm_axi' <Latency = 6> <II = 1> <Delay = 1.00> <Adapter> <Opcode : 'read' 'write' 'readreq' 'writereq' 'writeresp'>

State 3 <SV = 2> <Delay = 7.30>
ST_3 : Operation 155 [70/71] (7.30ns)   --->   "%empty = readreq i1 @_ssdm_op_ReadReq.m_axi.p1i64, i64 %AXI_IN_addr, i64 1600" [src/conv3.cpp:28]   --->   Operation 155 'readreq' 'empty' <Predicate = true> <Delay = 7.30> <CoreInst = "m_axi">   --->   Core 111 'm_axi' <Latency = 6> <II = 1> <Delay = 1.00> <Adapter> <Opcode : 'read' 'write' 'readreq' 'writereq' 'writeresp'>

State 4 <SV = 3> <Delay = 7.30>
ST_4 : Operation 156 [69/71] (7.30ns)   --->   "%empty = readreq i1 @_ssdm_op_ReadReq.m_axi.p1i64, i64 %AXI_IN_addr, i64 1600" [src/conv3.cpp:28]   --->   Operation 156 'readreq' 'empty' <Predicate = true> <Delay = 7.30> <CoreInst = "m_axi">   --->   Core 111 'm_axi' <Latency = 6> <II = 1> <Delay = 1.00> <Adapter> <Opcode : 'read' 'write' 'readreq' 'writereq' 'writeresp'>

State 5 <SV = 4> <Delay = 7.30>
ST_5 : Operation 157 [68/71] (7.30ns)   --->   "%empty = readreq i1 @_ssdm_op_ReadReq.m_axi.p1i64, i64 %AXI_IN_addr, i64 1600" [src/conv3.cpp:28]   --->   Operation 157 'readreq' 'empty' <Predicate = true> <Delay = 7.30> <CoreInst = "m_axi">   --->   Core 111 'm_axi' <Latency = 6> <II = 1> <Delay = 1.00> <Adapter> <Opcode : 'read' 'write' 'readreq' 'writereq' 'writeresp'>

State 6 <SV = 5> <Delay = 7.30>
ST_6 : Operation 158 [67/71] (7.30ns)   --->   "%empty = readreq i1 @_ssdm_op_ReadReq.m_axi.p1i64, i64 %AXI_IN_addr, i64 1600" [src/conv3.cpp:28]   --->   Operation 158 'readreq' 'empty' <Predicate = true> <Delay = 7.30> <CoreInst = "m_axi">   --->   Core 111 'm_axi' <Latency = 6> <II = 1> <Delay = 1.00> <Adapter> <Opcode : 'read' 'write' 'readreq' 'writereq' 'writeresp'>

State 7 <SV = 6> <Delay = 7.30>
ST_7 : Operation 159 [66/71] (7.30ns)   --->   "%empty = readreq i1 @_ssdm_op_ReadReq.m_axi.p1i64, i64 %AXI_IN_addr, i64 1600" [src/conv3.cpp:28]   --->   Operation 159 'readreq' 'empty' <Predicate = true> <Delay = 7.30> <CoreInst = "m_axi">   --->   Core 111 'm_axi' <Latency = 6> <II = 1> <Delay = 1.00> <Adapter> <Opcode : 'read' 'write' 'readreq' 'writereq' 'writeresp'>

State 8 <SV = 7> <Delay = 7.30>
ST_8 : Operation 160 [65/71] (7.30ns)   --->   "%empty = readreq i1 @_ssdm_op_ReadReq.m_axi.p1i64, i64 %AXI_IN_addr, i64 1600" [src/conv3.cpp:28]   --->   Operation 160 'readreq' 'empty' <Predicate = true> <Delay = 7.30> <CoreInst = "m_axi">   --->   Core 111 'm_axi' <Latency = 6> <II = 1> <Delay = 1.00> <Adapter> <Opcode : 'read' 'write' 'readreq' 'writereq' 'writeresp'>

State 9 <SV = 8> <Delay = 7.30>
ST_9 : Operation 161 [64/71] (7.30ns)   --->   "%empty = readreq i1 @_ssdm_op_ReadReq.m_axi.p1i64, i64 %AXI_IN_addr, i64 1600" [src/conv3.cpp:28]   --->   Operation 161 'readreq' 'empty' <Predicate = true> <Delay = 7.30> <CoreInst = "m_axi">   --->   Core 111 'm_axi' <Latency = 6> <II = 1> <Delay = 1.00> <Adapter> <Opcode : 'read' 'write' 'readreq' 'writereq' 'writeresp'>

State 10 <SV = 9> <Delay = 7.30>
ST_10 : Operation 162 [63/71] (7.30ns)   --->   "%empty = readreq i1 @_ssdm_op_ReadReq.m_axi.p1i64, i64 %AXI_IN_addr, i64 1600" [src/conv3.cpp:28]   --->   Operation 162 'readreq' 'empty' <Predicate = true> <Delay = 7.30> <CoreInst = "m_axi">   --->   Core 111 'm_axi' <Latency = 6> <II = 1> <Delay = 1.00> <Adapter> <Opcode : 'read' 'write' 'readreq' 'writereq' 'writeresp'>

State 11 <SV = 10> <Delay = 7.30>
ST_11 : Operation 163 [62/71] (7.30ns)   --->   "%empty = readreq i1 @_ssdm_op_ReadReq.m_axi.p1i64, i64 %AXI_IN_addr, i64 1600" [src/conv3.cpp:28]   --->   Operation 163 'readreq' 'empty' <Predicate = true> <Delay = 7.30> <CoreInst = "m_axi">   --->   Core 111 'm_axi' <Latency = 6> <II = 1> <Delay = 1.00> <Adapter> <Opcode : 'read' 'write' 'readreq' 'writereq' 'writeresp'>

State 12 <SV = 11> <Delay = 7.30>
ST_12 : Operation 164 [61/71] (7.30ns)   --->   "%empty = readreq i1 @_ssdm_op_ReadReq.m_axi.p1i64, i64 %AXI_IN_addr, i64 1600" [src/conv3.cpp:28]   --->   Operation 164 'readreq' 'empty' <Predicate = true> <Delay = 7.30> <CoreInst = "m_axi">   --->   Core 111 'm_axi' <Latency = 6> <II = 1> <Delay = 1.00> <Adapter> <Opcode : 'read' 'write' 'readreq' 'writereq' 'writeresp'>

State 13 <SV = 12> <Delay = 7.30>
ST_13 : Operation 165 [60/71] (7.30ns)   --->   "%empty = readreq i1 @_ssdm_op_ReadReq.m_axi.p1i64, i64 %AXI_IN_addr, i64 1600" [src/conv3.cpp:28]   --->   Operation 165 'readreq' 'empty' <Predicate = true> <Delay = 7.30> <CoreInst = "m_axi">   --->   Core 111 'm_axi' <Latency = 6> <II = 1> <Delay = 1.00> <Adapter> <Opcode : 'read' 'write' 'readreq' 'writereq' 'writeresp'>

State 14 <SV = 13> <Delay = 7.30>
ST_14 : Operation 166 [59/71] (7.30ns)   --->   "%empty = readreq i1 @_ssdm_op_ReadReq.m_axi.p1i64, i64 %AXI_IN_addr, i64 1600" [src/conv3.cpp:28]   --->   Operation 166 'readreq' 'empty' <Predicate = true> <Delay = 7.30> <CoreInst = "m_axi">   --->   Core 111 'm_axi' <Latency = 6> <II = 1> <Delay = 1.00> <Adapter> <Opcode : 'read' 'write' 'readreq' 'writereq' 'writeresp'>

State 15 <SV = 14> <Delay = 7.30>
ST_15 : Operation 167 [58/71] (7.30ns)   --->   "%empty = readreq i1 @_ssdm_op_ReadReq.m_axi.p1i64, i64 %AXI_IN_addr, i64 1600" [src/conv3.cpp:28]   --->   Operation 167 'readreq' 'empty' <Predicate = true> <Delay = 7.30> <CoreInst = "m_axi">   --->   Core 111 'm_axi' <Latency = 6> <II = 1> <Delay = 1.00> <Adapter> <Opcode : 'read' 'write' 'readreq' 'writereq' 'writeresp'>

State 16 <SV = 15> <Delay = 7.30>
ST_16 : Operation 168 [57/71] (7.30ns)   --->   "%empty = readreq i1 @_ssdm_op_ReadReq.m_axi.p1i64, i64 %AXI_IN_addr, i64 1600" [src/conv3.cpp:28]   --->   Operation 168 'readreq' 'empty' <Predicate = true> <Delay = 7.30> <CoreInst = "m_axi">   --->   Core 111 'm_axi' <Latency = 6> <II = 1> <Delay = 1.00> <Adapter> <Opcode : 'read' 'write' 'readreq' 'writereq' 'writeresp'>

State 17 <SV = 16> <Delay = 7.30>
ST_17 : Operation 169 [56/71] (7.30ns)   --->   "%empty = readreq i1 @_ssdm_op_ReadReq.m_axi.p1i64, i64 %AXI_IN_addr, i64 1600" [src/conv3.cpp:28]   --->   Operation 169 'readreq' 'empty' <Predicate = true> <Delay = 7.30> <CoreInst = "m_axi">   --->   Core 111 'm_axi' <Latency = 6> <II = 1> <Delay = 1.00> <Adapter> <Opcode : 'read' 'write' 'readreq' 'writereq' 'writeresp'>

State 18 <SV = 17> <Delay = 7.30>
ST_18 : Operation 170 [55/71] (7.30ns)   --->   "%empty = readreq i1 @_ssdm_op_ReadReq.m_axi.p1i64, i64 %AXI_IN_addr, i64 1600" [src/conv3.cpp:28]   --->   Operation 170 'readreq' 'empty' <Predicate = true> <Delay = 7.30> <CoreInst = "m_axi">   --->   Core 111 'm_axi' <Latency = 6> <II = 1> <Delay = 1.00> <Adapter> <Opcode : 'read' 'write' 'readreq' 'writereq' 'writeresp'>

State 19 <SV = 18> <Delay = 7.30>
ST_19 : Operation 171 [54/71] (7.30ns)   --->   "%empty = readreq i1 @_ssdm_op_ReadReq.m_axi.p1i64, i64 %AXI_IN_addr, i64 1600" [src/conv3.cpp:28]   --->   Operation 171 'readreq' 'empty' <Predicate = true> <Delay = 7.30> <CoreInst = "m_axi">   --->   Core 111 'm_axi' <Latency = 6> <II = 1> <Delay = 1.00> <Adapter> <Opcode : 'read' 'write' 'readreq' 'writereq' 'writeresp'>

State 20 <SV = 19> <Delay = 7.30>
ST_20 : Operation 172 [53/71] (7.30ns)   --->   "%empty = readreq i1 @_ssdm_op_ReadReq.m_axi.p1i64, i64 %AXI_IN_addr, i64 1600" [src/conv3.cpp:28]   --->   Operation 172 'readreq' 'empty' <Predicate = true> <Delay = 7.30> <CoreInst = "m_axi">   --->   Core 111 'm_axi' <Latency = 6> <II = 1> <Delay = 1.00> <Adapter> <Opcode : 'read' 'write' 'readreq' 'writereq' 'writeresp'>

State 21 <SV = 20> <Delay = 7.30>
ST_21 : Operation 173 [52/71] (7.30ns)   --->   "%empty = readreq i1 @_ssdm_op_ReadReq.m_axi.p1i64, i64 %AXI_IN_addr, i64 1600" [src/conv3.cpp:28]   --->   Operation 173 'readreq' 'empty' <Predicate = true> <Delay = 7.30> <CoreInst = "m_axi">   --->   Core 111 'm_axi' <Latency = 6> <II = 1> <Delay = 1.00> <Adapter> <Opcode : 'read' 'write' 'readreq' 'writereq' 'writeresp'>

State 22 <SV = 21> <Delay = 7.30>
ST_22 : Operation 174 [51/71] (7.30ns)   --->   "%empty = readreq i1 @_ssdm_op_ReadReq.m_axi.p1i64, i64 %AXI_IN_addr, i64 1600" [src/conv3.cpp:28]   --->   Operation 174 'readreq' 'empty' <Predicate = true> <Delay = 7.30> <CoreInst = "m_axi">   --->   Core 111 'm_axi' <Latency = 6> <II = 1> <Delay = 1.00> <Adapter> <Opcode : 'read' 'write' 'readreq' 'writereq' 'writeresp'>

State 23 <SV = 22> <Delay = 7.30>
ST_23 : Operation 175 [50/71] (7.30ns)   --->   "%empty = readreq i1 @_ssdm_op_ReadReq.m_axi.p1i64, i64 %AXI_IN_addr, i64 1600" [src/conv3.cpp:28]   --->   Operation 175 'readreq' 'empty' <Predicate = true> <Delay = 7.30> <CoreInst = "m_axi">   --->   Core 111 'm_axi' <Latency = 6> <II = 1> <Delay = 1.00> <Adapter> <Opcode : 'read' 'write' 'readreq' 'writereq' 'writeresp'>

State 24 <SV = 23> <Delay = 7.30>
ST_24 : Operation 176 [49/71] (7.30ns)   --->   "%empty = readreq i1 @_ssdm_op_ReadReq.m_axi.p1i64, i64 %AXI_IN_addr, i64 1600" [src/conv3.cpp:28]   --->   Operation 176 'readreq' 'empty' <Predicate = true> <Delay = 7.30> <CoreInst = "m_axi">   --->   Core 111 'm_axi' <Latency = 6> <II = 1> <Delay = 1.00> <Adapter> <Opcode : 'read' 'write' 'readreq' 'writereq' 'writeresp'>

State 25 <SV = 24> <Delay = 7.30>
ST_25 : Operation 177 [48/71] (7.30ns)   --->   "%empty = readreq i1 @_ssdm_op_ReadReq.m_axi.p1i64, i64 %AXI_IN_addr, i64 1600" [src/conv3.cpp:28]   --->   Operation 177 'readreq' 'empty' <Predicate = true> <Delay = 7.30> <CoreInst = "m_axi">   --->   Core 111 'm_axi' <Latency = 6> <II = 1> <Delay = 1.00> <Adapter> <Opcode : 'read' 'write' 'readreq' 'writereq' 'writeresp'>

State 26 <SV = 25> <Delay = 7.30>
ST_26 : Operation 178 [47/71] (7.30ns)   --->   "%empty = readreq i1 @_ssdm_op_ReadReq.m_axi.p1i64, i64 %AXI_IN_addr, i64 1600" [src/conv3.cpp:28]   --->   Operation 178 'readreq' 'empty' <Predicate = true> <Delay = 7.30> <CoreInst = "m_axi">   --->   Core 111 'm_axi' <Latency = 6> <II = 1> <Delay = 1.00> <Adapter> <Opcode : 'read' 'write' 'readreq' 'writereq' 'writeresp'>

State 27 <SV = 26> <Delay = 7.30>
ST_27 : Operation 179 [46/71] (7.30ns)   --->   "%empty = readreq i1 @_ssdm_op_ReadReq.m_axi.p1i64, i64 %AXI_IN_addr, i64 1600" [src/conv3.cpp:28]   --->   Operation 179 'readreq' 'empty' <Predicate = true> <Delay = 7.30> <CoreInst = "m_axi">   --->   Core 111 'm_axi' <Latency = 6> <II = 1> <Delay = 1.00> <Adapter> <Opcode : 'read' 'write' 'readreq' 'writereq' 'writeresp'>

State 28 <SV = 27> <Delay = 7.30>
ST_28 : Operation 180 [45/71] (7.30ns)   --->   "%empty = readreq i1 @_ssdm_op_ReadReq.m_axi.p1i64, i64 %AXI_IN_addr, i64 1600" [src/conv3.cpp:28]   --->   Operation 180 'readreq' 'empty' <Predicate = true> <Delay = 7.30> <CoreInst = "m_axi">   --->   Core 111 'm_axi' <Latency = 6> <II = 1> <Delay = 1.00> <Adapter> <Opcode : 'read' 'write' 'readreq' 'writereq' 'writeresp'>

State 29 <SV = 28> <Delay = 7.30>
ST_29 : Operation 181 [44/71] (7.30ns)   --->   "%empty = readreq i1 @_ssdm_op_ReadReq.m_axi.p1i64, i64 %AXI_IN_addr, i64 1600" [src/conv3.cpp:28]   --->   Operation 181 'readreq' 'empty' <Predicate = true> <Delay = 7.30> <CoreInst = "m_axi">   --->   Core 111 'm_axi' <Latency = 6> <II = 1> <Delay = 1.00> <Adapter> <Opcode : 'read' 'write' 'readreq' 'writereq' 'writeresp'>

State 30 <SV = 29> <Delay = 7.30>
ST_30 : Operation 182 [43/71] (7.30ns)   --->   "%empty = readreq i1 @_ssdm_op_ReadReq.m_axi.p1i64, i64 %AXI_IN_addr, i64 1600" [src/conv3.cpp:28]   --->   Operation 182 'readreq' 'empty' <Predicate = true> <Delay = 7.30> <CoreInst = "m_axi">   --->   Core 111 'm_axi' <Latency = 6> <II = 1> <Delay = 1.00> <Adapter> <Opcode : 'read' 'write' 'readreq' 'writereq' 'writeresp'>

State 31 <SV = 30> <Delay = 7.30>
ST_31 : Operation 183 [42/71] (7.30ns)   --->   "%empty = readreq i1 @_ssdm_op_ReadReq.m_axi.p1i64, i64 %AXI_IN_addr, i64 1600" [src/conv3.cpp:28]   --->   Operation 183 'readreq' 'empty' <Predicate = true> <Delay = 7.30> <CoreInst = "m_axi">   --->   Core 111 'm_axi' <Latency = 6> <II = 1> <Delay = 1.00> <Adapter> <Opcode : 'read' 'write' 'readreq' 'writereq' 'writeresp'>

State 32 <SV = 31> <Delay = 7.30>
ST_32 : Operation 184 [41/71] (7.30ns)   --->   "%empty = readreq i1 @_ssdm_op_ReadReq.m_axi.p1i64, i64 %AXI_IN_addr, i64 1600" [src/conv3.cpp:28]   --->   Operation 184 'readreq' 'empty' <Predicate = true> <Delay = 7.30> <CoreInst = "m_axi">   --->   Core 111 'm_axi' <Latency = 6> <II = 1> <Delay = 1.00> <Adapter> <Opcode : 'read' 'write' 'readreq' 'writereq' 'writeresp'>

State 33 <SV = 32> <Delay = 7.30>
ST_33 : Operation 185 [40/71] (7.30ns)   --->   "%empty = readreq i1 @_ssdm_op_ReadReq.m_axi.p1i64, i64 %AXI_IN_addr, i64 1600" [src/conv3.cpp:28]   --->   Operation 185 'readreq' 'empty' <Predicate = true> <Delay = 7.30> <CoreInst = "m_axi">   --->   Core 111 'm_axi' <Latency = 6> <II = 1> <Delay = 1.00> <Adapter> <Opcode : 'read' 'write' 'readreq' 'writereq' 'writeresp'>

State 34 <SV = 33> <Delay = 7.30>
ST_34 : Operation 186 [39/71] (7.30ns)   --->   "%empty = readreq i1 @_ssdm_op_ReadReq.m_axi.p1i64, i64 %AXI_IN_addr, i64 1600" [src/conv3.cpp:28]   --->   Operation 186 'readreq' 'empty' <Predicate = true> <Delay = 7.30> <CoreInst = "m_axi">   --->   Core 111 'm_axi' <Latency = 6> <II = 1> <Delay = 1.00> <Adapter> <Opcode : 'read' 'write' 'readreq' 'writereq' 'writeresp'>

State 35 <SV = 34> <Delay = 7.30>
ST_35 : Operation 187 [38/71] (7.30ns)   --->   "%empty = readreq i1 @_ssdm_op_ReadReq.m_axi.p1i64, i64 %AXI_IN_addr, i64 1600" [src/conv3.cpp:28]   --->   Operation 187 'readreq' 'empty' <Predicate = true> <Delay = 7.30> <CoreInst = "m_axi">   --->   Core 111 'm_axi' <Latency = 6> <II = 1> <Delay = 1.00> <Adapter> <Opcode : 'read' 'write' 'readreq' 'writereq' 'writeresp'>

State 36 <SV = 35> <Delay = 7.30>
ST_36 : Operation 188 [37/71] (7.30ns)   --->   "%empty = readreq i1 @_ssdm_op_ReadReq.m_axi.p1i64, i64 %AXI_IN_addr, i64 1600" [src/conv3.cpp:28]   --->   Operation 188 'readreq' 'empty' <Predicate = true> <Delay = 7.30> <CoreInst = "m_axi">   --->   Core 111 'm_axi' <Latency = 6> <II = 1> <Delay = 1.00> <Adapter> <Opcode : 'read' 'write' 'readreq' 'writereq' 'writeresp'>

State 37 <SV = 36> <Delay = 7.30>
ST_37 : Operation 189 [36/71] (7.30ns)   --->   "%empty = readreq i1 @_ssdm_op_ReadReq.m_axi.p1i64, i64 %AXI_IN_addr, i64 1600" [src/conv3.cpp:28]   --->   Operation 189 'readreq' 'empty' <Predicate = true> <Delay = 7.30> <CoreInst = "m_axi">   --->   Core 111 'm_axi' <Latency = 6> <II = 1> <Delay = 1.00> <Adapter> <Opcode : 'read' 'write' 'readreq' 'writereq' 'writeresp'>

State 38 <SV = 37> <Delay = 7.30>
ST_38 : Operation 190 [35/71] (7.30ns)   --->   "%empty = readreq i1 @_ssdm_op_ReadReq.m_axi.p1i64, i64 %AXI_IN_addr, i64 1600" [src/conv3.cpp:28]   --->   Operation 190 'readreq' 'empty' <Predicate = true> <Delay = 7.30> <CoreInst = "m_axi">   --->   Core 111 'm_axi' <Latency = 6> <II = 1> <Delay = 1.00> <Adapter> <Opcode : 'read' 'write' 'readreq' 'writereq' 'writeresp'>

State 39 <SV = 38> <Delay = 7.30>
ST_39 : Operation 191 [34/71] (7.30ns)   --->   "%empty = readreq i1 @_ssdm_op_ReadReq.m_axi.p1i64, i64 %AXI_IN_addr, i64 1600" [src/conv3.cpp:28]   --->   Operation 191 'readreq' 'empty' <Predicate = true> <Delay = 7.30> <CoreInst = "m_axi">   --->   Core 111 'm_axi' <Latency = 6> <II = 1> <Delay = 1.00> <Adapter> <Opcode : 'read' 'write' 'readreq' 'writereq' 'writeresp'>

State 40 <SV = 39> <Delay = 7.30>
ST_40 : Operation 192 [33/71] (7.30ns)   --->   "%empty = readreq i1 @_ssdm_op_ReadReq.m_axi.p1i64, i64 %AXI_IN_addr, i64 1600" [src/conv3.cpp:28]   --->   Operation 192 'readreq' 'empty' <Predicate = true> <Delay = 7.30> <CoreInst = "m_axi">   --->   Core 111 'm_axi' <Latency = 6> <II = 1> <Delay = 1.00> <Adapter> <Opcode : 'read' 'write' 'readreq' 'writereq' 'writeresp'>

State 41 <SV = 40> <Delay = 7.30>
ST_41 : Operation 193 [32/71] (7.30ns)   --->   "%empty = readreq i1 @_ssdm_op_ReadReq.m_axi.p1i64, i64 %AXI_IN_addr, i64 1600" [src/conv3.cpp:28]   --->   Operation 193 'readreq' 'empty' <Predicate = true> <Delay = 7.30> <CoreInst = "m_axi">   --->   Core 111 'm_axi' <Latency = 6> <II = 1> <Delay = 1.00> <Adapter> <Opcode : 'read' 'write' 'readreq' 'writereq' 'writeresp'>

State 42 <SV = 41> <Delay = 7.30>
ST_42 : Operation 194 [31/71] (7.30ns)   --->   "%empty = readreq i1 @_ssdm_op_ReadReq.m_axi.p1i64, i64 %AXI_IN_addr, i64 1600" [src/conv3.cpp:28]   --->   Operation 194 'readreq' 'empty' <Predicate = true> <Delay = 7.30> <CoreInst = "m_axi">   --->   Core 111 'm_axi' <Latency = 6> <II = 1> <Delay = 1.00> <Adapter> <Opcode : 'read' 'write' 'readreq' 'writereq' 'writeresp'>

State 43 <SV = 42> <Delay = 7.30>
ST_43 : Operation 195 [30/71] (7.30ns)   --->   "%empty = readreq i1 @_ssdm_op_ReadReq.m_axi.p1i64, i64 %AXI_IN_addr, i64 1600" [src/conv3.cpp:28]   --->   Operation 195 'readreq' 'empty' <Predicate = true> <Delay = 7.30> <CoreInst = "m_axi">   --->   Core 111 'm_axi' <Latency = 6> <II = 1> <Delay = 1.00> <Adapter> <Opcode : 'read' 'write' 'readreq' 'writereq' 'writeresp'>

State 44 <SV = 43> <Delay = 7.30>
ST_44 : Operation 196 [29/71] (7.30ns)   --->   "%empty = readreq i1 @_ssdm_op_ReadReq.m_axi.p1i64, i64 %AXI_IN_addr, i64 1600" [src/conv3.cpp:28]   --->   Operation 196 'readreq' 'empty' <Predicate = true> <Delay = 7.30> <CoreInst = "m_axi">   --->   Core 111 'm_axi' <Latency = 6> <II = 1> <Delay = 1.00> <Adapter> <Opcode : 'read' 'write' 'readreq' 'writereq' 'writeresp'>

State 45 <SV = 44> <Delay = 7.30>
ST_45 : Operation 197 [28/71] (7.30ns)   --->   "%empty = readreq i1 @_ssdm_op_ReadReq.m_axi.p1i64, i64 %AXI_IN_addr, i64 1600" [src/conv3.cpp:28]   --->   Operation 197 'readreq' 'empty' <Predicate = true> <Delay = 7.30> <CoreInst = "m_axi">   --->   Core 111 'm_axi' <Latency = 6> <II = 1> <Delay = 1.00> <Adapter> <Opcode : 'read' 'write' 'readreq' 'writereq' 'writeresp'>

State 46 <SV = 45> <Delay = 7.30>
ST_46 : Operation 198 [27/71] (7.30ns)   --->   "%empty = readreq i1 @_ssdm_op_ReadReq.m_axi.p1i64, i64 %AXI_IN_addr, i64 1600" [src/conv3.cpp:28]   --->   Operation 198 'readreq' 'empty' <Predicate = true> <Delay = 7.30> <CoreInst = "m_axi">   --->   Core 111 'm_axi' <Latency = 6> <II = 1> <Delay = 1.00> <Adapter> <Opcode : 'read' 'write' 'readreq' 'writereq' 'writeresp'>

State 47 <SV = 46> <Delay = 7.30>
ST_47 : Operation 199 [26/71] (7.30ns)   --->   "%empty = readreq i1 @_ssdm_op_ReadReq.m_axi.p1i64, i64 %AXI_IN_addr, i64 1600" [src/conv3.cpp:28]   --->   Operation 199 'readreq' 'empty' <Predicate = true> <Delay = 7.30> <CoreInst = "m_axi">   --->   Core 111 'm_axi' <Latency = 6> <II = 1> <Delay = 1.00> <Adapter> <Opcode : 'read' 'write' 'readreq' 'writereq' 'writeresp'>

State 48 <SV = 47> <Delay = 7.30>
ST_48 : Operation 200 [25/71] (7.30ns)   --->   "%empty = readreq i1 @_ssdm_op_ReadReq.m_axi.p1i64, i64 %AXI_IN_addr, i64 1600" [src/conv3.cpp:28]   --->   Operation 200 'readreq' 'empty' <Predicate = true> <Delay = 7.30> <CoreInst = "m_axi">   --->   Core 111 'm_axi' <Latency = 6> <II = 1> <Delay = 1.00> <Adapter> <Opcode : 'read' 'write' 'readreq' 'writereq' 'writeresp'>

State 49 <SV = 48> <Delay = 7.30>
ST_49 : Operation 201 [24/71] (7.30ns)   --->   "%empty = readreq i1 @_ssdm_op_ReadReq.m_axi.p1i64, i64 %AXI_IN_addr, i64 1600" [src/conv3.cpp:28]   --->   Operation 201 'readreq' 'empty' <Predicate = true> <Delay = 7.30> <CoreInst = "m_axi">   --->   Core 111 'm_axi' <Latency = 6> <II = 1> <Delay = 1.00> <Adapter> <Opcode : 'read' 'write' 'readreq' 'writereq' 'writeresp'>

State 50 <SV = 49> <Delay = 7.30>
ST_50 : Operation 202 [23/71] (7.30ns)   --->   "%empty = readreq i1 @_ssdm_op_ReadReq.m_axi.p1i64, i64 %AXI_IN_addr, i64 1600" [src/conv3.cpp:28]   --->   Operation 202 'readreq' 'empty' <Predicate = true> <Delay = 7.30> <CoreInst = "m_axi">   --->   Core 111 'm_axi' <Latency = 6> <II = 1> <Delay = 1.00> <Adapter> <Opcode : 'read' 'write' 'readreq' 'writereq' 'writeresp'>

State 51 <SV = 50> <Delay = 7.30>
ST_51 : Operation 203 [22/71] (7.30ns)   --->   "%empty = readreq i1 @_ssdm_op_ReadReq.m_axi.p1i64, i64 %AXI_IN_addr, i64 1600" [src/conv3.cpp:28]   --->   Operation 203 'readreq' 'empty' <Predicate = true> <Delay = 7.30> <CoreInst = "m_axi">   --->   Core 111 'm_axi' <Latency = 6> <II = 1> <Delay = 1.00> <Adapter> <Opcode : 'read' 'write' 'readreq' 'writereq' 'writeresp'>

State 52 <SV = 51> <Delay = 7.30>
ST_52 : Operation 204 [21/71] (7.30ns)   --->   "%empty = readreq i1 @_ssdm_op_ReadReq.m_axi.p1i64, i64 %AXI_IN_addr, i64 1600" [src/conv3.cpp:28]   --->   Operation 204 'readreq' 'empty' <Predicate = true> <Delay = 7.30> <CoreInst = "m_axi">   --->   Core 111 'm_axi' <Latency = 6> <II = 1> <Delay = 1.00> <Adapter> <Opcode : 'read' 'write' 'readreq' 'writereq' 'writeresp'>

State 53 <SV = 52> <Delay = 7.30>
ST_53 : Operation 205 [20/71] (7.30ns)   --->   "%empty = readreq i1 @_ssdm_op_ReadReq.m_axi.p1i64, i64 %AXI_IN_addr, i64 1600" [src/conv3.cpp:28]   --->   Operation 205 'readreq' 'empty' <Predicate = true> <Delay = 7.30> <CoreInst = "m_axi">   --->   Core 111 'm_axi' <Latency = 6> <II = 1> <Delay = 1.00> <Adapter> <Opcode : 'read' 'write' 'readreq' 'writereq' 'writeresp'>

State 54 <SV = 53> <Delay = 7.30>
ST_54 : Operation 206 [19/71] (7.30ns)   --->   "%empty = readreq i1 @_ssdm_op_ReadReq.m_axi.p1i64, i64 %AXI_IN_addr, i64 1600" [src/conv3.cpp:28]   --->   Operation 206 'readreq' 'empty' <Predicate = true> <Delay = 7.30> <CoreInst = "m_axi">   --->   Core 111 'm_axi' <Latency = 6> <II = 1> <Delay = 1.00> <Adapter> <Opcode : 'read' 'write' 'readreq' 'writereq' 'writeresp'>

State 55 <SV = 54> <Delay = 7.30>
ST_55 : Operation 207 [18/71] (7.30ns)   --->   "%empty = readreq i1 @_ssdm_op_ReadReq.m_axi.p1i64, i64 %AXI_IN_addr, i64 1600" [src/conv3.cpp:28]   --->   Operation 207 'readreq' 'empty' <Predicate = true> <Delay = 7.30> <CoreInst = "m_axi">   --->   Core 111 'm_axi' <Latency = 6> <II = 1> <Delay = 1.00> <Adapter> <Opcode : 'read' 'write' 'readreq' 'writereq' 'writeresp'>

State 56 <SV = 55> <Delay = 7.30>
ST_56 : Operation 208 [17/71] (7.30ns)   --->   "%empty = readreq i1 @_ssdm_op_ReadReq.m_axi.p1i64, i64 %AXI_IN_addr, i64 1600" [src/conv3.cpp:28]   --->   Operation 208 'readreq' 'empty' <Predicate = true> <Delay = 7.30> <CoreInst = "m_axi">   --->   Core 111 'm_axi' <Latency = 6> <II = 1> <Delay = 1.00> <Adapter> <Opcode : 'read' 'write' 'readreq' 'writereq' 'writeresp'>

State 57 <SV = 56> <Delay = 7.30>
ST_57 : Operation 209 [16/71] (7.30ns)   --->   "%empty = readreq i1 @_ssdm_op_ReadReq.m_axi.p1i64, i64 %AXI_IN_addr, i64 1600" [src/conv3.cpp:28]   --->   Operation 209 'readreq' 'empty' <Predicate = true> <Delay = 7.30> <CoreInst = "m_axi">   --->   Core 111 'm_axi' <Latency = 6> <II = 1> <Delay = 1.00> <Adapter> <Opcode : 'read' 'write' 'readreq' 'writereq' 'writeresp'>

State 58 <SV = 57> <Delay = 7.30>
ST_58 : Operation 210 [15/71] (7.30ns)   --->   "%empty = readreq i1 @_ssdm_op_ReadReq.m_axi.p1i64, i64 %AXI_IN_addr, i64 1600" [src/conv3.cpp:28]   --->   Operation 210 'readreq' 'empty' <Predicate = true> <Delay = 7.30> <CoreInst = "m_axi">   --->   Core 111 'm_axi' <Latency = 6> <II = 1> <Delay = 1.00> <Adapter> <Opcode : 'read' 'write' 'readreq' 'writereq' 'writeresp'>

State 59 <SV = 58> <Delay = 7.30>
ST_59 : Operation 211 [14/71] (7.30ns)   --->   "%empty = readreq i1 @_ssdm_op_ReadReq.m_axi.p1i64, i64 %AXI_IN_addr, i64 1600" [src/conv3.cpp:28]   --->   Operation 211 'readreq' 'empty' <Predicate = true> <Delay = 7.30> <CoreInst = "m_axi">   --->   Core 111 'm_axi' <Latency = 6> <II = 1> <Delay = 1.00> <Adapter> <Opcode : 'read' 'write' 'readreq' 'writereq' 'writeresp'>

State 60 <SV = 59> <Delay = 7.30>
ST_60 : Operation 212 [13/71] (7.30ns)   --->   "%empty = readreq i1 @_ssdm_op_ReadReq.m_axi.p1i64, i64 %AXI_IN_addr, i64 1600" [src/conv3.cpp:28]   --->   Operation 212 'readreq' 'empty' <Predicate = true> <Delay = 7.30> <CoreInst = "m_axi">   --->   Core 111 'm_axi' <Latency = 6> <II = 1> <Delay = 1.00> <Adapter> <Opcode : 'read' 'write' 'readreq' 'writereq' 'writeresp'>

State 61 <SV = 60> <Delay = 7.30>
ST_61 : Operation 213 [12/71] (7.30ns)   --->   "%empty = readreq i1 @_ssdm_op_ReadReq.m_axi.p1i64, i64 %AXI_IN_addr, i64 1600" [src/conv3.cpp:28]   --->   Operation 213 'readreq' 'empty' <Predicate = true> <Delay = 7.30> <CoreInst = "m_axi">   --->   Core 111 'm_axi' <Latency = 6> <II = 1> <Delay = 1.00> <Adapter> <Opcode : 'read' 'write' 'readreq' 'writereq' 'writeresp'>

State 62 <SV = 61> <Delay = 7.30>
ST_62 : Operation 214 [11/71] (7.30ns)   --->   "%empty = readreq i1 @_ssdm_op_ReadReq.m_axi.p1i64, i64 %AXI_IN_addr, i64 1600" [src/conv3.cpp:28]   --->   Operation 214 'readreq' 'empty' <Predicate = true> <Delay = 7.30> <CoreInst = "m_axi">   --->   Core 111 'm_axi' <Latency = 6> <II = 1> <Delay = 1.00> <Adapter> <Opcode : 'read' 'write' 'readreq' 'writereq' 'writeresp'>

State 63 <SV = 62> <Delay = 7.30>
ST_63 : Operation 215 [10/71] (7.30ns)   --->   "%empty = readreq i1 @_ssdm_op_ReadReq.m_axi.p1i64, i64 %AXI_IN_addr, i64 1600" [src/conv3.cpp:28]   --->   Operation 215 'readreq' 'empty' <Predicate = true> <Delay = 7.30> <CoreInst = "m_axi">   --->   Core 111 'm_axi' <Latency = 6> <II = 1> <Delay = 1.00> <Adapter> <Opcode : 'read' 'write' 'readreq' 'writereq' 'writeresp'>

State 64 <SV = 63> <Delay = 7.30>
ST_64 : Operation 216 [9/71] (7.30ns)   --->   "%empty = readreq i1 @_ssdm_op_ReadReq.m_axi.p1i64, i64 %AXI_IN_addr, i64 1600" [src/conv3.cpp:28]   --->   Operation 216 'readreq' 'empty' <Predicate = true> <Delay = 7.30> <CoreInst = "m_axi">   --->   Core 111 'm_axi' <Latency = 6> <II = 1> <Delay = 1.00> <Adapter> <Opcode : 'read' 'write' 'readreq' 'writereq' 'writeresp'>

State 65 <SV = 64> <Delay = 7.30>
ST_65 : Operation 217 [8/71] (7.30ns)   --->   "%empty = readreq i1 @_ssdm_op_ReadReq.m_axi.p1i64, i64 %AXI_IN_addr, i64 1600" [src/conv3.cpp:28]   --->   Operation 217 'readreq' 'empty' <Predicate = true> <Delay = 7.30> <CoreInst = "m_axi">   --->   Core 111 'm_axi' <Latency = 6> <II = 1> <Delay = 1.00> <Adapter> <Opcode : 'read' 'write' 'readreq' 'writereq' 'writeresp'>

State 66 <SV = 65> <Delay = 7.30>
ST_66 : Operation 218 [7/71] (7.30ns)   --->   "%empty = readreq i1 @_ssdm_op_ReadReq.m_axi.p1i64, i64 %AXI_IN_addr, i64 1600" [src/conv3.cpp:28]   --->   Operation 218 'readreq' 'empty' <Predicate = true> <Delay = 7.30> <CoreInst = "m_axi">   --->   Core 111 'm_axi' <Latency = 6> <II = 1> <Delay = 1.00> <Adapter> <Opcode : 'read' 'write' 'readreq' 'writereq' 'writeresp'>

State 67 <SV = 66> <Delay = 7.30>
ST_67 : Operation 219 [6/71] (7.30ns)   --->   "%empty = readreq i1 @_ssdm_op_ReadReq.m_axi.p1i64, i64 %AXI_IN_addr, i64 1600" [src/conv3.cpp:28]   --->   Operation 219 'readreq' 'empty' <Predicate = true> <Delay = 7.30> <CoreInst = "m_axi">   --->   Core 111 'm_axi' <Latency = 6> <II = 1> <Delay = 1.00> <Adapter> <Opcode : 'read' 'write' 'readreq' 'writereq' 'writeresp'>

State 68 <SV = 67> <Delay = 7.30>
ST_68 : Operation 220 [5/71] (7.30ns)   --->   "%empty = readreq i1 @_ssdm_op_ReadReq.m_axi.p1i64, i64 %AXI_IN_addr, i64 1600" [src/conv3.cpp:28]   --->   Operation 220 'readreq' 'empty' <Predicate = true> <Delay = 7.30> <CoreInst = "m_axi">   --->   Core 111 'm_axi' <Latency = 6> <II = 1> <Delay = 1.00> <Adapter> <Opcode : 'read' 'write' 'readreq' 'writereq' 'writeresp'>

State 69 <SV = 68> <Delay = 7.30>
ST_69 : Operation 221 [4/71] (7.30ns)   --->   "%empty = readreq i1 @_ssdm_op_ReadReq.m_axi.p1i64, i64 %AXI_IN_addr, i64 1600" [src/conv3.cpp:28]   --->   Operation 221 'readreq' 'empty' <Predicate = true> <Delay = 7.30> <CoreInst = "m_axi">   --->   Core 111 'm_axi' <Latency = 6> <II = 1> <Delay = 1.00> <Adapter> <Opcode : 'read' 'write' 'readreq' 'writereq' 'writeresp'>

State 70 <SV = 69> <Delay = 7.30>
ST_70 : Operation 222 [3/71] (7.30ns)   --->   "%empty = readreq i1 @_ssdm_op_ReadReq.m_axi.p1i64, i64 %AXI_IN_addr, i64 1600" [src/conv3.cpp:28]   --->   Operation 222 'readreq' 'empty' <Predicate = true> <Delay = 7.30> <CoreInst = "m_axi">   --->   Core 111 'm_axi' <Latency = 6> <II = 1> <Delay = 1.00> <Adapter> <Opcode : 'read' 'write' 'readreq' 'writereq' 'writeresp'>

State 71 <SV = 70> <Delay = 7.30>
ST_71 : Operation 223 [2/71] (7.30ns)   --->   "%empty = readreq i1 @_ssdm_op_ReadReq.m_axi.p1i64, i64 %AXI_IN_addr, i64 1600" [src/conv3.cpp:28]   --->   Operation 223 'readreq' 'empty' <Predicate = true> <Delay = 7.30> <CoreInst = "m_axi">   --->   Core 111 'm_axi' <Latency = 6> <II = 1> <Delay = 1.00> <Adapter> <Opcode : 'read' 'write' 'readreq' 'writereq' 'writeresp'>

State 72 <SV = 71> <Delay = 7.30>
ST_72 : Operation 224 [1/71] (7.30ns)   --->   "%empty = readreq i1 @_ssdm_op_ReadReq.m_axi.p1i64, i64 %AXI_IN_addr, i64 1600" [src/conv3.cpp:28]   --->   Operation 224 'readreq' 'empty' <Predicate = true> <Delay = 7.30> <CoreInst = "m_axi">   --->   Core 111 'm_axi' <Latency = 6> <II = 1> <Delay = 1.00> <Adapter> <Opcode : 'read' 'write' 'readreq' 'writereq' 'writeresp'>

State 73 <SV = 72> <Delay = 0.00>
ST_73 : Operation 225 [2/2] (0.00ns)   --->   "%call_ln28 = call void @conv3_Pipeline_LOAD_IC_LOAD_IY, i64 %AXI_IN, i61 %trunc_ln, i32 %in_buf, i32 %in_buf_1, i32 %in_buf_2" [src/conv3.cpp:28]   --->   Operation 225 'call' 'call_ln28' <Predicate = true> <Delay = 0.00> <CoreType = "Generic">   --->   Generic Core

State 74 <SV = 73> <Delay = 7.30>
ST_74 : Operation 226 [1/2] (0.00ns)   --->   "%call_ln28 = call void @conv3_Pipeline_LOAD_IC_LOAD_IY, i64 %AXI_IN, i61 %trunc_ln, i32 %in_buf, i32 %in_buf_1, i32 %in_buf_2" [src/conv3.cpp:28]   --->   Operation 226 'call' 'call_ln28' <Predicate = true> <Delay = 0.00> <CoreType = "Generic">   --->   Generic Core
ST_74 : Operation 227 [1/1] (0.00ns)   --->   "%sext_ln43 = sext i58 %trunc_ln1" [src/conv3.cpp:43]   --->   Operation 227 'sext' 'sext_ln43' <Predicate = true> <Delay = 0.00>
ST_74 : Operation 228 [1/1] (0.00ns)   --->   "%AXI_OUT_addr = getelementptr i512 %AXI_OUT, i64 %sext_ln43" [src/conv3.cpp:43]   --->   Operation 228 'getelementptr' 'AXI_OUT_addr' <Predicate = true> <Delay = 0.00>
ST_74 : Operation 229 [1/1] (7.30ns)   --->   "%empty_31 = writereq i1 @_ssdm_op_WriteReq.m_axi.p1i512, i512 %AXI_OUT_addr, i64 256" [src/conv3.cpp:43]   --->   Operation 229 'writereq' 'empty_31' <Predicate = true> <Delay = 7.30> <CoreInst = "m_axi">   --->   Core 111 'm_axi' <Latency = 9> <II = 1> <Delay = 1.00> <Adapter> <Opcode : 'read' 'write' 'readreq' 'writereq' 'writeresp'>

State 75 <SV = 74> <Delay = 0.00>
ST_75 : Operation 230 [2/2] (0.00ns)   --->   "%call_ln43 = call void @conv3_Pipeline_CONV_OC_CONV_OY_CONV_OX_CONV_IC_CONV_KY_CONV_KX, i512 %AXI_OUT, i32 %in_buf, i32 %in_buf_1, i32 %in_buf_2, i58 %trunc_ln1, i32 %WEIGHTS3, i32 %BIASES3" [src/conv3.cpp:43]   --->   Operation 230 'call' 'call_ln43' <Predicate = true> <Delay = 0.00> <CoreType = "Generic">   --->   Generic Core

State 76 <SV = 75> <Delay = 0.00>
ST_76 : Operation 231 [1/2] (0.00ns)   --->   "%call_ln43 = call void @conv3_Pipeline_CONV_OC_CONV_OY_CONV_OX_CONV_IC_CONV_KY_CONV_KX, i512 %AXI_OUT, i32 %in_buf, i32 %in_buf_1, i32 %in_buf_2, i58 %trunc_ln1, i32 %WEIGHTS3, i32 %BIASES3" [src/conv3.cpp:43]   --->   Operation 231 'call' 'call_ln43' <Predicate = true> <Delay = 0.00> <CoreType = "Generic">   --->   Generic Core

State 77 <SV = 76> <Delay = 7.30>
ST_77 : Operation 232 [68/68] (7.30ns)   --->   "%empty_32 = writeresp i1 @_ssdm_op_WriteResp.m_axi.p1i512, i512 %AXI_OUT_addr" [src/conv3.cpp:66]   --->   Operation 232 'writeresp' 'empty_32' <Predicate = true> <Delay = 7.30> <CoreInst = "m_axi">   --->   Core 111 'm_axi' <Latency = 3> <II = 1> <Delay = 1.00> <Adapter> <Opcode : 'read' 'write' 'readreq' 'writereq' 'writeresp'>

State 78 <SV = 77> <Delay = 7.30>
ST_78 : Operation 233 [67/68] (7.30ns)   --->   "%empty_32 = writeresp i1 @_ssdm_op_WriteResp.m_axi.p1i512, i512 %AXI_OUT_addr" [src/conv3.cpp:66]   --->   Operation 233 'writeresp' 'empty_32' <Predicate = true> <Delay = 7.30> <CoreInst = "m_axi">   --->   Core 111 'm_axi' <Latency = 3> <II = 1> <Delay = 1.00> <Adapter> <Opcode : 'read' 'write' 'readreq' 'writereq' 'writeresp'>

State 79 <SV = 78> <Delay = 7.30>
ST_79 : Operation 234 [66/68] (7.30ns)   --->   "%empty_32 = writeresp i1 @_ssdm_op_WriteResp.m_axi.p1i512, i512 %AXI_OUT_addr" [src/conv3.cpp:66]   --->   Operation 234 'writeresp' 'empty_32' <Predicate = true> <Delay = 7.30> <CoreInst = "m_axi">   --->   Core 111 'm_axi' <Latency = 3> <II = 1> <Delay = 1.00> <Adapter> <Opcode : 'read' 'write' 'readreq' 'writereq' 'writeresp'>

State 80 <SV = 79> <Delay = 7.30>
ST_80 : Operation 235 [65/68] (7.30ns)   --->   "%empty_32 = writeresp i1 @_ssdm_op_WriteResp.m_axi.p1i512, i512 %AXI_OUT_addr" [src/conv3.cpp:66]   --->   Operation 235 'writeresp' 'empty_32' <Predicate = true> <Delay = 7.30> <CoreInst = "m_axi">   --->   Core 111 'm_axi' <Latency = 3> <II = 1> <Delay = 1.00> <Adapter> <Opcode : 'read' 'write' 'readreq' 'writereq' 'writeresp'>

State 81 <SV = 80> <Delay = 7.30>
ST_81 : Operation 236 [64/68] (7.30ns)   --->   "%empty_32 = writeresp i1 @_ssdm_op_WriteResp.m_axi.p1i512, i512 %AXI_OUT_addr" [src/conv3.cpp:66]   --->   Operation 236 'writeresp' 'empty_32' <Predicate = true> <Delay = 7.30> <CoreInst = "m_axi">   --->   Core 111 'm_axi' <Latency = 3> <II = 1> <Delay = 1.00> <Adapter> <Opcode : 'read' 'write' 'readreq' 'writereq' 'writeresp'>

State 82 <SV = 81> <Delay = 7.30>
ST_82 : Operation 237 [63/68] (7.30ns)   --->   "%empty_32 = writeresp i1 @_ssdm_op_WriteResp.m_axi.p1i512, i512 %AXI_OUT_addr" [src/conv3.cpp:66]   --->   Operation 237 'writeresp' 'empty_32' <Predicate = true> <Delay = 7.30> <CoreInst = "m_axi">   --->   Core 111 'm_axi' <Latency = 3> <II = 1> <Delay = 1.00> <Adapter> <Opcode : 'read' 'write' 'readreq' 'writereq' 'writeresp'>

State 83 <SV = 82> <Delay = 7.30>
ST_83 : Operation 238 [62/68] (7.30ns)   --->   "%empty_32 = writeresp i1 @_ssdm_op_WriteResp.m_axi.p1i512, i512 %AXI_OUT_addr" [src/conv3.cpp:66]   --->   Operation 238 'writeresp' 'empty_32' <Predicate = true> <Delay = 7.30> <CoreInst = "m_axi">   --->   Core 111 'm_axi' <Latency = 3> <II = 1> <Delay = 1.00> <Adapter> <Opcode : 'read' 'write' 'readreq' 'writereq' 'writeresp'>

State 84 <SV = 83> <Delay = 7.30>
ST_84 : Operation 239 [61/68] (7.30ns)   --->   "%empty_32 = writeresp i1 @_ssdm_op_WriteResp.m_axi.p1i512, i512 %AXI_OUT_addr" [src/conv3.cpp:66]   --->   Operation 239 'writeresp' 'empty_32' <Predicate = true> <Delay = 7.30> <CoreInst = "m_axi">   --->   Core 111 'm_axi' <Latency = 3> <II = 1> <Delay = 1.00> <Adapter> <Opcode : 'read' 'write' 'readreq' 'writereq' 'writeresp'>

State 85 <SV = 84> <Delay = 7.30>
ST_85 : Operation 240 [60/68] (7.30ns)   --->   "%empty_32 = writeresp i1 @_ssdm_op_WriteResp.m_axi.p1i512, i512 %AXI_OUT_addr" [src/conv3.cpp:66]   --->   Operation 240 'writeresp' 'empty_32' <Predicate = true> <Delay = 7.30> <CoreInst = "m_axi">   --->   Core 111 'm_axi' <Latency = 3> <II = 1> <Delay = 1.00> <Adapter> <Opcode : 'read' 'write' 'readreq' 'writereq' 'writeresp'>

State 86 <SV = 85> <Delay = 7.30>
ST_86 : Operation 241 [59/68] (7.30ns)   --->   "%empty_32 = writeresp i1 @_ssdm_op_WriteResp.m_axi.p1i512, i512 %AXI_OUT_addr" [src/conv3.cpp:66]   --->   Operation 241 'writeresp' 'empty_32' <Predicate = true> <Delay = 7.30> <CoreInst = "m_axi">   --->   Core 111 'm_axi' <Latency = 3> <II = 1> <Delay = 1.00> <Adapter> <Opcode : 'read' 'write' 'readreq' 'writereq' 'writeresp'>

State 87 <SV = 86> <Delay = 7.30>
ST_87 : Operation 242 [58/68] (7.30ns)   --->   "%empty_32 = writeresp i1 @_ssdm_op_WriteResp.m_axi.p1i512, i512 %AXI_OUT_addr" [src/conv3.cpp:66]   --->   Operation 242 'writeresp' 'empty_32' <Predicate = true> <Delay = 7.30> <CoreInst = "m_axi">   --->   Core 111 'm_axi' <Latency = 3> <II = 1> <Delay = 1.00> <Adapter> <Opcode : 'read' 'write' 'readreq' 'writereq' 'writeresp'>

State 88 <SV = 87> <Delay = 7.30>
ST_88 : Operation 243 [57/68] (7.30ns)   --->   "%empty_32 = writeresp i1 @_ssdm_op_WriteResp.m_axi.p1i512, i512 %AXI_OUT_addr" [src/conv3.cpp:66]   --->   Operation 243 'writeresp' 'empty_32' <Predicate = true> <Delay = 7.30> <CoreInst = "m_axi">   --->   Core 111 'm_axi' <Latency = 3> <II = 1> <Delay = 1.00> <Adapter> <Opcode : 'read' 'write' 'readreq' 'writereq' 'writeresp'>

State 89 <SV = 88> <Delay = 7.30>
ST_89 : Operation 244 [56/68] (7.30ns)   --->   "%empty_32 = writeresp i1 @_ssdm_op_WriteResp.m_axi.p1i512, i512 %AXI_OUT_addr" [src/conv3.cpp:66]   --->   Operation 244 'writeresp' 'empty_32' <Predicate = true> <Delay = 7.30> <CoreInst = "m_axi">   --->   Core 111 'm_axi' <Latency = 3> <II = 1> <Delay = 1.00> <Adapter> <Opcode : 'read' 'write' 'readreq' 'writereq' 'writeresp'>

State 90 <SV = 89> <Delay = 7.30>
ST_90 : Operation 245 [55/68] (7.30ns)   --->   "%empty_32 = writeresp i1 @_ssdm_op_WriteResp.m_axi.p1i512, i512 %AXI_OUT_addr" [src/conv3.cpp:66]   --->   Operation 245 'writeresp' 'empty_32' <Predicate = true> <Delay = 7.30> <CoreInst = "m_axi">   --->   Core 111 'm_axi' <Latency = 3> <II = 1> <Delay = 1.00> <Adapter> <Opcode : 'read' 'write' 'readreq' 'writereq' 'writeresp'>

State 91 <SV = 90> <Delay = 7.30>
ST_91 : Operation 246 [54/68] (7.30ns)   --->   "%empty_32 = writeresp i1 @_ssdm_op_WriteResp.m_axi.p1i512, i512 %AXI_OUT_addr" [src/conv3.cpp:66]   --->   Operation 246 'writeresp' 'empty_32' <Predicate = true> <Delay = 7.30> <CoreInst = "m_axi">   --->   Core 111 'm_axi' <Latency = 3> <II = 1> <Delay = 1.00> <Adapter> <Opcode : 'read' 'write' 'readreq' 'writereq' 'writeresp'>

State 92 <SV = 91> <Delay = 7.30>
ST_92 : Operation 247 [53/68] (7.30ns)   --->   "%empty_32 = writeresp i1 @_ssdm_op_WriteResp.m_axi.p1i512, i512 %AXI_OUT_addr" [src/conv3.cpp:66]   --->   Operation 247 'writeresp' 'empty_32' <Predicate = true> <Delay = 7.30> <CoreInst = "m_axi">   --->   Core 111 'm_axi' <Latency = 3> <II = 1> <Delay = 1.00> <Adapter> <Opcode : 'read' 'write' 'readreq' 'writereq' 'writeresp'>

State 93 <SV = 92> <Delay = 7.30>
ST_93 : Operation 248 [52/68] (7.30ns)   --->   "%empty_32 = writeresp i1 @_ssdm_op_WriteResp.m_axi.p1i512, i512 %AXI_OUT_addr" [src/conv3.cpp:66]   --->   Operation 248 'writeresp' 'empty_32' <Predicate = true> <Delay = 7.30> <CoreInst = "m_axi">   --->   Core 111 'm_axi' <Latency = 3> <II = 1> <Delay = 1.00> <Adapter> <Opcode : 'read' 'write' 'readreq' 'writereq' 'writeresp'>

State 94 <SV = 93> <Delay = 7.30>
ST_94 : Operation 249 [51/68] (7.30ns)   --->   "%empty_32 = writeresp i1 @_ssdm_op_WriteResp.m_axi.p1i512, i512 %AXI_OUT_addr" [src/conv3.cpp:66]   --->   Operation 249 'writeresp' 'empty_32' <Predicate = true> <Delay = 7.30> <CoreInst = "m_axi">   --->   Core 111 'm_axi' <Latency = 3> <II = 1> <Delay = 1.00> <Adapter> <Opcode : 'read' 'write' 'readreq' 'writereq' 'writeresp'>

State 95 <SV = 94> <Delay = 7.30>
ST_95 : Operation 250 [50/68] (7.30ns)   --->   "%empty_32 = writeresp i1 @_ssdm_op_WriteResp.m_axi.p1i512, i512 %AXI_OUT_addr" [src/conv3.cpp:66]   --->   Operation 250 'writeresp' 'empty_32' <Predicate = true> <Delay = 7.30> <CoreInst = "m_axi">   --->   Core 111 'm_axi' <Latency = 3> <II = 1> <Delay = 1.00> <Adapter> <Opcode : 'read' 'write' 'readreq' 'writereq' 'writeresp'>

State 96 <SV = 95> <Delay = 7.30>
ST_96 : Operation 251 [49/68] (7.30ns)   --->   "%empty_32 = writeresp i1 @_ssdm_op_WriteResp.m_axi.p1i512, i512 %AXI_OUT_addr" [src/conv3.cpp:66]   --->   Operation 251 'writeresp' 'empty_32' <Predicate = true> <Delay = 7.30> <CoreInst = "m_axi">   --->   Core 111 'm_axi' <Latency = 3> <II = 1> <Delay = 1.00> <Adapter> <Opcode : 'read' 'write' 'readreq' 'writereq' 'writeresp'>

State 97 <SV = 96> <Delay = 7.30>
ST_97 : Operation 252 [48/68] (7.30ns)   --->   "%empty_32 = writeresp i1 @_ssdm_op_WriteResp.m_axi.p1i512, i512 %AXI_OUT_addr" [src/conv3.cpp:66]   --->   Operation 252 'writeresp' 'empty_32' <Predicate = true> <Delay = 7.30> <CoreInst = "m_axi">   --->   Core 111 'm_axi' <Latency = 3> <II = 1> <Delay = 1.00> <Adapter> <Opcode : 'read' 'write' 'readreq' 'writereq' 'writeresp'>

State 98 <SV = 97> <Delay = 7.30>
ST_98 : Operation 253 [47/68] (7.30ns)   --->   "%empty_32 = writeresp i1 @_ssdm_op_WriteResp.m_axi.p1i512, i512 %AXI_OUT_addr" [src/conv3.cpp:66]   --->   Operation 253 'writeresp' 'empty_32' <Predicate = true> <Delay = 7.30> <CoreInst = "m_axi">   --->   Core 111 'm_axi' <Latency = 3> <II = 1> <Delay = 1.00> <Adapter> <Opcode : 'read' 'write' 'readreq' 'writereq' 'writeresp'>

State 99 <SV = 98> <Delay = 7.30>
ST_99 : Operation 254 [46/68] (7.30ns)   --->   "%empty_32 = writeresp i1 @_ssdm_op_WriteResp.m_axi.p1i512, i512 %AXI_OUT_addr" [src/conv3.cpp:66]   --->   Operation 254 'writeresp' 'empty_32' <Predicate = true> <Delay = 7.30> <CoreInst = "m_axi">   --->   Core 111 'm_axi' <Latency = 3> <II = 1> <Delay = 1.00> <Adapter> <Opcode : 'read' 'write' 'readreq' 'writereq' 'writeresp'>

State 100 <SV = 99> <Delay = 7.30>
ST_100 : Operation 255 [45/68] (7.30ns)   --->   "%empty_32 = writeresp i1 @_ssdm_op_WriteResp.m_axi.p1i512, i512 %AXI_OUT_addr" [src/conv3.cpp:66]   --->   Operation 255 'writeresp' 'empty_32' <Predicate = true> <Delay = 7.30> <CoreInst = "m_axi">   --->   Core 111 'm_axi' <Latency = 3> <II = 1> <Delay = 1.00> <Adapter> <Opcode : 'read' 'write' 'readreq' 'writereq' 'writeresp'>

State 101 <SV = 100> <Delay = 7.30>
ST_101 : Operation 256 [44/68] (7.30ns)   --->   "%empty_32 = writeresp i1 @_ssdm_op_WriteResp.m_axi.p1i512, i512 %AXI_OUT_addr" [src/conv3.cpp:66]   --->   Operation 256 'writeresp' 'empty_32' <Predicate = true> <Delay = 7.30> <CoreInst = "m_axi">   --->   Core 111 'm_axi' <Latency = 3> <II = 1> <Delay = 1.00> <Adapter> <Opcode : 'read' 'write' 'readreq' 'writereq' 'writeresp'>

State 102 <SV = 101> <Delay = 7.30>
ST_102 : Operation 257 [43/68] (7.30ns)   --->   "%empty_32 = writeresp i1 @_ssdm_op_WriteResp.m_axi.p1i512, i512 %AXI_OUT_addr" [src/conv3.cpp:66]   --->   Operation 257 'writeresp' 'empty_32' <Predicate = true> <Delay = 7.30> <CoreInst = "m_axi">   --->   Core 111 'm_axi' <Latency = 3> <II = 1> <Delay = 1.00> <Adapter> <Opcode : 'read' 'write' 'readreq' 'writereq' 'writeresp'>

State 103 <SV = 102> <Delay = 7.30>
ST_103 : Operation 258 [42/68] (7.30ns)   --->   "%empty_32 = writeresp i1 @_ssdm_op_WriteResp.m_axi.p1i512, i512 %AXI_OUT_addr" [src/conv3.cpp:66]   --->   Operation 258 'writeresp' 'empty_32' <Predicate = true> <Delay = 7.30> <CoreInst = "m_axi">   --->   Core 111 'm_axi' <Latency = 3> <II = 1> <Delay = 1.00> <Adapter> <Opcode : 'read' 'write' 'readreq' 'writereq' 'writeresp'>

State 104 <SV = 103> <Delay = 7.30>
ST_104 : Operation 259 [41/68] (7.30ns)   --->   "%empty_32 = writeresp i1 @_ssdm_op_WriteResp.m_axi.p1i512, i512 %AXI_OUT_addr" [src/conv3.cpp:66]   --->   Operation 259 'writeresp' 'empty_32' <Predicate = true> <Delay = 7.30> <CoreInst = "m_axi">   --->   Core 111 'm_axi' <Latency = 3> <II = 1> <Delay = 1.00> <Adapter> <Opcode : 'read' 'write' 'readreq' 'writereq' 'writeresp'>

State 105 <SV = 104> <Delay = 7.30>
ST_105 : Operation 260 [40/68] (7.30ns)   --->   "%empty_32 = writeresp i1 @_ssdm_op_WriteResp.m_axi.p1i512, i512 %AXI_OUT_addr" [src/conv3.cpp:66]   --->   Operation 260 'writeresp' 'empty_32' <Predicate = true> <Delay = 7.30> <CoreInst = "m_axi">   --->   Core 111 'm_axi' <Latency = 3> <II = 1> <Delay = 1.00> <Adapter> <Opcode : 'read' 'write' 'readreq' 'writereq' 'writeresp'>

State 106 <SV = 105> <Delay = 7.30>
ST_106 : Operation 261 [39/68] (7.30ns)   --->   "%empty_32 = writeresp i1 @_ssdm_op_WriteResp.m_axi.p1i512, i512 %AXI_OUT_addr" [src/conv3.cpp:66]   --->   Operation 261 'writeresp' 'empty_32' <Predicate = true> <Delay = 7.30> <CoreInst = "m_axi">   --->   Core 111 'm_axi' <Latency = 3> <II = 1> <Delay = 1.00> <Adapter> <Opcode : 'read' 'write' 'readreq' 'writereq' 'writeresp'>

State 107 <SV = 106> <Delay = 7.30>
ST_107 : Operation 262 [38/68] (7.30ns)   --->   "%empty_32 = writeresp i1 @_ssdm_op_WriteResp.m_axi.p1i512, i512 %AXI_OUT_addr" [src/conv3.cpp:66]   --->   Operation 262 'writeresp' 'empty_32' <Predicate = true> <Delay = 7.30> <CoreInst = "m_axi">   --->   Core 111 'm_axi' <Latency = 3> <II = 1> <Delay = 1.00> <Adapter> <Opcode : 'read' 'write' 'readreq' 'writereq' 'writeresp'>

State 108 <SV = 107> <Delay = 7.30>
ST_108 : Operation 263 [37/68] (7.30ns)   --->   "%empty_32 = writeresp i1 @_ssdm_op_WriteResp.m_axi.p1i512, i512 %AXI_OUT_addr" [src/conv3.cpp:66]   --->   Operation 263 'writeresp' 'empty_32' <Predicate = true> <Delay = 7.30> <CoreInst = "m_axi">   --->   Core 111 'm_axi' <Latency = 3> <II = 1> <Delay = 1.00> <Adapter> <Opcode : 'read' 'write' 'readreq' 'writereq' 'writeresp'>

State 109 <SV = 108> <Delay = 7.30>
ST_109 : Operation 264 [36/68] (7.30ns)   --->   "%empty_32 = writeresp i1 @_ssdm_op_WriteResp.m_axi.p1i512, i512 %AXI_OUT_addr" [src/conv3.cpp:66]   --->   Operation 264 'writeresp' 'empty_32' <Predicate = true> <Delay = 7.30> <CoreInst = "m_axi">   --->   Core 111 'm_axi' <Latency = 3> <II = 1> <Delay = 1.00> <Adapter> <Opcode : 'read' 'write' 'readreq' 'writereq' 'writeresp'>

State 110 <SV = 109> <Delay = 7.30>
ST_110 : Operation 265 [35/68] (7.30ns)   --->   "%empty_32 = writeresp i1 @_ssdm_op_WriteResp.m_axi.p1i512, i512 %AXI_OUT_addr" [src/conv3.cpp:66]   --->   Operation 265 'writeresp' 'empty_32' <Predicate = true> <Delay = 7.30> <CoreInst = "m_axi">   --->   Core 111 'm_axi' <Latency = 3> <II = 1> <Delay = 1.00> <Adapter> <Opcode : 'read' 'write' 'readreq' 'writereq' 'writeresp'>

State 111 <SV = 110> <Delay = 7.30>
ST_111 : Operation 266 [34/68] (7.30ns)   --->   "%empty_32 = writeresp i1 @_ssdm_op_WriteResp.m_axi.p1i512, i512 %AXI_OUT_addr" [src/conv3.cpp:66]   --->   Operation 266 'writeresp' 'empty_32' <Predicate = true> <Delay = 7.30> <CoreInst = "m_axi">   --->   Core 111 'm_axi' <Latency = 3> <II = 1> <Delay = 1.00> <Adapter> <Opcode : 'read' 'write' 'readreq' 'writereq' 'writeresp'>

State 112 <SV = 111> <Delay = 7.30>
ST_112 : Operation 267 [33/68] (7.30ns)   --->   "%empty_32 = writeresp i1 @_ssdm_op_WriteResp.m_axi.p1i512, i512 %AXI_OUT_addr" [src/conv3.cpp:66]   --->   Operation 267 'writeresp' 'empty_32' <Predicate = true> <Delay = 7.30> <CoreInst = "m_axi">   --->   Core 111 'm_axi' <Latency = 3> <II = 1> <Delay = 1.00> <Adapter> <Opcode : 'read' 'write' 'readreq' 'writereq' 'writeresp'>

State 113 <SV = 112> <Delay = 7.30>
ST_113 : Operation 268 [32/68] (7.30ns)   --->   "%empty_32 = writeresp i1 @_ssdm_op_WriteResp.m_axi.p1i512, i512 %AXI_OUT_addr" [src/conv3.cpp:66]   --->   Operation 268 'writeresp' 'empty_32' <Predicate = true> <Delay = 7.30> <CoreInst = "m_axi">   --->   Core 111 'm_axi' <Latency = 3> <II = 1> <Delay = 1.00> <Adapter> <Opcode : 'read' 'write' 'readreq' 'writereq' 'writeresp'>

State 114 <SV = 113> <Delay = 7.30>
ST_114 : Operation 269 [31/68] (7.30ns)   --->   "%empty_32 = writeresp i1 @_ssdm_op_WriteResp.m_axi.p1i512, i512 %AXI_OUT_addr" [src/conv3.cpp:66]   --->   Operation 269 'writeresp' 'empty_32' <Predicate = true> <Delay = 7.30> <CoreInst = "m_axi">   --->   Core 111 'm_axi' <Latency = 3> <II = 1> <Delay = 1.00> <Adapter> <Opcode : 'read' 'write' 'readreq' 'writereq' 'writeresp'>

State 115 <SV = 114> <Delay = 7.30>
ST_115 : Operation 270 [30/68] (7.30ns)   --->   "%empty_32 = writeresp i1 @_ssdm_op_WriteResp.m_axi.p1i512, i512 %AXI_OUT_addr" [src/conv3.cpp:66]   --->   Operation 270 'writeresp' 'empty_32' <Predicate = true> <Delay = 7.30> <CoreInst = "m_axi">   --->   Core 111 'm_axi' <Latency = 3> <II = 1> <Delay = 1.00> <Adapter> <Opcode : 'read' 'write' 'readreq' 'writereq' 'writeresp'>

State 116 <SV = 115> <Delay = 7.30>
ST_116 : Operation 271 [29/68] (7.30ns)   --->   "%empty_32 = writeresp i1 @_ssdm_op_WriteResp.m_axi.p1i512, i512 %AXI_OUT_addr" [src/conv3.cpp:66]   --->   Operation 271 'writeresp' 'empty_32' <Predicate = true> <Delay = 7.30> <CoreInst = "m_axi">   --->   Core 111 'm_axi' <Latency = 3> <II = 1> <Delay = 1.00> <Adapter> <Opcode : 'read' 'write' 'readreq' 'writereq' 'writeresp'>

State 117 <SV = 116> <Delay = 7.30>
ST_117 : Operation 272 [28/68] (7.30ns)   --->   "%empty_32 = writeresp i1 @_ssdm_op_WriteResp.m_axi.p1i512, i512 %AXI_OUT_addr" [src/conv3.cpp:66]   --->   Operation 272 'writeresp' 'empty_32' <Predicate = true> <Delay = 7.30> <CoreInst = "m_axi">   --->   Core 111 'm_axi' <Latency = 3> <II = 1> <Delay = 1.00> <Adapter> <Opcode : 'read' 'write' 'readreq' 'writereq' 'writeresp'>

State 118 <SV = 117> <Delay = 7.30>
ST_118 : Operation 273 [27/68] (7.30ns)   --->   "%empty_32 = writeresp i1 @_ssdm_op_WriteResp.m_axi.p1i512, i512 %AXI_OUT_addr" [src/conv3.cpp:66]   --->   Operation 273 'writeresp' 'empty_32' <Predicate = true> <Delay = 7.30> <CoreInst = "m_axi">   --->   Core 111 'm_axi' <Latency = 3> <II = 1> <Delay = 1.00> <Adapter> <Opcode : 'read' 'write' 'readreq' 'writereq' 'writeresp'>

State 119 <SV = 118> <Delay = 7.30>
ST_119 : Operation 274 [26/68] (7.30ns)   --->   "%empty_32 = writeresp i1 @_ssdm_op_WriteResp.m_axi.p1i512, i512 %AXI_OUT_addr" [src/conv3.cpp:66]   --->   Operation 274 'writeresp' 'empty_32' <Predicate = true> <Delay = 7.30> <CoreInst = "m_axi">   --->   Core 111 'm_axi' <Latency = 3> <II = 1> <Delay = 1.00> <Adapter> <Opcode : 'read' 'write' 'readreq' 'writereq' 'writeresp'>

State 120 <SV = 119> <Delay = 7.30>
ST_120 : Operation 275 [25/68] (7.30ns)   --->   "%empty_32 = writeresp i1 @_ssdm_op_WriteResp.m_axi.p1i512, i512 %AXI_OUT_addr" [src/conv3.cpp:66]   --->   Operation 275 'writeresp' 'empty_32' <Predicate = true> <Delay = 7.30> <CoreInst = "m_axi">   --->   Core 111 'm_axi' <Latency = 3> <II = 1> <Delay = 1.00> <Adapter> <Opcode : 'read' 'write' 'readreq' 'writereq' 'writeresp'>

State 121 <SV = 120> <Delay = 7.30>
ST_121 : Operation 276 [24/68] (7.30ns)   --->   "%empty_32 = writeresp i1 @_ssdm_op_WriteResp.m_axi.p1i512, i512 %AXI_OUT_addr" [src/conv3.cpp:66]   --->   Operation 276 'writeresp' 'empty_32' <Predicate = true> <Delay = 7.30> <CoreInst = "m_axi">   --->   Core 111 'm_axi' <Latency = 3> <II = 1> <Delay = 1.00> <Adapter> <Opcode : 'read' 'write' 'readreq' 'writereq' 'writeresp'>

State 122 <SV = 121> <Delay = 7.30>
ST_122 : Operation 277 [23/68] (7.30ns)   --->   "%empty_32 = writeresp i1 @_ssdm_op_WriteResp.m_axi.p1i512, i512 %AXI_OUT_addr" [src/conv3.cpp:66]   --->   Operation 277 'writeresp' 'empty_32' <Predicate = true> <Delay = 7.30> <CoreInst = "m_axi">   --->   Core 111 'm_axi' <Latency = 3> <II = 1> <Delay = 1.00> <Adapter> <Opcode : 'read' 'write' 'readreq' 'writereq' 'writeresp'>

State 123 <SV = 122> <Delay = 7.30>
ST_123 : Operation 278 [22/68] (7.30ns)   --->   "%empty_32 = writeresp i1 @_ssdm_op_WriteResp.m_axi.p1i512, i512 %AXI_OUT_addr" [src/conv3.cpp:66]   --->   Operation 278 'writeresp' 'empty_32' <Predicate = true> <Delay = 7.30> <CoreInst = "m_axi">   --->   Core 111 'm_axi' <Latency = 3> <II = 1> <Delay = 1.00> <Adapter> <Opcode : 'read' 'write' 'readreq' 'writereq' 'writeresp'>

State 124 <SV = 123> <Delay = 7.30>
ST_124 : Operation 279 [21/68] (7.30ns)   --->   "%empty_32 = writeresp i1 @_ssdm_op_WriteResp.m_axi.p1i512, i512 %AXI_OUT_addr" [src/conv3.cpp:66]   --->   Operation 279 'writeresp' 'empty_32' <Predicate = true> <Delay = 7.30> <CoreInst = "m_axi">   --->   Core 111 'm_axi' <Latency = 3> <II = 1> <Delay = 1.00> <Adapter> <Opcode : 'read' 'write' 'readreq' 'writereq' 'writeresp'>

State 125 <SV = 124> <Delay = 7.30>
ST_125 : Operation 280 [20/68] (7.30ns)   --->   "%empty_32 = writeresp i1 @_ssdm_op_WriteResp.m_axi.p1i512, i512 %AXI_OUT_addr" [src/conv3.cpp:66]   --->   Operation 280 'writeresp' 'empty_32' <Predicate = true> <Delay = 7.30> <CoreInst = "m_axi">   --->   Core 111 'm_axi' <Latency = 3> <II = 1> <Delay = 1.00> <Adapter> <Opcode : 'read' 'write' 'readreq' 'writereq' 'writeresp'>

State 126 <SV = 125> <Delay = 7.30>
ST_126 : Operation 281 [19/68] (7.30ns)   --->   "%empty_32 = writeresp i1 @_ssdm_op_WriteResp.m_axi.p1i512, i512 %AXI_OUT_addr" [src/conv3.cpp:66]   --->   Operation 281 'writeresp' 'empty_32' <Predicate = true> <Delay = 7.30> <CoreInst = "m_axi">   --->   Core 111 'm_axi' <Latency = 3> <II = 1> <Delay = 1.00> <Adapter> <Opcode : 'read' 'write' 'readreq' 'writereq' 'writeresp'>

State 127 <SV = 126> <Delay = 7.30>
ST_127 : Operation 282 [18/68] (7.30ns)   --->   "%empty_32 = writeresp i1 @_ssdm_op_WriteResp.m_axi.p1i512, i512 %AXI_OUT_addr" [src/conv3.cpp:66]   --->   Operation 282 'writeresp' 'empty_32' <Predicate = true> <Delay = 7.30> <CoreInst = "m_axi">   --->   Core 111 'm_axi' <Latency = 3> <II = 1> <Delay = 1.00> <Adapter> <Opcode : 'read' 'write' 'readreq' 'writereq' 'writeresp'>

State 128 <SV = 127> <Delay = 7.30>
ST_128 : Operation 283 [17/68] (7.30ns)   --->   "%empty_32 = writeresp i1 @_ssdm_op_WriteResp.m_axi.p1i512, i512 %AXI_OUT_addr" [src/conv3.cpp:66]   --->   Operation 283 'writeresp' 'empty_32' <Predicate = true> <Delay = 7.30> <CoreInst = "m_axi">   --->   Core 111 'm_axi' <Latency = 3> <II = 1> <Delay = 1.00> <Adapter> <Opcode : 'read' 'write' 'readreq' 'writereq' 'writeresp'>

State 129 <SV = 128> <Delay = 7.30>
ST_129 : Operation 284 [16/68] (7.30ns)   --->   "%empty_32 = writeresp i1 @_ssdm_op_WriteResp.m_axi.p1i512, i512 %AXI_OUT_addr" [src/conv3.cpp:66]   --->   Operation 284 'writeresp' 'empty_32' <Predicate = true> <Delay = 7.30> <CoreInst = "m_axi">   --->   Core 111 'm_axi' <Latency = 3> <II = 1> <Delay = 1.00> <Adapter> <Opcode : 'read' 'write' 'readreq' 'writereq' 'writeresp'>

State 130 <SV = 129> <Delay = 7.30>
ST_130 : Operation 285 [15/68] (7.30ns)   --->   "%empty_32 = writeresp i1 @_ssdm_op_WriteResp.m_axi.p1i512, i512 %AXI_OUT_addr" [src/conv3.cpp:66]   --->   Operation 285 'writeresp' 'empty_32' <Predicate = true> <Delay = 7.30> <CoreInst = "m_axi">   --->   Core 111 'm_axi' <Latency = 3> <II = 1> <Delay = 1.00> <Adapter> <Opcode : 'read' 'write' 'readreq' 'writereq' 'writeresp'>

State 131 <SV = 130> <Delay = 7.30>
ST_131 : Operation 286 [14/68] (7.30ns)   --->   "%empty_32 = writeresp i1 @_ssdm_op_WriteResp.m_axi.p1i512, i512 %AXI_OUT_addr" [src/conv3.cpp:66]   --->   Operation 286 'writeresp' 'empty_32' <Predicate = true> <Delay = 7.30> <CoreInst = "m_axi">   --->   Core 111 'm_axi' <Latency = 3> <II = 1> <Delay = 1.00> <Adapter> <Opcode : 'read' 'write' 'readreq' 'writereq' 'writeresp'>

State 132 <SV = 131> <Delay = 7.30>
ST_132 : Operation 287 [13/68] (7.30ns)   --->   "%empty_32 = writeresp i1 @_ssdm_op_WriteResp.m_axi.p1i512, i512 %AXI_OUT_addr" [src/conv3.cpp:66]   --->   Operation 287 'writeresp' 'empty_32' <Predicate = true> <Delay = 7.30> <CoreInst = "m_axi">   --->   Core 111 'm_axi' <Latency = 3> <II = 1> <Delay = 1.00> <Adapter> <Opcode : 'read' 'write' 'readreq' 'writereq' 'writeresp'>

State 133 <SV = 132> <Delay = 7.30>
ST_133 : Operation 288 [12/68] (7.30ns)   --->   "%empty_32 = writeresp i1 @_ssdm_op_WriteResp.m_axi.p1i512, i512 %AXI_OUT_addr" [src/conv3.cpp:66]   --->   Operation 288 'writeresp' 'empty_32' <Predicate = true> <Delay = 7.30> <CoreInst = "m_axi">   --->   Core 111 'm_axi' <Latency = 3> <II = 1> <Delay = 1.00> <Adapter> <Opcode : 'read' 'write' 'readreq' 'writereq' 'writeresp'>

State 134 <SV = 133> <Delay = 7.30>
ST_134 : Operation 289 [11/68] (7.30ns)   --->   "%empty_32 = writeresp i1 @_ssdm_op_WriteResp.m_axi.p1i512, i512 %AXI_OUT_addr" [src/conv3.cpp:66]   --->   Operation 289 'writeresp' 'empty_32' <Predicate = true> <Delay = 7.30> <CoreInst = "m_axi">   --->   Core 111 'm_axi' <Latency = 3> <II = 1> <Delay = 1.00> <Adapter> <Opcode : 'read' 'write' 'readreq' 'writereq' 'writeresp'>

State 135 <SV = 134> <Delay = 7.30>
ST_135 : Operation 290 [10/68] (7.30ns)   --->   "%empty_32 = writeresp i1 @_ssdm_op_WriteResp.m_axi.p1i512, i512 %AXI_OUT_addr" [src/conv3.cpp:66]   --->   Operation 290 'writeresp' 'empty_32' <Predicate = true> <Delay = 7.30> <CoreInst = "m_axi">   --->   Core 111 'm_axi' <Latency = 3> <II = 1> <Delay = 1.00> <Adapter> <Opcode : 'read' 'write' 'readreq' 'writereq' 'writeresp'>

State 136 <SV = 135> <Delay = 7.30>
ST_136 : Operation 291 [9/68] (7.30ns)   --->   "%empty_32 = writeresp i1 @_ssdm_op_WriteResp.m_axi.p1i512, i512 %AXI_OUT_addr" [src/conv3.cpp:66]   --->   Operation 291 'writeresp' 'empty_32' <Predicate = true> <Delay = 7.30> <CoreInst = "m_axi">   --->   Core 111 'm_axi' <Latency = 3> <II = 1> <Delay = 1.00> <Adapter> <Opcode : 'read' 'write' 'readreq' 'writereq' 'writeresp'>

State 137 <SV = 136> <Delay = 7.30>
ST_137 : Operation 292 [8/68] (7.30ns)   --->   "%empty_32 = writeresp i1 @_ssdm_op_WriteResp.m_axi.p1i512, i512 %AXI_OUT_addr" [src/conv3.cpp:66]   --->   Operation 292 'writeresp' 'empty_32' <Predicate = true> <Delay = 7.30> <CoreInst = "m_axi">   --->   Core 111 'm_axi' <Latency = 3> <II = 1> <Delay = 1.00> <Adapter> <Opcode : 'read' 'write' 'readreq' 'writereq' 'writeresp'>

State 138 <SV = 137> <Delay = 7.30>
ST_138 : Operation 293 [7/68] (7.30ns)   --->   "%empty_32 = writeresp i1 @_ssdm_op_WriteResp.m_axi.p1i512, i512 %AXI_OUT_addr" [src/conv3.cpp:66]   --->   Operation 293 'writeresp' 'empty_32' <Predicate = true> <Delay = 7.30> <CoreInst = "m_axi">   --->   Core 111 'm_axi' <Latency = 3> <II = 1> <Delay = 1.00> <Adapter> <Opcode : 'read' 'write' 'readreq' 'writereq' 'writeresp'>

State 139 <SV = 138> <Delay = 7.30>
ST_139 : Operation 294 [6/68] (7.30ns)   --->   "%empty_32 = writeresp i1 @_ssdm_op_WriteResp.m_axi.p1i512, i512 %AXI_OUT_addr" [src/conv3.cpp:66]   --->   Operation 294 'writeresp' 'empty_32' <Predicate = true> <Delay = 7.30> <CoreInst = "m_axi">   --->   Core 111 'm_axi' <Latency = 3> <II = 1> <Delay = 1.00> <Adapter> <Opcode : 'read' 'write' 'readreq' 'writereq' 'writeresp'>

State 140 <SV = 139> <Delay = 7.30>
ST_140 : Operation 295 [5/68] (7.30ns)   --->   "%empty_32 = writeresp i1 @_ssdm_op_WriteResp.m_axi.p1i512, i512 %AXI_OUT_addr" [src/conv3.cpp:66]   --->   Operation 295 'writeresp' 'empty_32' <Predicate = true> <Delay = 7.30> <CoreInst = "m_axi">   --->   Core 111 'm_axi' <Latency = 3> <II = 1> <Delay = 1.00> <Adapter> <Opcode : 'read' 'write' 'readreq' 'writereq' 'writeresp'>

State 141 <SV = 140> <Delay = 7.30>
ST_141 : Operation 296 [4/68] (7.30ns)   --->   "%empty_32 = writeresp i1 @_ssdm_op_WriteResp.m_axi.p1i512, i512 %AXI_OUT_addr" [src/conv3.cpp:66]   --->   Operation 296 'writeresp' 'empty_32' <Predicate = true> <Delay = 7.30> <CoreInst = "m_axi">   --->   Core 111 'm_axi' <Latency = 3> <II = 1> <Delay = 1.00> <Adapter> <Opcode : 'read' 'write' 'readreq' 'writereq' 'writeresp'>

State 142 <SV = 141> <Delay = 7.30>
ST_142 : Operation 297 [3/68] (7.30ns)   --->   "%empty_32 = writeresp i1 @_ssdm_op_WriteResp.m_axi.p1i512, i512 %AXI_OUT_addr" [src/conv3.cpp:66]   --->   Operation 297 'writeresp' 'empty_32' <Predicate = true> <Delay = 7.30> <CoreInst = "m_axi">   --->   Core 111 'm_axi' <Latency = 3> <II = 1> <Delay = 1.00> <Adapter> <Opcode : 'read' 'write' 'readreq' 'writereq' 'writeresp'>

State 143 <SV = 142> <Delay = 7.30>
ST_143 : Operation 298 [2/68] (7.30ns)   --->   "%empty_32 = writeresp i1 @_ssdm_op_WriteResp.m_axi.p1i512, i512 %AXI_OUT_addr" [src/conv3.cpp:66]   --->   Operation 298 'writeresp' 'empty_32' <Predicate = true> <Delay = 7.30> <CoreInst = "m_axi">   --->   Core 111 'm_axi' <Latency = 3> <II = 1> <Delay = 1.00> <Adapter> <Opcode : 'read' 'write' 'readreq' 'writereq' 'writeresp'>

State 144 <SV = 143> <Delay = 7.30>
ST_144 : Operation 299 [1/1] (0.00ns)   --->   "%spectopmodule_ln15 = spectopmodule void @_ssdm_op_SpecTopModule, void @empty_4" [src/conv3.cpp:15]   --->   Operation 299 'spectopmodule' 'spectopmodule_ln15' <Predicate = true> <Delay = 0.00>
ST_144 : Operation 300 [1/1] (0.00ns)   --->   "%specinterface_ln15 = specinterface void @_ssdm_op_SpecInterface, i32 0, void @empty_6, i32 0, i32 0, void @empty, i32 0, i32 0, void @empty, void @empty, void @empty, i32 0, i32 0, i32 0, i32 0, void @empty, void @empty, i32 4294967295, i32 0, i32 0" [src/conv3.cpp:15]   --->   Operation 300 'specinterface' 'specinterface_ln15' <Predicate = true> <Delay = 0.00>
ST_144 : Operation 301 [1/1] (0.00ns)   --->   "%specinterface_ln0 = specinterface void @_ssdm_op_SpecInterface, i64 %AXI_IN, void @empty_8, i32 0, i32 0, void @empty, i32 64, i32 1600, void @empty_0, void @empty_1, void @empty, i32 16, i32 16, i32 16, i32 16, void @empty, void @empty, i32 4294967295, i32 0, i32 0"   --->   Operation 301 'specinterface' 'specinterface_ln0' <Predicate = true> <Delay = 0.00>
ST_144 : Operation 302 [1/1] (0.00ns)   --->   "%specbitsmap_ln0 = specbitsmap void @_ssdm_op_SpecBitsMap, i64 %AXI_IN"   --->   Operation 302 'specbitsmap' 'specbitsmap_ln0' <Predicate = true> <Delay = 0.00>
ST_144 : Operation 303 [1/1] (0.00ns)   --->   "%specinterface_ln0 = specinterface void @_ssdm_op_SpecInterface, i512 %AXI_OUT, void @empty_8, i32 0, i32 0, void @empty, i32 64, i32 256, void @empty_2, void @empty_1, void @empty, i32 16, i32 16, i32 16, i32 16, void @empty, void @empty, i32 4294967295, i32 0, i32 0"   --->   Operation 303 'specinterface' 'specinterface_ln0' <Predicate = true> <Delay = 0.00>
ST_144 : Operation 304 [1/1] (0.00ns)   --->   "%specbitsmap_ln0 = specbitsmap void @_ssdm_op_SpecBitsMap, i512 %AXI_OUT"   --->   Operation 304 'specbitsmap' 'specbitsmap_ln0' <Predicate = true> <Delay = 0.00>
ST_144 : Operation 305 [1/1] (0.00ns)   --->   "%specinterface_ln0 = specinterface void @_ssdm_op_SpecInterface, i64 %in_r, void @empty_9, i32 0, i32 0, void @empty, i32 0, i32 0, void @empty_10, void @empty_11, void @empty, i32 0, i32 0, i32 0, i32 0, void @empty, void @empty_7, i32 4294967295, i32 0, i32 0"   --->   Operation 305 'specinterface' 'specinterface_ln0' <Predicate = true> <Delay = 0.00>
ST_144 : Operation 306 [1/1] (0.00ns)   --->   "%specinterface_ln0 = specinterface void @_ssdm_op_SpecInterface, i64 %in_r, void @empty_5, i32 0, i32 0, void @empty, i32 0, i32 0, void @empty, void @empty, void @empty, i32 0, i32 0, i32 0, i32 0, void @empty, void @empty_7, i32 4294967295, i32 0, i32 0"   --->   Operation 306 'specinterface' 'specinterface_ln0' <Predicate = true> <Delay = 0.00>
ST_144 : Operation 307 [1/1] (0.00ns)   --->   "%specinterface_ln0 = specinterface void @_ssdm_op_SpecInterface, i64 %out_r, void @empty_9, i32 0, i32 0, void @empty, i32 0, i32 0, void @empty_10, void @empty_3, void @empty, i32 0, i32 0, i32 0, i32 0, void @empty, void @empty_7, i32 4294967295, i32 0, i32 0"   --->   Operation 307 'specinterface' 'specinterface_ln0' <Predicate = true> <Delay = 0.00>
ST_144 : Operation 308 [1/1] (0.00ns)   --->   "%specinterface_ln0 = specinterface void @_ssdm_op_SpecInterface, i64 %out_r, void @empty_5, i32 0, i32 0, void @empty, i32 0, i32 0, void @empty, void @empty, void @empty, i32 0, i32 0, i32 0, i32 0, void @empty, void @empty_7, i32 4294967295, i32 0, i32 0"   --->   Operation 308 'specinterface' 'specinterface_ln0' <Predicate = true> <Delay = 0.00>
ST_144 : Operation 309 [1/1] (0.00ns)   --->   "%specinterface_ln0 = specinterface void @_ssdm_op_SpecInterface, i32 0, void @empty_9, i32 0, i32 0, void @empty, i32 0, i32 0, void @empty_10, void @empty, void @empty, i32 0, i32 0, i32 0, i32 0, void @empty, void @empty, i32 4294967295, i32 0, i32 0"   --->   Operation 309 'specinterface' 'specinterface_ln0' <Predicate = true> <Delay = 0.00>
ST_144 : Operation 310 [1/68] (7.30ns)   --->   "%empty_32 = writeresp i1 @_ssdm_op_WriteResp.m_axi.p1i512, i512 %AXI_OUT_addr" [src/conv3.cpp:66]   --->   Operation 310 'writeresp' 'empty_32' <Predicate = true> <Delay = 7.30> <CoreInst = "m_axi">   --->   Core 111 'm_axi' <Latency = 3> <II = 1> <Delay = 1.00> <Adapter> <Opcode : 'read' 'write' 'readreq' 'writereq' 'writeresp'>
ST_144 : Operation 311 [1/1] (0.00ns)   --->   "%ret_ln66 = ret" [src/conv3.cpp:66]   --->   Operation 311 'ret' 'ret_ln66' <Predicate = true> <Delay = 0.00>


============================================================
+ Verbose Summary: Timing violations
============================================================
Target clock period: 10.000ns, clock uncertainty: 2.700ns.

 <State 1>: 1.000ns
The critical path consists of the following:
	s_axi read operation ('out_r_read') on port 'out_r' [18]  (1.000 ns)

 <State 2>: 7.300ns
The critical path consists of the following:
	'getelementptr' operation 64 bit ('AXI_IN_addr', src/conv3.cpp:28) [25]  (0.000 ns)
	bus request operation ('empty', src/conv3.cpp:28) on port 'AXI_IN' (src/conv3.cpp:28) [26]  (7.300 ns)

 <State 3>: 7.300ns
The critical path consists of the following:
	bus request operation ('empty', src/conv3.cpp:28) on port 'AXI_IN' (src/conv3.cpp:28) [26]  (7.300 ns)

 <State 4>: 7.300ns
The critical path consists of the following:
	bus request operation ('empty', src/conv3.cpp:28) on port 'AXI_IN' (src/conv3.cpp:28) [26]  (7.300 ns)

 <State 5>: 7.300ns
The critical path consists of the following:
	bus request operation ('empty', src/conv3.cpp:28) on port 'AXI_IN' (src/conv3.cpp:28) [26]  (7.300 ns)

 <State 6>: 7.300ns
The critical path consists of the following:
	bus request operation ('empty', src/conv3.cpp:28) on port 'AXI_IN' (src/conv3.cpp:28) [26]  (7.300 ns)

 <State 7>: 7.300ns
The critical path consists of the following:
	bus request operation ('empty', src/conv3.cpp:28) on port 'AXI_IN' (src/conv3.cpp:28) [26]  (7.300 ns)

 <State 8>: 7.300ns
The critical path consists of the following:
	bus request operation ('empty', src/conv3.cpp:28) on port 'AXI_IN' (src/conv3.cpp:28) [26]  (7.300 ns)

 <State 9>: 7.300ns
The critical path consists of the following:
	bus request operation ('empty', src/conv3.cpp:28) on port 'AXI_IN' (src/conv3.cpp:28) [26]  (7.300 ns)

 <State 10>: 7.300ns
The critical path consists of the following:
	bus request operation ('empty', src/conv3.cpp:28) on port 'AXI_IN' (src/conv3.cpp:28) [26]  (7.300 ns)

 <State 11>: 7.300ns
The critical path consists of the following:
	bus request operation ('empty', src/conv3.cpp:28) on port 'AXI_IN' (src/conv3.cpp:28) [26]  (7.300 ns)

 <State 12>: 7.300ns
The critical path consists of the following:
	bus request operation ('empty', src/conv3.cpp:28) on port 'AXI_IN' (src/conv3.cpp:28) [26]  (7.300 ns)

 <State 13>: 7.300ns
The critical path consists of the following:
	bus request operation ('empty', src/conv3.cpp:28) on port 'AXI_IN' (src/conv3.cpp:28) [26]  (7.300 ns)

 <State 14>: 7.300ns
The critical path consists of the following:
	bus request operation ('empty', src/conv3.cpp:28) on port 'AXI_IN' (src/conv3.cpp:28) [26]  (7.300 ns)

 <State 15>: 7.300ns
The critical path consists of the following:
	bus request operation ('empty', src/conv3.cpp:28) on port 'AXI_IN' (src/conv3.cpp:28) [26]  (7.300 ns)

 <State 16>: 7.300ns
The critical path consists of the following:
	bus request operation ('empty', src/conv3.cpp:28) on port 'AXI_IN' (src/conv3.cpp:28) [26]  (7.300 ns)

 <State 17>: 7.300ns
The critical path consists of the following:
	bus request operation ('empty', src/conv3.cpp:28) on port 'AXI_IN' (src/conv3.cpp:28) [26]  (7.300 ns)

 <State 18>: 7.300ns
The critical path consists of the following:
	bus request operation ('empty', src/conv3.cpp:28) on port 'AXI_IN' (src/conv3.cpp:28) [26]  (7.300 ns)

 <State 19>: 7.300ns
The critical path consists of the following:
	bus request operation ('empty', src/conv3.cpp:28) on port 'AXI_IN' (src/conv3.cpp:28) [26]  (7.300 ns)

 <State 20>: 7.300ns
The critical path consists of the following:
	bus request operation ('empty', src/conv3.cpp:28) on port 'AXI_IN' (src/conv3.cpp:28) [26]  (7.300 ns)

 <State 21>: 7.300ns
The critical path consists of the following:
	bus request operation ('empty', src/conv3.cpp:28) on port 'AXI_IN' (src/conv3.cpp:28) [26]  (7.300 ns)

 <State 22>: 7.300ns
The critical path consists of the following:
	bus request operation ('empty', src/conv3.cpp:28) on port 'AXI_IN' (src/conv3.cpp:28) [26]  (7.300 ns)

 <State 23>: 7.300ns
The critical path consists of the following:
	bus request operation ('empty', src/conv3.cpp:28) on port 'AXI_IN' (src/conv3.cpp:28) [26]  (7.300 ns)

 <State 24>: 7.300ns
The critical path consists of the following:
	bus request operation ('empty', src/conv3.cpp:28) on port 'AXI_IN' (src/conv3.cpp:28) [26]  (7.300 ns)

 <State 25>: 7.300ns
The critical path consists of the following:
	bus request operation ('empty', src/conv3.cpp:28) on port 'AXI_IN' (src/conv3.cpp:28) [26]  (7.300 ns)

 <State 26>: 7.300ns
The critical path consists of the following:
	bus request operation ('empty', src/conv3.cpp:28) on port 'AXI_IN' (src/conv3.cpp:28) [26]  (7.300 ns)

 <State 27>: 7.300ns
The critical path consists of the following:
	bus request operation ('empty', src/conv3.cpp:28) on port 'AXI_IN' (src/conv3.cpp:28) [26]  (7.300 ns)

 <State 28>: 7.300ns
The critical path consists of the following:
	bus request operation ('empty', src/conv3.cpp:28) on port 'AXI_IN' (src/conv3.cpp:28) [26]  (7.300 ns)

 <State 29>: 7.300ns
The critical path consists of the following:
	bus request operation ('empty', src/conv3.cpp:28) on port 'AXI_IN' (src/conv3.cpp:28) [26]  (7.300 ns)

 <State 30>: 7.300ns
The critical path consists of the following:
	bus request operation ('empty', src/conv3.cpp:28) on port 'AXI_IN' (src/conv3.cpp:28) [26]  (7.300 ns)

 <State 31>: 7.300ns
The critical path consists of the following:
	bus request operation ('empty', src/conv3.cpp:28) on port 'AXI_IN' (src/conv3.cpp:28) [26]  (7.300 ns)

 <State 32>: 7.300ns
The critical path consists of the following:
	bus request operation ('empty', src/conv3.cpp:28) on port 'AXI_IN' (src/conv3.cpp:28) [26]  (7.300 ns)

 <State 33>: 7.300ns
The critical path consists of the following:
	bus request operation ('empty', src/conv3.cpp:28) on port 'AXI_IN' (src/conv3.cpp:28) [26]  (7.300 ns)

 <State 34>: 7.300ns
The critical path consists of the following:
	bus request operation ('empty', src/conv3.cpp:28) on port 'AXI_IN' (src/conv3.cpp:28) [26]  (7.300 ns)

 <State 35>: 7.300ns
The critical path consists of the following:
	bus request operation ('empty', src/conv3.cpp:28) on port 'AXI_IN' (src/conv3.cpp:28) [26]  (7.300 ns)

 <State 36>: 7.300ns
The critical path consists of the following:
	bus request operation ('empty', src/conv3.cpp:28) on port 'AXI_IN' (src/conv3.cpp:28) [26]  (7.300 ns)

 <State 37>: 7.300ns
The critical path consists of the following:
	bus request operation ('empty', src/conv3.cpp:28) on port 'AXI_IN' (src/conv3.cpp:28) [26]  (7.300 ns)

 <State 38>: 7.300ns
The critical path consists of the following:
	bus request operation ('empty', src/conv3.cpp:28) on port 'AXI_IN' (src/conv3.cpp:28) [26]  (7.300 ns)

 <State 39>: 7.300ns
The critical path consists of the following:
	bus request operation ('empty', src/conv3.cpp:28) on port 'AXI_IN' (src/conv3.cpp:28) [26]  (7.300 ns)

 <State 40>: 7.300ns
The critical path consists of the following:
	bus request operation ('empty', src/conv3.cpp:28) on port 'AXI_IN' (src/conv3.cpp:28) [26]  (7.300 ns)

 <State 41>: 7.300ns
The critical path consists of the following:
	bus request operation ('empty', src/conv3.cpp:28) on port 'AXI_IN' (src/conv3.cpp:28) [26]  (7.300 ns)

 <State 42>: 7.300ns
The critical path consists of the following:
	bus request operation ('empty', src/conv3.cpp:28) on port 'AXI_IN' (src/conv3.cpp:28) [26]  (7.300 ns)

 <State 43>: 7.300ns
The critical path consists of the following:
	bus request operation ('empty', src/conv3.cpp:28) on port 'AXI_IN' (src/conv3.cpp:28) [26]  (7.300 ns)

 <State 44>: 7.300ns
The critical path consists of the following:
	bus request operation ('empty', src/conv3.cpp:28) on port 'AXI_IN' (src/conv3.cpp:28) [26]  (7.300 ns)

 <State 45>: 7.300ns
The critical path consists of the following:
	bus request operation ('empty', src/conv3.cpp:28) on port 'AXI_IN' (src/conv3.cpp:28) [26]  (7.300 ns)

 <State 46>: 7.300ns
The critical path consists of the following:
	bus request operation ('empty', src/conv3.cpp:28) on port 'AXI_IN' (src/conv3.cpp:28) [26]  (7.300 ns)

 <State 47>: 7.300ns
The critical path consists of the following:
	bus request operation ('empty', src/conv3.cpp:28) on port 'AXI_IN' (src/conv3.cpp:28) [26]  (7.300 ns)

 <State 48>: 7.300ns
The critical path consists of the following:
	bus request operation ('empty', src/conv3.cpp:28) on port 'AXI_IN' (src/conv3.cpp:28) [26]  (7.300 ns)

 <State 49>: 7.300ns
The critical path consists of the following:
	bus request operation ('empty', src/conv3.cpp:28) on port 'AXI_IN' (src/conv3.cpp:28) [26]  (7.300 ns)

 <State 50>: 7.300ns
The critical path consists of the following:
	bus request operation ('empty', src/conv3.cpp:28) on port 'AXI_IN' (src/conv3.cpp:28) [26]  (7.300 ns)

 <State 51>: 7.300ns
The critical path consists of the following:
	bus request operation ('empty', src/conv3.cpp:28) on port 'AXI_IN' (src/conv3.cpp:28) [26]  (7.300 ns)

 <State 52>: 7.300ns
The critical path consists of the following:
	bus request operation ('empty', src/conv3.cpp:28) on port 'AXI_IN' (src/conv3.cpp:28) [26]  (7.300 ns)

 <State 53>: 7.300ns
The critical path consists of the following:
	bus request operation ('empty', src/conv3.cpp:28) on port 'AXI_IN' (src/conv3.cpp:28) [26]  (7.300 ns)

 <State 54>: 7.300ns
The critical path consists of the following:
	bus request operation ('empty', src/conv3.cpp:28) on port 'AXI_IN' (src/conv3.cpp:28) [26]  (7.300 ns)

 <State 55>: 7.300ns
The critical path consists of the following:
	bus request operation ('empty', src/conv3.cpp:28) on port 'AXI_IN' (src/conv3.cpp:28) [26]  (7.300 ns)

 <State 56>: 7.300ns
The critical path consists of the following:
	bus request operation ('empty', src/conv3.cpp:28) on port 'AXI_IN' (src/conv3.cpp:28) [26]  (7.300 ns)

 <State 57>: 7.300ns
The critical path consists of the following:
	bus request operation ('empty', src/conv3.cpp:28) on port 'AXI_IN' (src/conv3.cpp:28) [26]  (7.300 ns)

 <State 58>: 7.300ns
The critical path consists of the following:
	bus request operation ('empty', src/conv3.cpp:28) on port 'AXI_IN' (src/conv3.cpp:28) [26]  (7.300 ns)

 <State 59>: 7.300ns
The critical path consists of the following:
	bus request operation ('empty', src/conv3.cpp:28) on port 'AXI_IN' (src/conv3.cpp:28) [26]  (7.300 ns)

 <State 60>: 7.300ns
The critical path consists of the following:
	bus request operation ('empty', src/conv3.cpp:28) on port 'AXI_IN' (src/conv3.cpp:28) [26]  (7.300 ns)

 <State 61>: 7.300ns
The critical path consists of the following:
	bus request operation ('empty', src/conv3.cpp:28) on port 'AXI_IN' (src/conv3.cpp:28) [26]  (7.300 ns)

 <State 62>: 7.300ns
The critical path consists of the following:
	bus request operation ('empty', src/conv3.cpp:28) on port 'AXI_IN' (src/conv3.cpp:28) [26]  (7.300 ns)

 <State 63>: 7.300ns
The critical path consists of the following:
	bus request operation ('empty', src/conv3.cpp:28) on port 'AXI_IN' (src/conv3.cpp:28) [26]  (7.300 ns)

 <State 64>: 7.300ns
The critical path consists of the following:
	bus request operation ('empty', src/conv3.cpp:28) on port 'AXI_IN' (src/conv3.cpp:28) [26]  (7.300 ns)

 <State 65>: 7.300ns
The critical path consists of the following:
	bus request operation ('empty', src/conv3.cpp:28) on port 'AXI_IN' (src/conv3.cpp:28) [26]  (7.300 ns)

 <State 66>: 7.300ns
The critical path consists of the following:
	bus request operation ('empty', src/conv3.cpp:28) on port 'AXI_IN' (src/conv3.cpp:28) [26]  (7.300 ns)

 <State 67>: 7.300ns
The critical path consists of the following:
	bus request operation ('empty', src/conv3.cpp:28) on port 'AXI_IN' (src/conv3.cpp:28) [26]  (7.300 ns)

 <State 68>: 7.300ns
The critical path consists of the following:
	bus request operation ('empty', src/conv3.cpp:28) on port 'AXI_IN' (src/conv3.cpp:28) [26]  (7.300 ns)

 <State 69>: 7.300ns
The critical path consists of the following:
	bus request operation ('empty', src/conv3.cpp:28) on port 'AXI_IN' (src/conv3.cpp:28) [26]  (7.300 ns)

 <State 70>: 7.300ns
The critical path consists of the following:
	bus request operation ('empty', src/conv3.cpp:28) on port 'AXI_IN' (src/conv3.cpp:28) [26]  (7.300 ns)

 <State 71>: 7.300ns
The critical path consists of the following:
	bus request operation ('empty', src/conv3.cpp:28) on port 'AXI_IN' (src/conv3.cpp:28) [26]  (7.300 ns)

 <State 72>: 7.300ns
The critical path consists of the following:
	bus request operation ('empty', src/conv3.cpp:28) on port 'AXI_IN' (src/conv3.cpp:28) [26]  (7.300 ns)

 <State 73>: 0.000ns
The critical path consists of the following:

 <State 74>: 7.300ns
The critical path consists of the following:
	'getelementptr' operation 512 bit ('AXI_OUT_addr', src/conv3.cpp:43) [30]  (0.000 ns)
	bus request operation ('empty_31', src/conv3.cpp:43) on port 'AXI_OUT' (src/conv3.cpp:43) [31]  (7.300 ns)

 <State 75>: 0.000ns
The critical path consists of the following:

 <State 76>: 0.000ns
The critical path consists of the following:

 <State 77>: 7.300ns
The critical path consists of the following:
	bus response operation ('empty_32', src/conv3.cpp:66) on port 'AXI_OUT' (src/conv3.cpp:66) [33]  (7.300 ns)

 <State 78>: 7.300ns
The critical path consists of the following:
	bus response operation ('empty_32', src/conv3.cpp:66) on port 'AXI_OUT' (src/conv3.cpp:66) [33]  (7.300 ns)

 <State 79>: 7.300ns
The critical path consists of the following:
	bus response operation ('empty_32', src/conv3.cpp:66) on port 'AXI_OUT' (src/conv3.cpp:66) [33]  (7.300 ns)

 <State 80>: 7.300ns
The critical path consists of the following:
	bus response operation ('empty_32', src/conv3.cpp:66) on port 'AXI_OUT' (src/conv3.cpp:66) [33]  (7.300 ns)

 <State 81>: 7.300ns
The critical path consists of the following:
	bus response operation ('empty_32', src/conv3.cpp:66) on port 'AXI_OUT' (src/conv3.cpp:66) [33]  (7.300 ns)

 <State 82>: 7.300ns
The critical path consists of the following:
	bus response operation ('empty_32', src/conv3.cpp:66) on port 'AXI_OUT' (src/conv3.cpp:66) [33]  (7.300 ns)

 <State 83>: 7.300ns
The critical path consists of the following:
	bus response operation ('empty_32', src/conv3.cpp:66) on port 'AXI_OUT' (src/conv3.cpp:66) [33]  (7.300 ns)

 <State 84>: 7.300ns
The critical path consists of the following:
	bus response operation ('empty_32', src/conv3.cpp:66) on port 'AXI_OUT' (src/conv3.cpp:66) [33]  (7.300 ns)

 <State 85>: 7.300ns
The critical path consists of the following:
	bus response operation ('empty_32', src/conv3.cpp:66) on port 'AXI_OUT' (src/conv3.cpp:66) [33]  (7.300 ns)

 <State 86>: 7.300ns
The critical path consists of the following:
	bus response operation ('empty_32', src/conv3.cpp:66) on port 'AXI_OUT' (src/conv3.cpp:66) [33]  (7.300 ns)

 <State 87>: 7.300ns
The critical path consists of the following:
	bus response operation ('empty_32', src/conv3.cpp:66) on port 'AXI_OUT' (src/conv3.cpp:66) [33]  (7.300 ns)

 <State 88>: 7.300ns
The critical path consists of the following:
	bus response operation ('empty_32', src/conv3.cpp:66) on port 'AXI_OUT' (src/conv3.cpp:66) [33]  (7.300 ns)

 <State 89>: 7.300ns
The critical path consists of the following:
	bus response operation ('empty_32', src/conv3.cpp:66) on port 'AXI_OUT' (src/conv3.cpp:66) [33]  (7.300 ns)

 <State 90>: 7.300ns
The critical path consists of the following:
	bus response operation ('empty_32', src/conv3.cpp:66) on port 'AXI_OUT' (src/conv3.cpp:66) [33]  (7.300 ns)

 <State 91>: 7.300ns
The critical path consists of the following:
	bus response operation ('empty_32', src/conv3.cpp:66) on port 'AXI_OUT' (src/conv3.cpp:66) [33]  (7.300 ns)

 <State 92>: 7.300ns
The critical path consists of the following:
	bus response operation ('empty_32', src/conv3.cpp:66) on port 'AXI_OUT' (src/conv3.cpp:66) [33]  (7.300 ns)

 <State 93>: 7.300ns
The critical path consists of the following:
	bus response operation ('empty_32', src/conv3.cpp:66) on port 'AXI_OUT' (src/conv3.cpp:66) [33]  (7.300 ns)

 <State 94>: 7.300ns
The critical path consists of the following:
	bus response operation ('empty_32', src/conv3.cpp:66) on port 'AXI_OUT' (src/conv3.cpp:66) [33]  (7.300 ns)

 <State 95>: 7.300ns
The critical path consists of the following:
	bus response operation ('empty_32', src/conv3.cpp:66) on port 'AXI_OUT' (src/conv3.cpp:66) [33]  (7.300 ns)

 <State 96>: 7.300ns
The critical path consists of the following:
	bus response operation ('empty_32', src/conv3.cpp:66) on port 'AXI_OUT' (src/conv3.cpp:66) [33]  (7.300 ns)

 <State 97>: 7.300ns
The critical path consists of the following:
	bus response operation ('empty_32', src/conv3.cpp:66) on port 'AXI_OUT' (src/conv3.cpp:66) [33]  (7.300 ns)

 <State 98>: 7.300ns
The critical path consists of the following:
	bus response operation ('empty_32', src/conv3.cpp:66) on port 'AXI_OUT' (src/conv3.cpp:66) [33]  (7.300 ns)

 <State 99>: 7.300ns
The critical path consists of the following:
	bus response operation ('empty_32', src/conv3.cpp:66) on port 'AXI_OUT' (src/conv3.cpp:66) [33]  (7.300 ns)

 <State 100>: 7.300ns
The critical path consists of the following:
	bus response operation ('empty_32', src/conv3.cpp:66) on port 'AXI_OUT' (src/conv3.cpp:66) [33]  (7.300 ns)

 <State 101>: 7.300ns
The critical path consists of the following:
	bus response operation ('empty_32', src/conv3.cpp:66) on port 'AXI_OUT' (src/conv3.cpp:66) [33]  (7.300 ns)

 <State 102>: 7.300ns
The critical path consists of the following:
	bus response operation ('empty_32', src/conv3.cpp:66) on port 'AXI_OUT' (src/conv3.cpp:66) [33]  (7.300 ns)

 <State 103>: 7.300ns
The critical path consists of the following:
	bus response operation ('empty_32', src/conv3.cpp:66) on port 'AXI_OUT' (src/conv3.cpp:66) [33]  (7.300 ns)

 <State 104>: 7.300ns
The critical path consists of the following:
	bus response operation ('empty_32', src/conv3.cpp:66) on port 'AXI_OUT' (src/conv3.cpp:66) [33]  (7.300 ns)

 <State 105>: 7.300ns
The critical path consists of the following:
	bus response operation ('empty_32', src/conv3.cpp:66) on port 'AXI_OUT' (src/conv3.cpp:66) [33]  (7.300 ns)

 <State 106>: 7.300ns
The critical path consists of the following:
	bus response operation ('empty_32', src/conv3.cpp:66) on port 'AXI_OUT' (src/conv3.cpp:66) [33]  (7.300 ns)

 <State 107>: 7.300ns
The critical path consists of the following:
	bus response operation ('empty_32', src/conv3.cpp:66) on port 'AXI_OUT' (src/conv3.cpp:66) [33]  (7.300 ns)

 <State 108>: 7.300ns
The critical path consists of the following:
	bus response operation ('empty_32', src/conv3.cpp:66) on port 'AXI_OUT' (src/conv3.cpp:66) [33]  (7.300 ns)

 <State 109>: 7.300ns
The critical path consists of the following:
	bus response operation ('empty_32', src/conv3.cpp:66) on port 'AXI_OUT' (src/conv3.cpp:66) [33]  (7.300 ns)

 <State 110>: 7.300ns
The critical path consists of the following:
	bus response operation ('empty_32', src/conv3.cpp:66) on port 'AXI_OUT' (src/conv3.cpp:66) [33]  (7.300 ns)

 <State 111>: 7.300ns
The critical path consists of the following:
	bus response operation ('empty_32', src/conv3.cpp:66) on port 'AXI_OUT' (src/conv3.cpp:66) [33]  (7.300 ns)

 <State 112>: 7.300ns
The critical path consists of the following:
	bus response operation ('empty_32', src/conv3.cpp:66) on port 'AXI_OUT' (src/conv3.cpp:66) [33]  (7.300 ns)

 <State 113>: 7.300ns
The critical path consists of the following:
	bus response operation ('empty_32', src/conv3.cpp:66) on port 'AXI_OUT' (src/conv3.cpp:66) [33]  (7.300 ns)

 <State 114>: 7.300ns
The critical path consists of the following:
	bus response operation ('empty_32', src/conv3.cpp:66) on port 'AXI_OUT' (src/conv3.cpp:66) [33]  (7.300 ns)

 <State 115>: 7.300ns
The critical path consists of the following:
	bus response operation ('empty_32', src/conv3.cpp:66) on port 'AXI_OUT' (src/conv3.cpp:66) [33]  (7.300 ns)

 <State 116>: 7.300ns
The critical path consists of the following:
	bus response operation ('empty_32', src/conv3.cpp:66) on port 'AXI_OUT' (src/conv3.cpp:66) [33]  (7.300 ns)

 <State 117>: 7.300ns
The critical path consists of the following:
	bus response operation ('empty_32', src/conv3.cpp:66) on port 'AXI_OUT' (src/conv3.cpp:66) [33]  (7.300 ns)

 <State 118>: 7.300ns
The critical path consists of the following:
	bus response operation ('empty_32', src/conv3.cpp:66) on port 'AXI_OUT' (src/conv3.cpp:66) [33]  (7.300 ns)

 <State 119>: 7.300ns
The critical path consists of the following:
	bus response operation ('empty_32', src/conv3.cpp:66) on port 'AXI_OUT' (src/conv3.cpp:66) [33]  (7.300 ns)

 <State 120>: 7.300ns
The critical path consists of the following:
	bus response operation ('empty_32', src/conv3.cpp:66) on port 'AXI_OUT' (src/conv3.cpp:66) [33]  (7.300 ns)

 <State 121>: 7.300ns
The critical path consists of the following:
	bus response operation ('empty_32', src/conv3.cpp:66) on port 'AXI_OUT' (src/conv3.cpp:66) [33]  (7.300 ns)

 <State 122>: 7.300ns
The critical path consists of the following:
	bus response operation ('empty_32', src/conv3.cpp:66) on port 'AXI_OUT' (src/conv3.cpp:66) [33]  (7.300 ns)

 <State 123>: 7.300ns
The critical path consists of the following:
	bus response operation ('empty_32', src/conv3.cpp:66) on port 'AXI_OUT' (src/conv3.cpp:66) [33]  (7.300 ns)

 <State 124>: 7.300ns
The critical path consists of the following:
	bus response operation ('empty_32', src/conv3.cpp:66) on port 'AXI_OUT' (src/conv3.cpp:66) [33]  (7.300 ns)

 <State 125>: 7.300ns
The critical path consists of the following:
	bus response operation ('empty_32', src/conv3.cpp:66) on port 'AXI_OUT' (src/conv3.cpp:66) [33]  (7.300 ns)

 <State 126>: 7.300ns
The critical path consists of the following:
	bus response operation ('empty_32', src/conv3.cpp:66) on port 'AXI_OUT' (src/conv3.cpp:66) [33]  (7.300 ns)

 <State 127>: 7.300ns
The critical path consists of the following:
	bus response operation ('empty_32', src/conv3.cpp:66) on port 'AXI_OUT' (src/conv3.cpp:66) [33]  (7.300 ns)

 <State 128>: 7.300ns
The critical path consists of the following:
	bus response operation ('empty_32', src/conv3.cpp:66) on port 'AXI_OUT' (src/conv3.cpp:66) [33]  (7.300 ns)

 <State 129>: 7.300ns
The critical path consists of the following:
	bus response operation ('empty_32', src/conv3.cpp:66) on port 'AXI_OUT' (src/conv3.cpp:66) [33]  (7.300 ns)

 <State 130>: 7.300ns
The critical path consists of the following:
	bus response operation ('empty_32', src/conv3.cpp:66) on port 'AXI_OUT' (src/conv3.cpp:66) [33]  (7.300 ns)

 <State 131>: 7.300ns
The critical path consists of the following:
	bus response operation ('empty_32', src/conv3.cpp:66) on port 'AXI_OUT' (src/conv3.cpp:66) [33]  (7.300 ns)

 <State 132>: 7.300ns
The critical path consists of the following:
	bus response operation ('empty_32', src/conv3.cpp:66) on port 'AXI_OUT' (src/conv3.cpp:66) [33]  (7.300 ns)

 <State 133>: 7.300ns
The critical path consists of the following:
	bus response operation ('empty_32', src/conv3.cpp:66) on port 'AXI_OUT' (src/conv3.cpp:66) [33]  (7.300 ns)

 <State 134>: 7.300ns
The critical path consists of the following:
	bus response operation ('empty_32', src/conv3.cpp:66) on port 'AXI_OUT' (src/conv3.cpp:66) [33]  (7.300 ns)

 <State 135>: 7.300ns
The critical path consists of the following:
	bus response operation ('empty_32', src/conv3.cpp:66) on port 'AXI_OUT' (src/conv3.cpp:66) [33]  (7.300 ns)

 <State 136>: 7.300ns
The critical path consists of the following:
	bus response operation ('empty_32', src/conv3.cpp:66) on port 'AXI_OUT' (src/conv3.cpp:66) [33]  (7.300 ns)

 <State 137>: 7.300ns
The critical path consists of the following:
	bus response operation ('empty_32', src/conv3.cpp:66) on port 'AXI_OUT' (src/conv3.cpp:66) [33]  (7.300 ns)

 <State 138>: 7.300ns
The critical path consists of the following:
	bus response operation ('empty_32', src/conv3.cpp:66) on port 'AXI_OUT' (src/conv3.cpp:66) [33]  (7.300 ns)

 <State 139>: 7.300ns
The critical path consists of the following:
	bus response operation ('empty_32', src/conv3.cpp:66) on port 'AXI_OUT' (src/conv3.cpp:66) [33]  (7.300 ns)

 <State 140>: 7.300ns
The critical path consists of the following:
	bus response operation ('empty_32', src/conv3.cpp:66) on port 'AXI_OUT' (src/conv3.cpp:66) [33]  (7.300 ns)

 <State 141>: 7.300ns
The critical path consists of the following:
	bus response operation ('empty_32', src/conv3.cpp:66) on port 'AXI_OUT' (src/conv3.cpp:66) [33]  (7.300 ns)

 <State 142>: 7.300ns
The critical path consists of the following:
	bus response operation ('empty_32', src/conv3.cpp:66) on port 'AXI_OUT' (src/conv3.cpp:66) [33]  (7.300 ns)

 <State 143>: 7.300ns
The critical path consists of the following:
	bus response operation ('empty_32', src/conv3.cpp:66) on port 'AXI_OUT' (src/conv3.cpp:66) [33]  (7.300 ns)

 <State 144>: 7.300ns
The critical path consists of the following:
	bus response operation ('empty_32', src/conv3.cpp:66) on port 'AXI_OUT' (src/conv3.cpp:66) [33]  (7.300 ns)


============================================================
+ Verbose Summary: Binding
============================================================
N/A
* FSMD analyzer results:
  - Output states:
 - Input state : 
  - Chain level:
	State 1
	State 2
	State 3
	State 4
	State 5
	State 6
	State 7
	State 8
	State 9
	State 10
	State 11
	State 12
	State 13
	State 14
	State 15
	State 16
	State 17
	State 18
	State 19
	State 20
	State 21
	State 22
	State 23
	State 24
	State 25
	State 26
	State 27
	State 28
	State 29
	State 30
	State 31
	State 32
	State 33
	State 34
	State 35
	State 36
	State 37
	State 38
	State 39
	State 40
	State 41
	State 42
	State 43
	State 44
	State 45
	State 46
	State 47
	State 48
	State 49
	State 50
	State 51
	State 52
	State 53
	State 54
	State 55
	State 56
	State 57
	State 58
	State 59
	State 60
	State 61
	State 62
	State 63
	State 64
	State 65
	State 66
	State 67
	State 68
	State 69
	State 70
	State 71
	State 72
	State 73
	State 74
	State 75
	State 76
	State 77
	State 78
	State 79
	State 80
	State 81
	State 82
	State 83
	State 84
	State 85
	State 86
	State 87
	State 88
	State 89
	State 90
	State 91
	State 92
	State 93
	State 94
	State 95
	State 96
	State 97
	State 98
	State 99
	State 100
	State 101
	State 102
	State 103
	State 104
	State 105
	State 106
	State 107
	State 108
	State 109
	State 110
	State 111
	State 112
	State 113
	State 114
	State 115
	State 116
	State 117
	State 118
	State 119
	State 120
	State 121
	State 122
	State 123
	State 124
	State 125
	State 126
	State 127
	State 128
	State 129
	State 130
	State 131
	State 132
	State 133
	State 134
	State 135
	State 136
	State 137
	State 138
	State 139
	State 140
	State 141
	State 142
	State 143
	State 144


============================================================
+ Verbose Summary: Datapath Resource usage 
============================================================
N/A
