

================================================================
== Vitis HLS Report for 'conv2_pool2_Pipeline_POOL_PY_POOL_PX'
================================================================
* Date:           Thu Feb 26 16:24:09 2026

* Version:        2024.2 (Build 5238294 on Nov  8 2024)
* Project:        hls_prj
* Solution:       solution1 (Vitis Kernel Flow Target)
* Product family: zynq
* Target device:  xc7z020-clg400-1


================================================================
== Performance Estimates
================================================================
+ Timing: 
    * Summary: 
    +--------+----------+----------+------------+
    |  Clock |  Target  | Estimated| Uncertainty|
    +--------+----------+----------+------------+
    |ap_clk  |  10.00 ns|  7.300 ns|     2.70 ns|
    +--------+----------+----------+------------+

+ Latency: 
    * Summary: 
    +---------+---------+----------+----------+-----+-----+------------------------------------------------+
    |  Latency (cycles) |  Latency (absolute) |  Interval |                    Pipeline                    |
    |   min   |   max   |    min   |    max   | min | max |                      Type                      |
    +---------+---------+----------+----------+-----+-----+------------------------------------------------+
    |      114|      114|  1.140 us|  1.140 us|  101|  101|  loop auto-rewind stp (delay=0 clock cycles(s))|
    +---------+---------+----------+----------+-----+-----+------------------------------------------------+

    + Detail: 
        * Instance: 
        N/A

        * Loop: 
        +-------------------+---------+---------+----------+-----------+-----------+------+----------+
        |                   |  Latency (cycles) | Iteration|  Initiation Interval  | Trip |          |
        |     Loop Name     |   min   |   max   |  Latency |  achieved |   target  | Count| Pipelined|
        +-------------------+---------+---------+----------+-----------+-----------+------+----------+
        |- POOL_PY_POOL_PX  |      112|      112|        14|          1|          1|   100|       yes|
        +-------------------+---------+---------+----------+-----------+-----------+------+----------+



================================================================
== Utilization Estimates
================================================================
* Summary: 
+-----------------+---------+-----+--------+-------+-----+
|       Name      | BRAM_18K| DSP |   FF   |  LUT  | URAM|
+-----------------+---------+-----+--------+-------+-----+
|DSP              |        -|    2|       -|      -|    -|
|Expression       |        -|    -|       0|    535|    -|
|FIFO             |        -|    -|       -|      -|    -|
|Instance         |        -|    -|       -|      -|    -|
|Memory           |        -|    -|       -|      -|    -|
|Multiplexer      |        -|    -|       0|     72|    -|
|Register         |        -|    -|     724|     64|    -|
+-----------------+---------+-----+--------+-------+-----+
|Total            |        0|    2|     724|    671|    0|
+-----------------+---------+-----+--------+-------+-----+
|Available        |      280|  220|  106400|  53200|    0|
+-----------------+---------+-----+--------+-------+-----+
|Utilization (%)  |        0|   ~0|      ~0|      1|    0|
+-----------------+---------+-----+--------+-------+-----+

+ Detail: 
    * Instance: 
    +---------------------------------+-----------------------------+---------+----+---+----+-----+
    |             Instance            |            Module           | BRAM_18K| DSP| FF| LUT| URAM|
    +---------------------------------+-----------------------------+---------+----+---+----+-----+
    |fcmp_32ns_32ns_1_2_no_dsp_1_U31  |fcmp_32ns_32ns_1_2_no_dsp_1  |        0|   0|  0|   0|    0|
    |fcmp_32ns_32ns_1_2_no_dsp_1_U32  |fcmp_32ns_32ns_1_2_no_dsp_1  |        0|   0|  0|   0|    0|
    +---------------------------------+-----------------------------+---------+----+---+----+-----+
    |Total                            |                             |        0|   0|  0|   0|    0|
    +---------------------------------+-----------------------------+---------+----+---+----+-----+

    * DSP: 
    +----------------------------------+------------------------------+--------------+
    |             Instance             |            Module            |  Expression  |
    +----------------------------------+------------------------------+--------------+
    |mac_muladd_5ns_4ns_4ns_8_4_1_U33  |mac_muladd_5ns_4ns_4ns_8_4_1  |  i0 * i1 + i2|
    |mac_muladd_5ns_4ns_4ns_8_4_1_U34  |mac_muladd_5ns_4ns_4ns_8_4_1  |  i0 * i1 + i2|
    +----------------------------------+------------------------------+--------------+

    * Memory: 
    N/A

    * FIFO: 
    N/A

    * Expression: 
    +---------------------------+----------+----+---+----+------------+------------+
    |       Variable Name       | Operation| DSP| FF| LUT| Bitwidth P0| Bitwidth P1|
    +---------------------------+----------+----+---+----+------------+------------+
    |add_ln64_1_fu_205_p2       |         +|   0|  0|  14|           7|           1|
    |add_ln64_fu_222_p2         |         +|   0|  0|  13|           4|           1|
    |add_ln66_fu_278_p2         |         +|   0|  0|  13|           4|           1|
    |and_ln74_1_fu_382_p2       |       and|   0|  0|   2|           1|           1|
    |and_ln74_fu_376_p2         |       and|   0|  0|   2|           1|           1|
    |and_ln75_1_fu_470_p2       |       and|   0|  0|   2|           1|           1|
    |and_ln75_fu_464_p2         |       and|   0|  0|   2|           1|           1|
    |and_ln76_1_fu_558_p2       |       and|   0|  0|   2|           1|           1|
    |and_ln76_fu_552_p2         |       and|   0|  0|   2|           1|           1|
    |ap_block_pp0_stage0_11001  |       and|   0|  0|   2|           1|           1|
    |ap_block_state14_io_grp1   |       and|   0|  0|   2|           1|           1|
    |icmp_ln64_fu_199_p2        |      icmp|   0|  0|  14|           7|           6|
    |icmp_ln66_fu_228_p2        |      icmp|   0|  0|  13|           4|           4|
    |icmp_ln74_1_fu_346_p2      |      icmp|   0|  0|  30|          23|           1|
    |icmp_ln74_2_fu_358_p2      |      icmp|   0|  0|  15|           8|           2|
    |icmp_ln74_3_fu_364_p2      |      icmp|   0|  0|  30|          23|           1|
    |icmp_ln74_fu_340_p2        |      icmp|   0|  0|  15|           8|           2|
    |icmp_ln75_1_fu_434_p2      |      icmp|   0|  0|  30|          23|           1|
    |icmp_ln75_2_fu_446_p2      |      icmp|   0|  0|  15|           8|           2|
    |icmp_ln75_3_fu_452_p2      |      icmp|   0|  0|  30|          23|           1|
    |icmp_ln75_fu_428_p2        |      icmp|   0|  0|  15|           8|           2|
    |icmp_ln76_1_fu_522_p2      |      icmp|   0|  0|  30|          23|           1|
    |icmp_ln76_2_fu_534_p2      |      icmp|   0|  0|  15|           8|           2|
    |icmp_ln76_3_fu_540_p2      |      icmp|   0|  0|  30|          23|           1|
    |icmp_ln76_fu_516_p2        |      icmp|   0|  0|  15|           8|           2|
    |or_ln74_1_fu_370_p2        |        or|   0|  0|   2|           1|           1|
    |or_ln74_fu_352_p2          |        or|   0|  0|   2|           1|           1|
    |or_ln75_1_fu_458_p2        |        or|   0|  0|   2|           1|           1|
    |or_ln75_fu_440_p2          |        or|   0|  0|   2|           1|           1|
    |or_ln76_1_fu_546_p2        |        or|   0|  0|   2|           1|           1|
    |or_ln76_fu_528_p2          |        or|   0|  0|   2|           1|           1|
    |maxv_2_fu_388_p3           |    select|   0|  0|  32|           1|          32|
    |maxv_4_fu_476_p3           |    select|   0|  0|  32|           1|          32|
    |maxv_6_fu_564_p3           |    select|   0|  0|  32|           1|          32|
    |select_ln64_1_fu_573_p3    |    select|   0|  0|  32|           1|           1|
    |select_ln64_2_fu_242_p3    |    select|   0|  0|   4|           1|           4|
    |select_ln64_fu_234_p3      |    select|   0|  0|   4|           1|           1|
    |select_ln66_fu_583_p3      |    select|   0|  0|  32|           1|           1|
    |ap_enable_pp0              |       xor|   0|  0|   2|           1|           2|
    +---------------------------+----------+----+---+----+------------+------------+
    |Total                      |          |   0|  0| 535|         234|         150|
    +---------------------------+----------+----+---+----+------------+------------+

    * Multiplexer: 
    +----------------------------------------+----+-----------+-----+-----------+
    |                  Name                  | LUT| Input Size| Bits| Total Bits|
    +----------------------------------------+----+-----------+-----+-----------+
    |AXI_OUT_blk_n_W                         |   9|          2|    1|          2|
    |ap_done_int                             |   9|          2|    1|          2|
    |ap_enable_reg_pp0_iter1                 |   9|          2|    1|          2|
    |ap_sig_allocacmp_indvar_flatten90_load  |   9|          2|    7|         14|
    |indvar_flatten90_fu_92                  |   9|          2|    7|         14|
    |phi_ln77_fu_80                          |   9|          2|   32|         64|
    |px_fu_84                                |   9|          2|    4|          8|
    |py_fu_88                                |   9|          2|    4|          8|
    +----------------------------------------+----+-----------+-----+-----------+
    |Total                                   |  72|         16|   57|        114|
    +----------------------------------------+----+-----------+-----+-----------+

    * Register: 
    +-----------------------------------+----+----+-----+-----------+
    |                Name               | FF | LUT| Bits| Const Bits|
    +-----------------------------------+----+----+-----+-----------+
    |add_ln71_reg_698                   |   8|   0|    8|          0|
    |add_ln71_reg_698_pp0_iter5_reg     |   8|   0|    8|          0|
    |ap_CS_fsm                          |   1|   0|    1|          0|
    |ap_done_reg                        |   1|   0|    1|          0|
    |ap_enable_reg_pp0_iter1            |   1|   0|    1|          0|
    |ap_enable_reg_pp0_iter10           |   1|   0|    1|          0|
    |ap_enable_reg_pp0_iter11           |   1|   0|    1|          0|
    |ap_enable_reg_pp0_iter12           |   1|   0|    1|          0|
    |ap_enable_reg_pp0_iter13           |   1|   0|    1|          0|
    |ap_enable_reg_pp0_iter2            |   1|   0|    1|          0|
    |ap_enable_reg_pp0_iter3            |   1|   0|    1|          0|
    |ap_enable_reg_pp0_iter4            |   1|   0|    1|          0|
    |ap_enable_reg_pp0_iter5            |   1|   0|    1|          0|
    |ap_enable_reg_pp0_iter6            |   1|   0|    1|          0|
    |ap_enable_reg_pp0_iter7            |   1|   0|    1|          0|
    |ap_enable_reg_pp0_iter8            |   1|   0|    1|          0|
    |ap_enable_reg_pp0_iter9            |   1|   0|    1|          0|
    |ap_loop_exit_ready_pp0_iter10_reg  |   1|   0|    1|          0|
    |ap_loop_exit_ready_pp0_iter11_reg  |   1|   0|    1|          0|
    |ap_loop_exit_ready_pp0_iter12_reg  |   1|   0|    1|          0|
    |ap_loop_exit_ready_pp0_iter1_reg   |   1|   0|    1|          0|
    |ap_loop_exit_ready_pp0_iter2_reg   |   1|   0|    1|          0|
    |ap_loop_exit_ready_pp0_iter3_reg   |   1|   0|    1|          0|
    |ap_loop_exit_ready_pp0_iter4_reg   |   1|   0|    1|          0|
    |ap_loop_exit_ready_pp0_iter5_reg   |   1|   0|    1|          0|
    |ap_loop_exit_ready_pp0_iter6_reg   |   1|   0|    1|          0|
    |ap_loop_exit_ready_pp0_iter7_reg   |   1|   0|    1|          0|
    |ap_loop_exit_ready_pp0_iter8_reg   |   1|   0|    1|          0|
    |ap_loop_exit_ready_pp0_iter9_reg   |   1|   0|    1|          0|
    |bitcast_ln77_reg_775               |  32|   0|   32|          0|
    |icmp_ln66_reg_662                  |   1|   0|    1|          0|
    |indvar_flatten90_fu_92             |   7|   0|    7|          0|
    |maxv_2_reg_739                     |  32|   0|   32|          0|
    |maxv_2_reg_739_pp0_iter8_reg       |  32|   0|   32|          0|
    |maxv_4_reg_758                     |  32|   0|   32|          0|
    |maxv_4_reg_758_pp0_iter10_reg      |  32|   0|   32|          0|
    |maxv_6_reg_765                     |  32|   0|   32|          0|
    |phi_ln77_fu_80                     |  32|   0|   32|          0|
    |px_fu_84                           |   4|   0|    4|          0|
    |py_fu_88                           |   4|   0|    4|          0|
    |select_ln64_1_reg_770              |  32|   0|   32|          0|
    |select_ln64_reg_667                |   4|   0|    4|          0|
    |select_ln64_reg_667_pp0_iter2_reg  |   4|   0|    4|          0|
    |trunc_ln66_reg_682                 |   1|   0|    1|          0|
    |v00_reg_708                        |  32|   0|   32|          0|
    |v00_reg_708_pp0_iter6_reg          |  32|   0|   32|          0|
    |v01_reg_715                        |  32|   0|   32|          0|
    |v01_reg_715_pp0_iter6_reg          |  32|   0|   32|          0|
    |v10_reg_732                        |  32|   0|   32|          0|
    |v10_reg_732_pp0_iter8_reg          |  32|   0|   32|          0|
    |v11_reg_751                        |  32|   0|   32|          0|
    |v11_reg_751_pp0_iter10_reg         |  32|   0|   32|          0|
    |zext_ln71_reg_722                  |   8|   0|   64|         56|
    |zext_ln71_reg_722_pp0_iter7_reg    |   8|   0|   64|         56|
    |icmp_ln66_reg_662                  |  64|  32|    1|          0|
    |trunc_ln66_reg_682                 |  64|  32|    1|          0|
    +-----------------------------------+----+----+-----+-----------+
    |Total                              | 724|  64|  710|        112|
    +-----------------------------------+----+----+-----+-----------+



================================================================
== Interface
================================================================
* Summary: 
+--------------------------+-----+-----+------------+--------------------------------------+--------------+
|         RTL Ports        | Dir | Bits|  Protocol  |             Source Object            |    C Type    |
+--------------------------+-----+-----+------------+--------------------------------------+--------------+
|ap_clk                    |   in|    1|  ap_ctrl_hs|  conv2_pool2_Pipeline_POOL_PY_POOL_PX|  return value|
|ap_rst                    |   in|    1|  ap_ctrl_hs|  conv2_pool2_Pipeline_POOL_PY_POOL_PX|  return value|
|ap_start                  |   in|    1|  ap_ctrl_hs|  conv2_pool2_Pipeline_POOL_PY_POOL_PX|  return value|
|ap_done                   |  out|    1|  ap_ctrl_hs|  conv2_pool2_Pipeline_POOL_PY_POOL_PX|  return value|
|ap_idle                   |  out|    1|  ap_ctrl_hs|  conv2_pool2_Pipeline_POOL_PY_POOL_PX|  return value|
|ap_ready                  |  out|    1|  ap_ctrl_hs|  conv2_pool2_Pipeline_POOL_PY_POOL_PX|  return value|
|grp_fu_322_p_din0         |  out|   32|  ap_ctrl_hs|  conv2_pool2_Pipeline_POOL_PY_POOL_PX|  return value|
|grp_fu_322_p_din1         |  out|   32|  ap_ctrl_hs|  conv2_pool2_Pipeline_POOL_PY_POOL_PX|  return value|
|grp_fu_322_p_opcode       |  out|    5|  ap_ctrl_hs|  conv2_pool2_Pipeline_POOL_PY_POOL_PX|  return value|
|grp_fu_322_p_dout0        |   in|    1|  ap_ctrl_hs|  conv2_pool2_Pipeline_POOL_PY_POOL_PX|  return value|
|grp_fu_322_p_ce           |  out|    1|  ap_ctrl_hs|  conv2_pool2_Pipeline_POOL_PY_POOL_PX|  return value|
|m_axi_AXI_OUT_0_AWVALID   |  out|    1|       m_axi|                               AXI_OUT|       pointer|
|m_axi_AXI_OUT_0_AWREADY   |   in|    1|       m_axi|                               AXI_OUT|       pointer|
|m_axi_AXI_OUT_0_AWADDR    |  out|   64|       m_axi|                               AXI_OUT|       pointer|
|m_axi_AXI_OUT_0_AWID      |  out|    1|       m_axi|                               AXI_OUT|       pointer|
|m_axi_AXI_OUT_0_AWLEN     |  out|   32|       m_axi|                               AXI_OUT|       pointer|
|m_axi_AXI_OUT_0_AWSIZE    |  out|    3|       m_axi|                               AXI_OUT|       pointer|
|m_axi_AXI_OUT_0_AWBURST   |  out|    2|       m_axi|                               AXI_OUT|       pointer|
|m_axi_AXI_OUT_0_AWLOCK    |  out|    2|       m_axi|                               AXI_OUT|       pointer|
|m_axi_AXI_OUT_0_AWCACHE   |  out|    4|       m_axi|                               AXI_OUT|       pointer|
|m_axi_AXI_OUT_0_AWPROT    |  out|    3|       m_axi|                               AXI_OUT|       pointer|
|m_axi_AXI_OUT_0_AWQOS     |  out|    4|       m_axi|                               AXI_OUT|       pointer|
|m_axi_AXI_OUT_0_AWREGION  |  out|    4|       m_axi|                               AXI_OUT|       pointer|
|m_axi_AXI_OUT_0_AWUSER    |  out|    1|       m_axi|                               AXI_OUT|       pointer|
|m_axi_AXI_OUT_0_WVALID    |  out|    1|       m_axi|                               AXI_OUT|       pointer|
|m_axi_AXI_OUT_0_WREADY    |   in|    1|       m_axi|                               AXI_OUT|       pointer|
|m_axi_AXI_OUT_0_WDATA     |  out|   64|       m_axi|                               AXI_OUT|       pointer|
|m_axi_AXI_OUT_0_WSTRB     |  out|    8|       m_axi|                               AXI_OUT|       pointer|
|m_axi_AXI_OUT_0_WLAST     |  out|    1|       m_axi|                               AXI_OUT|       pointer|
|m_axi_AXI_OUT_0_WID       |  out|    1|       m_axi|                               AXI_OUT|       pointer|
|m_axi_AXI_OUT_0_WUSER     |  out|    1|       m_axi|                               AXI_OUT|       pointer|
|m_axi_AXI_OUT_0_ARVALID   |  out|    1|       m_axi|                               AXI_OUT|       pointer|
|m_axi_AXI_OUT_0_ARREADY   |   in|    1|       m_axi|                               AXI_OUT|       pointer|
|m_axi_AXI_OUT_0_ARADDR    |  out|   64|       m_axi|                               AXI_OUT|       pointer|
|m_axi_AXI_OUT_0_ARID      |  out|    1|       m_axi|                               AXI_OUT|       pointer|
|m_axi_AXI_OUT_0_ARLEN     |  out|   32|       m_axi|                               AXI_OUT|       pointer|
|m_axi_AXI_OUT_0_ARSIZE    |  out|    3|       m_axi|                               AXI_OUT|       pointer|
|m_axi_AXI_OUT_0_ARBURST   |  out|    2|       m_axi|                               AXI_OUT|       pointer|
|m_axi_AXI_OUT_0_ARLOCK    |  out|    2|       m_axi|                               AXI_OUT|       pointer|
|m_axi_AXI_OUT_0_ARCACHE   |  out|    4|       m_axi|                               AXI_OUT|       pointer|
|m_axi_AXI_OUT_0_ARPROT    |  out|    3|       m_axi|                               AXI_OUT|       pointer|
|m_axi_AXI_OUT_0_ARQOS     |  out|    4|       m_axi|                               AXI_OUT|       pointer|
|m_axi_AXI_OUT_0_ARREGION  |  out|    4|       m_axi|                               AXI_OUT|       pointer|
|m_axi_AXI_OUT_0_ARUSER    |  out|    1|       m_axi|                               AXI_OUT|       pointer|
|m_axi_AXI_OUT_0_RVALID    |   in|    1|       m_axi|                               AXI_OUT|       pointer|
|m_axi_AXI_OUT_0_RREADY    |  out|    1|       m_axi|                               AXI_OUT|       pointer|
|m_axi_AXI_OUT_0_RDATA     |   in|   64|       m_axi|                               AXI_OUT|       pointer|
|m_axi_AXI_OUT_0_RLAST     |   in|    1|       m_axi|                               AXI_OUT|       pointer|
|m_axi_AXI_OUT_0_RID       |   in|    1|       m_axi|                               AXI_OUT|       pointer|
|m_axi_AXI_OUT_0_RFIFONUM  |   in|    9|       m_axi|                               AXI_OUT|       pointer|
|m_axi_AXI_OUT_0_RUSER     |   in|    1|       m_axi|                               AXI_OUT|       pointer|
|m_axi_AXI_OUT_0_RRESP     |   in|    2|       m_axi|                               AXI_OUT|       pointer|
|m_axi_AXI_OUT_0_BVALID    |   in|    1|       m_axi|                               AXI_OUT|       pointer|
|m_axi_AXI_OUT_0_BREADY    |  out|    1|       m_axi|                               AXI_OUT|       pointer|
|m_axi_AXI_OUT_0_BRESP     |   in|    2|       m_axi|                               AXI_OUT|       pointer|
|m_axi_AXI_OUT_0_BID       |   in|    1|       m_axi|                               AXI_OUT|       pointer|
|m_axi_AXI_OUT_0_BUSER     |   in|    1|       m_axi|                               AXI_OUT|       pointer|
|sext_ln42                 |   in|   61|     ap_none|                             sext_ln42|        scalar|
|conv_buf_address0         |  out|    8|   ap_memory|                              conv_buf|         array|
|conv_buf_ce0              |  out|    1|   ap_memory|                              conv_buf|         array|
|conv_buf_q0               |   in|   32|   ap_memory|                              conv_buf|         array|
|conv_buf_address1         |  out|    8|   ap_memory|                              conv_buf|         array|
|conv_buf_ce1              |  out|    1|   ap_memory|                              conv_buf|         array|
|conv_buf_q1               |   in|   32|   ap_memory|                              conv_buf|         array|
|conv_buf_1_address0       |  out|    8|   ap_memory|                            conv_buf_1|         array|
|conv_buf_1_ce0            |  out|    1|   ap_memory|                            conv_buf_1|         array|
|conv_buf_1_q0             |   in|   32|   ap_memory|                            conv_buf_1|         array|
|conv_buf_1_address1       |  out|    8|   ap_memory|                            conv_buf_1|         array|
|conv_buf_1_ce1            |  out|    1|   ap_memory|                            conv_buf_1|         array|
|conv_buf_1_q1             |   in|   32|   ap_memory|                            conv_buf_1|         array|
+--------------------------+-----+-----+------------+--------------------------------------+--------------+

