

================================================================
== Vitis HLS Report for 'conv2_pool2_Pipeline_LOAD_IC_LOAD_IY'
================================================================
* Date:           Thu Feb 26 16:24:08 2026

* Version:        2024.2 (Build 5238294 on Nov  8 2024)
* Project:        hls_prj
* Solution:       solution1 (Vitis Kernel Flow Target)
* Product family: zynq
* Target device:  xc7z020-clg400-1


================================================================
== Performance Estimates
================================================================
+ Timing: 
    * Summary: 
    +--------+----------+----------+------------+
    |  Clock |  Target  | Estimated| Uncertainty|
    +--------+----------+----------+------------+
    |ap_clk  |  10.00 ns|  7.300 ns|     2.70 ns|
    +--------+----------+----------+------------+

+ Latency: 
    * Summary: 
    +---------+---------+-----------+-----------+------+------+------------------------------------------------+
    |  Latency (cycles) |   Latency (absolute)  |   Interval  |                    Pipeline                    |
    |   min   |   max   |    min    |    max    |  min |  max |                      Type                      |
    +---------+---------+-----------+-----------+------+------+------------------------------------------------+
    |     8467|     8467|  84.670 us|  84.670 us|  8466|  8466|  loop auto-rewind stp (delay=0 clock cycles(s))|
    +---------+---------+-----------+-----------+------+------+------------------------------------------------+

    + Detail: 
        * Instance: 
        N/A

        * Loop: 
        +-------------------+---------+---------+----------+-----------+-----------+------+----------+
        |                   |  Latency (cycles) | Iteration|  Initiation Interval  | Trip |          |
        |     Loop Name     |   min   |   max   |  Latency |  achieved |   target  | Count| Pipelined|
        +-------------------+---------+---------+----------+-----------+-----------+------+----------+
        |- LOAD_IC_LOAD_IY  |     8465|     8465|        25|         23|          1|   368|       yes|
        +-------------------+---------+---------+----------+-----------+-----------+------+----------+



================================================================
== Utilization Estimates
================================================================
* Summary: 
+-----------------+---------+-----+--------+-------+-----+
|       Name      | BRAM_18K| DSP |   FF   |  LUT  | URAM|
+-----------------+---------+-----+--------+-------+-----+
|DSP              |        -|    1|       -|      -|    -|
|Expression       |        -|    -|       0|    127|    -|
|FIFO             |        -|    -|       -|      -|    -|
|Instance         |        -|    -|       -|      -|    -|
|Memory           |        -|    -|       -|      -|    -|
|Multiplexer      |        -|    -|       0|    488|    -|
|Register         |        -|    -|     196|      -|    -|
+-----------------+---------+-----+--------+-------+-----+
|Total            |        0|    1|     196|    615|    0|
+-----------------+---------+-----+--------+-------+-----+
|Available        |      280|  220|  106400|  53200|    0|
+-----------------+---------+-----+--------+-------+-----+
|Utilization (%)  |        0|   ~0|      ~0|      1|    0|
+-----------------+---------+-----+--------+-------+-----+

+ Detail: 
    * Instance: 
    N/A

    * DSP: 
    +---------------------------------+------------------------------+--------------+
    |             Instance            |            Module            |  Expression  |
    +---------------------------------+------------------------------+--------------+
    |mac_muladd_5ns_5ns_5ns_9_4_1_U1  |mac_muladd_5ns_5ns_5ns_9_4_1  |  i0 * i1 + i2|
    +---------------------------------+------------------------------+--------------+

    * Memory: 
    N/A

    * FIFO: 
    N/A

    * Expression: 
    +-----------------------------------+----------+----+---+----+------------+------------+
    |           Variable Name           | Operation| DSP| FF| LUT| Bitwidth P0| Bitwidth P1|
    +-----------------------------------+----------+----+---+----+------------+------------+
    |add_ln30_1_fu_336_p2               |         +|   0|  0|  14|           9|           1|
    |add_ln30_fu_354_p2                 |         +|   0|  0|  13|           5|           1|
    |add_ln32_fu_396_p2                 |         +|   0|  0|  13|           5|           1|
    |ap_block_pp0_stage0_11001          |       and|   0|  0|   2|           1|           1|
    |ap_block_pp0_stage10_11001         |       and|   0|  0|   2|           1|           1|
    |ap_block_pp0_stage11_11001         |       and|   0|  0|   2|           1|           1|
    |ap_block_pp0_stage12_11001         |       and|   0|  0|   2|           1|           1|
    |ap_block_pp0_stage13_11001         |       and|   0|  0|   2|           1|           1|
    |ap_block_pp0_stage14_11001         |       and|   0|  0|   2|           1|           1|
    |ap_block_pp0_stage15_11001         |       and|   0|  0|   2|           1|           1|
    |ap_block_pp0_stage16_11001         |       and|   0|  0|   2|           1|           1|
    |ap_block_pp0_stage17_11001         |       and|   0|  0|   2|           1|           1|
    |ap_block_pp0_stage18_11001         |       and|   0|  0|   2|           1|           1|
    |ap_block_pp0_stage19_11001         |       and|   0|  0|   2|           1|           1|
    |ap_block_pp0_stage1_11001          |       and|   0|  0|   2|           1|           1|
    |ap_block_pp0_stage20_11001         |       and|   0|  0|   2|           1|           1|
    |ap_block_pp0_stage21_11001         |       and|   0|  0|   2|           1|           1|
    |ap_block_pp0_stage22_11001         |       and|   0|  0|   2|           1|           1|
    |ap_block_pp0_stage2_11001          |       and|   0|  0|   2|           1|           1|
    |ap_block_pp0_stage3_11001          |       and|   0|  0|   2|           1|           1|
    |ap_block_pp0_stage4_11001          |       and|   0|  0|   2|           1|           1|
    |ap_block_pp0_stage5_11001          |       and|   0|  0|   2|           1|           1|
    |ap_block_pp0_stage6_11001          |       and|   0|  0|   2|           1|           1|
    |ap_block_pp0_stage7_11001          |       and|   0|  0|   2|           1|           1|
    |ap_block_pp0_stage8_11001          |       and|   0|  0|   2|           1|           1|
    |ap_block_pp0_stage9_11001          |       and|   0|  0|   2|           1|           1|
    |ap_block_state10_pp0_stage9_iter0  |       and|   0|  0|   2|           1|           1|
    |icmp_ln30_fu_330_p2                |      icmp|   0|  0|  14|           9|           9|
    |icmp_ln32_fu_360_p2                |      icmp|   0|  0|  13|           5|           5|
    |select_ln30_1_fu_374_p3            |    select|   0|  0|   5|           1|           5|
    |select_ln30_fu_366_p3              |    select|   0|  0|   5|           1|           1|
    |ap_enable_pp0                      |       xor|   0|  0|   2|           1|           2|
    +-----------------------------------+----------+----+---+----+------------+------------+
    |Total                              |          |   0|  0| 127|          60|          49|
    +-----------------------------------+----------+----+---+----+------------+------------+

    * Multiplexer: 
    +--------------------------------------+-----+-----------+-----+-----------+
    |                 Name                 | LUT | Input Size| Bits| Total Bits|
    +--------------------------------------+-----+-----------+-----+-----------+
    |AXI_IN_blk_n_R                        |    9|          2|    1|          2|
    |ap_NS_fsm                             |  113|         24|    1|         24|
    |ap_done_int                           |    9|          2|    1|          2|
    |ap_enable_reg_pp0_iter0               |    9|          2|    1|          2|
    |ap_enable_reg_pp0_iter0_reg           |    9|          2|    1|          2|
    |ap_enable_reg_pp0_iter1               |    9|          2|    1|          2|
    |ap_sig_allocacmp_ic_load              |    9|          2|    5|         10|
    |ap_sig_allocacmp_indvar_flatten_load  |    9|          2|    9|         18|
    |ap_sig_allocacmp_iy_load              |    9|          2|    5|         10|
    |ic_fu_86                              |    9|          2|    5|         10|
    |in_buf_1_address0_local               |   48|          9|   12|        108|
    |in_buf_1_d0_local                     |   48|          9|   32|        288|
    |in_buf_2_address0_local               |   42|          8|   12|         96|
    |in_buf_2_d0_local                     |   42|          8|   32|        256|
    |in_buf_address0_local                 |   48|          9|   12|        108|
    |in_buf_d0_local                       |   48|          9|   32|        288|
    |indvar_flatten_fu_90                  |    9|          2|    9|         18|
    |iy_fu_82                              |    9|          2|    5|         10|
    +--------------------------------------+-----+-----------+-----+-----------+
    |Total                                 |  488|         98|  176|       1254|
    +--------------------------------------+-----+-----------+-----+-----------+

    * Register: 
    +-----------------------------+----+----+-----+-----------+
    |             Name            | FF | LUT| Bits| Const Bits|
    +-----------------------------+----+----+-----+-----------+
    |AXI_IN_addr_read_1_reg_675   |  32|   0|   32|          0|
    |add_ln36_reg_680             |   9|   0|    9|          0|
    |ap_CS_fsm                    |  23|   0|   23|          0|
    |ap_done_reg                  |   1|   0|    1|          0|
    |ap_enable_reg_pp0_iter0_reg  |   1|   0|    1|          0|
    |ap_enable_reg_pp0_iter1      |   1|   0|    1|          0|
    |ic_fu_86                     |   5|   0|    5|          0|
    |icmp_ln30_reg_650            |   1|   0|    1|          0|
    |indvar_flatten_fu_90         |   9|   0|    9|          0|
    |iy_fu_82                     |   5|   0|    5|          0|
    |reg_304                      |  32|   0|   32|          0|
    |select_ln30_reg_659          |   5|   0|    5|          0|
    |zext_ln36_2_reg_691          |   9|   0|   64|         55|
    |zext_ln36_3_reg_696          |   9|   0|   64|         55|
    |zext_ln36_4_reg_702          |   9|   0|   64|         55|
    |zext_ln36_5_reg_708          |   9|   0|   64|         55|
    |zext_ln36_6_reg_714          |   9|   0|   64|         55|
    |zext_ln36_7_reg_720          |   9|   0|   64|         55|
    |zext_ln36_8_reg_726          |   9|   0|   64|         55|
    |zext_ln36_9_reg_732          |   9|   0|   64|         55|
    +-----------------------------+----+----+-----+-----------+
    |Total                        | 196|   0|  636|        440|
    +-----------------------------+----+----+-----+-----------+



================================================================
== Interface
================================================================
* Summary: 
+-------------------------+-----+-----+------------+--------------------------------------+--------------+
|        RTL Ports        | Dir | Bits|  Protocol  |             Source Object            |    C Type    |
+-------------------------+-----+-----+------------+--------------------------------------+--------------+
|ap_clk                   |   in|    1|  ap_ctrl_hs|  conv2_pool2_Pipeline_LOAD_IC_LOAD_IY|  return value|
|ap_rst                   |   in|    1|  ap_ctrl_hs|  conv2_pool2_Pipeline_LOAD_IC_LOAD_IY|  return value|
|ap_start                 |   in|    1|  ap_ctrl_hs|  conv2_pool2_Pipeline_LOAD_IC_LOAD_IY|  return value|
|ap_done                  |  out|    1|  ap_ctrl_hs|  conv2_pool2_Pipeline_LOAD_IC_LOAD_IY|  return value|
|ap_idle                  |  out|    1|  ap_ctrl_hs|  conv2_pool2_Pipeline_LOAD_IC_LOAD_IY|  return value|
|ap_ready                 |  out|    1|  ap_ctrl_hs|  conv2_pool2_Pipeline_LOAD_IC_LOAD_IY|  return value|
|m_axi_AXI_IN_0_AWVALID   |  out|    1|       m_axi|                                AXI_IN|       pointer|
|m_axi_AXI_IN_0_AWREADY   |   in|    1|       m_axi|                                AXI_IN|       pointer|
|m_axi_AXI_IN_0_AWADDR    |  out|   64|       m_axi|                                AXI_IN|       pointer|
|m_axi_AXI_IN_0_AWID      |  out|    1|       m_axi|                                AXI_IN|       pointer|
|m_axi_AXI_IN_0_AWLEN     |  out|   32|       m_axi|                                AXI_IN|       pointer|
|m_axi_AXI_IN_0_AWSIZE    |  out|    3|       m_axi|                                AXI_IN|       pointer|
|m_axi_AXI_IN_0_AWBURST   |  out|    2|       m_axi|                                AXI_IN|       pointer|
|m_axi_AXI_IN_0_AWLOCK    |  out|    2|       m_axi|                                AXI_IN|       pointer|
|m_axi_AXI_IN_0_AWCACHE   |  out|    4|       m_axi|                                AXI_IN|       pointer|
|m_axi_AXI_IN_0_AWPROT    |  out|    3|       m_axi|                                AXI_IN|       pointer|
|m_axi_AXI_IN_0_AWQOS     |  out|    4|       m_axi|                                AXI_IN|       pointer|
|m_axi_AXI_IN_0_AWREGION  |  out|    4|       m_axi|                                AXI_IN|       pointer|
|m_axi_AXI_IN_0_AWUSER    |  out|    1|       m_axi|                                AXI_IN|       pointer|
|m_axi_AXI_IN_0_WVALID    |  out|    1|       m_axi|                                AXI_IN|       pointer|
|m_axi_AXI_IN_0_WREADY    |   in|    1|       m_axi|                                AXI_IN|       pointer|
|m_axi_AXI_IN_0_WDATA     |  out|   32|       m_axi|                                AXI_IN|       pointer|
|m_axi_AXI_IN_0_WSTRB     |  out|    4|       m_axi|                                AXI_IN|       pointer|
|m_axi_AXI_IN_0_WLAST     |  out|    1|       m_axi|                                AXI_IN|       pointer|
|m_axi_AXI_IN_0_WID       |  out|    1|       m_axi|                                AXI_IN|       pointer|
|m_axi_AXI_IN_0_WUSER     |  out|    1|       m_axi|                                AXI_IN|       pointer|
|m_axi_AXI_IN_0_ARVALID   |  out|    1|       m_axi|                                AXI_IN|       pointer|
|m_axi_AXI_IN_0_ARREADY   |   in|    1|       m_axi|                                AXI_IN|       pointer|
|m_axi_AXI_IN_0_ARADDR    |  out|   64|       m_axi|                                AXI_IN|       pointer|
|m_axi_AXI_IN_0_ARID      |  out|    1|       m_axi|                                AXI_IN|       pointer|
|m_axi_AXI_IN_0_ARLEN     |  out|   32|       m_axi|                                AXI_IN|       pointer|
|m_axi_AXI_IN_0_ARSIZE    |  out|    3|       m_axi|                                AXI_IN|       pointer|
|m_axi_AXI_IN_0_ARBURST   |  out|    2|       m_axi|                                AXI_IN|       pointer|
|m_axi_AXI_IN_0_ARLOCK    |  out|    2|       m_axi|                                AXI_IN|       pointer|
|m_axi_AXI_IN_0_ARCACHE   |  out|    4|       m_axi|                                AXI_IN|       pointer|
|m_axi_AXI_IN_0_ARPROT    |  out|    3|       m_axi|                                AXI_IN|       pointer|
|m_axi_AXI_IN_0_ARQOS     |  out|    4|       m_axi|                                AXI_IN|       pointer|
|m_axi_AXI_IN_0_ARREGION  |  out|    4|       m_axi|                                AXI_IN|       pointer|
|m_axi_AXI_IN_0_ARUSER    |  out|    1|       m_axi|                                AXI_IN|       pointer|
|m_axi_AXI_IN_0_RVALID    |   in|    1|       m_axi|                                AXI_IN|       pointer|
|m_axi_AXI_IN_0_RREADY    |  out|    1|       m_axi|                                AXI_IN|       pointer|
|m_axi_AXI_IN_0_RDATA     |   in|   32|       m_axi|                                AXI_IN|       pointer|
|m_axi_AXI_IN_0_RLAST     |   in|    1|       m_axi|                                AXI_IN|       pointer|
|m_axi_AXI_IN_0_RID       |   in|    1|       m_axi|                                AXI_IN|       pointer|
|m_axi_AXI_IN_0_RFIFONUM  |   in|    9|       m_axi|                                AXI_IN|       pointer|
|m_axi_AXI_IN_0_RUSER     |   in|    1|       m_axi|                                AXI_IN|       pointer|
|m_axi_AXI_IN_0_RRESP     |   in|    2|       m_axi|                                AXI_IN|       pointer|
|m_axi_AXI_IN_0_BVALID    |   in|    1|       m_axi|                                AXI_IN|       pointer|
|m_axi_AXI_IN_0_BREADY    |  out|    1|       m_axi|                                AXI_IN|       pointer|
|m_axi_AXI_IN_0_BRESP     |   in|    2|       m_axi|                                AXI_IN|       pointer|
|m_axi_AXI_IN_0_BID       |   in|    1|       m_axi|                                AXI_IN|       pointer|
|m_axi_AXI_IN_0_BUSER     |   in|    1|       m_axi|                                AXI_IN|       pointer|
|sext_ln30                |   in|   62|     ap_none|                             sext_ln30|        scalar|
|in_buf_address0          |  out|   12|   ap_memory|                                in_buf|         array|
|in_buf_ce0               |  out|    1|   ap_memory|                                in_buf|         array|
|in_buf_we0               |  out|    1|   ap_memory|                                in_buf|         array|
|in_buf_d0                |  out|   32|   ap_memory|                                in_buf|         array|
|in_buf_1_address0        |  out|   12|   ap_memory|                              in_buf_1|         array|
|in_buf_1_ce0             |  out|    1|   ap_memory|                              in_buf_1|         array|
|in_buf_1_we0             |  out|    1|   ap_memory|                              in_buf_1|         array|
|in_buf_1_d0              |  out|   32|   ap_memory|                              in_buf_1|         array|
|in_buf_2_address0        |  out|   12|   ap_memory|                              in_buf_2|         array|
|in_buf_2_ce0             |  out|    1|   ap_memory|                              in_buf_2|         array|
|in_buf_2_we0             |  out|    1|   ap_memory|                              in_buf_2|         array|
|in_buf_2_d0              |  out|   32|   ap_memory|                              in_buf_2|         array|
+-------------------------+-----+-----+------------+--------------------------------------+--------------+

