

================================================================
== Vitis HLS Report for 'conv3'
================================================================
* Date:           Thu Feb 26 16:35:57 2026

* Version:        2024.2 (Build 5238294 on Nov  8 2024)
* Project:        hls_prj
* Solution:       solution1 (Vitis Kernel Flow Target)
* Product family: zynq
* Target device:  xc7z020-clg400-1


================================================================
== Performance Estimates
================================================================
+ Timing: 
    * Summary: 
    +--------+----------+----------+------------+
    |  Clock |  Target  | Estimated| Uncertainty|
    +--------+----------+----------+------------+
    |ap_clk  |  10.00 ns|  9.661 ns|     2.70 ns|
    +--------+----------+----------+------------+

+ Latency: 
    * Summary: 
    +---------+---------+-----------+-----------+---------+---------+---------+
    |  Latency (cycles) |   Latency (absolute)  |      Interval     | Pipeline|
    |   min   |   max   |    min    |    max    |   min   |   max   |   Type  |
    +---------+---------+-----------+-----------+---------+---------+---------+
    |  4720355|  4720355|  47.204 ms|  47.204 ms|  4720356|  4720356|       no|
    +---------+---------+-----------+-----------+---------+---------+---------+

    + Detail: 
        * Instance: 
        +---------------------------------------------------------------------------+----------------------------------------------------------------+---------+---------+-----------+-----------+---------+---------+------------------------------------------------+
        |                                                                           |                                                                |  Latency (cycles) |   Latency (absolute)  |      Interval     |                    Pipeline                    |
        |                                  Instance                                 |                             Module                             |   min   |   max   |    min    |    max    |   min   |   max   |                      Type                      |
        +---------------------------------------------------------------------------+----------------------------------------------------------------+---------+---------+-----------+-----------+---------+---------+------------------------------------------------+
        |grp_conv3_Pipeline_LOAD_IC_LOAD_IY_fu_123                                  |conv3_Pipeline_LOAD_IC_LOAD_IY                                  |     1603|     1603|  16.030 us|  16.030 us|     1602|     1602|  loop auto-rewind stp (delay=0 clock cycles(s))|
        |grp_conv3_Pipeline_CONV_OC_CONV_OY_CONV_OX_CONV_IC_CONV_KY_CONV_KX_fu_133  |conv3_Pipeline_CONV_OC_CONV_OY_CONV_OX_CONV_IC_CONV_KY_CONV_KX  |  4718609|  4718609|  47.186 ms|  47.186 ms|  4718596|  4718596|  loop auto-rewind stp (delay=0 clock cycles(s))|
        +---------------------------------------------------------------------------+----------------------------------------------------------------+---------+---------+-----------+-----------+---------+---------+------------------------------------------------+

        * Loop: 
        N/A



================================================================
== Utilization Estimates
================================================================
* Summary: 
+-----------------+---------+-----+--------+-------+-----+
|       Name      | BRAM_18K| DSP |   FF   |  LUT  | URAM|
+-----------------+---------+-----+--------+-------+-----+
|DSP              |        -|    -|       -|      -|    -|
|Expression       |        -|    -|       0|      2|    -|
|FIFO             |        -|    -|       -|      -|    -|
|Instance         |       98|    5|    5890|   6676|    -|
|Memory           |       12|    -|       0|      0|    0|
|Multiplexer      |        -|    -|       0|   1037|    -|
|Register         |        -|    -|     269|      -|    -|
+-----------------+---------+-----+--------+-------+-----+
|Total            |      110|    5|    6159|   7715|    0|
+-----------------+---------+-----+--------+-------+-----+
|Available        |      280|  220|  106400|  53200|    0|
+-----------------+---------+-----+--------+-------+-----+
|Utilization (%)  |       39|    2|       5|     14|    0|
+-----------------+---------+-----+--------+-------+-----+

+ Detail: 
    * Instance: 
    +---------------------------------------------------------------------------+----------------------------------------------------------------+---------+----+------+------+-----+
    |                                  Instance                                 |                             Module                             | BRAM_18K| DSP|  FF  |  LUT | URAM|
    +---------------------------------------------------------------------------+----------------------------------------------------------------+---------+----+------+------+-----+
    |AXI_IN_m_axi_U                                                             |AXI_IN_m_axi                                                    |        4|   0|   725|   843|    0|
    |AXI_OUT_m_axi_U                                                            |AXI_OUT_m_axi                                                   |       29|   0|  1568|  1651|    0|
    |control_s_axi_U                                                            |control_s_axi                                                   |        0|   0|   176|   296|    0|
    |grp_conv3_Pipeline_CONV_OC_CONV_OY_CONV_OX_CONV_IC_CONV_KY_CONV_KX_fu_133  |conv3_Pipeline_CONV_OC_CONV_OY_CONV_OX_CONV_IC_CONV_KY_CONV_KX  |       65|   5|  3160|  3534|    0|
    |grp_conv3_Pipeline_LOAD_IC_LOAD_IY_fu_123                                  |conv3_Pipeline_LOAD_IC_LOAD_IY                                  |        0|   0|   261|   352|    0|
    +---------------------------------------------------------------------------+----------------------------------------------------------------+---------+----+------+------+-----+
    |Total                                                                      |                                                                |       98|   5|  5890|  6676|    0|
    +---------------------------------------------------------------------------+----------------------------------------------------------------+---------+----+------+------+-----+

    * DSP: 
    N/A

    * Memory: 
    +------------+----------------------+---------+---+----+-----+------+-----+------+-------------+
    |   Memory   |        Module        | BRAM_18K| FF| LUT| URAM| Words| Bits| Banks| W*Bits*Banks|
    +------------+----------------------+---------+---+----+-----+------+-----+------+-------------+
    |in_buf_U    |in_buf_RAM_AUTO_1R1W  |        4|  0|   0|    0|  1280|   32|     1|        40960|
    |in_buf_1_U  |in_buf_RAM_AUTO_1R1W  |        4|  0|   0|    0|  1280|   32|     1|        40960|
    |in_buf_2_U  |in_buf_RAM_AUTO_1R1W  |        4|  0|   0|    0|  1280|   32|     1|        40960|
    +------------+----------------------+---------+---+----+-----+------+-----+------+-------------+
    |Total       |                      |       12|  0|   0|    0|  3840|   96|     3|       122880|
    +------------+----------------------+---------+---+----+-----+------+-----+------+-------------+

    * FIFO: 
    N/A

    * Expression: 
    +-----------------+----------+----+---+----+------------+------------+
    |  Variable Name  | Operation| DSP| FF| LUT| Bitwidth P0| Bitwidth P1|
    +-----------------+----------+----+---+----+------------+------------+
    |ap_block_state1  |        or|   0|  0|   2|           1|           1|
    +-----------------+----------+----+---+----+------------+------------+
    |Total            |          |   0|  0|   2|           1|           1|
    +-----------------+----------+----+---+----+------------+------------+

    * Multiplexer: 
    +-------------------+-----+-----------+-----+-----------+
    |        Name       | LUT | Input Size| Bits| Total Bits|
    +-------------------+-----+-----------+-----+-----------+
    |AXI_IN_0_ARADDR    |   14|          3|   64|        192|
    |AXI_IN_0_ARLEN     |   14|          3|   32|         96|
    |AXI_IN_0_ARVALID   |   14|          3|    1|          3|
    |AXI_IN_0_RREADY    |    9|          2|    1|          2|
    |AXI_IN_blk_n_AR    |    9|          2|    1|          2|
    |AXI_OUT_0_AWADDR   |   14|          3|   64|        192|
    |AXI_OUT_0_AWLEN    |   14|          3|   32|         96|
    |AXI_OUT_0_AWVALID  |   14|          3|    1|          3|
    |AXI_OUT_0_BREADY   |   14|          3|    1|          3|
    |AXI_OUT_0_WVALID   |    9|          2|    1|          2|
    |AXI_OUT_blk_n_AW   |    9|          2|    1|          2|
    |AXI_OUT_blk_n_B    |    9|          2|    1|          2|
    |ap_NS_fsm          |  774|        145|    1|        145|
    |ap_done            |    9|          2|    1|          2|
    |in_buf_1_address0  |   14|          3|   11|         33|
    |in_buf_1_ce0       |   14|          3|    1|          3|
    |in_buf_1_we0       |    9|          2|    1|          2|
    |in_buf_2_address0  |   14|          3|   11|         33|
    |in_buf_2_ce0       |   14|          3|    1|          3|
    |in_buf_2_we0       |    9|          2|    1|          2|
    |in_buf_address0    |   14|          3|   11|         33|
    |in_buf_ce0         |   14|          3|    1|          3|
    |in_buf_we0         |    9|          2|    1|          2|
    +-------------------+-----+-----------+-----+-----------+
    |Total              | 1037|        202|  241|        856|
    +-------------------+-----+-----------+-----+-----------+

    * Register: 
    +----------------------------------------------------------------------------------------+-----+----+-----+-----------+
    |                                          Name                                          |  FF | LUT| Bits| Const Bits|
    +----------------------------------------------------------------------------------------+-----+----+-----+-----------+
    |ap_CS_fsm                                                                               |  144|   0|  144|          0|
    |ap_done_reg                                                                             |    1|   0|    1|          0|
    |ap_rst_n_inv                                                                            |    1|   0|    1|          0|
    |ap_rst_reg_1                                                                            |    1|   0|    1|          0|
    |ap_rst_reg_2                                                                            |    1|   0|    1|          0|
    |grp_conv3_Pipeline_CONV_OC_CONV_OY_CONV_OX_CONV_IC_CONV_KY_CONV_KX_fu_133_ap_start_reg  |    1|   0|    1|          0|
    |grp_conv3_Pipeline_LOAD_IC_LOAD_IY_fu_123_ap_start_reg                                  |    1|   0|    1|          0|
    |trunc_ln1_reg_193                                                                       |   58|   0|   58|          0|
    |trunc_ln_reg_187                                                                        |   61|   0|   61|          0|
    +----------------------------------------------------------------------------------------+-----+----+-----+-----------+
    |Total                                                                                   |  269|   0|  269|          0|
    +----------------------------------------------------------------------------------------+-----+----+-----+-----------+



================================================================
== Interface
================================================================
* Summary: 
+------------------------+-----+-----+---------------+--------------+--------------+
|        RTL Ports       | Dir | Bits|    Protocol   | Source Object|    C Type    |
+------------------------+-----+-----+---------------+--------------+--------------+
|s_axi_control_AWVALID   |   in|    1|          s_axi|       control|        scalar|
|s_axi_control_AWREADY   |  out|    1|          s_axi|       control|        scalar|
|s_axi_control_AWADDR    |   in|    6|          s_axi|       control|        scalar|
|s_axi_control_WVALID    |   in|    1|          s_axi|       control|        scalar|
|s_axi_control_WREADY    |  out|    1|          s_axi|       control|        scalar|
|s_axi_control_WDATA     |   in|   32|          s_axi|       control|        scalar|
|s_axi_control_WSTRB     |   in|    4|          s_axi|       control|        scalar|
|s_axi_control_ARVALID   |   in|    1|          s_axi|       control|        scalar|
|s_axi_control_ARREADY   |  out|    1|          s_axi|       control|        scalar|
|s_axi_control_ARADDR    |   in|    6|          s_axi|       control|        scalar|
|s_axi_control_RVALID    |  out|    1|          s_axi|       control|        scalar|
|s_axi_control_RREADY    |   in|    1|          s_axi|       control|        scalar|
|s_axi_control_RDATA     |  out|   32|          s_axi|       control|        scalar|
|s_axi_control_RRESP     |  out|    2|          s_axi|       control|        scalar|
|s_axi_control_BVALID    |  out|    1|          s_axi|       control|        scalar|
|s_axi_control_BREADY    |   in|    1|          s_axi|       control|        scalar|
|s_axi_control_BRESP     |  out|    2|          s_axi|       control|        scalar|
|ap_clk                  |   in|    1|  ap_ctrl_chain|         conv3|  return value|
|ap_rst_n                |   in|    1|  ap_ctrl_chain|         conv3|  return value|
|interrupt               |  out|    1|  ap_ctrl_chain|         conv3|  return value|
|m_axi_AXI_IN_AWVALID    |  out|    1|          m_axi|        AXI_IN|       pointer|
|m_axi_AXI_IN_AWREADY    |   in|    1|          m_axi|        AXI_IN|       pointer|
|m_axi_AXI_IN_AWADDR     |  out|   64|          m_axi|        AXI_IN|       pointer|
|m_axi_AXI_IN_AWID       |  out|    1|          m_axi|        AXI_IN|       pointer|
|m_axi_AXI_IN_AWLEN      |  out|    8|          m_axi|        AXI_IN|       pointer|
|m_axi_AXI_IN_AWSIZE     |  out|    3|          m_axi|        AXI_IN|       pointer|
|m_axi_AXI_IN_AWBURST    |  out|    2|          m_axi|        AXI_IN|       pointer|
|m_axi_AXI_IN_AWLOCK     |  out|    2|          m_axi|        AXI_IN|       pointer|
|m_axi_AXI_IN_AWCACHE    |  out|    4|          m_axi|        AXI_IN|       pointer|
|m_axi_AXI_IN_AWPROT     |  out|    3|          m_axi|        AXI_IN|       pointer|
|m_axi_AXI_IN_AWQOS      |  out|    4|          m_axi|        AXI_IN|       pointer|
|m_axi_AXI_IN_AWREGION   |  out|    4|          m_axi|        AXI_IN|       pointer|
|m_axi_AXI_IN_AWUSER     |  out|    1|          m_axi|        AXI_IN|       pointer|
|m_axi_AXI_IN_WVALID     |  out|    1|          m_axi|        AXI_IN|       pointer|
|m_axi_AXI_IN_WREADY     |   in|    1|          m_axi|        AXI_IN|       pointer|
|m_axi_AXI_IN_WDATA      |  out|   64|          m_axi|        AXI_IN|       pointer|
|m_axi_AXI_IN_WSTRB      |  out|    8|          m_axi|        AXI_IN|       pointer|
|m_axi_AXI_IN_WLAST      |  out|    1|          m_axi|        AXI_IN|       pointer|
|m_axi_AXI_IN_WID        |  out|    1|          m_axi|        AXI_IN|       pointer|
|m_axi_AXI_IN_WUSER      |  out|    1|          m_axi|        AXI_IN|       pointer|
|m_axi_AXI_IN_ARVALID    |  out|    1|          m_axi|        AXI_IN|       pointer|
|m_axi_AXI_IN_ARREADY    |   in|    1|          m_axi|        AXI_IN|       pointer|
|m_axi_AXI_IN_ARADDR     |  out|   64|          m_axi|        AXI_IN|       pointer|
|m_axi_AXI_IN_ARID       |  out|    1|          m_axi|        AXI_IN|       pointer|
|m_axi_AXI_IN_ARLEN      |  out|    8|          m_axi|        AXI_IN|       pointer|
|m_axi_AXI_IN_ARSIZE     |  out|    3|          m_axi|        AXI_IN|       pointer|
|m_axi_AXI_IN_ARBURST    |  out|    2|          m_axi|        AXI_IN|       pointer|
|m_axi_AXI_IN_ARLOCK     |  out|    2|          m_axi|        AXI_IN|       pointer|
|m_axi_AXI_IN_ARCACHE    |  out|    4|          m_axi|        AXI_IN|       pointer|
|m_axi_AXI_IN_ARPROT     |  out|    3|          m_axi|        AXI_IN|       pointer|
|m_axi_AXI_IN_ARQOS      |  out|    4|          m_axi|        AXI_IN|       pointer|
|m_axi_AXI_IN_ARREGION   |  out|    4|          m_axi|        AXI_IN|       pointer|
|m_axi_AXI_IN_ARUSER     |  out|    1|          m_axi|        AXI_IN|       pointer|
|m_axi_AXI_IN_RVALID     |   in|    1|          m_axi|        AXI_IN|       pointer|
|m_axi_AXI_IN_RREADY     |  out|    1|          m_axi|        AXI_IN|       pointer|
|m_axi_AXI_IN_RDATA      |   in|   64|          m_axi|        AXI_IN|       pointer|
|m_axi_AXI_IN_RLAST      |   in|    1|          m_axi|        AXI_IN|       pointer|
|m_axi_AXI_IN_RID        |   in|    1|          m_axi|        AXI_IN|       pointer|
|m_axi_AXI_IN_RUSER      |   in|    1|          m_axi|        AXI_IN|       pointer|
|m_axi_AXI_IN_RRESP      |   in|    2|          m_axi|        AXI_IN|       pointer|
|m_axi_AXI_IN_BVALID     |   in|    1|          m_axi|        AXI_IN|       pointer|
|m_axi_AXI_IN_BREADY     |  out|    1|          m_axi|        AXI_IN|       pointer|
|m_axi_AXI_IN_BRESP      |   in|    2|          m_axi|        AXI_IN|       pointer|
|m_axi_AXI_IN_BID        |   in|    1|          m_axi|        AXI_IN|       pointer|
|m_axi_AXI_IN_BUSER      |   in|    1|          m_axi|        AXI_IN|       pointer|
|m_axi_AXI_OUT_AWVALID   |  out|    1|          m_axi|       AXI_OUT|       pointer|
|m_axi_AXI_OUT_AWREADY   |   in|    1|          m_axi|       AXI_OUT|       pointer|
|m_axi_AXI_OUT_AWADDR    |  out|   64|          m_axi|       AXI_OUT|       pointer|
|m_axi_AXI_OUT_AWID      |  out|    1|          m_axi|       AXI_OUT|       pointer|
|m_axi_AXI_OUT_AWLEN     |  out|    8|          m_axi|       AXI_OUT|       pointer|
|m_axi_AXI_OUT_AWSIZE    |  out|    3|          m_axi|       AXI_OUT|       pointer|
|m_axi_AXI_OUT_AWBURST   |  out|    2|          m_axi|       AXI_OUT|       pointer|
|m_axi_AXI_OUT_AWLOCK    |  out|    2|          m_axi|       AXI_OUT|       pointer|
|m_axi_AXI_OUT_AWCACHE   |  out|    4|          m_axi|       AXI_OUT|       pointer|
|m_axi_AXI_OUT_AWPROT    |  out|    3|          m_axi|       AXI_OUT|       pointer|
|m_axi_AXI_OUT_AWQOS     |  out|    4|          m_axi|       AXI_OUT|       pointer|
|m_axi_AXI_OUT_AWREGION  |  out|    4|          m_axi|       AXI_OUT|       pointer|
|m_axi_AXI_OUT_AWUSER    |  out|    1|          m_axi|       AXI_OUT|       pointer|
|m_axi_AXI_OUT_WVALID    |  out|    1|          m_axi|       AXI_OUT|       pointer|
|m_axi_AXI_OUT_WREADY    |   in|    1|          m_axi|       AXI_OUT|       pointer|
|m_axi_AXI_OUT_WDATA     |  out|  512|          m_axi|       AXI_OUT|       pointer|
|m_axi_AXI_OUT_WSTRB     |  out|   64|          m_axi|       AXI_OUT|       pointer|
|m_axi_AXI_OUT_WLAST     |  out|    1|          m_axi|       AXI_OUT|       pointer|
|m_axi_AXI_OUT_WID       |  out|    1|          m_axi|       AXI_OUT|       pointer|
|m_axi_AXI_OUT_WUSER     |  out|    1|          m_axi|       AXI_OUT|       pointer|
|m_axi_AXI_OUT_ARVALID   |  out|    1|          m_axi|       AXI_OUT|       pointer|
|m_axi_AXI_OUT_ARREADY   |   in|    1|          m_axi|       AXI_OUT|       pointer|
|m_axi_AXI_OUT_ARADDR    |  out|   64|          m_axi|       AXI_OUT|       pointer|
|m_axi_AXI_OUT_ARID      |  out|    1|          m_axi|       AXI_OUT|       pointer|
|m_axi_AXI_OUT_ARLEN     |  out|    8|          m_axi|       AXI_OUT|       pointer|
|m_axi_AXI_OUT_ARSIZE    |  out|    3|          m_axi|       AXI_OUT|       pointer|
|m_axi_AXI_OUT_ARBURST   |  out|    2|          m_axi|       AXI_OUT|       pointer|
|m_axi_AXI_OUT_ARLOCK    |  out|    2|          m_axi|       AXI_OUT|       pointer|
|m_axi_AXI_OUT_ARCACHE   |  out|    4|          m_axi|       AXI_OUT|       pointer|
|m_axi_AXI_OUT_ARPROT    |  out|    3|          m_axi|       AXI_OUT|       pointer|
|m_axi_AXI_OUT_ARQOS     |  out|    4|          m_axi|       AXI_OUT|       pointer|
|m_axi_AXI_OUT_ARREGION  |  out|    4|          m_axi|       AXI_OUT|       pointer|
|m_axi_AXI_OUT_ARUSER    |  out|    1|          m_axi|       AXI_OUT|       pointer|
|m_axi_AXI_OUT_RVALID    |   in|    1|          m_axi|       AXI_OUT|       pointer|
|m_axi_AXI_OUT_RREADY    |  out|    1|          m_axi|       AXI_OUT|       pointer|
|m_axi_AXI_OUT_RDATA     |   in|  512|          m_axi|       AXI_OUT|       pointer|
|m_axi_AXI_OUT_RLAST     |   in|    1|          m_axi|       AXI_OUT|       pointer|
|m_axi_AXI_OUT_RID       |   in|    1|          m_axi|       AXI_OUT|       pointer|
|m_axi_AXI_OUT_RUSER     |   in|    1|          m_axi|       AXI_OUT|       pointer|
|m_axi_AXI_OUT_RRESP     |   in|    2|          m_axi|       AXI_OUT|       pointer|
|m_axi_AXI_OUT_BVALID    |   in|    1|          m_axi|       AXI_OUT|       pointer|
|m_axi_AXI_OUT_BREADY    |  out|    1|          m_axi|       AXI_OUT|       pointer|
|m_axi_AXI_OUT_BRESP     |   in|    2|          m_axi|       AXI_OUT|       pointer|
|m_axi_AXI_OUT_BID       |   in|    1|          m_axi|       AXI_OUT|       pointer|
|m_axi_AXI_OUT_BUSER     |   in|    1|          m_axi|       AXI_OUT|       pointer|
+------------------------+-----+-----+---------------+--------------+--------------+

