

================================================================
== Vitis HLS Report for 'conv3_Pipeline_LOAD_IC_LOAD_IY'
================================================================
* Date:           Thu Feb 26 16:35:56 2026

* Version:        2024.2 (Build 5238294 on Nov  8 2024)
* Project:        hls_prj
* Solution:       solution1 (Vitis Kernel Flow Target)
* Product family: zynq
* Target device:  xc7z020-clg400-1


================================================================
== Performance Estimates
================================================================
+ Timing: 
    * Summary: 
    +--------+----------+----------+------------+
    |  Clock |  Target  | Estimated| Uncertainty|
    +--------+----------+----------+------------+
    |ap_clk  |  10.00 ns|  7.300 ns|     2.70 ns|
    +--------+----------+----------+------------+

+ Latency: 
    * Summary: 
    +---------+---------+-----------+-----------+------+------+------------------------------------------------+
    |  Latency (cycles) |   Latency (absolute)  |   Interval  |                    Pipeline                    |
    |   min   |   max   |    min    |    max    |  min |  max |                      Type                      |
    +---------+---------+-----------+-----------+------+------+------------------------------------------------+
    |     1603|     1603|  16.030 us|  16.030 us|  1602|  1602|  loop auto-rewind stp (delay=0 clock cycles(s))|
    +---------+---------+-----------+-----------+------+------+------------------------------------------------+

    + Detail: 
        * Instance: 
        N/A

        * Loop: 
        +-------------------+---------+---------+----------+-----------+-----------+------+----------+
        |                   |  Latency (cycles) | Iteration|  Initiation Interval  | Trip |          |
        |     Loop Name     |   min   |   max   |  Latency |  achieved |   target  | Count| Pipelined|
        +-------------------+---------+---------+----------+-----------+-----------+------+----------+
        |- LOAD_IC_LOAD_IY  |     1601|     1601|         7|          5|          1|   320|       yes|
        +-------------------+---------+---------+----------+-----------+-----------+------+----------+



================================================================
== Utilization Estimates
================================================================
* Summary: 
+-----------------+---------+-----+--------+-------+-----+
|       Name      | BRAM_18K| DSP |   FF   |  LUT  | URAM|
+-----------------+---------+-----+--------+-------+-----+
|DSP              |        -|    -|       -|      -|    -|
|Expression       |        -|    -|       0|    110|    -|
|FIFO             |        -|    -|       -|      -|    -|
|Instance         |        -|    -|       -|      -|    -|
|Memory           |        -|    -|       -|      -|    -|
|Multiplexer      |        -|    -|       0|    242|    -|
|Register         |        -|    -|     261|      -|    -|
+-----------------+---------+-----+--------+-------+-----+
|Total            |        0|    0|     261|    352|    0|
+-----------------+---------+-----+--------+-------+-----+
|Available        |      280|  220|  106400|  53200|    0|
+-----------------+---------+-----+--------+-------+-----+
|Utilization (%)  |        0|    0|      ~0|     ~0|    0|
+-----------------+---------+-----+--------+-------+-----+

+ Detail: 
    * Instance: 
    N/A

    * DSP: 
    N/A

    * Memory: 
    N/A

    * FIFO: 
    N/A

    * Expression: 
    +---------------------------------------+----------+----+---+----+------------+------------+
    |             Variable Name             | Operation| DSP| FF| LUT| Bitwidth P0| Bitwidth P1|
    +---------------------------------------+----------+----+---+----+------------+------------+
    |add_ln28_1_fu_250_p2                   |         +|   0|  0|  14|           9|           1|
    |add_ln28_fu_273_p2                     |         +|   0|  0|  14|           6|           1|
    |add_ln30_fu_341_p2                     |         +|   0|  0|  13|           4|           1|
    |add_ln34_1_fu_331_p2                   |         +|   0|  0|   9|           9|           9|
    |add_ln34_fu_321_p2                     |         +|   0|  0|   9|           9|           9|
    |ap_block_pp0_stage0_11001              |       and|   0|  0|   2|           1|           1|
    |ap_block_pp0_stage1_11001_grp1         |       and|   0|  0|   2|           1|           1|
    |ap_block_pp0_stage2_11001_grp2         |       and|   0|  0|   2|           1|           1|
    |ap_block_pp0_stage3_11001_grp3         |       and|   0|  0|   2|           1|           1|
    |ap_block_pp0_stage4_11001_grp4         |       and|   0|  0|   2|           1|           1|
    |ap_block_state2_pp0_stage1_iter0_grp1  |       and|   0|  0|   2|           1|           1|
    |icmp_ln28_fu_244_p2                    |      icmp|   0|  0|  14|           9|           9|
    |icmp_ln30_fu_279_p2                    |      icmp|   0|  0|  13|           4|           4|
    |select_ln28_1_fu_293_p3                |    select|   0|  0|   6|           1|           6|
    |select_ln28_fu_285_p3                  |    select|   0|  0|   4|           1|           1|
    |ap_enable_pp0                          |       xor|   0|  0|   2|           1|           2|
    +---------------------------------------+----------+----+---+----+------------+------------+
    |Total                                  |          |   0|  0| 110|          59|          49|
    +---------------------------------------+----------+----+---+----+------------+------------+

    * Multiplexer: 
    +--------------------------------------+----+-----------+-----+-----------+
    |                 Name                 | LUT| Input Size| Bits| Total Bits|
    +--------------------------------------+----+-----------+-----+-----------+
    |AXI_IN_blk_n_R                        |   9|          2|    1|          2|
    |ap_NS_fsm                             |  31|          6|    1|          6|
    |ap_done_int                           |   9|          2|    1|          2|
    |ap_enable_reg_pp0_iter0               |   9|          2|    1|          2|
    |ap_enable_reg_pp0_iter0_reg           |   9|          2|    1|          2|
    |ap_enable_reg_pp0_iter1               |   9|          2|    1|          2|
    |ap_sig_allocacmp_indvar_flatten_load  |   9|          2|    9|         18|
    |ic_fu_94                              |   9|          2|    6|         12|
    |in_buf_1_address0_local               |  20|          4|   11|         44|
    |in_buf_1_d0_local                     |  20|          4|   32|        128|
    |in_buf_2_address0_local               |  20|          4|   11|         44|
    |in_buf_2_d0_local                     |  20|          4|   32|        128|
    |in_buf_address0_local                 |  25|          5|   11|         55|
    |in_buf_d0_local                       |  25|          5|   32|        160|
    |indvar_flatten_fu_98                  |   9|          2|    9|         18|
    |iy_fu_90                              |   9|          2|    4|          8|
    +--------------------------------------+----+-----------+-----+-----------+
    |Total                                 | 242|         50|  163|        631|
    +--------------------------------------+----+-----------+-----+-----------+

    * Register: 
    +-------------------------------------------+----+----+-----+-----------+
    |                    Name                   | FF | LUT| Bits| Const Bits|
    +-------------------------------------------+----+----+-----+-----------+
    |add_ln34_1_reg_503                         |   9|   0|    9|          0|
    |ap_CS_fsm                                  |   5|   0|    5|          0|
    |ap_block_pp0_stage0_subdone_grp0_done_reg  |   1|   0|    1|          0|
    |ap_block_pp0_stage1_subdone_grp0_done_reg  |   1|   0|    1|          0|
    |ap_block_pp0_stage2_subdone_grp0_done_reg  |   1|   0|    1|          0|
    |ap_block_pp0_stage3_subdone_grp0_done_reg  |   1|   0|    1|          0|
    |ap_block_pp0_stage4_subdone_grp0_done_reg  |   1|   0|    1|          0|
    |ap_done_reg                                |   1|   0|    1|          0|
    |ap_enable_reg_pp0_iter0_reg                |   1|   0|    1|          0|
    |ap_enable_reg_pp0_iter1                    |   1|   0|    1|          0|
    |ic_fu_94                                   |   6|   0|    6|          0|
    |icmp_ln28_reg_494                          |   1|   0|    1|          0|
    |indvar_flatten_fu_98                       |   9|   0|    9|          0|
    |iy_fu_90                                   |   4|   0|    4|          0|
    |reg_218                                    |  32|   0|   32|          0|
    |trunc_ln34_2_reg_521                       |  32|   0|   32|          0|
    |trunc_ln34_4_reg_532                       |  32|   0|   32|          0|
    |trunc_ln34_6_reg_537                       |  32|   0|   32|          0|
    |trunc_ln34_8_reg_547                       |  32|   0|   32|          0|
    |trunc_ln34_reg_511                         |  32|   0|   32|          0|
    |zext_ln34_2_reg_516                        |   9|   0|   64|         55|
    |zext_ln34_3_reg_526                        |   9|   0|   64|         55|
    |zext_ln34_4_reg_542                        |   9|   0|   64|         55|
    +-------------------------------------------+----+----+-----+-----------+
    |Total                                      | 261|   0|  426|        165|
    +-------------------------------------------+----+----+-----+-----------+



================================================================
== Interface
================================================================
* Summary: 
+-------------------------+-----+-----+------------+--------------------------------+--------------+
|        RTL Ports        | Dir | Bits|  Protocol  |          Source Object         |    C Type    |
+-------------------------+-----+-----+------------+--------------------------------+--------------+
|ap_clk                   |   in|    1|  ap_ctrl_hs|  conv3_Pipeline_LOAD_IC_LOAD_IY|  return value|
|ap_rst                   |   in|    1|  ap_ctrl_hs|  conv3_Pipeline_LOAD_IC_LOAD_IY|  return value|
|ap_start                 |   in|    1|  ap_ctrl_hs|  conv3_Pipeline_LOAD_IC_LOAD_IY|  return value|
|ap_done                  |  out|    1|  ap_ctrl_hs|  conv3_Pipeline_LOAD_IC_LOAD_IY|  return value|
|ap_idle                  |  out|    1|  ap_ctrl_hs|  conv3_Pipeline_LOAD_IC_LOAD_IY|  return value|
|ap_ready                 |  out|    1|  ap_ctrl_hs|  conv3_Pipeline_LOAD_IC_LOAD_IY|  return value|
|m_axi_AXI_IN_0_AWVALID   |  out|    1|       m_axi|                          AXI_IN|       pointer|
|m_axi_AXI_IN_0_AWREADY   |   in|    1|       m_axi|                          AXI_IN|       pointer|
|m_axi_AXI_IN_0_AWADDR    |  out|   64|       m_axi|                          AXI_IN|       pointer|
|m_axi_AXI_IN_0_AWID      |  out|    1|       m_axi|                          AXI_IN|       pointer|
|m_axi_AXI_IN_0_AWLEN     |  out|   32|       m_axi|                          AXI_IN|       pointer|
|m_axi_AXI_IN_0_AWSIZE    |  out|    3|       m_axi|                          AXI_IN|       pointer|
|m_axi_AXI_IN_0_AWBURST   |  out|    2|       m_axi|                          AXI_IN|       pointer|
|m_axi_AXI_IN_0_AWLOCK    |  out|    2|       m_axi|                          AXI_IN|       pointer|
|m_axi_AXI_IN_0_AWCACHE   |  out|    4|       m_axi|                          AXI_IN|       pointer|
|m_axi_AXI_IN_0_AWPROT    |  out|    3|       m_axi|                          AXI_IN|       pointer|
|m_axi_AXI_IN_0_AWQOS     |  out|    4|       m_axi|                          AXI_IN|       pointer|
|m_axi_AXI_IN_0_AWREGION  |  out|    4|       m_axi|                          AXI_IN|       pointer|
|m_axi_AXI_IN_0_AWUSER    |  out|    1|       m_axi|                          AXI_IN|       pointer|
|m_axi_AXI_IN_0_WVALID    |  out|    1|       m_axi|                          AXI_IN|       pointer|
|m_axi_AXI_IN_0_WREADY    |   in|    1|       m_axi|                          AXI_IN|       pointer|
|m_axi_AXI_IN_0_WDATA     |  out|   64|       m_axi|                          AXI_IN|       pointer|
|m_axi_AXI_IN_0_WSTRB     |  out|    8|       m_axi|                          AXI_IN|       pointer|
|m_axi_AXI_IN_0_WLAST     |  out|    1|       m_axi|                          AXI_IN|       pointer|
|m_axi_AXI_IN_0_WID       |  out|    1|       m_axi|                          AXI_IN|       pointer|
|m_axi_AXI_IN_0_WUSER     |  out|    1|       m_axi|                          AXI_IN|       pointer|
|m_axi_AXI_IN_0_ARVALID   |  out|    1|       m_axi|                          AXI_IN|       pointer|
|m_axi_AXI_IN_0_ARREADY   |   in|    1|       m_axi|                          AXI_IN|       pointer|
|m_axi_AXI_IN_0_ARADDR    |  out|   64|       m_axi|                          AXI_IN|       pointer|
|m_axi_AXI_IN_0_ARID      |  out|    1|       m_axi|                          AXI_IN|       pointer|
|m_axi_AXI_IN_0_ARLEN     |  out|   32|       m_axi|                          AXI_IN|       pointer|
|m_axi_AXI_IN_0_ARSIZE    |  out|    3|       m_axi|                          AXI_IN|       pointer|
|m_axi_AXI_IN_0_ARBURST   |  out|    2|       m_axi|                          AXI_IN|       pointer|
|m_axi_AXI_IN_0_ARLOCK    |  out|    2|       m_axi|                          AXI_IN|       pointer|
|m_axi_AXI_IN_0_ARCACHE   |  out|    4|       m_axi|                          AXI_IN|       pointer|
|m_axi_AXI_IN_0_ARPROT    |  out|    3|       m_axi|                          AXI_IN|       pointer|
|m_axi_AXI_IN_0_ARQOS     |  out|    4|       m_axi|                          AXI_IN|       pointer|
|m_axi_AXI_IN_0_ARREGION  |  out|    4|       m_axi|                          AXI_IN|       pointer|
|m_axi_AXI_IN_0_ARUSER    |  out|    1|       m_axi|                          AXI_IN|       pointer|
|m_axi_AXI_IN_0_RVALID    |   in|    1|       m_axi|                          AXI_IN|       pointer|
|m_axi_AXI_IN_0_RREADY    |  out|    1|       m_axi|                          AXI_IN|       pointer|
|m_axi_AXI_IN_0_RDATA     |   in|   64|       m_axi|                          AXI_IN|       pointer|
|m_axi_AXI_IN_0_RLAST     |   in|    1|       m_axi|                          AXI_IN|       pointer|
|m_axi_AXI_IN_0_RID       |   in|    1|       m_axi|                          AXI_IN|       pointer|
|m_axi_AXI_IN_0_RFIFONUM  |   in|    9|       m_axi|                          AXI_IN|       pointer|
|m_axi_AXI_IN_0_RUSER     |   in|    1|       m_axi|                          AXI_IN|       pointer|
|m_axi_AXI_IN_0_RRESP     |   in|    2|       m_axi|                          AXI_IN|       pointer|
|m_axi_AXI_IN_0_BVALID    |   in|    1|       m_axi|                          AXI_IN|       pointer|
|m_axi_AXI_IN_0_BREADY    |  out|    1|       m_axi|                          AXI_IN|       pointer|
|m_axi_AXI_IN_0_BRESP     |   in|    2|       m_axi|                          AXI_IN|       pointer|
|m_axi_AXI_IN_0_BID       |   in|    1|       m_axi|                          AXI_IN|       pointer|
|m_axi_AXI_IN_0_BUSER     |   in|    1|       m_axi|                          AXI_IN|       pointer|
|sext_ln28                |   in|   61|     ap_none|                       sext_ln28|        scalar|
|in_buf_address0          |  out|   11|   ap_memory|                          in_buf|         array|
|in_buf_ce0               |  out|    1|   ap_memory|                          in_buf|         array|
|in_buf_we0               |  out|    1|   ap_memory|                          in_buf|         array|
|in_buf_d0                |  out|   32|   ap_memory|                          in_buf|         array|
|in_buf_1_address0        |  out|   11|   ap_memory|                        in_buf_1|         array|
|in_buf_1_ce0             |  out|    1|   ap_memory|                        in_buf_1|         array|
|in_buf_1_we0             |  out|    1|   ap_memory|                        in_buf_1|         array|
|in_buf_1_d0              |  out|   32|   ap_memory|                        in_buf_1|         array|
|in_buf_2_address0        |  out|   11|   ap_memory|                        in_buf_2|         array|
|in_buf_2_ce0             |  out|    1|   ap_memory|                        in_buf_2|         array|
|in_buf_2_we0             |  out|    1|   ap_memory|                        in_buf_2|         array|
|in_buf_2_d0              |  out|   32|   ap_memory|                        in_buf_2|         array|
+-------------------------+-----+-----+------------+--------------------------------+--------------+

