================================================================
== Design Size Report
================================================================

* Total Instructions per Compilation Phase
+---------------+-----------------------------+--------------+----------------------------------------------------------------------------------------+
| Phase         | Step                        | Instructions | Description                                                                            |
+---------------+-----------------------------+--------------+----------------------------------------------------------------------------------------+
| Compile/Link  |                             | 145          | After all functions are compiled and linked into a single design                       |
|               |                             |              |                                                                                        |
| Unroll/Inline |                             |              | After user unroll and inline pragmas are applied                                       |
|               | (1) unroll                  | 153          | user unroll pragmas are applied                                                        |
|               | (2) simplification          | 140          | simplification of applied user unroll pragmas                                          |
|               | (3) inline                  | 124          | user inline pragmas are applied                                                        |
|               | (4) simplification          | 124          | simplification of applied user inline pragmas                                          |
|               |                             |              |                                                                                        |
| Array/Struct  |                             |              | After user array partition and struct aggregate/disaggregate pragmas are applied       |
|               | (1) array partition         | 167          | user array partition pragmas are applied                                               |
|               | (2) simplification          | 146          | simplification of applied user array partition & struct aggregate/disaggregate pragmas |
|               | (3) aggregate/disaggregate  | 146          | user struct aggregate/disaggregate pragmas are applied                                 |
|               | (4) array reshape           | 146          | apply array reshape pragmas                                                            |
|               | (5) access patterns         | 185          | array access pattern optmizations                                                      |
|               |                             |              |                                                                                        |
| Performance   |                             |              | After transformations are applied to meet performance pragma targets                   |
|               | (1) loop simplification     | 184          | loop and instruction simplification                                                    |
|               | (2) parallelization         | 180          | loops are unrolled or pipelined to meet performance targets                            |
|               | (3) array partition         | 180          | arrays are partitioned to meet performance targets                                     |
|               | (4) simplification          | 180          | simplification of design after performance transformations                             |
|               |                             |              |                                                                                        |
| HW Transforms |                             |              | After hardware transfomations                                                          |
|               | (1) lowering                | 184          | initial conversion to HW specific instructions                                         |
|               | (2) optimizations           | 189          | high level synthesis optimizations                                                     |
+---------------+-----------------------------+--------------+----------------------------------------------------------------------------------------+

* Instructions per Function for each Compilation Phase
+----------+--------------+--------------+---------------+--------------+-------------+---------------+
| Function | Location     | Compile/Link | Unroll/Inline | Array/Struct | Performance | HW Transforms |
+----------+--------------+--------------+---------------+--------------+-------------+---------------+
|   conv3  | conv3.cpp:15 | 145          | 124           | 185          | 180         | 189           |
+----------+--------------+--------------+---------------+--------------+-------------+---------------+

* Design Size Message Settings
+---------------------------------------------+--------+------------------------------------------------------------------+
| Message Setting                             | Value  | Description                                                      |
+---------------------------------------------+--------+------------------------------------------------------------------+
| config_compile -design_size_maximum_warning | 100000 | Show a warning when total design instructions exceeds this value |
+---------------------------------------------+--------+------------------------------------------------------------------+


