

================================================================
== Vitis HLS Report for 'conv2_pool2_Pipeline_CONV_OY_CONV_OX_CONV_IC_CONV_KY_CONV_KX'
================================================================
* Date:           Thu Feb 26 16:24:08 2026

* Version:        2024.2 (Build 5238294 on Nov  8 2024)
* Project:        hls_prj
* Solution:       solution1 (Vitis Kernel Flow Target)
* Product family: zynq
* Target device:  xc7z020-clg400-1


================================================================
== Performance Estimates
================================================================
+ Timing: 
    * Summary: 
    +--------+----------+----------+------------+
    |  Clock |  Target  | Estimated| Uncertainty|
    +--------+----------+----------+------------+
    |ap_clk  |  10.00 ns|  8.956 ns|     2.70 ns|
    +--------+----------+----------+------------+

+ Latency: 
    * Summary: 
    +---------+---------+----------+----------+--------+--------+------------------------------------------------+
    |  Latency (cycles) |  Latency (absolute) |     Interval    |                    Pipeline                    |
    |   min   |   max   |    min   |    max   |   min  |   max  |                      Type                      |
    +---------+---------+----------+----------+--------+--------+------------------------------------------------+
    |   254035|   254035|  2.540 ms|  2.540 ms|  254020|  254020|  loop auto-rewind stp (delay=0 clock cycles(s))|
    +---------+---------+----------+----------+--------+--------+------------------------------------------------+

    + Detail: 
        * Instance: 
        N/A

        * Loop: 
        +-------------------------------------------+---------+---------+----------+-----------+-----------+-------+----------+
        |                                           |  Latency (cycles) | Iteration|  Initiation Interval  |  Trip |          |
        |                 Loop Name                 |   min   |   max   |  Latency |  achieved |   target  | Count | Pipelined|
        +-------------------------------------------+---------+---------+----------+-----------+-----------+-------+----------+
        |- CONV_OY_CONV_OX_CONV_IC_CONV_KY_CONV_KX  |   254033|   254033|        22|          4|          1|  63504|       yes|
        +-------------------------------------------+---------+---------+----------+-----------+-----------+-------+----------+

============================================================
+ Verbose Summary: Synthesis Manager
============================================================
InlineROM: 1
ExposeGlobal: 0
============================================================
+ Verbose Summary: CDFG Model
============================================================
IsTopModel: 0
ResetActiveHigh: 1
IsCombinational: 0
IsDatapathOnly: 0
HasWiredReturn: 1
HasMFsm: 2
HasVarLatency: 1
IsPipeline: 0
IsRtlPipelined: 0
IsInstanceOverlapped: 0
IsDontTouch: 0
HasImplIP: 0
IsGatedGlobalClock: 0

+ Individual pipeline summary: 
  * Pipeline-0: initiation interval (II) = 4, depth = 23


============================================================
+ Verbose Summary: Schedule
============================================================
* Number of FSM states : 23
* Pipeline : 1
  Pipeline-0 : II = 4, D = 23, States = { 1 2 3 4 5 6 7 8 9 10 11 12 13 14 15 16 17 18 19 20 21 22 23 }
* Dataflow Pipeline: 0

* FSM state transitions: 
1 --> 2 
2 --> 3 
3 --> 4 
4 --> 5 
5 --> 6 
6 --> 7 
7 --> 8 
8 --> 9 
9 --> 10 
10 --> 11 
11 --> 12 
12 --> 13 
13 --> 14 
14 --> 15 
15 --> 16 
16 --> 17 
17 --> 18 
18 --> 19 
19 --> 20 
20 --> 21 
21 --> 22 
22 --> 23 
23 --> 

* FSM state operations: 

State 1 <SV = 0> <Delay = 1.58>
ST_1 : Operation 25 [1/1] (0.00ns)   --->   "%acc_2 = alloca i32 1" [src/conv2_pool2.cpp:47]   --->   Operation 25 'alloca' 'acc_2' <Predicate = true> <Delay = 0.00>
ST_1 : Operation 26 [1/1] (0.00ns)   --->   "%kx = alloca i32 1" [src/conv2_pool2.cpp:53]   --->   Operation 26 'alloca' 'kx' <Predicate = true> <Delay = 0.00>
ST_1 : Operation 27 [1/1] (0.00ns)   --->   "%ky = alloca i32 1" [src/conv2_pool2.cpp:51]   --->   Operation 27 'alloca' 'ky' <Predicate = true> <Delay = 0.00>
ST_1 : Operation 28 [1/1] (0.00ns)   --->   "%indvar_flatten6 = alloca i32 1"   --->   Operation 28 'alloca' 'indvar_flatten6' <Predicate = true> <Delay = 0.00>
ST_1 : Operation 29 [1/1] (0.00ns)   --->   "%ic = alloca i32 1" [src/conv2_pool2.cpp:49]   --->   Operation 29 'alloca' 'ic' <Predicate = true> <Delay = 0.00>
ST_1 : Operation 30 [1/1] (0.00ns)   --->   "%indvar_flatten21 = alloca i32 1"   --->   Operation 30 'alloca' 'indvar_flatten21' <Predicate = true> <Delay = 0.00>
ST_1 : Operation 31 [1/1] (0.00ns)   --->   "%ox = alloca i32 1" [src/conv2_pool2.cpp:46]   --->   Operation 31 'alloca' 'ox' <Predicate = true> <Delay = 0.00>
ST_1 : Operation 32 [1/1] (0.00ns)   --->   "%indvar_flatten47 = alloca i32 1"   --->   Operation 32 'alloca' 'indvar_flatten47' <Predicate = true> <Delay = 0.00>
ST_1 : Operation 33 [1/1] (0.00ns)   --->   "%oy = alloca i32 1" [src/conv2_pool2.cpp:44]   --->   Operation 33 'alloca' 'oy' <Predicate = true> <Delay = 0.00>
ST_1 : Operation 34 [1/1] (0.00ns)   --->   "%indvar_flatten83 = alloca i32 1"   --->   Operation 34 'alloca' 'indvar_flatten83' <Predicate = true> <Delay = 0.00>
ST_1 : Operation 35 [1/1] (0.00ns)   --->   "%zext_ln42_read = read i5 @_ssdm_op_Read.ap_auto.i5, i5 %zext_ln42"   --->   Operation 35 'read' 'zext_ln42_read' <Predicate = true> <Delay = 0.00>
ST_1 : Operation 36 [1/1] (0.00ns)   --->   "%acc_read = read i32 @_ssdm_op_Read.ap_auto.float, i32 %acc"   --->   Operation 36 'read' 'acc_read' <Predicate = true> <Delay = 0.00>
ST_1 : Operation 37 [1/1] (1.58ns)   --->   "%store_ln0 = store i16 0, i16 %indvar_flatten83"   --->   Operation 37 'store' 'store_ln0' <Predicate = true> <Delay = 1.58>
ST_1 : Operation 38 [1/1] (1.58ns)   --->   "%store_ln44 = store i5 0, i5 %oy" [src/conv2_pool2.cpp:44]   --->   Operation 38 'store' 'store_ln44' <Predicate = true> <Delay = 1.58>
ST_1 : Operation 39 [1/1] (1.58ns)   --->   "%store_ln0 = store i13 0, i13 %indvar_flatten47"   --->   Operation 39 'store' 'store_ln0' <Predicate = true> <Delay = 1.58>
ST_1 : Operation 40 [1/1] (1.58ns)   --->   "%store_ln46 = store i5 0, i5 %ox" [src/conv2_pool2.cpp:46]   --->   Operation 40 'store' 'store_ln46' <Predicate = true> <Delay = 1.58>
ST_1 : Operation 41 [1/1] (1.58ns)   --->   "%store_ln0 = store i9 0, i9 %indvar_flatten21"   --->   Operation 41 'store' 'store_ln0' <Predicate = true> <Delay = 1.58>
ST_1 : Operation 42 [1/1] (1.58ns)   --->   "%store_ln49 = store i5 0, i5 %ic" [src/conv2_pool2.cpp:49]   --->   Operation 42 'store' 'store_ln49' <Predicate = true> <Delay = 1.58>
ST_1 : Operation 43 [1/1] (1.58ns)   --->   "%store_ln0 = store i4 0, i4 %indvar_flatten6"   --->   Operation 43 'store' 'store_ln0' <Predicate = true> <Delay = 1.58>
ST_1 : Operation 44 [1/1] (1.58ns)   --->   "%store_ln51 = store i2 0, i2 %ky" [src/conv2_pool2.cpp:51]   --->   Operation 44 'store' 'store_ln51' <Predicate = true> <Delay = 1.58>
ST_1 : Operation 45 [1/1] (1.58ns)   --->   "%store_ln53 = store i2 0, i2 %kx" [src/conv2_pool2.cpp:53]   --->   Operation 45 'store' 'store_ln53' <Predicate = true> <Delay = 1.58>
ST_1 : Operation 46 [1/1] (1.58ns)   --->   "%store_ln47 = store i32 %acc_read, i32 %acc_2" [src/conv2_pool2.cpp:47]   --->   Operation 46 'store' 'store_ln47' <Predicate = true> <Delay = 1.58>
ST_1 : Operation 47 [1/1] (0.00ns)   --->   "%br_ln0 = br void %for.inc69"   --->   Operation 47 'br' 'br_ln0' <Predicate = true> <Delay = 0.00>

State 2 <SV = 1> <Delay = 4.75>
ST_2 : Operation 48 [1/1] (0.00ns)   --->   "%indvar_flatten6_load = load i4 %indvar_flatten6" [src/conv2_pool2.cpp:51]   --->   Operation 48 'load' 'indvar_flatten6_load' <Predicate = true> <Delay = 0.00>
ST_2 : Operation 49 [1/1] (0.00ns)   --->   "%indvar_flatten21_load = load i9 %indvar_flatten21" [src/conv2_pool2.cpp:49]   --->   Operation 49 'load' 'indvar_flatten21_load' <Predicate = true> <Delay = 0.00>
ST_2 : Operation 50 [1/1] (0.00ns)   --->   "%indvar_flatten47_load = load i13 %indvar_flatten47" [src/conv2_pool2.cpp:46]   --->   Operation 50 'load' 'indvar_flatten47_load' <Predicate = true> <Delay = 0.00>
ST_2 : Operation 51 [1/1] (0.00ns)   --->   "%indvar_flatten83_load = load i16 %indvar_flatten83" [src/conv2_pool2.cpp:44]   --->   Operation 51 'load' 'indvar_flatten83_load' <Predicate = true> <Delay = 0.00>
ST_2 : Operation 52 [1/1] (2.07ns)   --->   "%icmp_ln44 = icmp_eq  i16 %indvar_flatten83_load, i16 63504" [src/conv2_pool2.cpp:44]   --->   Operation 52 'icmp' 'icmp_ln44' <Predicate = true> <Delay = 2.07> <CoreInst = "Cmp">   --->   Core 9 'Cmp' <Latency = 0> <II = 1> <Delay = 2.07> <FuncUnit> <Opcode : 'seteq' 'setne' 'setle' 'setge' 'setlt' 'setgt'> <InPorts = 2> <OutPorts = 1>
ST_2 : Operation 53 [1/1] (2.07ns)   --->   "%add_ln44_1 = add i16 %indvar_flatten83_load, i16 1" [src/conv2_pool2.cpp:44]   --->   Operation 53 'add' 'add_ln44_1' <Predicate = true> <Delay = 2.07> <CoreInst = "Adder">   --->   Core 1 'Adder' <Latency = 0> <II = 1> <Delay = 2.07> <FuncUnit> <Opcode : 'add' 'sub'> <InPorts = 2> <OutPorts = 1>
ST_2 : Operation 54 [1/1] (0.00ns)   --->   "%br_ln44 = br i1 %icmp_ln44, void %for.inc86, void %for.body96.preheader.exitStub" [src/conv2_pool2.cpp:44]   --->   Operation 54 'br' 'br_ln44' <Predicate = true> <Delay = 0.00>
ST_2 : Operation 55 [1/1] (0.00ns)   --->   "%kx_load = load i2 %kx" [src/conv2_pool2.cpp:53]   --->   Operation 55 'load' 'kx_load' <Predicate = (!icmp_ln44)> <Delay = 0.00>
ST_2 : Operation 56 [1/1] (0.00ns)   --->   "%ox_load = load i5 %ox" [src/conv2_pool2.cpp:44]   --->   Operation 56 'load' 'ox_load' <Predicate = (!icmp_ln44)> <Delay = 0.00>
ST_2 : Operation 57 [1/1] (0.00ns)   --->   "%oy_load = load i5 %oy" [src/conv2_pool2.cpp:44]   --->   Operation 57 'load' 'oy_load' <Predicate = (!icmp_ln44)> <Delay = 0.00>
ST_2 : Operation 58 [1/1] (1.78ns)   --->   "%add_ln44 = add i5 %oy_load, i5 1" [src/conv2_pool2.cpp:44]   --->   Operation 58 'add' 'add_ln44' <Predicate = (!icmp_ln44)> <Delay = 1.78> <CoreInst = "Adder">   --->   Core 1 'Adder' <Latency = 0> <II = 1> <Delay = 1.78> <FuncUnit> <Opcode : 'add' 'sub'> <InPorts = 2> <OutPorts = 1>
ST_2 : Operation 59 [1/1] (1.67ns)   --->   "%icmp_ln46 = icmp_eq  i13 %indvar_flatten47_load, i13 3024" [src/conv2_pool2.cpp:46]   --->   Operation 59 'icmp' 'icmp_ln46' <Predicate = (!icmp_ln44)> <Delay = 1.67> <CoreInst = "Cmp">   --->   Core 9 'Cmp' <Latency = 0> <II = 1> <Delay = 1.67> <FuncUnit> <Opcode : 'seteq' 'setne' 'setle' 'setge' 'setlt' 'setgt'> <InPorts = 2> <OutPorts = 1>
ST_2 : Operation 60 [1/1] (1.21ns)   --->   "%select_ln44 = select i1 %icmp_ln46, i5 0, i5 %ox_load" [src/conv2_pool2.cpp:44]   --->   Operation 60 'select' 'select_ln44' <Predicate = (!icmp_ln44)> <Delay = 1.21> <CoreInst = "Sel">   --->   Core 73 'Sel' <Latency = 0> <II = 1> <Delay = 1.21> <FuncUnit> <Opcode : 'select'> <InPorts = 3> <OutPorts = 1>
ST_2 : Operation 61 [1/1] (0.97ns)   --->   "%xor_ln44 = xor i1 %icmp_ln46, i1 1" [src/conv2_pool2.cpp:44]   --->   Operation 61 'xor' 'xor_ln44' <Predicate = (!icmp_ln44)> <Delay = 0.97> <CoreInst = "LogicGate">   --->   Core 74 'LogicGate' <Latency = 0> <II = 1> <Delay = 0.97> <FuncUnit> <Opcode : 'and' 'or' 'xor'> <InPorts = 2> <OutPorts = 1>
ST_2 : Operation 62 [1/1] (1.56ns)   --->   "%icmp_ln53 = icmp_eq  i2 %kx_load, i2 3" [src/conv2_pool2.cpp:53]   --->   Operation 62 'icmp' 'icmp_ln53' <Predicate = (!icmp_ln44)> <Delay = 1.56> <CoreInst = "Cmp">   --->   Core 9 'Cmp' <Latency = 0> <II = 1> <Delay = 1.56> <FuncUnit> <Opcode : 'seteq' 'setne' 'setle' 'setge' 'setlt' 'setgt'> <InPorts = 2> <OutPorts = 1>
ST_2 : Operation 63 [1/1] (0.00ns) (grouped into LUT with out node icmp_ln53_mid220)   --->   "%and_ln44 = and i1 %icmp_ln53, i1 %xor_ln44" [src/conv2_pool2.cpp:44]   --->   Operation 63 'and' 'and_ln44' <Predicate = (!icmp_ln44)> <Delay = 0.00> <CoreInst = "LogicGate">   --->   Core 74 'LogicGate' <Latency = 0> <II = 1> <Delay = 0.97> <FuncUnit> <Opcode : 'and' 'or' 'xor'> <InPorts = 2> <OutPorts = 1>
ST_2 : Operation 64 [1/1] (1.73ns)   --->   "%icmp_ln51 = icmp_eq  i4 %indvar_flatten6_load, i4 9" [src/conv2_pool2.cpp:51]   --->   Operation 64 'icmp' 'icmp_ln51' <Predicate = (!icmp_ln44)> <Delay = 1.73> <CoreInst = "Cmp">   --->   Core 9 'Cmp' <Latency = 0> <II = 1> <Delay = 1.73> <FuncUnit> <Opcode : 'seteq' 'setne' 'setle' 'setge' 'setlt' 'setgt'> <InPorts = 2> <OutPorts = 1>
ST_2 : Operation 65 [1/1] (1.82ns)   --->   "%icmp_ln49 = icmp_eq  i9 %indvar_flatten21_load, i9 144" [src/conv2_pool2.cpp:49]   --->   Operation 65 'icmp' 'icmp_ln49' <Predicate = (!icmp_ln44)> <Delay = 1.82> <CoreInst = "Cmp">   --->   Core 9 'Cmp' <Latency = 0> <II = 1> <Delay = 1.82> <FuncUnit> <Opcode : 'seteq' 'setne' 'setle' 'setge' 'setlt' 'setgt'> <InPorts = 2> <OutPorts = 1>
ST_2 : Operation 66 [1/1] (0.97ns)   --->   "%and_ln44_2 = and i1 %icmp_ln49, i1 %xor_ln44" [src/conv2_pool2.cpp:44]   --->   Operation 66 'and' 'and_ln44_2' <Predicate = (!icmp_ln44)> <Delay = 0.97> <CoreInst = "LogicGate">   --->   Core 74 'LogicGate' <Latency = 0> <II = 1> <Delay = 0.97> <FuncUnit> <Opcode : 'and' 'or' 'xor'> <InPorts = 2> <OutPorts = 1>
ST_2 : Operation 67 [1/1] (1.21ns)   --->   "%select_ln44_2 = select i1 %icmp_ln46, i5 %add_ln44, i5 %oy_load" [src/conv2_pool2.cpp:44]   --->   Operation 67 'select' 'select_ln44_2' <Predicate = (!icmp_ln44)> <Delay = 1.21> <CoreInst = "Sel">   --->   Core 73 'Sel' <Latency = 0> <II = 1> <Delay = 1.21> <FuncUnit> <Opcode : 'select'> <InPorts = 3> <OutPorts = 1>
ST_2 : Operation 68 [1/1] (1.78ns)   --->   "%add_ln46 = add i5 %select_ln44, i5 1" [src/conv2_pool2.cpp:46]   --->   Operation 68 'add' 'add_ln46' <Predicate = (!icmp_ln44)> <Delay = 1.78> <CoreInst = "Adder">   --->   Core 1 'Adder' <Latency = 0> <II = 1> <Delay = 1.78> <FuncUnit> <Opcode : 'add' 'sub'> <InPorts = 2> <OutPorts = 1>
ST_2 : Operation 69 [1/1] (0.97ns)   --->   "%empty = or i1 %and_ln44_2, i1 %icmp_ln46" [src/conv2_pool2.cpp:44]   --->   Operation 69 'or' 'empty' <Predicate = (!icmp_ln44)> <Delay = 0.97> <CoreInst = "LogicGate">   --->   Core 74 'LogicGate' <Latency = 0> <II = 1> <Delay = 0.97> <FuncUnit> <Opcode : 'and' 'or' 'xor'> <InPorts = 2> <OutPorts = 1>
ST_2 : Operation 70 [1/1] (0.00ns) (grouped into LUT with out node not_exitcond_flatten23_mid282)   --->   "%exitcond_flatten23_not = xor i1 %icmp_ln49, i1 1" [src/conv2_pool2.cpp:49]   --->   Operation 70 'xor' 'exitcond_flatten23_not' <Predicate = (!icmp_ln44)> <Delay = 0.00> <CoreInst = "LogicGate">   --->   Core 74 'LogicGate' <Latency = 0> <II = 1> <Delay = 0.97> <FuncUnit> <Opcode : 'and' 'or' 'xor'> <InPorts = 2> <OutPorts = 1>
ST_2 : Operation 71 [1/1] (0.97ns) (out node of the LUT)   --->   "%not_exitcond_flatten23_mid282 = or i1 %icmp_ln46, i1 %exitcond_flatten23_not" [src/conv2_pool2.cpp:46]   --->   Operation 71 'or' 'not_exitcond_flatten23_mid282' <Predicate = (!icmp_ln44)> <Delay = 0.97> <CoreInst = "LogicGate">   --->   Core 74 'LogicGate' <Latency = 0> <II = 1> <Delay = 0.97> <FuncUnit> <Opcode : 'and' 'or' 'xor'> <InPorts = 2> <OutPorts = 1>
ST_2 : Operation 72 [1/1] (0.00ns) (grouped into LUT with out node icmp_ln53_mid220)   --->   "%icmp_ln53_mid242 = and i1 %and_ln44, i1 %not_exitcond_flatten23_mid282" [src/conv2_pool2.cpp:44]   --->   Operation 72 'and' 'icmp_ln53_mid242' <Predicate = (!icmp_ln44)> <Delay = 0.00> <CoreInst = "LogicGate">   --->   Core 74 'LogicGate' <Latency = 0> <II = 1> <Delay = 0.97> <FuncUnit> <Opcode : 'and' 'or' 'xor'> <InPorts = 2> <OutPorts = 1>
ST_2 : Operation 73 [1/1] (0.00ns) (grouped into LUT with out node exitcond_flatten8_mid246)   --->   "%and_ln44_1 = and i1 %xor_ln44, i1 %icmp_ln51" [src/conv2_pool2.cpp:44]   --->   Operation 73 'and' 'and_ln44_1' <Predicate = (!icmp_ln44)> <Delay = 0.00> <CoreInst = "LogicGate">   --->   Core 74 'LogicGate' <Latency = 0> <II = 1> <Delay = 0.97> <FuncUnit> <Opcode : 'and' 'or' 'xor'> <InPorts = 2> <OutPorts = 1>
ST_2 : Operation 74 [1/1] (0.97ns) (out node of the LUT)   --->   "%exitcond_flatten8_mid246 = and i1 %and_ln44_1, i1 %not_exitcond_flatten23_mid282" [src/conv2_pool2.cpp:44]   --->   Operation 74 'and' 'exitcond_flatten8_mid246' <Predicate = (!icmp_ln44)> <Delay = 0.97> <CoreInst = "LogicGate">   --->   Core 74 'LogicGate' <Latency = 0> <II = 1> <Delay = 0.97> <FuncUnit> <Opcode : 'and' 'or' 'xor'> <InPorts = 2> <OutPorts = 1>
ST_2 : Operation 75 [1/1] (0.00ns) (grouped into LUT with out node icmp_ln53_mid220)   --->   "%not_exitcond_flatten8_mid246 = xor i1 %exitcond_flatten8_mid246, i1 1" [src/conv2_pool2.cpp:44]   --->   Operation 75 'xor' 'not_exitcond_flatten8_mid246' <Predicate = (!icmp_ln44)> <Delay = 0.00> <CoreInst = "LogicGate">   --->   Core 74 'LogicGate' <Latency = 0> <II = 1> <Delay = 0.97> <FuncUnit> <Opcode : 'and' 'or' 'xor'> <InPorts = 2> <OutPorts = 1>
ST_2 : Operation 76 [1/1] (0.97ns) (out node of the LUT)   --->   "%icmp_ln53_mid220 = and i1 %icmp_ln53_mid242, i1 %not_exitcond_flatten8_mid246" [src/conv2_pool2.cpp:44]   --->   Operation 76 'and' 'icmp_ln53_mid220' <Predicate = (!icmp_ln44)> <Delay = 0.97> <CoreInst = "LogicGate">   --->   Core 74 'LogicGate' <Latency = 0> <II = 1> <Delay = 0.97> <FuncUnit> <Opcode : 'and' 'or' 'xor'> <InPorts = 2> <OutPorts = 1>
ST_2 : Operation 77 [1/1] (0.00ns)   --->   "%zext_ln46 = zext i5 %select_ln44_2" [src/conv2_pool2.cpp:46]   --->   Operation 77 'zext' 'zext_ln46' <Predicate = (!icmp_ln44)> <Delay = 0.00>
ST_2 : Operation 78 [3/3] (1.05ns) (grouped into DSP with root node add_ln59)   --->   "%mul_ln46 = mul i8 %zext_ln46, i8 11" [src/conv2_pool2.cpp:46]   --->   Operation 78 'mul' 'mul_ln46' <Predicate = (!icmp_ln44)> <Delay = 1.05> <CoreInst = "DSP48">   --->   Core 116 'DSP48' <Latency = 3> <II = 1> <Delay = 2.15> <IPBlock> <Opcode : '' 'add' 'sub' 'mul' 'select'> <InPorts = 0> <OutPorts = 1> <Sync> <CReg>
ST_2 : Operation 79 [1/1] (1.67ns)   --->   "%add_ln46_1 = add i13 %indvar_flatten47_load, i13 1" [src/conv2_pool2.cpp:46]   --->   Operation 79 'add' 'add_ln46_1' <Predicate = (!icmp_ln44)> <Delay = 1.67> <CoreInst = "Adder">   --->   Core 1 'Adder' <Latency = 0> <II = 1> <Delay = 1.67> <FuncUnit> <Opcode : 'add' 'sub'> <InPorts = 2> <OutPorts = 1>
ST_2 : Operation 80 [1/1] (0.69ns)   --->   "%select_ln46_1 = select i1 %icmp_ln46, i13 1, i13 %add_ln46_1" [src/conv2_pool2.cpp:46]   --->   Operation 80 'select' 'select_ln46_1' <Predicate = (!icmp_ln44)> <Delay = 0.69> <CoreInst = "Sel">   --->   Core 73 'Sel' <Latency = 0> <II = 1> <Delay = 0.69> <FuncUnit> <Opcode : 'select'> <InPorts = 3> <OutPorts = 1>
ST_2 : Operation 81 [1/1] (1.58ns)   --->   "%store_ln44 = store i16 %add_ln44_1, i16 %indvar_flatten83" [src/conv2_pool2.cpp:44]   --->   Operation 81 'store' 'store_ln44' <Predicate = (!icmp_ln44)> <Delay = 1.58>
ST_2 : Operation 82 [1/1] (1.58ns)   --->   "%store_ln44 = store i5 %select_ln44_2, i5 %oy" [src/conv2_pool2.cpp:44]   --->   Operation 82 'store' 'store_ln44' <Predicate = (!icmp_ln44)> <Delay = 1.58>
ST_2 : Operation 83 [1/1] (1.58ns)   --->   "%store_ln46 = store i13 %select_ln46_1, i13 %indvar_flatten47" [src/conv2_pool2.cpp:46]   --->   Operation 83 'store' 'store_ln46' <Predicate = (!icmp_ln44)> <Delay = 1.58>

State 3 <SV = 2> <Delay = 6.73>
ST_3 : Operation 84 [1/1] (0.00ns)   --->   "%ky_load = load i2 %ky"   --->   Operation 84 'load' 'ky_load' <Predicate = (!icmp_ln44)> <Delay = 0.00>
ST_3 : Operation 85 [1/1] (0.00ns)   --->   "%ic_load = load i5 %ic"   --->   Operation 85 'load' 'ic_load' <Predicate = (!icmp_ln44 & !empty)> <Delay = 0.00>
ST_3 : Operation 86 [1/1] (1.21ns)   --->   "%ic_1_mid228 = select i1 %empty, i5 0, i5 %ic_load" [src/conv2_pool2.cpp:44]   --->   Operation 86 'select' 'ic_1_mid228' <Predicate = (!icmp_ln44)> <Delay = 1.21> <CoreInst = "Sel">   --->   Core 73 'Sel' <Latency = 0> <II = 1> <Delay = 1.21> <FuncUnit> <Opcode : 'select'> <InPorts = 3> <OutPorts = 1>
ST_3 : Operation 87 [1/1] (1.21ns)   --->   "%select_ln46 = select i1 %and_ln44_2, i5 %add_ln46, i5 %select_ln44" [src/conv2_pool2.cpp:46]   --->   Operation 87 'select' 'select_ln46' <Predicate = (!icmp_ln44)> <Delay = 1.21> <CoreInst = "Sel">   --->   Core 73 'Sel' <Latency = 0> <II = 1> <Delay = 1.21> <FuncUnit> <Opcode : 'select'> <InPorts = 3> <OutPorts = 1>
ST_3 : Operation 88 [1/1] (1.78ns)   --->   "%add_ln49 = add i5 %ic_1_mid228, i5 1" [src/conv2_pool2.cpp:49]   --->   Operation 88 'add' 'add_ln49' <Predicate = (!icmp_ln44 & exitcond_flatten8_mid246)> <Delay = 1.78> <CoreInst = "Adder">   --->   Core 1 'Adder' <Latency = 0> <II = 1> <Delay = 1.78> <FuncUnit> <Opcode : 'add' 'sub'> <InPorts = 2> <OutPorts = 1>
ST_3 : Operation 89 [1/1] (0.00ns) (grouped into LUT with out node empty_25)   --->   "%empty_24 = or i1 %exitcond_flatten8_mid246, i1 %and_ln44_2" [src/conv2_pool2.cpp:44]   --->   Operation 89 'or' 'empty_24' <Predicate = (!icmp_ln44)> <Delay = 0.00> <CoreInst = "LogicGate">   --->   Core 74 'LogicGate' <Latency = 0> <II = 1> <Delay = 0.97> <FuncUnit> <Opcode : 'and' 'or' 'xor'> <InPorts = 2> <OutPorts = 1>
ST_3 : Operation 90 [1/1] (0.97ns) (out node of the LUT)   --->   "%empty_25 = or i1 %empty_24, i1 %icmp_ln46" [src/conv2_pool2.cpp:44]   --->   Operation 90 'or' 'empty_25' <Predicate = (!icmp_ln44)> <Delay = 0.97> <CoreInst = "LogicGate">   --->   Core 74 'LogicGate' <Latency = 0> <II = 1> <Delay = 0.97> <FuncUnit> <Opcode : 'and' 'or' 'xor'> <InPorts = 2> <OutPorts = 1>
ST_3 : Operation 91 [1/1] (0.99ns)   --->   "%ky_mid213 = select i1 %empty_25, i2 0, i2 %ky_load" [src/conv2_pool2.cpp:44]   --->   Operation 91 'select' 'ky_mid213' <Predicate = (!icmp_ln44)> <Delay = 0.99> <CoreInst = "Sel">   --->   Core 73 'Sel' <Latency = 0> <II = 1> <Delay = 0.99> <FuncUnit> <Opcode : 'select'> <InPorts = 3> <OutPorts = 1>
ST_3 : Operation 92 [1/1] (1.21ns)   --->   "%select_ln49 = select i1 %exitcond_flatten8_mid246, i5 %add_ln49, i5 %ic_1_mid228" [src/conv2_pool2.cpp:49]   --->   Operation 92 'select' 'select_ln49' <Predicate = (!icmp_ln44)> <Delay = 1.21> <CoreInst = "Sel">   --->   Core 73 'Sel' <Latency = 0> <II = 1> <Delay = 1.21> <FuncUnit> <Opcode : 'select'> <InPorts = 3> <OutPorts = 1>
ST_3 : Operation 93 [1/1] (1.56ns)   --->   "%add_ln51 = add i2 %ky_mid213, i2 1" [src/conv2_pool2.cpp:51]   --->   Operation 93 'add' 'add_ln51' <Predicate = (!icmp_ln44 & icmp_ln53_mid220)> <Delay = 1.56> <CoreInst = "Adder">   --->   Core 1 'Adder' <Latency = 0> <II = 1> <Delay = 1.56> <FuncUnit> <Opcode : 'add' 'sub'> <InPorts = 2> <OutPorts = 1>
ST_3 : Operation 94 [1/1] (0.00ns) (grouped into LUT with out node kx_mid2)   --->   "%empty_26 = or i1 %empty, i1 %exitcond_flatten8_mid246" [src/conv2_pool2.cpp:44]   --->   Operation 94 'or' 'empty_26' <Predicate = (!icmp_ln44)> <Delay = 0.00> <CoreInst = "LogicGate">   --->   Core 74 'LogicGate' <Latency = 0> <II = 1> <Delay = 0.97> <FuncUnit> <Opcode : 'and' 'or' 'xor'> <InPorts = 2> <OutPorts = 1>
ST_3 : Operation 95 [1/1] (0.00ns) (grouped into LUT with out node kx_mid2)   --->   "%empty_27 = or i1 %empty_26, i1 %icmp_ln53_mid220" [src/conv2_pool2.cpp:44]   --->   Operation 95 'or' 'empty_27' <Predicate = (!icmp_ln44)> <Delay = 0.00> <CoreInst = "LogicGate">   --->   Core 74 'LogicGate' <Latency = 0> <II = 1> <Delay = 0.97> <FuncUnit> <Opcode : 'and' 'or' 'xor'> <InPorts = 2> <OutPorts = 1>
ST_3 : Operation 96 [1/1] (0.99ns) (out node of the LUT)   --->   "%kx_mid2 = select i1 %empty_27, i2 0, i2 %kx_load" [src/conv2_pool2.cpp:44]   --->   Operation 96 'select' 'kx_mid2' <Predicate = (!icmp_ln44)> <Delay = 0.99> <CoreInst = "Sel">   --->   Core 73 'Sel' <Latency = 0> <II = 1> <Delay = 0.99> <FuncUnit> <Opcode : 'select'> <InPorts = 3> <OutPorts = 1>
ST_3 : Operation 97 [1/1] (0.99ns)   --->   "%select_ln51 = select i1 %icmp_ln53_mid220, i2 %add_ln51, i2 %ky_mid213" [src/conv2_pool2.cpp:51]   --->   Operation 97 'select' 'select_ln51' <Predicate = (!icmp_ln44)> <Delay = 0.99> <CoreInst = "Sel">   --->   Core 73 'Sel' <Latency = 0> <II = 1> <Delay = 0.99> <FuncUnit> <Opcode : 'select'> <InPorts = 3> <OutPorts = 1>
ST_3 : Operation 98 [2/3] (1.05ns) (grouped into DSP with root node add_ln59)   --->   "%mul_ln46 = mul i8 %zext_ln46, i8 11" [src/conv2_pool2.cpp:46]   --->   Operation 98 'mul' 'mul_ln46' <Predicate = (!icmp_ln44)> <Delay = 1.05> <CoreInst = "DSP48">   --->   Core 116 'DSP48' <Latency = 3> <II = 1> <Delay = 2.15> <IPBlock> <Opcode : '' 'add' 'sub' 'mul' 'select'> <InPorts = 0> <OutPorts = 1> <Sync> <CReg>
ST_3 : Operation 99 [1/1] (0.00ns)   --->   "%trunc_ln46 = trunc i5 %select_ln46" [src/conv2_pool2.cpp:46]   --->   Operation 99 'trunc' 'trunc_ln46' <Predicate = (!icmp_ln44)> <Delay = 0.00>
ST_3 : Operation 100 [1/1] (0.00ns)   --->   "%zext_ln51 = zext i5 %select_ln49" [src/conv2_pool2.cpp:51]   --->   Operation 100 'zext' 'zext_ln51' <Predicate = (!icmp_ln44)> <Delay = 0.00>
ST_3 : Operation 101 [3/3] (1.05ns) (grouped into DSP with root node add_ln55_1)   --->   "%mul_ln51 = mul i9 %zext_ln51, i9 23" [src/conv2_pool2.cpp:51]   --->   Operation 101 'mul' 'mul_ln51' <Predicate = (!icmp_ln44)> <Delay = 1.05> <CoreInst = "DSP48">   --->   Core 116 'DSP48' <Latency = 3> <II = 1> <Delay = 2.15> <IPBlock> <Opcode : '' 'add' 'sub' 'mul' 'select'> <InPorts = 0> <OutPorts = 1> <Sync> <CReg>
ST_3 : Operation 102 [1/1] (0.00ns)   --->   "%zext_ln53 = zext i2 %kx_mid2" [src/conv2_pool2.cpp:53]   --->   Operation 102 'zext' 'zext_ln53' <Predicate = (!icmp_ln44)> <Delay = 0.00>
ST_3 : Operation 103 [1/1] (1.78ns)   --->   "%add_ln55 = add i5 %zext_ln53, i5 %select_ln46" [src/conv2_pool2.cpp:55]   --->   Operation 103 'add' 'add_ln55' <Predicate = (!icmp_ln44)> <Delay = 1.78> <CoreInst = "Adder">   --->   Core 1 'Adder' <Latency = 0> <II = 1> <Delay = 1.78> <FuncUnit> <Opcode : 'add' 'sub'> <InPorts = 2> <OutPorts = 1>
ST_3 : Operation 104 [1/1] (0.00ns)   --->   "%zext_ln55_5 = zext i5 %add_ln55" [src/conv2_pool2.cpp:55]   --->   Operation 104 'zext' 'zext_ln55_5' <Predicate = (!icmp_ln44)> <Delay = 0.00>
ST_3 : Operation 105 [1/1] (3.74ns)   --->   "%mul_ln55 = mul i11 %zext_ln55_5, i11 43" [src/conv2_pool2.cpp:55]   --->   Operation 105 'mul' 'mul_ln55' <Predicate = (!icmp_ln44)> <Delay = 3.74> <CoreInst = "Multiplier">   --->   Core 3 'Multiplier' <Latency = 0> <II = 1> <Delay = 3.74> <FuncUnit> <Opcode : 'mul'> <InPorts = 2> <OutPorts = 1>
ST_3 : Operation 106 [1/1] (0.00ns)   --->   "%tmp_3 = partselect i4 @_ssdm_op_PartSelect.i4.i11.i32.i32, i11 %mul_ln55, i32 7, i32 10" [src/conv2_pool2.cpp:55]   --->   Operation 106 'partselect' 'tmp_3' <Predicate = (!icmp_ln44)> <Delay = 0.00>
ST_3 : Operation 107 [9/9] (3.20ns)   --->   "%urem_ln55 = urem i5 %add_ln55, i5 3" [src/conv2_pool2.cpp:55]   --->   Operation 107 'urem' 'urem_ln55' <Predicate = (!icmp_ln44)> <Delay = 3.20> <CoreInst = "Divider">   --->   Core 6 'Divider' <Latency = 8> <II = 1> <Delay = 3.20> <FuncUnit> <Opcode : 'udiv' 'sdiv' 'urem' 'srem'> <InPorts = 2> <OutPorts = 1>
ST_3 : Operation 108 [1/1] (1.56ns)   --->   "%add_ln53 = add i2 %kx_mid2, i2 1" [src/conv2_pool2.cpp:53]   --->   Operation 108 'add' 'add_ln53' <Predicate = (!icmp_ln44)> <Delay = 1.56> <CoreInst = "Adder">   --->   Core 1 'Adder' <Latency = 0> <II = 1> <Delay = 1.56> <FuncUnit> <Opcode : 'add' 'sub'> <InPorts = 2> <OutPorts = 1>
ST_3 : Operation 109 [1/1] (1.56ns)   --->   "%icmp_ln53_1 = icmp_eq  i2 %add_ln53, i2 3" [src/conv2_pool2.cpp:53]   --->   Operation 109 'icmp' 'icmp_ln53_1' <Predicate = (!icmp_ln44)> <Delay = 1.56> <CoreInst = "Cmp">   --->   Core 9 'Cmp' <Latency = 0> <II = 1> <Delay = 1.56> <FuncUnit> <Opcode : 'seteq' 'setne' 'setle' 'setge' 'setlt' 'setgt'> <InPorts = 2> <OutPorts = 1>
ST_3 : Operation 110 [1/1] (1.56ns)   --->   "%icmp_ln51_1 = icmp_eq  i2 %select_ln51, i2 2" [src/conv2_pool2.cpp:51]   --->   Operation 110 'icmp' 'icmp_ln51_1' <Predicate = (!icmp_ln44)> <Delay = 1.56> <CoreInst = "Cmp">   --->   Core 9 'Cmp' <Latency = 0> <II = 1> <Delay = 1.56> <FuncUnit> <Opcode : 'seteq' 'setne' 'setle' 'setge' 'setlt' 'setgt'> <InPorts = 2> <OutPorts = 1>
ST_3 : Operation 111 [1/1] (1.78ns)   --->   "%icmp_ln49_1 = icmp_eq  i5 %select_ln49, i5 15" [src/conv2_pool2.cpp:49]   --->   Operation 111 'icmp' 'icmp_ln49_1' <Predicate = (!icmp_ln44)> <Delay = 1.78> <CoreInst = "Cmp">   --->   Core 9 'Cmp' <Latency = 0> <II = 1> <Delay = 1.78> <FuncUnit> <Opcode : 'seteq' 'setne' 'setle' 'setge' 'setlt' 'setgt'> <InPorts = 2> <OutPorts = 1>
ST_3 : Operation 112 [1/1] (0.00ns)   --->   "%lshr_ln = partselect i4 @_ssdm_op_PartSelect.i4.i5.i32.i32, i5 %select_ln46, i32 1, i32 4" [src/conv2_pool2.cpp:47]   --->   Operation 112 'partselect' 'lshr_ln' <Predicate = (!icmp_ln44)> <Delay = 0.00>
ST_3 : Operation 113 [1/1] (0.00ns)   --->   "%br_ln53 = br i1 %icmp_ln53_1, void %new.latch.for.inc69.split, void %last.iter.for.inc69.split" [src/conv2_pool2.cpp:53]   --->   Operation 113 'br' 'br_ln53' <Predicate = (!icmp_ln44)> <Delay = 0.00>
ST_3 : Operation 114 [1/1] (0.00ns)   --->   "%br_ln53 = br i1 %icmp_ln51_1, void %new.latch.for.inc72, void %last.iter.for.inc72" [src/conv2_pool2.cpp:53]   --->   Operation 114 'br' 'br_ln53' <Predicate = (!icmp_ln44 & icmp_ln53_1)> <Delay = 0.00>
ST_3 : Operation 115 [1/1] (0.00ns)   --->   "%br_ln53 = br i1 %icmp_ln49_1, void %new.latch.for.inc75, void %last.iter.for.inc75" [src/conv2_pool2.cpp:53]   --->   Operation 115 'br' 'br_ln53' <Predicate = (!icmp_ln44 & icmp_ln53_1 & icmp_ln51_1)> <Delay = 0.00>
ST_3 : Operation 116 [1/1] (0.00ns)   --->   "%br_ln59 = br i1 %trunc_ln46, void %arrayidx825.case.0, void %arrayidx825.case.1" [src/conv2_pool2.cpp:59]   --->   Operation 116 'br' 'br_ln59' <Predicate = (!icmp_ln44 & icmp_ln53_1 & icmp_ln51_1 & icmp_ln49_1)> <Delay = 0.00>
ST_3 : Operation 117 [1/1] (0.00ns)   --->   "%br_ln53 = br void %new.latch.for.inc75" [src/conv2_pool2.cpp:53]   --->   Operation 117 'br' 'br_ln53' <Predicate = (!icmp_ln44 & icmp_ln53_1 & icmp_ln51_1 & icmp_ln49_1)> <Delay = 0.00>
ST_3 : Operation 118 [1/1] (0.00ns)   --->   "%br_ln53 = br void %new.latch.for.inc72" [src/conv2_pool2.cpp:53]   --->   Operation 118 'br' 'br_ln53' <Predicate = (!icmp_ln44 & icmp_ln53_1 & icmp_ln51_1)> <Delay = 0.00>
ST_3 : Operation 119 [1/1] (0.00ns)   --->   "%br_ln53 = br void %new.latch.for.inc69.split" [src/conv2_pool2.cpp:53]   --->   Operation 119 'br' 'br_ln53' <Predicate = (!icmp_ln44 & icmp_ln53_1)> <Delay = 0.00>
ST_3 : Operation 120 [1/1] (1.73ns)   --->   "%add_ln51_1 = add i4 %indvar_flatten6_load, i4 1" [src/conv2_pool2.cpp:51]   --->   Operation 120 'add' 'add_ln51_1' <Predicate = (!icmp_ln44)> <Delay = 1.73> <CoreInst = "Adder">   --->   Core 1 'Adder' <Latency = 0> <II = 1> <Delay = 1.73> <FuncUnit> <Opcode : 'add' 'sub'> <InPorts = 2> <OutPorts = 1>
ST_3 : Operation 121 [1/1] (1.02ns)   --->   "%select_ln51_1 = select i1 %empty_25, i4 1, i4 %add_ln51_1" [src/conv2_pool2.cpp:51]   --->   Operation 121 'select' 'select_ln51_1' <Predicate = (!icmp_ln44)> <Delay = 1.02> <CoreInst = "Sel">   --->   Core 73 'Sel' <Latency = 0> <II = 1> <Delay = 1.02> <FuncUnit> <Opcode : 'select'> <InPorts = 3> <OutPorts = 1>
ST_3 : Operation 122 [1/1] (1.82ns)   --->   "%add_ln49_1 = add i9 %indvar_flatten21_load, i9 1" [src/conv2_pool2.cpp:49]   --->   Operation 122 'add' 'add_ln49_1' <Predicate = (!icmp_ln44 & !empty)> <Delay = 1.82> <CoreInst = "Adder">   --->   Core 1 'Adder' <Latency = 0> <II = 1> <Delay = 1.82> <FuncUnit> <Opcode : 'add' 'sub'> <InPorts = 2> <OutPorts = 1>
ST_3 : Operation 123 [1/1] (0.96ns)   --->   "%select_ln49_1 = select i1 %empty, i9 1, i9 %add_ln49_1" [src/conv2_pool2.cpp:49]   --->   Operation 123 'select' 'select_ln49_1' <Predicate = (!icmp_ln44)> <Delay = 0.96> <CoreInst = "Sel">   --->   Core 73 'Sel' <Latency = 0> <II = 1> <Delay = 0.96> <FuncUnit> <Opcode : 'select'> <InPorts = 3> <OutPorts = 1>
ST_3 : Operation 124 [1/1] (1.58ns)   --->   "%store_ln46 = store i5 %select_ln46, i5 %ox" [src/conv2_pool2.cpp:46]   --->   Operation 124 'store' 'store_ln46' <Predicate = (!icmp_ln44)> <Delay = 1.58>
ST_3 : Operation 125 [1/1] (1.58ns)   --->   "%store_ln49 = store i9 %select_ln49_1, i9 %indvar_flatten21" [src/conv2_pool2.cpp:49]   --->   Operation 125 'store' 'store_ln49' <Predicate = (!icmp_ln44)> <Delay = 1.58>
ST_3 : Operation 126 [1/1] (1.58ns)   --->   "%store_ln49 = store i5 %select_ln49, i5 %ic" [src/conv2_pool2.cpp:49]   --->   Operation 126 'store' 'store_ln49' <Predicate = (!icmp_ln44)> <Delay = 1.58>
ST_3 : Operation 127 [1/1] (1.58ns)   --->   "%store_ln51 = store i4 %select_ln51_1, i4 %indvar_flatten6" [src/conv2_pool2.cpp:51]   --->   Operation 127 'store' 'store_ln51' <Predicate = (!icmp_ln44)> <Delay = 1.58>
ST_3 : Operation 128 [1/1] (1.58ns)   --->   "%store_ln51 = store i2 %select_ln51, i2 %ky" [src/conv2_pool2.cpp:51]   --->   Operation 128 'store' 'store_ln51' <Predicate = (!icmp_ln44)> <Delay = 1.58>
ST_3 : Operation 129 [1/1] (1.58ns)   --->   "%store_ln53 = store i2 %add_ln53, i2 %kx" [src/conv2_pool2.cpp:53]   --->   Operation 129 'store' 'store_ln53' <Predicate = (!icmp_ln44)> <Delay = 1.58>

State 4 <SV = 3> <Delay = 5.23>
ST_4 : Operation 130 [1/3] (0.00ns) (grouped into DSP with root node add_ln59)   --->   "%mul_ln46 = mul i8 %zext_ln46, i8 11" [src/conv2_pool2.cpp:46]   --->   Operation 130 'mul' 'mul_ln46' <Predicate = (!icmp_ln44)> <Delay = 0.00> <CoreInst = "DSP48">   --->   Core 116 'DSP48' <Latency = 3> <II = 1> <Delay = 2.15> <IPBlock> <Opcode : '' 'add' 'sub' 'mul' 'select'> <InPorts = 0> <OutPorts = 1> <Sync> <CReg>
ST_4 : Operation 131 [1/1] (0.00ns)   --->   "%zext_ln55 = zext i5 %select_ln49" [src/conv2_pool2.cpp:55]   --->   Operation 131 'zext' 'zext_ln55' <Predicate = (!icmp_ln44)> <Delay = 0.00>
ST_4 : Operation 132 [2/3] (1.05ns) (grouped into DSP with root node add_ln55_1)   --->   "%mul_ln51 = mul i9 %zext_ln51, i9 23" [src/conv2_pool2.cpp:51]   --->   Operation 132 'mul' 'mul_ln51' <Predicate = (!icmp_ln44)> <Delay = 1.05> <CoreInst = "DSP48">   --->   Core 116 'DSP48' <Latency = 3> <II = 1> <Delay = 2.15> <IPBlock> <Opcode : '' 'add' 'sub' 'mul' 'select'> <InPorts = 0> <OutPorts = 1> <Sync> <CReg>
ST_4 : Operation 133 [1/1] (0.00ns)   --->   "%zext_ln55_1 = zext i2 %select_ln51" [src/conv2_pool2.cpp:55]   --->   Operation 133 'zext' 'zext_ln55_1' <Predicate = (!icmp_ln44)> <Delay = 0.00>
ST_4 : Operation 134 [1/1] (0.00ns)   --->   "%p_shl = bitconcatenate i4 @_ssdm_op_BitConcatenate.i4.i2.i2, i2 %select_ln51, i2 0" [src/conv2_pool2.cpp:55]   --->   Operation 134 'bitconcatenate' 'p_shl' <Predicate = (!icmp_ln44)> <Delay = 0.00>
ST_4 : Operation 135 [1/1] (0.00ns) (grouped into TernaryAdder)   --->   "%sub_ln55 = sub i4 %p_shl, i4 %zext_ln55_1" [src/conv2_pool2.cpp:55]   --->   Operation 135 'sub' 'sub_ln55' <Predicate = (!icmp_ln44)> <Delay = 0.00> <CoreInst = "TAddSub">   --->   Core 10 'TAddSub' <Latency = 0> <II = 1> <Delay = 1.65> <IPBlock> <Opcode : '' 'add' 'sub'> <InPorts = 3> <OutPorts = 1> <Sync> <CReg>
ST_4 : Operation 136 [1/1] (0.00ns)   --->   "%zext_ln51_1 = zext i2 %select_ln51" [src/conv2_pool2.cpp:51]   --->   Operation 136 'zext' 'zext_ln51_1' <Predicate = (!icmp_ln44)> <Delay = 0.00>
ST_4 : Operation 137 [1/1] (1.78ns)   --->   "%empty_28 = add i5 %zext_ln51_1, i5 %select_ln44_2" [src/conv2_pool2.cpp:51]   --->   Operation 137 'add' 'empty_28' <Predicate = (!icmp_ln44)> <Delay = 1.78> <CoreInst = "Adder">   --->   Core 1 'Adder' <Latency = 0> <II = 1> <Delay = 1.78> <FuncUnit> <Opcode : 'add' 'sub'> <InPorts = 2> <OutPorts = 1>
ST_4 : Operation 138 [1/1] (0.00ns)   --->   "%zext_ln55_3 = zext i2 %kx_mid2" [src/conv2_pool2.cpp:55]   --->   Operation 138 'zext' 'zext_ln55_3' <Predicate = (!icmp_ln44)> <Delay = 0.00>
ST_4 : Operation 139 [1/1] (3.31ns) (root node of TernaryAdder)   --->   "%add_ln55_2 = add i4 %sub_ln55, i4 %zext_ln55_3" [src/conv2_pool2.cpp:55]   --->   Operation 139 'add' 'add_ln55_2' <Predicate = (!icmp_ln44)> <Delay = 3.31> <CoreInst = "TAddSub">   --->   Core 10 'TAddSub' <Latency = 0> <II = 1> <Delay = 1.65> <IPBlock> <Opcode : '' 'add' 'sub'> <InPorts = 3> <OutPorts = 1> <Sync> <CReg>
ST_4 : Operation 140 [1/1] (0.00ns)   --->   "%tmp_2 = bitconcatenate i8 @_ssdm_op_BitConcatenate.i8.i4.i4, i4 %add_ln55_2, i4 0" [src/conv2_pool2.cpp:55]   --->   Operation 140 'bitconcatenate' 'tmp_2' <Predicate = (!icmp_ln44)> <Delay = 0.00>
ST_4 : Operation 141 [1/1] (1.91ns)   --->   "%add_ln55_3 = add i8 %tmp_2, i8 %zext_ln55" [src/conv2_pool2.cpp:55]   --->   Operation 141 'add' 'add_ln55_3' <Predicate = (!icmp_ln44)> <Delay = 1.91> <CoreInst = "Adder">   --->   Core 1 'Adder' <Latency = 0> <II = 1> <Delay = 1.91> <FuncUnit> <Opcode : 'add' 'sub'> <InPorts = 2> <OutPorts = 1>
ST_4 : Operation 142 [8/9] (3.20ns)   --->   "%urem_ln55 = urem i5 %add_ln55, i5 3" [src/conv2_pool2.cpp:55]   --->   Operation 142 'urem' 'urem_ln55' <Predicate = (!icmp_ln44)> <Delay = 3.20> <CoreInst = "Divider">   --->   Core 6 'Divider' <Latency = 8> <II = 1> <Delay = 3.20> <FuncUnit> <Opcode : 'udiv' 'sdiv' 'urem' 'srem'> <InPorts = 2> <OutPorts = 1>
ST_4 : Operation 143 [1/1] (0.00ns)   --->   "%zext_ln59 = zext i4 %lshr_ln" [src/conv2_pool2.cpp:59]   --->   Operation 143 'zext' 'zext_ln59' <Predicate = (!icmp_ln44)> <Delay = 0.00>
ST_4 : Operation 144 [2/2] (2.10ns) (root node of the DSP)   --->   "%add_ln59 = add i8 %mul_ln46, i8 %zext_ln59" [src/conv2_pool2.cpp:59]   --->   Operation 144 'add' 'add_ln59' <Predicate = (!icmp_ln44)> <Delay = 2.10> <CoreInst = "DSP48">   --->   Core 116 'DSP48' <Latency = 3> <II = 1> <Delay = 2.15> <IPBlock> <Opcode : '' 'add' 'sub' 'mul' 'select'> <InPorts = 0> <OutPorts = 1> <Sync> <CReg>

State 5 <SV = 4> <Delay = 3.20>
ST_5 : Operation 145 [1/3] (0.00ns) (grouped into DSP with root node add_ln55_1)   --->   "%mul_ln51 = mul i9 %zext_ln51, i9 23" [src/conv2_pool2.cpp:51]   --->   Operation 145 'mul' 'mul_ln51' <Predicate = (!icmp_ln44)> <Delay = 0.00> <CoreInst = "DSP48">   --->   Core 116 'DSP48' <Latency = 3> <II = 1> <Delay = 2.15> <IPBlock> <Opcode : '' 'add' 'sub' 'mul' 'select'> <InPorts = 0> <OutPorts = 1> <Sync> <CReg>
ST_5 : Operation 146 [1/1] (0.00ns)   --->   "%zext_ln55_2 = zext i5 %empty_28" [src/conv2_pool2.cpp:55]   --->   Operation 146 'zext' 'zext_ln55_2' <Predicate = (!icmp_ln44)> <Delay = 0.00>
ST_5 : Operation 147 [2/2] (2.10ns) (root node of the DSP)   --->   "%add_ln55_1 = add i9 %mul_ln51, i9 %zext_ln55_2" [src/conv2_pool2.cpp:55]   --->   Operation 147 'add' 'add_ln55_1' <Predicate = (!icmp_ln44)> <Delay = 2.10> <CoreInst = "DSP48">   --->   Core 116 'DSP48' <Latency = 3> <II = 1> <Delay = 2.15> <IPBlock> <Opcode : '' 'add' 'sub' 'mul' 'select'> <InPorts = 0> <OutPorts = 1> <Sync> <CReg>
ST_5 : Operation 148 [7/9] (3.20ns)   --->   "%urem_ln55 = urem i5 %add_ln55, i5 3" [src/conv2_pool2.cpp:55]   --->   Operation 148 'urem' 'urem_ln55' <Predicate = (!icmp_ln44)> <Delay = 3.20> <CoreInst = "Divider">   --->   Core 6 'Divider' <Latency = 8> <II = 1> <Delay = 3.20> <FuncUnit> <Opcode : 'udiv' 'sdiv' 'urem' 'srem'> <InPorts = 2> <OutPorts = 1>
ST_5 : Operation 149 [1/2] (2.10ns) (root node of the DSP)   --->   "%add_ln59 = add i8 %mul_ln46, i8 %zext_ln59" [src/conv2_pool2.cpp:59]   --->   Operation 149 'add' 'add_ln59' <Predicate = (!icmp_ln44)> <Delay = 2.10> <CoreInst = "DSP48">   --->   Core 116 'DSP48' <Latency = 3> <II = 1> <Delay = 2.15> <IPBlock> <Opcode : '' 'add' 'sub' 'mul' 'select'> <InPorts = 0> <OutPorts = 1> <Sync> <CReg>

State 6 <SV = 5> <Delay = 3.64>
ST_6 : Operation 150 [1/2] (2.10ns) (root node of the DSP)   --->   "%add_ln55_1 = add i9 %mul_ln51, i9 %zext_ln55_2" [src/conv2_pool2.cpp:55]   --->   Operation 150 'add' 'add_ln55_1' <Predicate = true> <Delay = 2.10> <CoreInst = "DSP48">   --->   Core 116 'DSP48' <Latency = 3> <II = 1> <Delay = 2.15> <IPBlock> <Opcode : '' 'add' 'sub' 'mul' 'select'> <InPorts = 0> <OutPorts = 1> <Sync> <CReg>
ST_6 : Operation 151 [1/1] (0.00ns)   --->   "%tmp_1 = bitconcatenate i12 @_ssdm_op_BitConcatenate.i12.i9.i3, i9 %add_ln55_1, i3 0" [src/conv2_pool2.cpp:55]   --->   Operation 151 'bitconcatenate' 'tmp_1' <Predicate = true> <Delay = 0.00>
ST_6 : Operation 152 [1/1] (0.00ns)   --->   "%zext_ln55_6 = zext i4 %tmp_3" [src/conv2_pool2.cpp:55]   --->   Operation 152 'zext' 'zext_ln55_6' <Predicate = true> <Delay = 0.00>
ST_6 : Operation 153 [1/1] (1.54ns)   --->   "%add_ln55_5 = add i12 %tmp_1, i12 %zext_ln55_6" [src/conv2_pool2.cpp:55]   --->   Operation 153 'add' 'add_ln55_5' <Predicate = true> <Delay = 1.54> <CoreInst = "Adder">   --->   Core 1 'Adder' <Latency = 0> <II = 1> <Delay = 1.54> <FuncUnit> <Opcode : 'add' 'sub'> <InPorts = 2> <OutPorts = 1>
ST_6 : Operation 154 [6/9] (3.20ns)   --->   "%urem_ln55 = urem i5 %add_ln55, i5 3" [src/conv2_pool2.cpp:55]   --->   Operation 154 'urem' 'urem_ln55' <Predicate = true> <Delay = 3.20> <CoreInst = "Divider">   --->   Core 6 'Divider' <Latency = 8> <II = 1> <Delay = 3.20> <FuncUnit> <Opcode : 'udiv' 'sdiv' 'urem' 'srem'> <InPorts = 2> <OutPorts = 1>

State 7 <SV = 6> <Delay = 3.20>
ST_7 : Operation 155 [5/9] (3.20ns)   --->   "%urem_ln55 = urem i5 %add_ln55, i5 3" [src/conv2_pool2.cpp:55]   --->   Operation 155 'urem' 'urem_ln55' <Predicate = true> <Delay = 3.20> <CoreInst = "Divider">   --->   Core 6 'Divider' <Latency = 8> <II = 1> <Delay = 3.20> <FuncUnit> <Opcode : 'udiv' 'sdiv' 'urem' 'srem'> <InPorts = 2> <OutPorts = 1>

State 8 <SV = 7> <Delay = 3.20>
ST_8 : Operation 156 [4/9] (3.20ns)   --->   "%urem_ln55 = urem i5 %add_ln55, i5 3" [src/conv2_pool2.cpp:55]   --->   Operation 156 'urem' 'urem_ln55' <Predicate = true> <Delay = 3.20> <CoreInst = "Divider">   --->   Core 6 'Divider' <Latency = 8> <II = 1> <Delay = 3.20> <FuncUnit> <Opcode : 'udiv' 'sdiv' 'urem' 'srem'> <InPorts = 2> <OutPorts = 1>

State 9 <SV = 8> <Delay = 3.20>
ST_9 : Operation 157 [3/9] (3.20ns)   --->   "%urem_ln55 = urem i5 %add_ln55, i5 3" [src/conv2_pool2.cpp:55]   --->   Operation 157 'urem' 'urem_ln55' <Predicate = true> <Delay = 3.20> <CoreInst = "Divider">   --->   Core 6 'Divider' <Latency = 8> <II = 1> <Delay = 3.20> <FuncUnit> <Opcode : 'udiv' 'sdiv' 'urem' 'srem'> <InPorts = 2> <OutPorts = 1>

State 10 <SV = 9> <Delay = 3.25>
ST_10 : Operation 158 [1/1] (0.00ns)   --->   "%zext_ln55_7 = zext i12 %add_ln55_5" [src/conv2_pool2.cpp:55]   --->   Operation 158 'zext' 'zext_ln55_7' <Predicate = true> <Delay = 0.00>
ST_10 : Operation 159 [1/1] (0.00ns)   --->   "%in_buf_addr = getelementptr i32 %in_buf, i64 0, i64 %zext_ln55_7" [src/conv2_pool2.cpp:55]   --->   Operation 159 'getelementptr' 'in_buf_addr' <Predicate = true> <Delay = 0.00>
ST_10 : Operation 160 [1/1] (0.00ns)   --->   "%in_buf_1_addr = getelementptr i32 %in_buf_1, i64 0, i64 %zext_ln55_7" [src/conv2_pool2.cpp:55]   --->   Operation 160 'getelementptr' 'in_buf_1_addr' <Predicate = true> <Delay = 0.00>
ST_10 : Operation 161 [1/1] (0.00ns)   --->   "%in_buf_2_addr = getelementptr i32 %in_buf_2, i64 0, i64 %zext_ln55_7" [src/conv2_pool2.cpp:55]   --->   Operation 161 'getelementptr' 'in_buf_2_addr' <Predicate = true> <Delay = 0.00>
ST_10 : Operation 162 [2/9] (3.20ns)   --->   "%urem_ln55 = urem i5 %add_ln55, i5 3" [src/conv2_pool2.cpp:55]   --->   Operation 162 'urem' 'urem_ln55' <Predicate = true> <Delay = 3.20> <CoreInst = "Divider">   --->   Core 6 'Divider' <Latency = 8> <II = 1> <Delay = 3.20> <FuncUnit> <Opcode : 'udiv' 'sdiv' 'urem' 'srem'> <InPorts = 2> <OutPorts = 1>
ST_10 : Operation 163 [2/2] (3.25ns)   --->   "%in_buf_load = load i12 %in_buf_addr" [src/conv2_pool2.cpp:55]   --->   Operation 163 'load' 'in_buf_load' <Predicate = true> <Delay = 3.25> <CoreInst = "RAM">   --->   Core 81 'RAM' <Latency = 1> <II = 1> <Delay = 3.25> <Storage> <Opcode : 'load' 'store'> <Ports = 2> <Width = 32> <Depth = 2944> <RAM>
ST_10 : Operation 164 [2/2] (3.25ns)   --->   "%in_buf_1_load = load i12 %in_buf_1_addr" [src/conv2_pool2.cpp:55]   --->   Operation 164 'load' 'in_buf_1_load' <Predicate = true> <Delay = 3.25> <CoreInst = "RAM">   --->   Core 81 'RAM' <Latency = 1> <II = 1> <Delay = 3.25> <Storage> <Opcode : 'load' 'store'> <Ports = 2> <Width = 32> <Depth = 2944> <RAM>
ST_10 : Operation 165 [2/2] (3.25ns)   --->   "%in_buf_2_load = load i12 %in_buf_2_addr" [src/conv2_pool2.cpp:55]   --->   Operation 165 'load' 'in_buf_2_load' <Predicate = true> <Delay = 3.25> <CoreInst = "RAM">   --->   Core 81 'RAM' <Latency = 1> <II = 1> <Delay = 3.25> <Storage> <Opcode : 'load' 'store'> <Ports = 2> <Width = 32> <Depth = 2944> <RAM>

State 11 <SV = 10> <Delay = 4.84>
ST_11 : Operation 166 [1/1] (0.00ns)   --->   "%add_ln55_4 = bitconcatenate i13 @_ssdm_op_BitConcatenate.i13.i8.i5, i8 %add_ln55_3, i5 %zext_ln42_read" [src/conv2_pool2.cpp:55]   --->   Operation 166 'bitconcatenate' 'add_ln55_4' <Predicate = true> <Delay = 0.00>
ST_11 : Operation 167 [1/1] (0.00ns)   --->   "%zext_ln55_4 = zext i13 %add_ln55_4" [src/conv2_pool2.cpp:55]   --->   Operation 167 'zext' 'zext_ln55_4' <Predicate = true> <Delay = 0.00>
ST_11 : Operation 168 [1/1] (0.00ns)   --->   "%WEIGHTS2_addr = getelementptr i32 %WEIGHTS2, i64 0, i64 %zext_ln55_4" [src/conv2_pool2.cpp:55]   --->   Operation 168 'getelementptr' 'WEIGHTS2_addr' <Predicate = true> <Delay = 0.00>
ST_11 : Operation 169 [1/9] (3.20ns)   --->   "%urem_ln55 = urem i5 %add_ln55, i5 3" [src/conv2_pool2.cpp:55]   --->   Operation 169 'urem' 'urem_ln55' <Predicate = true> <Delay = 3.20> <CoreInst = "Divider">   --->   Core 6 'Divider' <Latency = 8> <II = 1> <Delay = 3.20> <FuncUnit> <Opcode : 'udiv' 'sdiv' 'urem' 'srem'> <InPorts = 2> <OutPorts = 1>
ST_11 : Operation 170 [1/1] (0.00ns)   --->   "%trunc_ln55 = trunc i2 %urem_ln55" [src/conv2_pool2.cpp:55]   --->   Operation 170 'trunc' 'trunc_ln55' <Predicate = true> <Delay = 0.00>
ST_11 : Operation 171 [1/2] ( I:3.25ns O:3.25ns )   --->   "%in_buf_load = load i12 %in_buf_addr" [src/conv2_pool2.cpp:55]   --->   Operation 171 'load' 'in_buf_load' <Predicate = true> <Delay = 3.25> <CoreInst = "RAM">   --->   Core 81 'RAM' <Latency = 1> <II = 1> <Delay = 3.25> <Storage> <Opcode : 'load' 'store'> <Ports = 2> <Width = 32> <Depth = 2944> <RAM>
ST_11 : Operation 172 [1/2] ( I:3.25ns O:3.25ns )   --->   "%in_buf_1_load = load i12 %in_buf_1_addr" [src/conv2_pool2.cpp:55]   --->   Operation 172 'load' 'in_buf_1_load' <Predicate = true> <Delay = 3.25> <CoreInst = "RAM">   --->   Core 81 'RAM' <Latency = 1> <II = 1> <Delay = 3.25> <Storage> <Opcode : 'load' 'store'> <Ports = 2> <Width = 32> <Depth = 2944> <RAM>
ST_11 : Operation 173 [1/2] ( I:3.25ns O:3.25ns )   --->   "%in_buf_2_load = load i12 %in_buf_2_addr" [src/conv2_pool2.cpp:55]   --->   Operation 173 'load' 'in_buf_2_load' <Predicate = true> <Delay = 3.25> <CoreInst = "RAM">   --->   Core 81 'RAM' <Latency = 1> <II = 1> <Delay = 3.25> <Storage> <Opcode : 'load' 'store'> <Ports = 2> <Width = 32> <Depth = 2944> <RAM>
ST_11 : Operation 174 [1/1] (1.58ns)   --->   "%tmp = sparsemux i32 @_ssdm_op_SparseMux.ap_auto.3float.float.i2, i2 0, i32 %in_buf_load, i2 1, i32 %in_buf_1_load, i2 2, i32 %in_buf_2_load, i32 <undef>, i2 %trunc_ln55" [src/conv2_pool2.cpp:55]   --->   Operation 174 'sparsemux' 'tmp' <Predicate = true> <Delay = 1.58> <CoreInst = "OneHotSparseMux_HasDef">   --->   Core 140 'OneHotSparseMux_HasDef' <Latency = 0> <II = 1> <Delay = 1.58> <FuncUnit> <Opcode : 'sparsemux'> <InPorts = 2> <OutPorts = 1>
ST_11 : Operation 175 [2/2] (3.25ns)   --->   "%WEIGHTS2_load = load i13 %WEIGHTS2_addr" [src/conv2_pool2.cpp:55]   --->   Operation 175 'load' 'WEIGHTS2_load' <Predicate = true> <Delay = 3.25> <CoreInst = "ROM">   --->   Core 94 'ROM' <Latency = 1> <II = 1> <Delay = 3.25> <Storage> <Opcode : 'load'> <Ports = 0> <Width = 32> <Depth = 4608> <ROM>

State 12 <SV = 11> <Delay = 8.95>
ST_12 : Operation 176 [1/2] ( I:3.25ns O:3.25ns )   --->   "%WEIGHTS2_load = load i13 %WEIGHTS2_addr" [src/conv2_pool2.cpp:55]   --->   Operation 176 'load' 'WEIGHTS2_load' <Predicate = true> <Delay = 3.25> <CoreInst = "ROM">   --->   Core 94 'ROM' <Latency = 1> <II = 1> <Delay = 3.25> <Storage> <Opcode : 'load'> <Ports = 0> <Width = 32> <Depth = 4608> <ROM>
ST_12 : Operation 177 [4/4] (5.70ns)   --->   "%mul = fmul i32 %tmp, i32 %WEIGHTS2_load" [src/conv2_pool2.cpp:55]   --->   Operation 177 'fmul' 'mul' <Predicate = true> <Delay = 5.70> <CoreInst = "FMul_maxdsp">   --->   Core 30 'FMul_maxdsp' <Latency = 3> <II = 1> <Delay = 5.70> <FuncUnit> <Opcode : 'fmul'> <InPorts = 2> <OutPorts = 1>

State 13 <SV = 12> <Delay = 5.70>
ST_13 : Operation 178 [3/4] (5.70ns)   --->   "%mul = fmul i32 %tmp, i32 %WEIGHTS2_load" [src/conv2_pool2.cpp:55]   --->   Operation 178 'fmul' 'mul' <Predicate = true> <Delay = 5.70> <CoreInst = "FMul_maxdsp">   --->   Core 30 'FMul_maxdsp' <Latency = 3> <II = 1> <Delay = 5.70> <FuncUnit> <Opcode : 'fmul'> <InPorts = 2> <OutPorts = 1>

State 14 <SV = 13> <Delay = 5.70>
ST_14 : Operation 179 [2/4] (5.70ns)   --->   "%mul = fmul i32 %tmp, i32 %WEIGHTS2_load" [src/conv2_pool2.cpp:55]   --->   Operation 179 'fmul' 'mul' <Predicate = true> <Delay = 5.70> <CoreInst = "FMul_maxdsp">   --->   Core 30 'FMul_maxdsp' <Latency = 3> <II = 1> <Delay = 5.70> <FuncUnit> <Opcode : 'fmul'> <InPorts = 2> <OutPorts = 1>

State 15 <SV = 14> <Delay = 5.70>
ST_15 : Operation 180 [1/4] (5.70ns)   --->   "%mul = fmul i32 %tmp, i32 %WEIGHTS2_load" [src/conv2_pool2.cpp:55]   --->   Operation 180 'fmul' 'mul' <Predicate = true> <Delay = 5.70> <CoreInst = "FMul_maxdsp">   --->   Core 30 'FMul_maxdsp' <Latency = 3> <II = 1> <Delay = 5.70> <FuncUnit> <Opcode : 'fmul'> <InPorts = 2> <OutPorts = 1>

State 16 <SV = 15> <Delay = 7.95>
ST_16 : Operation 181 [1/1] (0.00ns)   --->   "%acc_2_load = load i32 %acc_2" [src/conv2_pool2.cpp:44]   --->   Operation 181 'load' 'acc_2_load' <Predicate = (!icmp_ln46 & !and_ln44_2)> <Delay = 0.00>
ST_16 : Operation 182 [1/1] (0.00ns) (grouped into LUT with out node acc_4_mid234)   --->   "%select_ln44_1 = select i1 %icmp_ln46, i32 %acc_read, i32 %acc_2_load" [src/conv2_pool2.cpp:44]   --->   Operation 182 'select' 'select_ln44_1' <Predicate = (!and_ln44_2)> <Delay = 0.00> <CoreInst = "Sel">   --->   Core 73 'Sel' <Latency = 0> <II = 1> <Delay = 0.69> <FuncUnit> <Opcode : 'select'> <InPorts = 3> <OutPorts = 1>
ST_16 : Operation 183 [1/1] (0.69ns) (out node of the LUT)   --->   "%acc_4_mid234 = select i1 %and_ln44_2, i32 %acc_read, i32 %select_ln44_1" [src/conv2_pool2.cpp:44]   --->   Operation 183 'select' 'acc_4_mid234' <Predicate = true> <Delay = 0.69> <CoreInst = "Sel">   --->   Core 73 'Sel' <Latency = 0> <II = 1> <Delay = 0.69> <FuncUnit> <Opcode : 'select'> <InPorts = 3> <OutPorts = 1>
ST_16 : Operation 184 [5/5] (7.25ns)   --->   "%acc_1 = fadd i32 %acc_4_mid234, i32 %mul" [src/conv2_pool2.cpp:55]   --->   Operation 184 'fadd' 'acc_1' <Predicate = true> <Delay = 7.25> <CoreInst = "FAddSub_fulldsp">   --->   Core 18 'FAddSub_fulldsp' <Latency = 4> <II = 1> <Delay = 7.25> <FuncUnit> <Opcode : 'fadd' 'fsub'> <InPorts = 2> <OutPorts = 1>

State 17 <SV = 16> <Delay = 7.25>
ST_17 : Operation 185 [4/5] (7.25ns)   --->   "%acc_1 = fadd i32 %acc_4_mid234, i32 %mul" [src/conv2_pool2.cpp:55]   --->   Operation 185 'fadd' 'acc_1' <Predicate = true> <Delay = 7.25> <CoreInst = "FAddSub_fulldsp">   --->   Core 18 'FAddSub_fulldsp' <Latency = 4> <II = 1> <Delay = 7.25> <FuncUnit> <Opcode : 'fadd' 'fsub'> <InPorts = 2> <OutPorts = 1>

State 18 <SV = 17> <Delay = 7.25>
ST_18 : Operation 186 [3/5] (7.25ns)   --->   "%acc_1 = fadd i32 %acc_4_mid234, i32 %mul" [src/conv2_pool2.cpp:55]   --->   Operation 186 'fadd' 'acc_1' <Predicate = true> <Delay = 7.25> <CoreInst = "FAddSub_fulldsp">   --->   Core 18 'FAddSub_fulldsp' <Latency = 4> <II = 1> <Delay = 7.25> <FuncUnit> <Opcode : 'fadd' 'fsub'> <InPorts = 2> <OutPorts = 1>

State 19 <SV = 18> <Delay = 7.25>
ST_19 : Operation 187 [2/5] (7.25ns)   --->   "%acc_1 = fadd i32 %acc_4_mid234, i32 %mul" [src/conv2_pool2.cpp:55]   --->   Operation 187 'fadd' 'acc_1' <Predicate = true> <Delay = 7.25> <CoreInst = "FAddSub_fulldsp">   --->   Core 18 'FAddSub_fulldsp' <Latency = 4> <II = 1> <Delay = 7.25> <FuncUnit> <Opcode : 'fadd' 'fsub'> <InPorts = 2> <OutPorts = 1>
ST_19 : Operation 211 [1/1] (1.58ns)   --->   "%ret_ln0 = ret"   --->   Operation 211 'ret' 'ret_ln0' <Predicate = (icmp_ln44)> <Delay = 1.58>

State 20 <SV = 19> <Delay = 8.84>
ST_20 : Operation 188 [1/5] (7.25ns)   --->   "%acc_1 = fadd i32 %acc_4_mid234, i32 %mul" [src/conv2_pool2.cpp:55]   --->   Operation 188 'fadd' 'acc_1' <Predicate = true> <Delay = 7.25> <CoreInst = "FAddSub_fulldsp">   --->   Core 18 'FAddSub_fulldsp' <Latency = 4> <II = 1> <Delay = 7.25> <FuncUnit> <Opcode : 'fadd' 'fsub'> <InPorts = 2> <OutPorts = 1>
ST_20 : Operation 189 [1/1] (1.58ns)   --->   "%store_ln47 = store i32 %acc_1, i32 %acc_2" [src/conv2_pool2.cpp:47]   --->   Operation 189 'store' 'store_ln47' <Predicate = true> <Delay = 1.58>
ST_20 : Operation 190 [1/1] (0.00ns)   --->   "%br_ln53 = br void %for.inc69" [src/conv2_pool2.cpp:53]   --->   Operation 190 'br' 'br_ln53' <Predicate = true> <Delay = 0.00>

State 21 <SV = 20> <Delay = 5.43>
ST_21 : Operation 191 [2/2] (5.43ns)   --->   "%tmp_10 = fcmp_ogt  i32 %acc_1, i32 0" [src/conv2_pool2.cpp:59]   --->   Operation 191 'fcmp' 'tmp_10' <Predicate = true> <Delay = 5.43> <CoreInst = "FCompare">   --->   Core 19 'FCompare' <Latency = 1> <II = 1> <Delay = 5.43> <FuncUnit> <Opcode : 'fcmp'> <InPorts = 2> <OutPorts = 1>

State 22 <SV = 21> <Delay = 6.40>
ST_22 : Operation 192 [1/1] (0.00ns)   --->   "%bitcast_ln59 = bitcast i32 %acc_1" [src/conv2_pool2.cpp:59]   --->   Operation 192 'bitcast' 'bitcast_ln59' <Predicate = true> <Delay = 0.00>
ST_22 : Operation 193 [1/1] (0.00ns)   --->   "%tmp_s = partselect i8 @_ssdm_op_PartSelect.i8.i32.i32.i32, i32 %bitcast_ln59, i32 23, i32 30" [src/conv2_pool2.cpp:59]   --->   Operation 193 'partselect' 'tmp_s' <Predicate = true> <Delay = 0.00>
ST_22 : Operation 194 [1/1] (0.00ns)   --->   "%trunc_ln59 = trunc i32 %bitcast_ln59" [src/conv2_pool2.cpp:59]   --->   Operation 194 'trunc' 'trunc_ln59' <Predicate = true> <Delay = 0.00>
ST_22 : Operation 195 [1/1] (1.91ns)   --->   "%icmp_ln59 = icmp_ne  i8 %tmp_s, i8 255" [src/conv2_pool2.cpp:59]   --->   Operation 195 'icmp' 'icmp_ln59' <Predicate = true> <Delay = 1.91> <CoreInst = "Cmp">   --->   Core 9 'Cmp' <Latency = 0> <II = 1> <Delay = 1.91> <FuncUnit> <Opcode : 'seteq' 'setne' 'setle' 'setge' 'setlt' 'setgt'> <InPorts = 2> <OutPorts = 1>
ST_22 : Operation 196 [1/1] (2.28ns)   --->   "%icmp_ln59_1 = icmp_eq  i23 %trunc_ln59, i23 0" [src/conv2_pool2.cpp:59]   --->   Operation 196 'icmp' 'icmp_ln59_1' <Predicate = true> <Delay = 2.28> <CoreInst = "Cmp">   --->   Core 9 'Cmp' <Latency = 0> <II = 1> <Delay = 2.28> <FuncUnit> <Opcode : 'seteq' 'setne' 'setle' 'setge' 'setlt' 'setgt'> <InPorts = 2> <OutPorts = 1>
ST_22 : Operation 197 [1/1] (0.00ns) (grouped into LUT with out node select_ln59)   --->   "%or_ln59 = or i1 %icmp_ln59_1, i1 %icmp_ln59" [src/conv2_pool2.cpp:59]   --->   Operation 197 'or' 'or_ln59' <Predicate = true> <Delay = 0.00> <CoreInst = "LogicGate">   --->   Core 74 'LogicGate' <Latency = 0> <II = 1> <Delay = 0.97> <FuncUnit> <Opcode : 'and' 'or' 'xor'> <InPorts = 2> <OutPorts = 1>
ST_22 : Operation 198 [1/2] (5.43ns)   --->   "%tmp_10 = fcmp_ogt  i32 %acc_1, i32 0" [src/conv2_pool2.cpp:59]   --->   Operation 198 'fcmp' 'tmp_10' <Predicate = true> <Delay = 5.43> <CoreInst = "FCompare">   --->   Core 19 'FCompare' <Latency = 1> <II = 1> <Delay = 5.43> <FuncUnit> <Opcode : 'fcmp'> <InPorts = 2> <OutPorts = 1>
ST_22 : Operation 199 [1/1] (0.00ns) (grouped into LUT with out node select_ln59)   --->   "%and_ln59 = and i1 %or_ln59, i1 %tmp_10" [src/conv2_pool2.cpp:59]   --->   Operation 199 'and' 'and_ln59' <Predicate = true> <Delay = 0.00> <CoreInst = "LogicGate">   --->   Core 74 'LogicGate' <Latency = 0> <II = 1> <Delay = 0.97> <FuncUnit> <Opcode : 'and' 'or' 'xor'> <InPorts = 2> <OutPorts = 1>
ST_22 : Operation 200 [1/1] (0.97ns) (out node of the LUT)   --->   "%select_ln59 = select i1 %and_ln59, i32 %acc_1, i32 0" [src/conv2_pool2.cpp:59]   --->   Operation 200 'select' 'select_ln59' <Predicate = true> <Delay = 0.97> <CoreInst = "Sel">   --->   Core 73 'Sel' <Latency = 0> <II = 1> <Delay = 0.69> <FuncUnit> <Opcode : 'select'> <InPorts = 3> <OutPorts = 1>

State 23 <SV = 22> <Delay = 3.25>
ST_23 : Operation 201 [1/1] (0.00ns)   --->   "%specloopname_ln0 = specloopname void @_ssdm_op_SpecLoopName, void @CONV_OY_CONV_OX_CONV_IC_CONV_KY_CONV_KX_str"   --->   Operation 201 'specloopname' 'specloopname_ln0' <Predicate = true> <Delay = 0.00>
ST_23 : Operation 202 [1/1] (0.00ns)   --->   "%speclooptripcount_ln0 = speclooptripcount void @_ssdm_op_SpecLoopTripCount, i64 63504, i64 63504, i64 63504"   --->   Operation 202 'speclooptripcount' 'speclooptripcount_ln0' <Predicate = true> <Delay = 0.00>
ST_23 : Operation 203 [1/1] (0.00ns)   --->   "%specpipeline_ln54 = specpipeline void @_ssdm_op_SpecPipeline, i32 1, i32 0, i32 0, i32 0, void @empty" [src/conv2_pool2.cpp:54]   --->   Operation 203 'specpipeline' 'specpipeline_ln54' <Predicate = true> <Delay = 0.00>
ST_23 : Operation 204 [1/1] (0.00ns)   --->   "%zext_ln59_1 = zext i8 %add_ln59" [src/conv2_pool2.cpp:59]   --->   Operation 204 'zext' 'zext_ln59_1' <Predicate = true> <Delay = 0.00>
ST_23 : Operation 205 [1/1] (0.00ns)   --->   "%conv_buf_addr = getelementptr i32 %conv_buf, i64 0, i64 %zext_ln59_1" [src/conv2_pool2.cpp:59]   --->   Operation 205 'getelementptr' 'conv_buf_addr' <Predicate = true> <Delay = 0.00>
ST_23 : Operation 206 [1/1] (0.00ns)   --->   "%conv_buf_1_addr = getelementptr i32 %conv_buf_1, i64 0, i64 %zext_ln59_1" [src/conv2_pool2.cpp:59]   --->   Operation 206 'getelementptr' 'conv_buf_1_addr' <Predicate = true> <Delay = 0.00>
ST_23 : Operation 207 [1/1] ( I:3.25ns O:3.25ns )   --->   "%store_ln59 = store i32 %select_ln59, i8 %conv_buf_addr" [src/conv2_pool2.cpp:59]   --->   Operation 207 'store' 'store_ln59' <Predicate = (icmp_ln53_1 & icmp_ln51_1 & icmp_ln49_1 & !trunc_ln46)> <Delay = 3.25> <CoreInst = "RAM">   --->   Core 81 'RAM' <Latency = 1> <II = 1> <Delay = 3.25> <Storage> <Opcode : 'load' 'store'> <Ports = 2> <Width = 32> <Depth = 231> <RAM>
ST_23 : Operation 208 [1/1] (0.00ns)   --->   "%br_ln59 = br void %arrayidx825.exit" [src/conv2_pool2.cpp:59]   --->   Operation 208 'br' 'br_ln59' <Predicate = (icmp_ln53_1 & icmp_ln51_1 & icmp_ln49_1 & !trunc_ln46)> <Delay = 0.00>
ST_23 : Operation 209 [1/1] ( I:3.25ns O:3.25ns )   --->   "%store_ln59 = store i32 %select_ln59, i8 %conv_buf_1_addr" [src/conv2_pool2.cpp:59]   --->   Operation 209 'store' 'store_ln59' <Predicate = (icmp_ln53_1 & icmp_ln51_1 & icmp_ln49_1 & trunc_ln46)> <Delay = 3.25> <CoreInst = "RAM">   --->   Core 81 'RAM' <Latency = 1> <II = 1> <Delay = 3.25> <Storage> <Opcode : 'load' 'store'> <Ports = 2> <Width = 32> <Depth = 231> <RAM>
ST_23 : Operation 210 [1/1] (0.00ns)   --->   "%br_ln59 = br void %arrayidx825.exit" [src/conv2_pool2.cpp:59]   --->   Operation 210 'br' 'br_ln59' <Predicate = (icmp_ln53_1 & icmp_ln51_1 & icmp_ln49_1 & trunc_ln46)> <Delay = 0.00>


============================================================
+ Verbose Summary: Timing violations
============================================================
Target clock period: 10.000ns, clock uncertainty: 2.700ns.

 <State 1>: 1.588ns
The critical path consists of the following:
	'alloca' operation 16 bit ('indvar_flatten83') [18]  (0.000 ns)
	'store' operation 0 bit ('store_ln0') of constant 0 on local variable 'indvar_flatten83' [21]  (1.588 ns)

 <State 2>: 4.757ns
The critical path consists of the following:
	'load' operation 9 bit ('indvar_flatten21_load', src/conv2_pool2.cpp:49) on local variable 'indvar_flatten21' [34]  (0.000 ns)
	'icmp' operation 1 bit ('icmp_ln49', src/conv2_pool2.cpp:49) [57]  (1.823 ns)
	'xor' operation 1 bit ('exitcond_flatten23_not', src/conv2_pool2.cpp:49) [64]  (0.000 ns)
	'or' operation 1 bit ('not_exitcond_flatten23_mid282', src/conv2_pool2.cpp:46) [65]  (0.978 ns)
	'and' operation 1 bit ('exitcond_flatten8_mid246', src/conv2_pool2.cpp:44) [68]  (0.978 ns)
	'xor' operation 1 bit ('not_exitcond_flatten8_mid246', src/conv2_pool2.cpp:44) [74]  (0.000 ns)
	'and' operation 1 bit ('icmp_ln53_mid220', src/conv2_pool2.cpp:44) [75]  (0.978 ns)

 <State 3>: 6.735ns
The critical path consists of the following:
	'select' operation 5 bit ('select_ln46', src/conv2_pool2.cpp:46) [69]  (1.215 ns)
	'add' operation 5 bit ('add_ln55', src/conv2_pool2.cpp:55) [105]  (1.780 ns)
	'mul' operation 11 bit ('mul_ln55', src/conv2_pool2.cpp:55) [107]  (3.740 ns)

 <State 4>: 5.231ns
The critical path consists of the following:
	'sub' operation 4 bit ('sub_ln55', src/conv2_pool2.cpp:55) [90]  (0.000 ns)
	'add' operation 4 bit ('add_ln55_2', src/conv2_pool2.cpp:55) [97]  (3.316 ns)
	'add' operation 8 bit ('add_ln55_3', src/conv2_pool2.cpp:55) [99]  (1.915 ns)

 <State 5>: 3.202ns
The critical path consists of the following:
	'urem' operation 2 bit ('urem_ln55', src/conv2_pool2.cpp:55) [115]  (3.202 ns)

 <State 6>: 3.647ns
The critical path consists of the following:
	'add' operation 9 bit of DSP[94] ('add_ln55_1', src/conv2_pool2.cpp:55) [94]  (2.100 ns)
	'add' operation 12 bit ('add_ln55_5', src/conv2_pool2.cpp:55) [110]  (1.547 ns)

 <State 7>: 3.202ns
The critical path consists of the following:
	'urem' operation 2 bit ('urem_ln55', src/conv2_pool2.cpp:55) [115]  (3.202 ns)

 <State 8>: 3.202ns
The critical path consists of the following:
	'urem' operation 2 bit ('urem_ln55', src/conv2_pool2.cpp:55) [115]  (3.202 ns)

 <State 9>: 3.202ns
The critical path consists of the following:
	'urem' operation 2 bit ('urem_ln55', src/conv2_pool2.cpp:55) [115]  (3.202 ns)

 <State 10>: 3.254ns
The critical path consists of the following:
	'getelementptr' operation 12 bit ('in_buf_addr', src/conv2_pool2.cpp:55) [112]  (0.000 ns)
	'load' operation 32 bit ('in_buf_load', src/conv2_pool2.cpp:55) on array 'in_buf' [117]  (3.254 ns)

 <State 11>: 4.842ns
The critical path consists of the following:
	'load' operation 32 bit ('in_buf_load', src/conv2_pool2.cpp:55) on array 'in_buf' [117]  (3.254 ns)
	'sparsemux' operation 32 bit ('tmp', src/conv2_pool2.cpp:55) [120]  (1.588 ns)

 <State 12>: 8.956ns
The critical path consists of the following:
	'load' operation 32 bit ('WEIGHTS2_load', src/conv2_pool2.cpp:55) on array 'WEIGHTS2' [121]  (3.254 ns)
	'fmul' operation 32 bit ('mul', src/conv2_pool2.cpp:55) [122]  (5.702 ns)

 <State 13>: 5.702ns
The critical path consists of the following:
	'fmul' operation 32 bit ('mul', src/conv2_pool2.cpp:55) [122]  (5.702 ns)

 <State 14>: 5.702ns
The critical path consists of the following:
	'fmul' operation 32 bit ('mul', src/conv2_pool2.cpp:55) [122]  (5.702 ns)

 <State 15>: 5.702ns
The critical path consists of the following:
	'fmul' operation 32 bit ('mul', src/conv2_pool2.cpp:55) [122]  (5.702 ns)

 <State 16>: 7.954ns
The critical path consists of the following:
	'load' operation 32 bit ('acc_2_load', src/conv2_pool2.cpp:44) on local variable 'acc', src/conv2_pool2.cpp:47 [41]  (0.000 ns)
	'select' operation 32 bit ('select_ln44_1', src/conv2_pool2.cpp:44) [52]  (0.000 ns)
	'select' operation 32 bit ('acc_4_mid234', src/conv2_pool2.cpp:44) [63]  (0.698 ns)
	'fadd' operation 32 bit ('acc_1', src/conv2_pool2.cpp:55) [123]  (7.256 ns)

 <State 17>: 7.256ns
The critical path consists of the following:
	'fadd' operation 32 bit ('acc_1', src/conv2_pool2.cpp:55) [123]  (7.256 ns)

 <State 18>: 7.256ns
The critical path consists of the following:
	'fadd' operation 32 bit ('acc_1', src/conv2_pool2.cpp:55) [123]  (7.256 ns)

 <State 19>: 7.256ns
The critical path consists of the following:
	'fadd' operation 32 bit ('acc_1', src/conv2_pool2.cpp:55) [123]  (7.256 ns)

 <State 20>: 8.844ns
The critical path consists of the following:
	'fadd' operation 32 bit ('acc_1', src/conv2_pool2.cpp:55) [123]  (7.256 ns)
	'store' operation 0 bit ('store_ln47', src/conv2_pool2.cpp:47) of variable 'acc_1', src/conv2_pool2.cpp:55 on local variable 'acc', src/conv2_pool2.cpp:47 [178]  (1.588 ns)

 <State 21>: 5.431ns
The critical path consists of the following:
	'fcmp' operation 1 bit ('tmp_10', src/conv2_pool2.cpp:59) [140]  (5.431 ns)

 <State 22>: 6.409ns
The critical path consists of the following:
	'fcmp' operation 1 bit ('tmp_10', src/conv2_pool2.cpp:59) [140]  (5.431 ns)
	'and' operation 1 bit ('and_ln59', src/conv2_pool2.cpp:59) [141]  (0.000 ns)
	'select' operation 32 bit ('select_ln59', src/conv2_pool2.cpp:59) [142]  (0.978 ns)

 <State 23>: 3.254ns
The critical path consists of the following:
	'getelementptr' operation 8 bit ('conv_buf_addr', src/conv2_pool2.cpp:59) [132]  (0.000 ns)
	'store' operation 0 bit ('store_ln59', src/conv2_pool2.cpp:59) of variable 'select_ln59', src/conv2_pool2.cpp:59 on array 'conv_buf' [151]  (3.254 ns)


============================================================
+ Verbose Summary: Binding
============================================================
N/A
* FSMD analyzer results:
  - Output states:
 - Input state : 
  - Chain level:
	State 1
	State 2
	State 3
	State 4
	State 5
	State 6
	State 7
	State 8
	State 9
	State 10
	State 11
	State 12
	State 13
	State 14
	State 15
	State 16
	State 17
	State 18
	State 19
	State 20
	State 21
	State 22
	State 23


============================================================
+ Verbose Summary: Datapath Resource usage 
============================================================
N/A
