

================================================================
== Vitis HLS Report for 'conv2_pool2_Pipeline_LOAD_IC_LOAD_IY'
================================================================
* Date:           Thu Feb 26 16:24:08 2026

* Version:        2024.2 (Build 5238294 on Nov  8 2024)
* Project:        hls_prj
* Solution:       solution1 (Vitis Kernel Flow Target)
* Product family: zynq
* Target device:  xc7z020-clg400-1


================================================================
== Performance Estimates
================================================================
+ Timing: 
    * Summary: 
    +--------+----------+----------+------------+
    |  Clock |  Target  | Estimated| Uncertainty|
    +--------+----------+----------+------------+
    |ap_clk  |  10.00 ns|  7.300 ns|     2.70 ns|
    +--------+----------+----------+------------+

+ Latency: 
    * Summary: 
    +---------+---------+-----------+-----------+------+------+------------------------------------------------+
    |  Latency (cycles) |   Latency (absolute)  |   Interval  |                    Pipeline                    |
    |   min   |   max   |    min    |    max    |  min |  max |                      Type                      |
    +---------+---------+-----------+-----------+------+------+------------------------------------------------+
    |     8467|     8467|  84.670 us|  84.670 us|  8466|  8466|  loop auto-rewind stp (delay=0 clock cycles(s))|
    +---------+---------+-----------+-----------+------+------+------------------------------------------------+

    + Detail: 
        * Instance: 
        N/A

        * Loop: 
        +-------------------+---------+---------+----------+-----------+-----------+------+----------+
        |                   |  Latency (cycles) | Iteration|  Initiation Interval  | Trip |          |
        |     Loop Name     |   min   |   max   |  Latency |  achieved |   target  | Count| Pipelined|
        +-------------------+---------+---------+----------+-----------+-----------+------+----------+
        |- LOAD_IC_LOAD_IY  |     8465|     8465|        25|         23|          1|   368|       yes|
        +-------------------+---------+---------+----------+-----------+-----------+------+----------+

============================================================
+ Verbose Summary: Synthesis Manager
============================================================
InlineROM: 1
ExposeGlobal: 0
============================================================
+ Verbose Summary: CDFG Model
============================================================
IsTopModel: 0
ResetActiveHigh: 1
IsCombinational: 0
IsDatapathOnly: 0
HasWiredReturn: 1
HasMFsm: 2
HasVarLatency: 1
IsPipeline: 0
IsRtlPipelined: 0
IsInstanceOverlapped: 0
IsDontTouch: 0
HasImplIP: 0
IsGatedGlobalClock: 0

+ Individual pipeline summary: 
  * Pipeline-0: initiation interval (II) = 23, depth = 25


============================================================
+ Verbose Summary: Schedule
============================================================
* Number of FSM states : 25
* Pipeline : 1
  Pipeline-0 : II = 23, D = 25, States = { 1 2 3 4 5 6 7 8 9 10 11 12 13 14 15 16 17 18 19 20 21 22 23 24 25 }
* Dataflow Pipeline: 0

* FSM state transitions: 
1 --> 2 
2 --> 3 
3 --> 4 
4 --> 5 
5 --> 6 
6 --> 7 
7 --> 8 
8 --> 9 
9 --> 10 
10 --> 11 
11 --> 12 
12 --> 13 
13 --> 14 
14 --> 15 
15 --> 16 
16 --> 17 
17 --> 18 
18 --> 19 
19 --> 20 
20 --> 21 
21 --> 22 
22 --> 23 
23 --> 24 
24 --> 25 
25 --> 

* FSM state operations: 

State 1 <SV = 0> <Delay = 6.17>
ST_1 : Operation 28 [1/1] (0.00ns)   --->   "%iy = alloca i32 1" [src/conv2_pool2.cpp:32]   --->   Operation 28 'alloca' 'iy' <Predicate = true> <Delay = 0.00>
ST_1 : Operation 29 [1/1] (0.00ns)   --->   "%ic = alloca i32 1" [src/conv2_pool2.cpp:30]   --->   Operation 29 'alloca' 'ic' <Predicate = true> <Delay = 0.00>
ST_1 : Operation 30 [1/1] (0.00ns)   --->   "%indvar_flatten = alloca i32 1"   --->   Operation 30 'alloca' 'indvar_flatten' <Predicate = true> <Delay = 0.00>
ST_1 : Operation 31 [1/1] (0.00ns)   --->   "%sext_ln30_read = read i62 @_ssdm_op_Read.ap_auto.i62, i62 %sext_ln30"   --->   Operation 31 'read' 'sext_ln30_read' <Predicate = true> <Delay = 0.00>
ST_1 : Operation 32 [1/1] (0.00ns)   --->   "%sext_ln30_cast = sext i62 %sext_ln30_read"   --->   Operation 32 'sext' 'sext_ln30_cast' <Predicate = true> <Delay = 0.00>
ST_1 : Operation 33 [1/1] (0.00ns)   --->   "%specinterface_ln0 = specinterface void @_ssdm_op_SpecInterface, i32 %AXI_IN, void @empty_9, i32 0, i32 0, void @empty, i32 64, i32 8464, void @empty_0, void @empty_1, void @empty, i32 16, i32 16, i32 16, i32 16, void @empty, void @empty, i32 4294967295, i32 0, i32 0"   --->   Operation 33 'specinterface' 'specinterface_ln0' <Predicate = true> <Delay = 0.00>
ST_1 : Operation 34 [1/1] (1.58ns)   --->   "%store_ln0 = store i9 0, i9 %indvar_flatten"   --->   Operation 34 'store' 'store_ln0' <Predicate = true> <Delay = 1.58>
ST_1 : Operation 35 [1/1] (1.58ns)   --->   "%store_ln30 = store i5 0, i5 %ic" [src/conv2_pool2.cpp:30]   --->   Operation 35 'store' 'store_ln30' <Predicate = true> <Delay = 1.58>
ST_1 : Operation 36 [1/1] (1.58ns)   --->   "%store_ln32 = store i5 0, i5 %iy" [src/conv2_pool2.cpp:32]   --->   Operation 36 'store' 'store_ln32' <Predicate = true> <Delay = 1.58>
ST_1 : Operation 37 [1/1] (0.00ns)   --->   "%br_ln0 = br void %LOAD_IX"   --->   Operation 37 'br' 'br_ln0' <Predicate = true> <Delay = 0.00>
ST_1 : Operation 38 [1/1] (0.00ns)   --->   "%indvar_flatten_load = load i9 %indvar_flatten" [src/conv2_pool2.cpp:30]   --->   Operation 38 'load' 'indvar_flatten_load' <Predicate = true> <Delay = 0.00>
ST_1 : Operation 39 [1/1] (0.00ns)   --->   "%specbitsmap_ln0 = specbitsmap void @_ssdm_op_SpecBitsMap, i32 %AXI_IN"   --->   Operation 39 'specbitsmap' 'specbitsmap_ln0' <Predicate = true> <Delay = 0.00>
ST_1 : Operation 40 [1/1] (1.82ns)   --->   "%icmp_ln30 = icmp_eq  i9 %indvar_flatten_load, i9 368" [src/conv2_pool2.cpp:30]   --->   Operation 40 'icmp' 'icmp_ln30' <Predicate = true> <Delay = 1.82> <CoreInst = "Cmp">   --->   Core 9 'Cmp' <Latency = 0> <II = 1> <Delay = 1.82> <FuncUnit> <Opcode : 'seteq' 'setne' 'setle' 'setge' 'setlt' 'setgt'> <InPorts = 2> <OutPorts = 1>
ST_1 : Operation 41 [1/1] (1.82ns)   --->   "%add_ln30_1 = add i9 %indvar_flatten_load, i9 1" [src/conv2_pool2.cpp:30]   --->   Operation 41 'add' 'add_ln30_1' <Predicate = true> <Delay = 1.82> <CoreInst = "Adder">   --->   Core 1 'Adder' <Latency = 0> <II = 1> <Delay = 1.82> <FuncUnit> <Opcode : 'add' 'sub'> <InPorts = 2> <OutPorts = 1>
ST_1 : Operation 42 [1/1] (0.00ns)   --->   "%br_ln30 = br i1 %icmp_ln30, void %for.inc21, void %CONV_OC.exitStub" [src/conv2_pool2.cpp:30]   --->   Operation 42 'br' 'br_ln30' <Predicate = true> <Delay = 0.00>
ST_1 : Operation 43 [1/1] (0.00ns)   --->   "%iy_load = load i5 %iy" [src/conv2_pool2.cpp:32]   --->   Operation 43 'load' 'iy_load' <Predicate = (!icmp_ln30)> <Delay = 0.00>
ST_1 : Operation 44 [1/1] (0.00ns)   --->   "%ic_load = load i5 %ic" [src/conv2_pool2.cpp:30]   --->   Operation 44 'load' 'ic_load' <Predicate = (!icmp_ln30)> <Delay = 0.00>
ST_1 : Operation 45 [1/1] (0.00ns)   --->   "%AXI_IN_addr = getelementptr i32 %AXI_IN, i64 %sext_ln30_cast" [src/conv2_pool2.cpp:30]   --->   Operation 45 'getelementptr' 'AXI_IN_addr' <Predicate = (!icmp_ln30)> <Delay = 0.00>
ST_1 : Operation 46 [1/1] (1.78ns)   --->   "%add_ln30 = add i5 %ic_load, i5 1" [src/conv2_pool2.cpp:30]   --->   Operation 46 'add' 'add_ln30' <Predicate = (!icmp_ln30)> <Delay = 1.78> <CoreInst = "Adder">   --->   Core 1 'Adder' <Latency = 0> <II = 1> <Delay = 1.78> <FuncUnit> <Opcode : 'add' 'sub'> <InPorts = 2> <OutPorts = 1>
ST_1 : Operation 47 [1/1] (1.78ns)   --->   "%icmp_ln32 = icmp_eq  i5 %iy_load, i5 23" [src/conv2_pool2.cpp:32]   --->   Operation 47 'icmp' 'icmp_ln32' <Predicate = (!icmp_ln30)> <Delay = 1.78> <CoreInst = "Cmp">   --->   Core 9 'Cmp' <Latency = 0> <II = 1> <Delay = 1.78> <FuncUnit> <Opcode : 'seteq' 'setne' 'setle' 'setge' 'setlt' 'setgt'> <InPorts = 2> <OutPorts = 1>
ST_1 : Operation 48 [1/1] (1.21ns)   --->   "%select_ln30 = select i1 %icmp_ln32, i5 0, i5 %iy_load" [src/conv2_pool2.cpp:30]   --->   Operation 48 'select' 'select_ln30' <Predicate = (!icmp_ln30)> <Delay = 1.21> <CoreInst = "Sel">   --->   Core 73 'Sel' <Latency = 0> <II = 1> <Delay = 1.21> <FuncUnit> <Opcode : 'select'> <InPorts = 3> <OutPorts = 1>
ST_1 : Operation 49 [1/1] (1.21ns)   --->   "%select_ln30_1 = select i1 %icmp_ln32, i5 %add_ln30, i5 %ic_load" [src/conv2_pool2.cpp:30]   --->   Operation 49 'select' 'select_ln30_1' <Predicate = (!icmp_ln30)> <Delay = 1.21> <CoreInst = "Sel">   --->   Core 73 'Sel' <Latency = 0> <II = 1> <Delay = 1.21> <FuncUnit> <Opcode : 'select'> <InPorts = 3> <OutPorts = 1>
ST_1 : Operation 50 [1/1] (0.00ns)   --->   "%zext_ln36 = zext i5 %select_ln30_1" [src/conv2_pool2.cpp:36]   --->   Operation 50 'zext' 'zext_ln36' <Predicate = (!icmp_ln30)> <Delay = 0.00>
ST_1 : Operation 51 [3/3] (1.05ns) (grouped into DSP with root node add_ln36)   --->   "%mul_ln36 = mul i9 %zext_ln36, i9 23" [src/conv2_pool2.cpp:36]   --->   Operation 51 'mul' 'mul_ln36' <Predicate = (!icmp_ln30)> <Delay = 1.05> <CoreInst = "DSP48">   --->   Core 116 'DSP48' <Latency = 3> <II = 1> <Delay = 2.15> <IPBlock> <Opcode : '' 'add' 'sub' 'mul' 'select'> <InPorts = 0> <OutPorts = 1> <Sync> <CReg>
ST_1 : Operation 52 [1/1] (1.58ns)   --->   "%store_ln30 = store i9 %add_ln30_1, i9 %indvar_flatten" [src/conv2_pool2.cpp:30]   --->   Operation 52 'store' 'store_ln30' <Predicate = (!icmp_ln30)> <Delay = 1.58>
ST_1 : Operation 53 [1/1] (1.58ns)   --->   "%store_ln30 = store i5 %select_ln30_1, i5 %ic" [src/conv2_pool2.cpp:30]   --->   Operation 53 'store' 'store_ln30' <Predicate = (!icmp_ln30)> <Delay = 1.58>

State 2 <SV = 1> <Delay = 7.30>
ST_2 : Operation 54 [2/3] (1.05ns) (grouped into DSP with root node add_ln36)   --->   "%mul_ln36 = mul i9 %zext_ln36, i9 23" [src/conv2_pool2.cpp:36]   --->   Operation 54 'mul' 'mul_ln36' <Predicate = (!icmp_ln30)> <Delay = 1.05> <CoreInst = "DSP48">   --->   Core 116 'DSP48' <Latency = 3> <II = 1> <Delay = 2.15> <IPBlock> <Opcode : '' 'add' 'sub' 'mul' 'select'> <InPorts = 0> <OutPorts = 1> <Sync> <CReg>
ST_2 : Operation 55 [1/1] (7.30ns)   --->   "%AXI_IN_addr_read = read i32 @_ssdm_op_Read.m_axi.p1i32, i32 %AXI_IN_addr" [src/conv2_pool2.cpp:36]   --->   Operation 55 'read' 'AXI_IN_addr_read' <Predicate = (!icmp_ln30)> <Delay = 7.30> <CoreInst = "m_axi">   --->   Core 111 'm_axi' <Latency = 3> <II = 1> <Delay = 1.00> <Adapter> <Opcode : 'read' 'write' 'readreq' 'writereq' 'writeresp'>
ST_2 : Operation 56 [1/1] (1.78ns)   --->   "%add_ln32 = add i5 %select_ln30, i5 1" [src/conv2_pool2.cpp:32]   --->   Operation 56 'add' 'add_ln32' <Predicate = (!icmp_ln30)> <Delay = 1.78> <CoreInst = "Adder">   --->   Core 1 'Adder' <Latency = 0> <II = 1> <Delay = 1.78> <FuncUnit> <Opcode : 'add' 'sub'> <InPorts = 2> <OutPorts = 1>
ST_2 : Operation 57 [1/1] (1.58ns)   --->   "%store_ln32 = store i5 %add_ln32, i5 %iy" [src/conv2_pool2.cpp:32]   --->   Operation 57 'store' 'store_ln32' <Predicate = (!icmp_ln30)> <Delay = 1.58>
ST_2 : Operation 173 [1/1] (1.58ns)   --->   "%ret_ln0 = ret"   --->   Operation 173 'ret' 'ret_ln0' <Predicate = (icmp_ln30)> <Delay = 1.58>

State 3 <SV = 2> <Delay = 7.30>
ST_3 : Operation 58 [1/3] (0.00ns) (grouped into DSP with root node add_ln36)   --->   "%mul_ln36 = mul i9 %zext_ln36, i9 23" [src/conv2_pool2.cpp:36]   --->   Operation 58 'mul' 'mul_ln36' <Predicate = (!icmp_ln30)> <Delay = 0.00> <CoreInst = "DSP48">   --->   Core 116 'DSP48' <Latency = 3> <II = 1> <Delay = 2.15> <IPBlock> <Opcode : '' 'add' 'sub' 'mul' 'select'> <InPorts = 0> <OutPorts = 1> <Sync> <CReg>
ST_3 : Operation 59 [1/1] (0.00ns)   --->   "%zext_ln36_1 = zext i5 %select_ln30" [src/conv2_pool2.cpp:36]   --->   Operation 59 'zext' 'zext_ln36_1' <Predicate = (!icmp_ln30)> <Delay = 0.00>
ST_3 : Operation 60 [2/2] (2.10ns) (root node of the DSP)   --->   "%add_ln36 = add i9 %mul_ln36, i9 %zext_ln36_1" [src/conv2_pool2.cpp:36]   --->   Operation 60 'add' 'add_ln36' <Predicate = (!icmp_ln30)> <Delay = 2.10> <CoreInst = "DSP48">   --->   Core 116 'DSP48' <Latency = 3> <II = 1> <Delay = 2.15> <IPBlock> <Opcode : '' 'add' 'sub' 'mul' 'select'> <InPorts = 0> <OutPorts = 1> <Sync> <CReg>
ST_3 : Operation 61 [1/1] (7.30ns)   --->   "%AXI_IN_addr_read_1 = read i32 @_ssdm_op_Read.m_axi.p1i32, i32 %AXI_IN_addr" [src/conv2_pool2.cpp:36]   --->   Operation 61 'read' 'AXI_IN_addr_read_1' <Predicate = (!icmp_ln30)> <Delay = 7.30> <CoreInst = "m_axi">   --->   Core 111 'm_axi' <Latency = 3> <II = 1> <Delay = 1.00> <Adapter> <Opcode : 'read' 'write' 'readreq' 'writereq' 'writeresp'>

State 4 <SV = 3> <Delay = 7.30>
ST_4 : Operation 62 [1/2] (2.10ns) (root node of the DSP)   --->   "%add_ln36 = add i9 %mul_ln36, i9 %zext_ln36_1" [src/conv2_pool2.cpp:36]   --->   Operation 62 'add' 'add_ln36' <Predicate = (!icmp_ln30)> <Delay = 2.10> <CoreInst = "DSP48">   --->   Core 116 'DSP48' <Latency = 3> <II = 1> <Delay = 2.15> <IPBlock> <Opcode : '' 'add' 'sub' 'mul' 'select'> <InPorts = 0> <OutPorts = 1> <Sync> <CReg>
ST_4 : Operation 63 [1/1] (0.00ns)   --->   "%tmp = bitconcatenate i12 @_ssdm_op_BitConcatenate.i12.i9.i3, i9 %add_ln36, i3 0" [src/conv2_pool2.cpp:36]   --->   Operation 63 'bitconcatenate' 'tmp' <Predicate = (!icmp_ln30)> <Delay = 0.00>
ST_4 : Operation 64 [1/1] (0.00ns)   --->   "%zext_ln36_2 = zext i12 %tmp" [src/conv2_pool2.cpp:36]   --->   Operation 64 'zext' 'zext_ln36_2' <Predicate = (!icmp_ln30)> <Delay = 0.00>
ST_4 : Operation 65 [1/1] (0.00ns)   --->   "%in_buf_addr = getelementptr i32 %in_buf, i64 0, i64 %zext_ln36_2" [src/conv2_pool2.cpp:36]   --->   Operation 65 'getelementptr' 'in_buf_addr' <Predicate = (!icmp_ln30)> <Delay = 0.00>
ST_4 : Operation 66 [1/1] (0.00ns)   --->   "%in_buf_1_addr = getelementptr i32 %in_buf_1, i64 0, i64 %zext_ln36_2" [src/conv2_pool2.cpp:36]   --->   Operation 66 'getelementptr' 'in_buf_1_addr' <Predicate = (!icmp_ln30)> <Delay = 0.00>
ST_4 : Operation 67 [1/1] (0.00ns)   --->   "%bitcast_ln36 = bitcast i32 %AXI_IN_addr_read" [src/conv2_pool2.cpp:36]   --->   Operation 67 'bitcast' 'bitcast_ln36' <Predicate = (!icmp_ln30)> <Delay = 0.00>
ST_4 : Operation 68 [1/1] (0.00ns)   --->   "%bitcast_ln36_1 = bitcast i32 %AXI_IN_addr_read_1" [src/conv2_pool2.cpp:36]   --->   Operation 68 'bitcast' 'bitcast_ln36_1' <Predicate = (!icmp_ln30)> <Delay = 0.00>
ST_4 : Operation 69 [1/1] (7.30ns)   --->   "%AXI_IN_addr_read_2 = read i32 @_ssdm_op_Read.m_axi.p1i32, i32 %AXI_IN_addr" [src/conv2_pool2.cpp:36]   --->   Operation 69 'read' 'AXI_IN_addr_read_2' <Predicate = (!icmp_ln30)> <Delay = 7.30> <CoreInst = "m_axi">   --->   Core 111 'm_axi' <Latency = 3> <II = 1> <Delay = 1.00> <Adapter> <Opcode : 'read' 'write' 'readreq' 'writereq' 'writeresp'>
ST_4 : Operation 70 [1/1] ( I:3.25ns O:3.25ns )   --->   "%store_ln36 = store i32 %bitcast_ln36, i12 %in_buf_addr" [src/conv2_pool2.cpp:36]   --->   Operation 70 'store' 'store_ln36' <Predicate = (!icmp_ln30)> <Delay = 3.25> <CoreInst = "RAM">   --->   Core 81 'RAM' <Latency = 1> <II = 1> <Delay = 3.25> <Storage> <Opcode : 'load' 'store'> <Ports = 2> <Width = 32> <Depth = 2944> <RAM>
ST_4 : Operation 71 [1/1] ( I:3.25ns O:3.25ns )   --->   "%store_ln36 = store i32 %bitcast_ln36_1, i12 %in_buf_1_addr" [src/conv2_pool2.cpp:36]   --->   Operation 71 'store' 'store_ln36' <Predicate = (!icmp_ln30)> <Delay = 3.25> <CoreInst = "RAM">   --->   Core 81 'RAM' <Latency = 1> <II = 1> <Delay = 3.25> <Storage> <Opcode : 'load' 'store'> <Ports = 2> <Width = 32> <Depth = 2944> <RAM>

State 5 <SV = 4> <Delay = 7.30>
ST_5 : Operation 72 [1/1] (0.00ns)   --->   "%in_buf_2_addr = getelementptr i32 %in_buf_2, i64 0, i64 %zext_ln36_2" [src/conv2_pool2.cpp:36]   --->   Operation 72 'getelementptr' 'in_buf_2_addr' <Predicate = (!icmp_ln30)> <Delay = 0.00>
ST_5 : Operation 73 [1/1] (0.00ns)   --->   "%bitcast_ln36_2 = bitcast i32 %AXI_IN_addr_read_2" [src/conv2_pool2.cpp:36]   --->   Operation 73 'bitcast' 'bitcast_ln36_2' <Predicate = (!icmp_ln30)> <Delay = 0.00>
ST_5 : Operation 74 [1/1] (7.30ns)   --->   "%AXI_IN_addr_read_3 = read i32 @_ssdm_op_Read.m_axi.p1i32, i32 %AXI_IN_addr" [src/conv2_pool2.cpp:36]   --->   Operation 74 'read' 'AXI_IN_addr_read_3' <Predicate = (!icmp_ln30)> <Delay = 7.30> <CoreInst = "m_axi">   --->   Core 111 'm_axi' <Latency = 3> <II = 1> <Delay = 1.00> <Adapter> <Opcode : 'read' 'write' 'readreq' 'writereq' 'writeresp'>
ST_5 : Operation 75 [1/1] ( I:3.25ns O:3.25ns )   --->   "%store_ln36 = store i32 %bitcast_ln36_2, i12 %in_buf_2_addr" [src/conv2_pool2.cpp:36]   --->   Operation 75 'store' 'store_ln36' <Predicate = (!icmp_ln30)> <Delay = 3.25> <CoreInst = "RAM">   --->   Core 81 'RAM' <Latency = 1> <II = 1> <Delay = 3.25> <Storage> <Opcode : 'load' 'store'> <Ports = 2> <Width = 32> <Depth = 2944> <RAM>

State 6 <SV = 5> <Delay = 7.30>
ST_6 : Operation 76 [1/1] (0.00ns)   --->   "%tmp_s = bitconcatenate i12 @_ssdm_op_BitConcatenate.i12.i9.i3, i9 %add_ln36, i3 1" [src/conv2_pool2.cpp:36]   --->   Operation 76 'bitconcatenate' 'tmp_s' <Predicate = (!icmp_ln30)> <Delay = 0.00>
ST_6 : Operation 77 [1/1] (0.00ns)   --->   "%zext_ln36_3 = zext i12 %tmp_s" [src/conv2_pool2.cpp:36]   --->   Operation 77 'zext' 'zext_ln36_3' <Predicate = (!icmp_ln30)> <Delay = 0.00>
ST_6 : Operation 78 [1/1] (0.00ns)   --->   "%in_buf_addr_1 = getelementptr i32 %in_buf, i64 0, i64 %zext_ln36_3" [src/conv2_pool2.cpp:36]   --->   Operation 78 'getelementptr' 'in_buf_addr_1' <Predicate = (!icmp_ln30)> <Delay = 0.00>
ST_6 : Operation 79 [1/1] (0.00ns)   --->   "%bitcast_ln36_3 = bitcast i32 %AXI_IN_addr_read_3" [src/conv2_pool2.cpp:36]   --->   Operation 79 'bitcast' 'bitcast_ln36_3' <Predicate = (!icmp_ln30)> <Delay = 0.00>
ST_6 : Operation 80 [1/1] (7.30ns)   --->   "%AXI_IN_addr_read_4 = read i32 @_ssdm_op_Read.m_axi.p1i32, i32 %AXI_IN_addr" [src/conv2_pool2.cpp:36]   --->   Operation 80 'read' 'AXI_IN_addr_read_4' <Predicate = (!icmp_ln30)> <Delay = 7.30> <CoreInst = "m_axi">   --->   Core 111 'm_axi' <Latency = 3> <II = 1> <Delay = 1.00> <Adapter> <Opcode : 'read' 'write' 'readreq' 'writereq' 'writeresp'>
ST_6 : Operation 81 [1/1] ( I:3.25ns O:3.25ns )   --->   "%store_ln36 = store i32 %bitcast_ln36_3, i12 %in_buf_addr_1" [src/conv2_pool2.cpp:36]   --->   Operation 81 'store' 'store_ln36' <Predicate = (!icmp_ln30)> <Delay = 3.25> <CoreInst = "RAM">   --->   Core 81 'RAM' <Latency = 1> <II = 1> <Delay = 3.25> <Storage> <Opcode : 'load' 'store'> <Ports = 2> <Width = 32> <Depth = 2944> <RAM>

State 7 <SV = 6> <Delay = 7.30>
ST_7 : Operation 82 [1/1] (0.00ns)   --->   "%in_buf_1_addr_1 = getelementptr i32 %in_buf_1, i64 0, i64 %zext_ln36_3" [src/conv2_pool2.cpp:36]   --->   Operation 82 'getelementptr' 'in_buf_1_addr_1' <Predicate = (!icmp_ln30)> <Delay = 0.00>
ST_7 : Operation 83 [1/1] (0.00ns)   --->   "%bitcast_ln36_4 = bitcast i32 %AXI_IN_addr_read_4" [src/conv2_pool2.cpp:36]   --->   Operation 83 'bitcast' 'bitcast_ln36_4' <Predicate = (!icmp_ln30)> <Delay = 0.00>
ST_7 : Operation 84 [1/1] (7.30ns)   --->   "%AXI_IN_addr_read_5 = read i32 @_ssdm_op_Read.m_axi.p1i32, i32 %AXI_IN_addr" [src/conv2_pool2.cpp:36]   --->   Operation 84 'read' 'AXI_IN_addr_read_5' <Predicate = (!icmp_ln30)> <Delay = 7.30> <CoreInst = "m_axi">   --->   Core 111 'm_axi' <Latency = 3> <II = 1> <Delay = 1.00> <Adapter> <Opcode : 'read' 'write' 'readreq' 'writereq' 'writeresp'>
ST_7 : Operation 85 [1/1] ( I:3.25ns O:3.25ns )   --->   "%store_ln36 = store i32 %bitcast_ln36_4, i12 %in_buf_1_addr_1" [src/conv2_pool2.cpp:36]   --->   Operation 85 'store' 'store_ln36' <Predicate = (!icmp_ln30)> <Delay = 3.25> <CoreInst = "RAM">   --->   Core 81 'RAM' <Latency = 1> <II = 1> <Delay = 3.25> <Storage> <Opcode : 'load' 'store'> <Ports = 2> <Width = 32> <Depth = 2944> <RAM>

State 8 <SV = 7> <Delay = 7.30>
ST_8 : Operation 86 [1/1] (0.00ns)   --->   "%in_buf_2_addr_1 = getelementptr i32 %in_buf_2, i64 0, i64 %zext_ln36_3" [src/conv2_pool2.cpp:36]   --->   Operation 86 'getelementptr' 'in_buf_2_addr_1' <Predicate = (!icmp_ln30)> <Delay = 0.00>
ST_8 : Operation 87 [1/1] (0.00ns)   --->   "%bitcast_ln36_5 = bitcast i32 %AXI_IN_addr_read_5" [src/conv2_pool2.cpp:36]   --->   Operation 87 'bitcast' 'bitcast_ln36_5' <Predicate = (!icmp_ln30)> <Delay = 0.00>
ST_8 : Operation 88 [1/1] (7.30ns)   --->   "%AXI_IN_addr_read_6 = read i32 @_ssdm_op_Read.m_axi.p1i32, i32 %AXI_IN_addr" [src/conv2_pool2.cpp:36]   --->   Operation 88 'read' 'AXI_IN_addr_read_6' <Predicate = (!icmp_ln30)> <Delay = 7.30> <CoreInst = "m_axi">   --->   Core 111 'm_axi' <Latency = 3> <II = 1> <Delay = 1.00> <Adapter> <Opcode : 'read' 'write' 'readreq' 'writereq' 'writeresp'>
ST_8 : Operation 89 [1/1] ( I:3.25ns O:3.25ns )   --->   "%store_ln36 = store i32 %bitcast_ln36_5, i12 %in_buf_2_addr_1" [src/conv2_pool2.cpp:36]   --->   Operation 89 'store' 'store_ln36' <Predicate = (!icmp_ln30)> <Delay = 3.25> <CoreInst = "RAM">   --->   Core 81 'RAM' <Latency = 1> <II = 1> <Delay = 3.25> <Storage> <Opcode : 'load' 'store'> <Ports = 2> <Width = 32> <Depth = 2944> <RAM>

State 9 <SV = 8> <Delay = 7.30>
ST_9 : Operation 90 [1/1] (0.00ns)   --->   "%tmp_11 = bitconcatenate i12 @_ssdm_op_BitConcatenate.i12.i9.i3, i9 %add_ln36, i3 2" [src/conv2_pool2.cpp:36]   --->   Operation 90 'bitconcatenate' 'tmp_11' <Predicate = (!icmp_ln30)> <Delay = 0.00>
ST_9 : Operation 91 [1/1] (0.00ns)   --->   "%zext_ln36_4 = zext i12 %tmp_11" [src/conv2_pool2.cpp:36]   --->   Operation 91 'zext' 'zext_ln36_4' <Predicate = (!icmp_ln30)> <Delay = 0.00>
ST_9 : Operation 92 [1/1] (0.00ns)   --->   "%in_buf_addr_2 = getelementptr i32 %in_buf, i64 0, i64 %zext_ln36_4" [src/conv2_pool2.cpp:36]   --->   Operation 92 'getelementptr' 'in_buf_addr_2' <Predicate = (!icmp_ln30)> <Delay = 0.00>
ST_9 : Operation 93 [1/1] (0.00ns)   --->   "%bitcast_ln36_6 = bitcast i32 %AXI_IN_addr_read_6" [src/conv2_pool2.cpp:36]   --->   Operation 93 'bitcast' 'bitcast_ln36_6' <Predicate = (!icmp_ln30)> <Delay = 0.00>
ST_9 : Operation 94 [1/1] (7.30ns)   --->   "%AXI_IN_addr_read_7 = read i32 @_ssdm_op_Read.m_axi.p1i32, i32 %AXI_IN_addr" [src/conv2_pool2.cpp:36]   --->   Operation 94 'read' 'AXI_IN_addr_read_7' <Predicate = (!icmp_ln30)> <Delay = 7.30> <CoreInst = "m_axi">   --->   Core 111 'm_axi' <Latency = 3> <II = 1> <Delay = 1.00> <Adapter> <Opcode : 'read' 'write' 'readreq' 'writereq' 'writeresp'>
ST_9 : Operation 95 [1/1] ( I:3.25ns O:3.25ns )   --->   "%store_ln36 = store i32 %bitcast_ln36_6, i12 %in_buf_addr_2" [src/conv2_pool2.cpp:36]   --->   Operation 95 'store' 'store_ln36' <Predicate = (!icmp_ln30)> <Delay = 3.25> <CoreInst = "RAM">   --->   Core 81 'RAM' <Latency = 1> <II = 1> <Delay = 3.25> <Storage> <Opcode : 'load' 'store'> <Ports = 2> <Width = 32> <Depth = 2944> <RAM>

State 10 <SV = 9> <Delay = 7.30>
ST_10 : Operation 96 [1/1] (0.00ns)   --->   "%in_buf_1_addr_2 = getelementptr i32 %in_buf_1, i64 0, i64 %zext_ln36_4" [src/conv2_pool2.cpp:36]   --->   Operation 96 'getelementptr' 'in_buf_1_addr_2' <Predicate = (!icmp_ln30)> <Delay = 0.00>
ST_10 : Operation 97 [1/1] (0.00ns)   --->   "%bitcast_ln36_7 = bitcast i32 %AXI_IN_addr_read_7" [src/conv2_pool2.cpp:36]   --->   Operation 97 'bitcast' 'bitcast_ln36_7' <Predicate = (!icmp_ln30)> <Delay = 0.00>
ST_10 : Operation 98 [1/1] (7.30ns)   --->   "%AXI_IN_addr_read_8 = read i32 @_ssdm_op_Read.m_axi.p1i32, i32 %AXI_IN_addr" [src/conv2_pool2.cpp:36]   --->   Operation 98 'read' 'AXI_IN_addr_read_8' <Predicate = (!icmp_ln30)> <Delay = 7.30> <CoreInst = "m_axi">   --->   Core 111 'm_axi' <Latency = 3> <II = 1> <Delay = 1.00> <Adapter> <Opcode : 'read' 'write' 'readreq' 'writereq' 'writeresp'>
ST_10 : Operation 99 [1/1] ( I:3.25ns O:3.25ns )   --->   "%store_ln36 = store i32 %bitcast_ln36_7, i12 %in_buf_1_addr_2" [src/conv2_pool2.cpp:36]   --->   Operation 99 'store' 'store_ln36' <Predicate = (!icmp_ln30)> <Delay = 3.25> <CoreInst = "RAM">   --->   Core 81 'RAM' <Latency = 1> <II = 1> <Delay = 3.25> <Storage> <Opcode : 'load' 'store'> <Ports = 2> <Width = 32> <Depth = 2944> <RAM>

State 11 <SV = 10> <Delay = 7.30>
ST_11 : Operation 100 [1/1] (0.00ns)   --->   "%in_buf_2_addr_2 = getelementptr i32 %in_buf_2, i64 0, i64 %zext_ln36_4" [src/conv2_pool2.cpp:36]   --->   Operation 100 'getelementptr' 'in_buf_2_addr_2' <Predicate = (!icmp_ln30)> <Delay = 0.00>
ST_11 : Operation 101 [1/1] (0.00ns)   --->   "%bitcast_ln36_8 = bitcast i32 %AXI_IN_addr_read_8" [src/conv2_pool2.cpp:36]   --->   Operation 101 'bitcast' 'bitcast_ln36_8' <Predicate = (!icmp_ln30)> <Delay = 0.00>
ST_11 : Operation 102 [1/1] (7.30ns)   --->   "%AXI_IN_addr_read_9 = read i32 @_ssdm_op_Read.m_axi.p1i32, i32 %AXI_IN_addr" [src/conv2_pool2.cpp:36]   --->   Operation 102 'read' 'AXI_IN_addr_read_9' <Predicate = (!icmp_ln30)> <Delay = 7.30> <CoreInst = "m_axi">   --->   Core 111 'm_axi' <Latency = 3> <II = 1> <Delay = 1.00> <Adapter> <Opcode : 'read' 'write' 'readreq' 'writereq' 'writeresp'>
ST_11 : Operation 103 [1/1] ( I:3.25ns O:3.25ns )   --->   "%store_ln36 = store i32 %bitcast_ln36_8, i12 %in_buf_2_addr_2" [src/conv2_pool2.cpp:36]   --->   Operation 103 'store' 'store_ln36' <Predicate = (!icmp_ln30)> <Delay = 3.25> <CoreInst = "RAM">   --->   Core 81 'RAM' <Latency = 1> <II = 1> <Delay = 3.25> <Storage> <Opcode : 'load' 'store'> <Ports = 2> <Width = 32> <Depth = 2944> <RAM>

State 12 <SV = 11> <Delay = 7.30>
ST_12 : Operation 104 [1/1] (0.00ns)   --->   "%tmp_12 = bitconcatenate i12 @_ssdm_op_BitConcatenate.i12.i9.i3, i9 %add_ln36, i3 3" [src/conv2_pool2.cpp:36]   --->   Operation 104 'bitconcatenate' 'tmp_12' <Predicate = (!icmp_ln30)> <Delay = 0.00>
ST_12 : Operation 105 [1/1] (0.00ns)   --->   "%zext_ln36_5 = zext i12 %tmp_12" [src/conv2_pool2.cpp:36]   --->   Operation 105 'zext' 'zext_ln36_5' <Predicate = (!icmp_ln30)> <Delay = 0.00>
ST_12 : Operation 106 [1/1] (0.00ns)   --->   "%in_buf_addr_3 = getelementptr i32 %in_buf, i64 0, i64 %zext_ln36_5" [src/conv2_pool2.cpp:36]   --->   Operation 106 'getelementptr' 'in_buf_addr_3' <Predicate = (!icmp_ln30)> <Delay = 0.00>
ST_12 : Operation 107 [1/1] (0.00ns)   --->   "%bitcast_ln36_9 = bitcast i32 %AXI_IN_addr_read_9" [src/conv2_pool2.cpp:36]   --->   Operation 107 'bitcast' 'bitcast_ln36_9' <Predicate = (!icmp_ln30)> <Delay = 0.00>
ST_12 : Operation 108 [1/1] (7.30ns)   --->   "%AXI_IN_addr_read_10 = read i32 @_ssdm_op_Read.m_axi.p1i32, i32 %AXI_IN_addr" [src/conv2_pool2.cpp:36]   --->   Operation 108 'read' 'AXI_IN_addr_read_10' <Predicate = (!icmp_ln30)> <Delay = 7.30> <CoreInst = "m_axi">   --->   Core 111 'm_axi' <Latency = 3> <II = 1> <Delay = 1.00> <Adapter> <Opcode : 'read' 'write' 'readreq' 'writereq' 'writeresp'>
ST_12 : Operation 109 [1/1] ( I:3.25ns O:3.25ns )   --->   "%store_ln36 = store i32 %bitcast_ln36_9, i12 %in_buf_addr_3" [src/conv2_pool2.cpp:36]   --->   Operation 109 'store' 'store_ln36' <Predicate = (!icmp_ln30)> <Delay = 3.25> <CoreInst = "RAM">   --->   Core 81 'RAM' <Latency = 1> <II = 1> <Delay = 3.25> <Storage> <Opcode : 'load' 'store'> <Ports = 2> <Width = 32> <Depth = 2944> <RAM>

State 13 <SV = 12> <Delay = 7.30>
ST_13 : Operation 110 [1/1] (0.00ns)   --->   "%in_buf_1_addr_3 = getelementptr i32 %in_buf_1, i64 0, i64 %zext_ln36_5" [src/conv2_pool2.cpp:36]   --->   Operation 110 'getelementptr' 'in_buf_1_addr_3' <Predicate = (!icmp_ln30)> <Delay = 0.00>
ST_13 : Operation 111 [1/1] (0.00ns)   --->   "%bitcast_ln36_10 = bitcast i32 %AXI_IN_addr_read_10" [src/conv2_pool2.cpp:36]   --->   Operation 111 'bitcast' 'bitcast_ln36_10' <Predicate = (!icmp_ln30)> <Delay = 0.00>
ST_13 : Operation 112 [1/1] (7.30ns)   --->   "%AXI_IN_addr_read_11 = read i32 @_ssdm_op_Read.m_axi.p1i32, i32 %AXI_IN_addr" [src/conv2_pool2.cpp:36]   --->   Operation 112 'read' 'AXI_IN_addr_read_11' <Predicate = (!icmp_ln30)> <Delay = 7.30> <CoreInst = "m_axi">   --->   Core 111 'm_axi' <Latency = 3> <II = 1> <Delay = 1.00> <Adapter> <Opcode : 'read' 'write' 'readreq' 'writereq' 'writeresp'>
ST_13 : Operation 113 [1/1] ( I:3.25ns O:3.25ns )   --->   "%store_ln36 = store i32 %bitcast_ln36_10, i12 %in_buf_1_addr_3" [src/conv2_pool2.cpp:36]   --->   Operation 113 'store' 'store_ln36' <Predicate = (!icmp_ln30)> <Delay = 3.25> <CoreInst = "RAM">   --->   Core 81 'RAM' <Latency = 1> <II = 1> <Delay = 3.25> <Storage> <Opcode : 'load' 'store'> <Ports = 2> <Width = 32> <Depth = 2944> <RAM>

State 14 <SV = 13> <Delay = 7.30>
ST_14 : Operation 114 [1/1] (0.00ns)   --->   "%in_buf_2_addr_3 = getelementptr i32 %in_buf_2, i64 0, i64 %zext_ln36_5" [src/conv2_pool2.cpp:36]   --->   Operation 114 'getelementptr' 'in_buf_2_addr_3' <Predicate = (!icmp_ln30)> <Delay = 0.00>
ST_14 : Operation 115 [1/1] (0.00ns)   --->   "%bitcast_ln36_11 = bitcast i32 %AXI_IN_addr_read_11" [src/conv2_pool2.cpp:36]   --->   Operation 115 'bitcast' 'bitcast_ln36_11' <Predicate = (!icmp_ln30)> <Delay = 0.00>
ST_14 : Operation 116 [1/1] (7.30ns)   --->   "%AXI_IN_addr_read_12 = read i32 @_ssdm_op_Read.m_axi.p1i32, i32 %AXI_IN_addr" [src/conv2_pool2.cpp:36]   --->   Operation 116 'read' 'AXI_IN_addr_read_12' <Predicate = (!icmp_ln30)> <Delay = 7.30> <CoreInst = "m_axi">   --->   Core 111 'm_axi' <Latency = 3> <II = 1> <Delay = 1.00> <Adapter> <Opcode : 'read' 'write' 'readreq' 'writereq' 'writeresp'>
ST_14 : Operation 117 [1/1] ( I:3.25ns O:3.25ns )   --->   "%store_ln36 = store i32 %bitcast_ln36_11, i12 %in_buf_2_addr_3" [src/conv2_pool2.cpp:36]   --->   Operation 117 'store' 'store_ln36' <Predicate = (!icmp_ln30)> <Delay = 3.25> <CoreInst = "RAM">   --->   Core 81 'RAM' <Latency = 1> <II = 1> <Delay = 3.25> <Storage> <Opcode : 'load' 'store'> <Ports = 2> <Width = 32> <Depth = 2944> <RAM>

State 15 <SV = 14> <Delay = 7.30>
ST_15 : Operation 118 [1/1] (0.00ns)   --->   "%tmp_13 = bitconcatenate i12 @_ssdm_op_BitConcatenate.i12.i9.i3, i9 %add_ln36, i3 4" [src/conv2_pool2.cpp:36]   --->   Operation 118 'bitconcatenate' 'tmp_13' <Predicate = (!icmp_ln30)> <Delay = 0.00>
ST_15 : Operation 119 [1/1] (0.00ns)   --->   "%zext_ln36_6 = zext i12 %tmp_13" [src/conv2_pool2.cpp:36]   --->   Operation 119 'zext' 'zext_ln36_6' <Predicate = (!icmp_ln30)> <Delay = 0.00>
ST_15 : Operation 120 [1/1] (0.00ns)   --->   "%in_buf_addr_4 = getelementptr i32 %in_buf, i64 0, i64 %zext_ln36_6" [src/conv2_pool2.cpp:36]   --->   Operation 120 'getelementptr' 'in_buf_addr_4' <Predicate = (!icmp_ln30)> <Delay = 0.00>
ST_15 : Operation 121 [1/1] (0.00ns)   --->   "%bitcast_ln36_12 = bitcast i32 %AXI_IN_addr_read_12" [src/conv2_pool2.cpp:36]   --->   Operation 121 'bitcast' 'bitcast_ln36_12' <Predicate = (!icmp_ln30)> <Delay = 0.00>
ST_15 : Operation 122 [1/1] (7.30ns)   --->   "%AXI_IN_addr_read_13 = read i32 @_ssdm_op_Read.m_axi.p1i32, i32 %AXI_IN_addr" [src/conv2_pool2.cpp:36]   --->   Operation 122 'read' 'AXI_IN_addr_read_13' <Predicate = (!icmp_ln30)> <Delay = 7.30> <CoreInst = "m_axi">   --->   Core 111 'm_axi' <Latency = 3> <II = 1> <Delay = 1.00> <Adapter> <Opcode : 'read' 'write' 'readreq' 'writereq' 'writeresp'>
ST_15 : Operation 123 [1/1] ( I:3.25ns O:3.25ns )   --->   "%store_ln36 = store i32 %bitcast_ln36_12, i12 %in_buf_addr_4" [src/conv2_pool2.cpp:36]   --->   Operation 123 'store' 'store_ln36' <Predicate = (!icmp_ln30)> <Delay = 3.25> <CoreInst = "RAM">   --->   Core 81 'RAM' <Latency = 1> <II = 1> <Delay = 3.25> <Storage> <Opcode : 'load' 'store'> <Ports = 2> <Width = 32> <Depth = 2944> <RAM>

State 16 <SV = 15> <Delay = 7.30>
ST_16 : Operation 124 [1/1] (0.00ns)   --->   "%in_buf_1_addr_4 = getelementptr i32 %in_buf_1, i64 0, i64 %zext_ln36_6" [src/conv2_pool2.cpp:36]   --->   Operation 124 'getelementptr' 'in_buf_1_addr_4' <Predicate = (!icmp_ln30)> <Delay = 0.00>
ST_16 : Operation 125 [1/1] (0.00ns)   --->   "%bitcast_ln36_13 = bitcast i32 %AXI_IN_addr_read_13" [src/conv2_pool2.cpp:36]   --->   Operation 125 'bitcast' 'bitcast_ln36_13' <Predicate = (!icmp_ln30)> <Delay = 0.00>
ST_16 : Operation 126 [1/1] (7.30ns)   --->   "%AXI_IN_addr_read_14 = read i32 @_ssdm_op_Read.m_axi.p1i32, i32 %AXI_IN_addr" [src/conv2_pool2.cpp:36]   --->   Operation 126 'read' 'AXI_IN_addr_read_14' <Predicate = (!icmp_ln30)> <Delay = 7.30> <CoreInst = "m_axi">   --->   Core 111 'm_axi' <Latency = 3> <II = 1> <Delay = 1.00> <Adapter> <Opcode : 'read' 'write' 'readreq' 'writereq' 'writeresp'>
ST_16 : Operation 127 [1/1] ( I:3.25ns O:3.25ns )   --->   "%store_ln36 = store i32 %bitcast_ln36_13, i12 %in_buf_1_addr_4" [src/conv2_pool2.cpp:36]   --->   Operation 127 'store' 'store_ln36' <Predicate = (!icmp_ln30)> <Delay = 3.25> <CoreInst = "RAM">   --->   Core 81 'RAM' <Latency = 1> <II = 1> <Delay = 3.25> <Storage> <Opcode : 'load' 'store'> <Ports = 2> <Width = 32> <Depth = 2944> <RAM>

State 17 <SV = 16> <Delay = 7.30>
ST_17 : Operation 128 [1/1] (0.00ns)   --->   "%in_buf_2_addr_4 = getelementptr i32 %in_buf_2, i64 0, i64 %zext_ln36_6" [src/conv2_pool2.cpp:36]   --->   Operation 128 'getelementptr' 'in_buf_2_addr_4' <Predicate = (!icmp_ln30)> <Delay = 0.00>
ST_17 : Operation 129 [1/1] (0.00ns)   --->   "%bitcast_ln36_14 = bitcast i32 %AXI_IN_addr_read_14" [src/conv2_pool2.cpp:36]   --->   Operation 129 'bitcast' 'bitcast_ln36_14' <Predicate = (!icmp_ln30)> <Delay = 0.00>
ST_17 : Operation 130 [1/1] (7.30ns)   --->   "%AXI_IN_addr_read_15 = read i32 @_ssdm_op_Read.m_axi.p1i32, i32 %AXI_IN_addr" [src/conv2_pool2.cpp:36]   --->   Operation 130 'read' 'AXI_IN_addr_read_15' <Predicate = (!icmp_ln30)> <Delay = 7.30> <CoreInst = "m_axi">   --->   Core 111 'm_axi' <Latency = 3> <II = 1> <Delay = 1.00> <Adapter> <Opcode : 'read' 'write' 'readreq' 'writereq' 'writeresp'>
ST_17 : Operation 131 [1/1] ( I:3.25ns O:3.25ns )   --->   "%store_ln36 = store i32 %bitcast_ln36_14, i12 %in_buf_2_addr_4" [src/conv2_pool2.cpp:36]   --->   Operation 131 'store' 'store_ln36' <Predicate = (!icmp_ln30)> <Delay = 3.25> <CoreInst = "RAM">   --->   Core 81 'RAM' <Latency = 1> <II = 1> <Delay = 3.25> <Storage> <Opcode : 'load' 'store'> <Ports = 2> <Width = 32> <Depth = 2944> <RAM>

State 18 <SV = 17> <Delay = 7.30>
ST_18 : Operation 132 [1/1] (0.00ns)   --->   "%tmp_14 = bitconcatenate i12 @_ssdm_op_BitConcatenate.i12.i9.i3, i9 %add_ln36, i3 5" [src/conv2_pool2.cpp:36]   --->   Operation 132 'bitconcatenate' 'tmp_14' <Predicate = (!icmp_ln30)> <Delay = 0.00>
ST_18 : Operation 133 [1/1] (0.00ns)   --->   "%zext_ln36_7 = zext i12 %tmp_14" [src/conv2_pool2.cpp:36]   --->   Operation 133 'zext' 'zext_ln36_7' <Predicate = (!icmp_ln30)> <Delay = 0.00>
ST_18 : Operation 134 [1/1] (0.00ns)   --->   "%in_buf_addr_5 = getelementptr i32 %in_buf, i64 0, i64 %zext_ln36_7" [src/conv2_pool2.cpp:36]   --->   Operation 134 'getelementptr' 'in_buf_addr_5' <Predicate = (!icmp_ln30)> <Delay = 0.00>
ST_18 : Operation 135 [1/1] (0.00ns)   --->   "%bitcast_ln36_15 = bitcast i32 %AXI_IN_addr_read_15" [src/conv2_pool2.cpp:36]   --->   Operation 135 'bitcast' 'bitcast_ln36_15' <Predicate = (!icmp_ln30)> <Delay = 0.00>
ST_18 : Operation 136 [1/1] (7.30ns)   --->   "%AXI_IN_addr_read_16 = read i32 @_ssdm_op_Read.m_axi.p1i32, i32 %AXI_IN_addr" [src/conv2_pool2.cpp:36]   --->   Operation 136 'read' 'AXI_IN_addr_read_16' <Predicate = (!icmp_ln30)> <Delay = 7.30> <CoreInst = "m_axi">   --->   Core 111 'm_axi' <Latency = 3> <II = 1> <Delay = 1.00> <Adapter> <Opcode : 'read' 'write' 'readreq' 'writereq' 'writeresp'>
ST_18 : Operation 137 [1/1] ( I:3.25ns O:3.25ns )   --->   "%store_ln36 = store i32 %bitcast_ln36_15, i12 %in_buf_addr_5" [src/conv2_pool2.cpp:36]   --->   Operation 137 'store' 'store_ln36' <Predicate = (!icmp_ln30)> <Delay = 3.25> <CoreInst = "RAM">   --->   Core 81 'RAM' <Latency = 1> <II = 1> <Delay = 3.25> <Storage> <Opcode : 'load' 'store'> <Ports = 2> <Width = 32> <Depth = 2944> <RAM>

State 19 <SV = 18> <Delay = 7.30>
ST_19 : Operation 138 [1/1] (0.00ns)   --->   "%in_buf_1_addr_5 = getelementptr i32 %in_buf_1, i64 0, i64 %zext_ln36_7" [src/conv2_pool2.cpp:36]   --->   Operation 138 'getelementptr' 'in_buf_1_addr_5' <Predicate = (!icmp_ln30)> <Delay = 0.00>
ST_19 : Operation 139 [1/1] (0.00ns)   --->   "%bitcast_ln36_16 = bitcast i32 %AXI_IN_addr_read_16" [src/conv2_pool2.cpp:36]   --->   Operation 139 'bitcast' 'bitcast_ln36_16' <Predicate = (!icmp_ln30)> <Delay = 0.00>
ST_19 : Operation 140 [1/1] (7.30ns)   --->   "%AXI_IN_addr_read_17 = read i32 @_ssdm_op_Read.m_axi.p1i32, i32 %AXI_IN_addr" [src/conv2_pool2.cpp:36]   --->   Operation 140 'read' 'AXI_IN_addr_read_17' <Predicate = (!icmp_ln30)> <Delay = 7.30> <CoreInst = "m_axi">   --->   Core 111 'm_axi' <Latency = 3> <II = 1> <Delay = 1.00> <Adapter> <Opcode : 'read' 'write' 'readreq' 'writereq' 'writeresp'>
ST_19 : Operation 141 [1/1] ( I:3.25ns O:3.25ns )   --->   "%store_ln36 = store i32 %bitcast_ln36_16, i12 %in_buf_1_addr_5" [src/conv2_pool2.cpp:36]   --->   Operation 141 'store' 'store_ln36' <Predicate = (!icmp_ln30)> <Delay = 3.25> <CoreInst = "RAM">   --->   Core 81 'RAM' <Latency = 1> <II = 1> <Delay = 3.25> <Storage> <Opcode : 'load' 'store'> <Ports = 2> <Width = 32> <Depth = 2944> <RAM>

State 20 <SV = 19> <Delay = 7.30>
ST_20 : Operation 142 [1/1] (0.00ns)   --->   "%in_buf_2_addr_5 = getelementptr i32 %in_buf_2, i64 0, i64 %zext_ln36_7" [src/conv2_pool2.cpp:36]   --->   Operation 142 'getelementptr' 'in_buf_2_addr_5' <Predicate = (!icmp_ln30)> <Delay = 0.00>
ST_20 : Operation 143 [1/1] (0.00ns)   --->   "%bitcast_ln36_17 = bitcast i32 %AXI_IN_addr_read_17" [src/conv2_pool2.cpp:36]   --->   Operation 143 'bitcast' 'bitcast_ln36_17' <Predicate = (!icmp_ln30)> <Delay = 0.00>
ST_20 : Operation 144 [1/1] (7.30ns)   --->   "%AXI_IN_addr_read_18 = read i32 @_ssdm_op_Read.m_axi.p1i32, i32 %AXI_IN_addr" [src/conv2_pool2.cpp:36]   --->   Operation 144 'read' 'AXI_IN_addr_read_18' <Predicate = (!icmp_ln30)> <Delay = 7.30> <CoreInst = "m_axi">   --->   Core 111 'm_axi' <Latency = 3> <II = 1> <Delay = 1.00> <Adapter> <Opcode : 'read' 'write' 'readreq' 'writereq' 'writeresp'>
ST_20 : Operation 145 [1/1] ( I:3.25ns O:3.25ns )   --->   "%store_ln36 = store i32 %bitcast_ln36_17, i12 %in_buf_2_addr_5" [src/conv2_pool2.cpp:36]   --->   Operation 145 'store' 'store_ln36' <Predicate = (!icmp_ln30)> <Delay = 3.25> <CoreInst = "RAM">   --->   Core 81 'RAM' <Latency = 1> <II = 1> <Delay = 3.25> <Storage> <Opcode : 'load' 'store'> <Ports = 2> <Width = 32> <Depth = 2944> <RAM>

State 21 <SV = 20> <Delay = 7.30>
ST_21 : Operation 146 [1/1] (0.00ns)   --->   "%tmp_15 = bitconcatenate i12 @_ssdm_op_BitConcatenate.i12.i9.i3, i9 %add_ln36, i3 6" [src/conv2_pool2.cpp:36]   --->   Operation 146 'bitconcatenate' 'tmp_15' <Predicate = (!icmp_ln30)> <Delay = 0.00>
ST_21 : Operation 147 [1/1] (0.00ns)   --->   "%zext_ln36_8 = zext i12 %tmp_15" [src/conv2_pool2.cpp:36]   --->   Operation 147 'zext' 'zext_ln36_8' <Predicate = (!icmp_ln30)> <Delay = 0.00>
ST_21 : Operation 148 [1/1] (0.00ns)   --->   "%in_buf_addr_6 = getelementptr i32 %in_buf, i64 0, i64 %zext_ln36_8" [src/conv2_pool2.cpp:36]   --->   Operation 148 'getelementptr' 'in_buf_addr_6' <Predicate = (!icmp_ln30)> <Delay = 0.00>
ST_21 : Operation 149 [1/1] (0.00ns)   --->   "%bitcast_ln36_18 = bitcast i32 %AXI_IN_addr_read_18" [src/conv2_pool2.cpp:36]   --->   Operation 149 'bitcast' 'bitcast_ln36_18' <Predicate = (!icmp_ln30)> <Delay = 0.00>
ST_21 : Operation 150 [1/1] (7.30ns)   --->   "%AXI_IN_addr_read_19 = read i32 @_ssdm_op_Read.m_axi.p1i32, i32 %AXI_IN_addr" [src/conv2_pool2.cpp:36]   --->   Operation 150 'read' 'AXI_IN_addr_read_19' <Predicate = (!icmp_ln30)> <Delay = 7.30> <CoreInst = "m_axi">   --->   Core 111 'm_axi' <Latency = 3> <II = 1> <Delay = 1.00> <Adapter> <Opcode : 'read' 'write' 'readreq' 'writereq' 'writeresp'>
ST_21 : Operation 151 [1/1] ( I:3.25ns O:3.25ns )   --->   "%store_ln36 = store i32 %bitcast_ln36_18, i12 %in_buf_addr_6" [src/conv2_pool2.cpp:36]   --->   Operation 151 'store' 'store_ln36' <Predicate = (!icmp_ln30)> <Delay = 3.25> <CoreInst = "RAM">   --->   Core 81 'RAM' <Latency = 1> <II = 1> <Delay = 3.25> <Storage> <Opcode : 'load' 'store'> <Ports = 2> <Width = 32> <Depth = 2944> <RAM>

State 22 <SV = 21> <Delay = 7.30>
ST_22 : Operation 152 [1/1] (0.00ns)   --->   "%in_buf_1_addr_6 = getelementptr i32 %in_buf_1, i64 0, i64 %zext_ln36_8" [src/conv2_pool2.cpp:36]   --->   Operation 152 'getelementptr' 'in_buf_1_addr_6' <Predicate = (!icmp_ln30)> <Delay = 0.00>
ST_22 : Operation 153 [1/1] (0.00ns)   --->   "%bitcast_ln36_19 = bitcast i32 %AXI_IN_addr_read_19" [src/conv2_pool2.cpp:36]   --->   Operation 153 'bitcast' 'bitcast_ln36_19' <Predicate = (!icmp_ln30)> <Delay = 0.00>
ST_22 : Operation 154 [1/1] (7.30ns)   --->   "%AXI_IN_addr_read_20 = read i32 @_ssdm_op_Read.m_axi.p1i32, i32 %AXI_IN_addr" [src/conv2_pool2.cpp:36]   --->   Operation 154 'read' 'AXI_IN_addr_read_20' <Predicate = (!icmp_ln30)> <Delay = 7.30> <CoreInst = "m_axi">   --->   Core 111 'm_axi' <Latency = 3> <II = 1> <Delay = 1.00> <Adapter> <Opcode : 'read' 'write' 'readreq' 'writereq' 'writeresp'>
ST_22 : Operation 155 [1/1] ( I:3.25ns O:3.25ns )   --->   "%store_ln36 = store i32 %bitcast_ln36_19, i12 %in_buf_1_addr_6" [src/conv2_pool2.cpp:36]   --->   Operation 155 'store' 'store_ln36' <Predicate = (!icmp_ln30)> <Delay = 3.25> <CoreInst = "RAM">   --->   Core 81 'RAM' <Latency = 1> <II = 1> <Delay = 3.25> <Storage> <Opcode : 'load' 'store'> <Ports = 2> <Width = 32> <Depth = 2944> <RAM>

State 23 <SV = 22> <Delay = 7.30>
ST_23 : Operation 156 [1/1] (0.00ns)   --->   "%in_buf_2_addr_6 = getelementptr i32 %in_buf_2, i64 0, i64 %zext_ln36_8" [src/conv2_pool2.cpp:36]   --->   Operation 156 'getelementptr' 'in_buf_2_addr_6' <Predicate = (!icmp_ln30)> <Delay = 0.00>
ST_23 : Operation 157 [1/1] (0.00ns)   --->   "%bitcast_ln36_20 = bitcast i32 %AXI_IN_addr_read_20" [src/conv2_pool2.cpp:36]   --->   Operation 157 'bitcast' 'bitcast_ln36_20' <Predicate = (!icmp_ln30)> <Delay = 0.00>
ST_23 : Operation 158 [1/1] (7.30ns)   --->   "%AXI_IN_addr_read_21 = read i32 @_ssdm_op_Read.m_axi.p1i32, i32 %AXI_IN_addr" [src/conv2_pool2.cpp:36]   --->   Operation 158 'read' 'AXI_IN_addr_read_21' <Predicate = (!icmp_ln30)> <Delay = 7.30> <CoreInst = "m_axi">   --->   Core 111 'm_axi' <Latency = 3> <II = 1> <Delay = 1.00> <Adapter> <Opcode : 'read' 'write' 'readreq' 'writereq' 'writeresp'>
ST_23 : Operation 159 [1/1] ( I:3.25ns O:3.25ns )   --->   "%store_ln36 = store i32 %bitcast_ln36_20, i12 %in_buf_2_addr_6" [src/conv2_pool2.cpp:36]   --->   Operation 159 'store' 'store_ln36' <Predicate = (!icmp_ln30)> <Delay = 3.25> <CoreInst = "RAM">   --->   Core 81 'RAM' <Latency = 1> <II = 1> <Delay = 3.25> <Storage> <Opcode : 'load' 'store'> <Ports = 2> <Width = 32> <Depth = 2944> <RAM>

State 24 <SV = 23> <Delay = 7.30>
ST_24 : Operation 160 [1/1] (0.00ns)   --->   "%tmp_16 = bitconcatenate i12 @_ssdm_op_BitConcatenate.i12.i9.i3, i9 %add_ln36, i3 7" [src/conv2_pool2.cpp:36]   --->   Operation 160 'bitconcatenate' 'tmp_16' <Predicate = true> <Delay = 0.00>
ST_24 : Operation 161 [1/1] (0.00ns)   --->   "%zext_ln36_9 = zext i12 %tmp_16" [src/conv2_pool2.cpp:36]   --->   Operation 161 'zext' 'zext_ln36_9' <Predicate = true> <Delay = 0.00>
ST_24 : Operation 162 [1/1] (0.00ns)   --->   "%in_buf_addr_7 = getelementptr i32 %in_buf, i64 0, i64 %zext_ln36_9" [src/conv2_pool2.cpp:36]   --->   Operation 162 'getelementptr' 'in_buf_addr_7' <Predicate = true> <Delay = 0.00>
ST_24 : Operation 163 [1/1] (0.00ns)   --->   "%bitcast_ln36_21 = bitcast i32 %AXI_IN_addr_read_21" [src/conv2_pool2.cpp:36]   --->   Operation 163 'bitcast' 'bitcast_ln36_21' <Predicate = true> <Delay = 0.00>
ST_24 : Operation 164 [1/1] (7.30ns)   --->   "%AXI_IN_addr_read_22 = read i32 @_ssdm_op_Read.m_axi.p1i32, i32 %AXI_IN_addr" [src/conv2_pool2.cpp:36]   --->   Operation 164 'read' 'AXI_IN_addr_read_22' <Predicate = true> <Delay = 7.30> <CoreInst = "m_axi">   --->   Core 111 'm_axi' <Latency = 3> <II = 1> <Delay = 1.00> <Adapter> <Opcode : 'read' 'write' 'readreq' 'writereq' 'writeresp'>
ST_24 : Operation 165 [1/1] ( I:3.25ns O:3.25ns )   --->   "%store_ln36 = store i32 %bitcast_ln36_21, i12 %in_buf_addr_7" [src/conv2_pool2.cpp:36]   --->   Operation 165 'store' 'store_ln36' <Predicate = true> <Delay = 3.25> <CoreInst = "RAM">   --->   Core 81 'RAM' <Latency = 1> <II = 1> <Delay = 3.25> <Storage> <Opcode : 'load' 'store'> <Ports = 2> <Width = 32> <Depth = 2944> <RAM>

State 25 <SV = 24> <Delay = 3.25>
ST_25 : Operation 166 [1/1] (0.00ns)   --->   "%specloopname_ln0 = specloopname void @_ssdm_op_SpecLoopName, void @LOAD_IC_LOAD_IY_str"   --->   Operation 166 'specloopname' 'specloopname_ln0' <Predicate = true> <Delay = 0.00>
ST_25 : Operation 167 [1/1] (0.00ns)   --->   "%speclooptripcount_ln0 = speclooptripcount void @_ssdm_op_SpecLoopTripCount, i64 368, i64 368, i64 368"   --->   Operation 167 'speclooptripcount' 'speclooptripcount_ln0' <Predicate = true> <Delay = 0.00>
ST_25 : Operation 168 [1/1] (0.00ns)   --->   "%in_buf_1_addr_7 = getelementptr i32 %in_buf_1, i64 0, i64 %zext_ln36_9" [src/conv2_pool2.cpp:36]   --->   Operation 168 'getelementptr' 'in_buf_1_addr_7' <Predicate = true> <Delay = 0.00>
ST_25 : Operation 169 [1/1] (0.00ns)   --->   "%specpipeline_ln33 = specpipeline void @_ssdm_op_SpecPipeline, i32 1, i32 0, i32 0, i32 0, void @empty" [src/conv2_pool2.cpp:33]   --->   Operation 169 'specpipeline' 'specpipeline_ln33' <Predicate = true> <Delay = 0.00>
ST_25 : Operation 170 [1/1] (0.00ns)   --->   "%bitcast_ln36_22 = bitcast i32 %AXI_IN_addr_read_22" [src/conv2_pool2.cpp:36]   --->   Operation 170 'bitcast' 'bitcast_ln36_22' <Predicate = true> <Delay = 0.00>
ST_25 : Operation 171 [1/1] ( I:3.25ns O:3.25ns )   --->   "%store_ln36 = store i32 %bitcast_ln36_22, i12 %in_buf_1_addr_7" [src/conv2_pool2.cpp:36]   --->   Operation 171 'store' 'store_ln36' <Predicate = true> <Delay = 3.25> <CoreInst = "RAM">   --->   Core 81 'RAM' <Latency = 1> <II = 1> <Delay = 3.25> <Storage> <Opcode : 'load' 'store'> <Ports = 2> <Width = 32> <Depth = 2944> <RAM>
ST_25 : Operation 172 [1/1] (0.00ns)   --->   "%br_ln32 = br void %LOAD_IX" [src/conv2_pool2.cpp:32]   --->   Operation 172 'br' 'br_ln32' <Predicate = true> <Delay = 0.00>


============================================================
+ Verbose Summary: Timing violations
============================================================
Target clock period: 10.000ns, clock uncertainty: 2.700ns.

 <State 1>: 6.171ns
The critical path consists of the following:
	'store' operation 0 bit ('store_ln30', src/conv2_pool2.cpp:30) of constant 0 on local variable 'ic', src/conv2_pool2.cpp:30 [13]  (1.588 ns)
	'load' operation 5 bit ('ic_load', src/conv2_pool2.cpp:30) on local variable 'ic', src/conv2_pool2.cpp:30 [24]  (0.000 ns)
	'add' operation 5 bit ('add_ln30', src/conv2_pool2.cpp:30) [26]  (1.780 ns)
	'select' operation 5 bit ('select_ln30_1', src/conv2_pool2.cpp:30) [31]  (1.215 ns)
	'store' operation 0 bit ('store_ln30', src/conv2_pool2.cpp:30) of variable 'select_ln30_1', src/conv2_pool2.cpp:30 on local variable 'ic', src/conv2_pool2.cpp:30 [147]  (1.588 ns)

 <State 2>: 7.300ns
The critical path consists of the following:
	bus read operation ('AXI_IN_addr_read', src/conv2_pool2.cpp:36) on port 'AXI_IN' (src/conv2_pool2.cpp:36) [76]  (7.300 ns)

 <State 3>: 7.300ns
The critical path consists of the following:
	bus read operation ('AXI_IN_addr_read_1', src/conv2_pool2.cpp:36) on port 'AXI_IN' (src/conv2_pool2.cpp:36) [78]  (7.300 ns)

 <State 4>: 7.300ns
The critical path consists of the following:
	bus read operation ('AXI_IN_addr_read_2', src/conv2_pool2.cpp:36) on port 'AXI_IN' (src/conv2_pool2.cpp:36) [80]  (7.300 ns)

 <State 5>: 7.300ns
The critical path consists of the following:
	bus read operation ('AXI_IN_addr_read_3', src/conv2_pool2.cpp:36) on port 'AXI_IN' (src/conv2_pool2.cpp:36) [82]  (7.300 ns)

 <State 6>: 7.300ns
The critical path consists of the following:
	bus read operation ('AXI_IN_addr_read_4', src/conv2_pool2.cpp:36) on port 'AXI_IN' (src/conv2_pool2.cpp:36) [84]  (7.300 ns)

 <State 7>: 7.300ns
The critical path consists of the following:
	bus read operation ('AXI_IN_addr_read_5', src/conv2_pool2.cpp:36) on port 'AXI_IN' (src/conv2_pool2.cpp:36) [86]  (7.300 ns)

 <State 8>: 7.300ns
The critical path consists of the following:
	bus read operation ('AXI_IN_addr_read_6', src/conv2_pool2.cpp:36) on port 'AXI_IN' (src/conv2_pool2.cpp:36) [88]  (7.300 ns)

 <State 9>: 7.300ns
The critical path consists of the following:
	bus read operation ('AXI_IN_addr_read_7', src/conv2_pool2.cpp:36) on port 'AXI_IN' (src/conv2_pool2.cpp:36) [90]  (7.300 ns)

 <State 10>: 7.300ns
The critical path consists of the following:
	bus read operation ('AXI_IN_addr_read_8', src/conv2_pool2.cpp:36) on port 'AXI_IN' (src/conv2_pool2.cpp:36) [92]  (7.300 ns)

 <State 11>: 7.300ns
The critical path consists of the following:
	bus read operation ('AXI_IN_addr_read_9', src/conv2_pool2.cpp:36) on port 'AXI_IN' (src/conv2_pool2.cpp:36) [94]  (7.300 ns)

 <State 12>: 7.300ns
The critical path consists of the following:
	bus read operation ('AXI_IN_addr_read_10', src/conv2_pool2.cpp:36) on port 'AXI_IN' (src/conv2_pool2.cpp:36) [96]  (7.300 ns)

 <State 13>: 7.300ns
The critical path consists of the following:
	bus read operation ('AXI_IN_addr_read_11', src/conv2_pool2.cpp:36) on port 'AXI_IN' (src/conv2_pool2.cpp:36) [98]  (7.300 ns)

 <State 14>: 7.300ns
The critical path consists of the following:
	bus read operation ('AXI_IN_addr_read_12', src/conv2_pool2.cpp:36) on port 'AXI_IN' (src/conv2_pool2.cpp:36) [100]  (7.300 ns)

 <State 15>: 7.300ns
The critical path consists of the following:
	bus read operation ('AXI_IN_addr_read_13', src/conv2_pool2.cpp:36) on port 'AXI_IN' (src/conv2_pool2.cpp:36) [102]  (7.300 ns)

 <State 16>: 7.300ns
The critical path consists of the following:
	bus read operation ('AXI_IN_addr_read_14', src/conv2_pool2.cpp:36) on port 'AXI_IN' (src/conv2_pool2.cpp:36) [104]  (7.300 ns)

 <State 17>: 7.300ns
The critical path consists of the following:
	bus read operation ('AXI_IN_addr_read_15', src/conv2_pool2.cpp:36) on port 'AXI_IN' (src/conv2_pool2.cpp:36) [106]  (7.300 ns)

 <State 18>: 7.300ns
The critical path consists of the following:
	bus read operation ('AXI_IN_addr_read_16', src/conv2_pool2.cpp:36) on port 'AXI_IN' (src/conv2_pool2.cpp:36) [108]  (7.300 ns)

 <State 19>: 7.300ns
The critical path consists of the following:
	bus read operation ('AXI_IN_addr_read_17', src/conv2_pool2.cpp:36) on port 'AXI_IN' (src/conv2_pool2.cpp:36) [110]  (7.300 ns)

 <State 20>: 7.300ns
The critical path consists of the following:
	bus read operation ('AXI_IN_addr_read_18', src/conv2_pool2.cpp:36) on port 'AXI_IN' (src/conv2_pool2.cpp:36) [112]  (7.300 ns)

 <State 21>: 7.300ns
The critical path consists of the following:
	bus read operation ('AXI_IN_addr_read_19', src/conv2_pool2.cpp:36) on port 'AXI_IN' (src/conv2_pool2.cpp:36) [114]  (7.300 ns)

 <State 22>: 7.300ns
The critical path consists of the following:
	bus read operation ('AXI_IN_addr_read_20', src/conv2_pool2.cpp:36) on port 'AXI_IN' (src/conv2_pool2.cpp:36) [116]  (7.300 ns)

 <State 23>: 7.300ns
The critical path consists of the following:
	bus read operation ('AXI_IN_addr_read_21', src/conv2_pool2.cpp:36) on port 'AXI_IN' (src/conv2_pool2.cpp:36) [118]  (7.300 ns)

 <State 24>: 7.300ns
The critical path consists of the following:
	bus read operation ('AXI_IN_addr_read_22', src/conv2_pool2.cpp:36) on port 'AXI_IN' (src/conv2_pool2.cpp:36) [120]  (7.300 ns)

 <State 25>: 3.254ns
The critical path consists of the following:
	'getelementptr' operation 12 bit ('in_buf_1_addr_7', src/conv2_pool2.cpp:36) [67]  (0.000 ns)
	'store' operation 0 bit ('store_ln36', src/conv2_pool2.cpp:36) of variable 'bitcast_ln36_22', src/conv2_pool2.cpp:36 on array 'in_buf_1' [137]  (3.254 ns)


============================================================
+ Verbose Summary: Binding
============================================================
N/A
* FSMD analyzer results:
  - Output states:
 - Input state : 
  - Chain level:
	State 1
	State 2
	State 3
	State 4
	State 5
	State 6
	State 7
	State 8
	State 9
	State 10
	State 11
	State 12
	State 13
	State 14
	State 15
	State 16
	State 17
	State 18
	State 19
	State 20
	State 21
	State 22
	State 23
	State 24
	State 25


============================================================
+ Verbose Summary: Datapath Resource usage 
============================================================
N/A
